2022-10-12T01:40:41+00:00 CRITICAL Uncaught Error: Class "PHPMailer\PHPMailer\PHPMailer" not found in /home/u367511854/domains/congressocoramdeo.com/public_html/wp-content/themes/congressocoramdeo/testeEmail.php:6
Stack trace:
#0 /home/u367511854/domains/congressocoramdeo.com/public_html/wp-content/themes/congressocoramdeo/functions.php(91): enviarEmail()
#1 /home/u367511854/domains/congressocoramdeo.com/public_html/wp-settings.php(566): include('/home/u36751185...')
#2 /home/u367511854/domains/congressocoramdeo.com/public_html/wp-config.php(102): require_once('/home/u36751185...')
#3 /home/u367511854/domains/congressocoramdeo.com/public_html/wp-load.php(50): require_once('/home/u36751185...')
#4 /home/u367511854/domains/congressocoramdeo.com/public_html/wp-blog-header.php(13): require_once('/home/u36751185...')
#5 /home/u367511854/domains/congressocoramdeo.com/public_html/index.php(17): require('/home/u36751185...')
#6 {main}
  thrown, em /home/u367511854/domains/congressocoramdeo.com/public_html/wp-content/themes/congressocoramdeo/testeEmail.php, na linha 6

2022-10-12T01:48:28+00:00 CRITICAL Uncaught Error: Class "PHPMailer\PHPMailer\PHPMailer" not found in /home/u367511854/domains/congressocoramdeo.com/public_html/wp-content/themes/congressocoramdeo/testeEmail.php:8
Stack trace:
#0 /home/u367511854/domains/congressocoramdeo.com/public_html/wp-content/themes/congressocoramdeo/functions.php(91): enviarEmail()
#1 /home/u367511854/domains/congressocoramdeo.com/public_html/wp-settings.php(566): include('/home/u36751185...')
#2 /home/u367511854/domains/congressocoramdeo.com/public_html/wp-config.php(102): require_once('/home/u36751185...')
#3 /home/u367511854/domains/congressocoramdeo.com/public_html/wp-load.php(50): require_once('/home/u36751185...')
#4 /home/u367511854/domains/congressocoramdeo.com/public_html/wp-blog-header.php(13): require_once('/home/u36751185...')
#5 /home/u367511854/domains/congressocoramdeo.com/public_html/index.php(17): require('/home/u36751185...')
#6 {main}
  thrown, em /home/u367511854/domains/congressocoramdeo.com/public_html/wp-content/themes/congressocoramdeo/testeEmail.php, na linha 8

2022-10-12T03:56:59+00:00 CRITICAL Uncaught Error: Failed opening required 'vendor/autoload.php' (include_path='.:/opt/alt/php80/usr/share/pear:/opt/alt/php80/usr/share/php:/usr/share/pear:/usr/share/php') in /home/u367511854/domains/congressocoramdeo.com/public_html/testeEmail.php:3
Stack trace:
#0 /home/u367511854/domains/congressocoramdeo.com/public_html/wp-content/themes/congressocoramdeo/functions.php(5): include_once()
#1 /home/u367511854/domains/congressocoramdeo.com/public_html/wp-settings.php(566): include('/home/u36751185...')
#2 /home/u367511854/domains/congressocoramdeo.com/public_html/wp-config.php(102): require_once('/home/u36751185...')
#3 /home/u367511854/domains/congressocoramdeo.com/public_html/wp-load.php(50): require_once('/home/u36751185...')
#4 /home/u367511854/domains/congressocoramdeo.com/public_html/wp-blog-header.php(13): require_once('/home/u36751185...')
#5 /home/u367511854/domains/congressocoramdeo.com/public_html/index.php(17): require('/home/u36751185...')
#6 {main}
  thrown, em /home/u367511854/domains/congressocoramdeo.com/public_html/testeEmail.php, na linha 3

2022-10-12T03:56:59+00:00 CRITICAL Uncaught Error: Failed opening required 'vendor/autoload.php' (include_path='.:/opt/alt/php80/usr/share/pear:/opt/alt/php80/usr/share/php:/usr/share/pear:/usr/share/php') in /home/u367511854/domains/congressocoramdeo.com/public_html/testeEmail.php:3
Stack trace:
#0 /home/u367511854/domains/congressocoramdeo.com/public_html/wp-content/themes/congressocoramdeo/functions.php(5): include_once()
#1 /home/u367511854/domains/congressocoramdeo.com/public_html/wp-settings.php(566): include('/home/u36751185...')
#2 /home/u367511854/domains/congressocoramdeo.com/public_html/wp-config.php(102): require_once('/home/u36751185...')
#3 /home/u367511854/domains/congressocoramdeo.com/public_html/wp-load.php(50): require_once('/home/u36751185...')
#4 /home/u367511854/domains/congressocoramdeo.com/public_html/wp-blog-header.php(13): require_once('/home/u36751185...')
#5 /home/u367511854/domains/congressocoramdeo.com/public_html/index.php(17): require('/home/u36751185...')
#6 {main}
  thrown, em /home/u367511854/domains/congressocoramdeo.com/public_html/testeEmail.php, na linha 3

2022-10-12T03:57:00+00:00 CRITICAL Uncaught Error: Failed opening required 'vendor/autoload.php' (include_path='.:/opt/alt/php80/usr/share/pear:/opt/alt/php80/usr/share/php:/usr/share/pear:/usr/share/php') in /home/u367511854/domains/congressocoramdeo.com/public_html/testeEmail.php:3
Stack trace:
#0 /home/u367511854/domains/congressocoramdeo.com/public_html/wp-content/themes/congressocoramdeo/functions.php(5): include_once()
#1 /home/u367511854/domains/congressocoramdeo.com/public_html/wp-settings.php(566): include('/home/u36751185...')
#2 /home/u367511854/domains/congressocoramdeo.com/public_html/wp-config.php(102): require_once('/home/u36751185...')
#3 /home/u367511854/domains/congressocoramdeo.com/public_html/wp-load.php(50): require_once('/home/u36751185...')
#4 /home/u367511854/domains/congressocoramdeo.com/public_html/wp-blog-header.php(13): require_once('/home/u36751185...')
#5 /home/u367511854/domains/congressocoramdeo.com/public_html/index.php(17): require('/home/u36751185...')
#6 {main}
  thrown, em /home/u367511854/domains/congressocoramdeo.com/public_html/testeEmail.php, na linha 3

2022-10-12T04:43:09+00:00 CRITICAL Uncaught Error: Failed opening required 'vendor/autoload.php' (include_path='.:/opt/alt/php80/usr/share/pear:/opt/alt/php80/usr/share/php:/usr/share/pear:/usr/share/php') in /home/u367511854/domains/congressocoramdeo.com/public_html/testeEmail.php:3
Stack trace:
#0 /home/u367511854/domains/congressocoramdeo.com/public_html/wp-content/themes/congressocoramdeo/functions.php(5): include_once()
#1 /home/u367511854/domains/congressocoramdeo.com/public_html/wp-settings.php(566): include('/home/u36751185...')
#2 /home/u367511854/domains/congressocoramdeo.com/public_html/wp-config.php(102): require_once('/home/u36751185...')
#3 /home/u367511854/domains/congressocoramdeo.com/public_html/wp-load.php(50): require_once('/home/u36751185...')
#4 /home/u367511854/domains/congressocoramdeo.com/public_html/wp-blog-header.php(13): require_once('/home/u36751185...')
#5 /home/u367511854/domains/congressocoramdeo.com/public_html/index.php(17): require('/home/u36751185...')
#6 {main}
  thrown, em /home/u367511854/domains/congressocoramdeo.com/public_html/testeEmail.php, na linha 3

2022-10-12T04:46:48+00:00 CRITICAL Uncaught Error: Failed opening required 'vendor/autoload.php' (include_path='.:/opt/alt/php80/usr/share/pear:/opt/alt/php80/usr/share/php:/usr/share/pear:/usr/share/php') in /home/u367511854/domains/congressocoramdeo.com/public_html/testeEmail.php:3
Stack trace:
#0 /home/u367511854/domains/congressocoramdeo.com/public_html/wp-content/themes/congressocoramdeo/functions.php(5): include_once()
#1 /home/u367511854/domains/congressocoramdeo.com/public_html/wp-settings.php(566): include('/home/u36751185...')
#2 /home/u367511854/domains/congressocoramdeo.com/public_html/wp-config.php(102): require_once('/home/u36751185...')
#3 /home/u367511854/domains/congressocoramdeo.com/public_html/wp-load.php(50): require_once('/home/u36751185...')
#4 /home/u367511854/domains/congressocoramdeo.com/public_html/xmlrpc.php(31): require_once('/home/u36751185...')
#5 {main}
  thrown, em /home/u367511854/domains/congressocoramdeo.com/public_html/testeEmail.php, na linha 3

2022-10-12T05:04:27+00:00 CRITICAL Uncaught Error: Failed opening required 'vendor/autoload.php' (include_path='.:/opt/alt/php80/usr/share/pear:/opt/alt/php80/usr/share/php:/usr/share/pear:/usr/share/php') in /home/u367511854/domains/congressocoramdeo.com/public_html/testeEmail.php:3
Stack trace:
#0 /home/u367511854/domains/congressocoramdeo.com/public_html/wp-content/themes/congressocoramdeo/functions.php(5): include_once()
#1 /home/u367511854/domains/congressocoramdeo.com/public_html/wp-settings.php(566): include('/home/u36751185...')
#2 /home/u367511854/domains/congressocoramdeo.com/public_html/wp-config.php(102): require_once('/home/u36751185...')
#3 /home/u367511854/domains/congressocoramdeo.com/public_html/wp-load.php(50): require_once('/home/u36751185...')
#4 /home/u367511854/domains/congressocoramdeo.com/public_html/xmlrpc.php(31): require_once('/home/u36751185...')
#5 {main}
  thrown, em /home/u367511854/domains/congressocoramdeo.com/public_html/testeEmail.php, na linha 3

2022-10-12T05:47:51+00:00 CRITICAL Uncaught Error: Failed opening required 'vendor/autoload.php' (include_path='.:/opt/alt/php80/usr/share/pear:/opt/alt/php80/usr/share/php:/usr/share/pear:/usr/share/php') in /home/u367511854/domains/congressocoramdeo.com/public_html/testeEmail.php:3
Stack trace:
#0 /home/u367511854/domains/congressocoramdeo.com/public_html/wp-content/themes/congressocoramdeo/functions.php(5): include_once()
#1 /home/u367511854/domains/congressocoramdeo.com/public_html/wp-settings.php(566): include('/home/u36751185...')
#2 /home/u367511854/domains/congressocoramdeo.com/public_html/wp-config.php(102): require_once('/home/u36751185...')
#3 /home/u367511854/domains/congressocoramdeo.com/public_html/wp-load.php(50): require_once('/home/u36751185...')
#4 /home/u367511854/domains/congressocoramdeo.com/public_html/wp-blog-header.php(13): require_once('/home/u36751185...')
#5 /home/u367511854/domains/congressocoramdeo.com/public_html/index.php(17): require('/home/u36751185...')
#6 {main}
  thrown, em /home/u367511854/domains/congressocoramdeo.com/public_html/testeEmail.php, na linha 3

2022-10-12T05:55:09+00:00 CRITICAL Uncaught Error: Failed opening required 'vendor/autoload.php' (include_path='.:/opt/alt/php80/usr/share/pear:/opt/alt/php80/usr/share/php:/usr/share/pear:/usr/share/php') in /home/u367511854/domains/congressocoramdeo.com/public_html/testeEmail.php:3
Stack trace:
#0 /home/u367511854/domains/congressocoramdeo.com/public_html/wp-content/themes/congressocoramdeo/functions.php(5): include_once()
#1 /home/u367511854/domains/congressocoramdeo.com/public_html/wp-settings.php(566): include('/home/u36751185...')
#2 /home/u367511854/domains/congressocoramdeo.com/public_html/wp-config.php(102): require_once('/home/u36751185...')
#3 /home/u367511854/domains/congressocoramdeo.com/public_html/wp-load.php(50): require_once('/home/u36751185...')
#4 /home/u367511854/domains/congressocoramdeo.com/public_html/xmlrpc.php(31): require_once('/home/u36751185...')
#5 {main}
  thrown, em /home/u367511854/domains/congressocoramdeo.com/public_html/testeEmail.php, na linha 3

2022-10-12T06:15:48+00:00 CRITICAL Uncaught Error: Failed opening required 'vendor/autoload.php' (include_path='.:/opt/alt/php80/usr/share/pear:/opt/alt/php80/usr/share/php:/usr/share/pear:/usr/share/php') in /home/u367511854/domains/congressocoramdeo.com/public_html/testeEmail.php:3
Stack trace:
#0 /home/u367511854/domains/congressocoramdeo.com/public_html/wp-content/themes/congressocoramdeo/functions.php(5): include_once()
#1 /home/u367511854/domains/congressocoramdeo.com/public_html/wp-settings.php(566): include('/home/u36751185...')
#2 /home/u367511854/domains/congressocoramdeo.com/public_html/wp-config.php(102): require_once('/home/u36751185...')
#3 /home/u367511854/domains/congressocoramdeo.com/public_html/wp-load.php(50): require_once('/home/u36751185...')
#4 /home/u367511854/domains/congressocoramdeo.com/public_html/xmlrpc.php(31): require_once('/home/u36751185...')
#5 {main}
  thrown, em /home/u367511854/domains/congressocoramdeo.com/public_html/testeEmail.php, na linha 3

2022-10-12T06:22:19+00:00 CRITICAL Uncaught Error: Failed opening required 'vendor/autoload.php' (include_path='.:/opt/alt/php80/usr/share/pear:/opt/alt/php80/usr/share/php:/usr/share/pear:/usr/share/php') in /home/u367511854/domains/congressocoramdeo.com/public_html/testeEmail.php:3
Stack trace:
#0 /home/u367511854/domains/congressocoramdeo.com/public_html/wp-content/themes/congressocoramdeo/functions.php(5): include_once()
#1 /home/u367511854/domains/congressocoramdeo.com/public_html/wp-settings.php(566): include('/home/u36751185...')
#2 /home/u367511854/domains/congressocoramdeo.com/public_html/wp-config.php(102): require_once('/home/u36751185...')
#3 /home/u367511854/domains/congressocoramdeo.com/public_html/wp-load.php(50): require_once('/home/u36751185...')
#4 /home/u367511854/domains/congressocoramdeo.com/public_html/xmlrpc.php(31): require_once('/home/u36751185...')
#5 {main}
  thrown, em /home/u367511854/domains/congressocoramdeo.com/public_html/testeEmail.php, na linha 3

2022-10-12T07:02:34+00:00 CRITICAL Uncaught Error: Failed opening required 'vendor/autoload.php' (include_path='.:/opt/alt/php80/usr/share/pear:/opt/alt/php80/usr/share/php:/usr/share/pear:/usr/share/php') in /home/u367511854/domains/congressocoramdeo.com/public_html/testeEmail.php:3
Stack trace:
#0 /home/u367511854/domains/congressocoramdeo.com/public_html/wp-content/themes/congressocoramdeo/functions.php(5): include_once()
#1 /home/u367511854/domains/congressocoramdeo.com/public_html/wp-settings.php(566): include('/home/u36751185...')
#2 /home/u367511854/domains/congressocoramdeo.com/public_html/wp-config.php(102): require_once('/home/u36751185...')
#3 /home/u367511854/domains/congressocoramdeo.com/public_html/wp-load.php(50): require_once('/home/u36751185...')
#4 /home/u367511854/domains/congressocoramdeo.com/public_html/wp-blog-header.php(13): require_once('/home/u36751185...')
#5 /home/u367511854/domains/congressocoramdeo.com/public_html/index.php(17): require('/home/u36751185...')
#6 {main}
  thrown, em /home/u367511854/domains/congressocoramdeo.com/public_html/testeEmail.php, na linha 3

2022-10-12T07:14:27+00:00 CRITICAL Uncaught Error: Failed opening required 'vendor/autoload.php' (include_path='.:/opt/alt/php80/usr/share/pear:/opt/alt/php80/usr/share/php:/usr/share/pear:/usr/share/php') in /home/u367511854/domains/congressocoramdeo.com/public_html/testeEmail.php:3
Stack trace:
#0 /home/u367511854/domains/congressocoramdeo.com/public_html/wp-content/themes/congressocoramdeo/functions.php(5): include_once()
#1 /home/u367511854/domains/congressocoramdeo.com/public_html/wp-settings.php(566): include('/home/u36751185...')
#2 /home/u367511854/domains/congressocoramdeo.com/public_html/wp-config.php(102): require_once('/home/u36751185...')
#3 /home/u367511854/domains/congressocoramdeo.com/public_html/wp-load.php(50): require_once('/home/u36751185...')
#4 /home/u367511854/domains/congressocoramdeo.com/public_html/wp-blog-header.php(13): require_once('/home/u36751185...')
#5 /home/u367511854/domains/congressocoramdeo.com/public_html/index.php(17): require('/home/u36751185...')
#6 {main}
  thrown, em /home/u367511854/domains/congressocoramdeo.com/public_html/testeEmail.php, na linha 3

2022-10-12T07:19:20+00:00 CRITICAL Uncaught Error: Failed opening required 'vendor/autoload.php' (include_path='.:/opt/alt/php80/usr/share/pear:/opt/alt/php80/usr/share/php:/usr/share/pear:/usr/share/php') in /home/u367511854/domains/congressocoramdeo.com/public_html/testeEmail.php:3
Stack trace:
#0 /home/u367511854/domains/congressocoramdeo.com/public_html/wp-content/themes/congressocoramdeo/functions.php(5): include_once()
#1 /home/u367511854/domains/congressocoramdeo.com/public_html/wp-settings.php(566): include('/home/u36751185...')
#2 /home/u367511854/domains/congressocoramdeo.com/public_html/wp-config.php(102): require_once('/home/u36751185...')
#3 /home/u367511854/domains/congressocoramdeo.com/public_html/wp-load.php(50): require_once('/home/u36751185...')
#4 /home/u367511854/domains/congressocoramdeo.com/public_html/xmlrpc.php(31): require_once('/home/u36751185...')
#5 {main}
  thrown, em /home/u367511854/domains/congressocoramdeo.com/public_html/testeEmail.php, na linha 3

2022-10-12T08:01:32+00:00 CRITICAL Uncaught Error: Failed opening required 'vendor/autoload.php' (include_path='.:/opt/alt/php80/usr/share/pear:/opt/alt/php80/usr/share/php:/usr/share/pear:/usr/share/php') in /home/u367511854/domains/congressocoramdeo.com/public_html/testeEmail.php:3
Stack trace:
#0 /home/u367511854/domains/congressocoramdeo.com/public_html/wp-content/themes/congressocoramdeo/functions.php(5): include_once()
#1 /home/u367511854/domains/congressocoramdeo.com/public_html/wp-settings.php(566): include('/home/u36751185...')
#2 /home/u367511854/domains/congressocoramdeo.com/public_html/wp-config.php(102): require_once('/home/u36751185...')
#3 /home/u367511854/domains/congressocoramdeo.com/public_html/wp-load.php(50): require_once('/home/u36751185...')
#4 /home/u367511854/domains/congressocoramdeo.com/public_html/xmlrpc.php(31): require_once('/home/u36751185...')
#5 {main}
  thrown, em /home/u367511854/domains/congressocoramdeo.com/public_html/testeEmail.php, na linha 3

2022-10-12T08:11:57+00:00 CRITICAL Uncaught Error: Failed opening required 'vendor/autoload.php' (include_path='.:/opt/alt/php80/usr/share/pear:/opt/alt/php80/usr/share/php:/usr/share/pear:/usr/share/php') in /home/u367511854/domains/congressocoramdeo.com/public_html/testeEmail.php:3
Stack trace:
#0 /home/u367511854/domains/congressocoramdeo.com/public_html/wp-content/themes/congressocoramdeo/functions.php(5): include_once()
#1 /home/u367511854/domains/congressocoramdeo.com/public_html/wp-settings.php(566): include('/home/u36751185...')
#2 /home/u367511854/domains/congressocoramdeo.com/public_html/wp-config.php(102): require_once('/home/u36751185...')
#3 /home/u367511854/domains/congressocoramdeo.com/public_html/wp-load.php(50): require_once('/home/u36751185...')
#4 /home/u367511854/domains/congressocoramdeo.com/public_html/wp-blog-header.php(13): require_once('/home/u36751185...')
#5 /home/u367511854/domains/congressocoramdeo.com/public_html/index.php(17): require('/home/u36751185...')
#6 {main}
  thrown, em /home/u367511854/domains/congressocoramdeo.com/public_html/testeEmail.php, na linha 3

2022-10-12T08:24:20+00:00 CRITICAL Uncaught Error: Failed opening required 'vendor/autoload.php' (include_path='.:/opt/alt/php80/usr/share/pear:/opt/alt/php80/usr/share/php:/usr/share/pear:/usr/share/php') in /home/u367511854/domains/congressocoramdeo.com/public_html/testeEmail.php:3
Stack trace:
#0 /home/u367511854/domains/congressocoramdeo.com/public_html/wp-content/themes/congressocoramdeo/functions.php(5): include_once()
#1 /home/u367511854/domains/congressocoramdeo.com/public_html/wp-settings.php(566): include('/home/u36751185...')
#2 /home/u367511854/domains/congressocoramdeo.com/public_html/wp-config.php(102): require_once('/home/u36751185...')
#3 /home/u367511854/domains/congressocoramdeo.com/public_html/wp-load.php(50): require_once('/home/u36751185...')
#4 /home/u367511854/domains/congressocoramdeo.com/public_html/wp-blog-header.php(13): require_once('/home/u36751185...')
#5 /home/u367511854/domains/congressocoramdeo.com/public_html/index.php(17): require('/home/u36751185...')
#6 {main}
  thrown, em /home/u367511854/domains/congressocoramdeo.com/public_html/testeEmail.php, na linha 3

2022-10-12T08:30:17+00:00 CRITICAL Uncaught Error: Failed opening required 'vendor/autoload.php' (include_path='.:/opt/alt/php80/usr/share/pear:/opt/alt/php80/usr/share/php:/usr/share/pear:/usr/share/php') in /home/u367511854/domains/congressocoramdeo.com/public_html/testeEmail.php:3
Stack trace:
#0 /home/u367511854/domains/congressocoramdeo.com/public_html/wp-content/themes/congressocoramdeo/functions.php(5): include_once()
#1 /home/u367511854/domains/congressocoramdeo.com/public_html/wp-settings.php(566): include('/home/u36751185...')
#2 /home/u367511854/domains/congressocoramdeo.com/public_html/wp-config.php(102): require_once('/home/u36751185...')
#3 /home/u367511854/domains/congressocoramdeo.com/public_html/wp-load.php(50): require_once('/home/u36751185...')
#4 /home/u367511854/domains/congressocoramdeo.com/public_html/wp-blog-header.php(13): require_once('/home/u36751185...')
#5 /home/u367511854/domains/congressocoramdeo.com/public_html/index.php(17): require('/home/u36751185...')
#6 {main}
  thrown, em /home/u367511854/domains/congressocoramdeo.com/public_html/testeEmail.php, na linha 3

2022-10-12T09:02:18+00:00 CRITICAL Uncaught Error: Failed opening required 'vendor/autoload.php' (include_path='.:/opt/alt/php80/usr/share/pear:/opt/alt/php80/usr/share/php:/usr/share/pear:/usr/share/php') in /home/u367511854/domains/congressocoramdeo.com/public_html/testeEmail.php:3
Stack trace:
#0 /home/u367511854/domains/congressocoramdeo.com/public_html/wp-content/themes/congressocoramdeo/functions.php(5): include_once()
#1 /home/u367511854/domains/congressocoramdeo.com/public_html/wp-settings.php(566): include('/home/u36751185...')
#2 /home/u367511854/domains/congressocoramdeo.com/public_html/wp-config.php(102): require_once('/home/u36751185...')
#3 /home/u367511854/domains/congressocoramdeo.com/public_html/wp-load.php(50): require_once('/home/u36751185...')
#4 /home/u367511854/domains/congressocoramdeo.com/public_html/xmlrpc.php(31): require_once('/home/u36751185...')
#5 {main}
  thrown, em /home/u367511854/domains/congressocoramdeo.com/public_html/testeEmail.php, na linha 3

2022-10-12T09:59:30+00:00 CRITICAL Uncaught Error: Failed opening required 'vendor/autoload.php' (include_path='.:/opt/alt/php80/usr/share/pear:/opt/alt/php80/usr/share/php:/usr/share/pear:/usr/share/php') in /home/u367511854/domains/congressocoramdeo.com/public_html/testeEmail.php:3
Stack trace:
#0 /home/u367511854/domains/congressocoramdeo.com/public_html/wp-content/themes/congressocoramdeo/functions.php(5): include_once()
#1 /home/u367511854/domains/congressocoramdeo.com/public_html/wp-settings.php(566): include('/home/u36751185...')
#2 /home/u367511854/domains/congressocoramdeo.com/public_html/wp-config.php(102): require_once('/home/u36751185...')
#3 /home/u367511854/domains/congressocoramdeo.com/public_html/wp-load.php(50): require_once('/home/u36751185...')
#4 /home/u367511854/domains/congressocoramdeo.com/public_html/wp-blog-header.php(13): require_once('/home/u36751185...')
#5 /home/u367511854/domains/congressocoramdeo.com/public_html/index.php(17): require('/home/u36751185...')
#6 {main}
  thrown, em /home/u367511854/domains/congressocoramdeo.com/public_html/testeEmail.php, na linha 3

2022-10-12T10:01:18+00:00 CRITICAL Uncaught Error: Failed opening required 'vendor/autoload.php' (include_path='.:/opt/alt/php80/usr/share/pear:/opt/alt/php80/usr/share/php:/usr/share/pear:/usr/share/php') in /home/u367511854/domains/congressocoramdeo.com/public_html/testeEmail.php:3
Stack trace:
#0 /home/u367511854/domains/congressocoramdeo.com/public_html/wp-content/themes/congressocoramdeo/functions.php(5): include_once()
#1 /home/u367511854/domains/congressocoramdeo.com/public_html/wp-settings.php(566): include('/home/u36751185...')
#2 /home/u367511854/domains/congressocoramdeo.com/public_html/wp-config.php(102): require_once('/home/u36751185...')
#3 /home/u367511854/domains/congressocoramdeo.com/public_html/wp-load.php(50): require_once('/home/u36751185...')
#4 /home/u367511854/domains/congressocoramdeo.com/public_html/xmlrpc.php(31): require_once('/home/u36751185...')
#5 {main}
  thrown, em /home/u367511854/domains/congressocoramdeo.com/public_html/testeEmail.php, na linha 3

2022-10-12T10:06:51+00:00 CRITICAL Uncaught Error: Failed opening required 'vendor/autoload.php' (include_path='.:/opt/alt/php80/usr/share/pear:/opt/alt/php80/usr/share/php:/usr/share/pear:/usr/share/php') in /home/u367511854/domains/congressocoramdeo.com/public_html/testeEmail.php:3
Stack trace:
#0 /home/u367511854/domains/congressocoramdeo.com/public_html/wp-content/themes/congressocoramdeo/functions.php(5): include_once()
#1 /home/u367511854/domains/congressocoramdeo.com/public_html/wp-settings.php(566): include('/home/u36751185...')
#2 /home/u367511854/domains/congressocoramdeo.com/public_html/wp-config.php(102): require_once('/home/u36751185...')
#3 /home/u367511854/domains/congressocoramdeo.com/public_html/wp-load.php(50): require_once('/home/u36751185...')
#4 /home/u367511854/domains/congressocoramdeo.com/public_html/wp-blog-header.php(13): require_once('/home/u36751185...')
#5 /home/u367511854/domains/congressocoramdeo.com/public_html/index.php(17): require('/home/u36751185...')
#6 {main}
  thrown, em /home/u367511854/domains/congressocoramdeo.com/public_html/testeEmail.php, na linha 3

2022-10-12T10:07:09+00:00 CRITICAL Uncaught Error: Failed opening required 'vendor/autoload.php' (include_path='.:/opt/alt/php80/usr/share/pear:/opt/alt/php80/usr/share/php:/usr/share/pear:/usr/share/php') in /home/u367511854/domains/congressocoramdeo.com/public_html/testeEmail.php:3
Stack trace:
#0 /home/u367511854/domains/congressocoramdeo.com/public_html/wp-content/themes/congressocoramdeo/functions.php(5): include_once()
#1 /home/u367511854/domains/congressocoramdeo.com/public_html/wp-settings.php(566): include('/home/u36751185...')
#2 /home/u367511854/domains/congressocoramdeo.com/public_html/wp-config.php(102): require_once('/home/u36751185...')
#3 /home/u367511854/domains/congressocoramdeo.com/public_html/wp-load.php(50): require_once('/home/u36751185...')
#4 /home/u367511854/domains/congressocoramdeo.com/public_html/wp-blog-header.php(13): require_once('/home/u36751185...')
#5 /home/u367511854/domains/congressocoramdeo.com/public_html/index.php(17): require('/home/u36751185...')
#6 {main}
  thrown, em /home/u367511854/domains/congressocoramdeo.com/public_html/testeEmail.php, na linha 3

2022-10-12T10:07:20+00:00 CRITICAL Uncaught Error: Failed opening required 'vendor/autoload.php' (include_path='.:/opt/alt/php80/usr/share/pear:/opt/alt/php80/usr/share/php:/usr/share/pear:/usr/share/php') in /home/u367511854/domains/congressocoramdeo.com/public_html/testeEmail.php:3
Stack trace:
#0 /home/u367511854/domains/congressocoramdeo.com/public_html/wp-content/themes/congressocoramdeo/functions.php(5): include_once()
#1 /home/u367511854/domains/congressocoramdeo.com/public_html/wp-settings.php(566): include('/home/u36751185...')
#2 /home/u367511854/domains/congressocoramdeo.com/public_html/wp-config.php(102): require_once('/home/u36751185...')
#3 /home/u367511854/domains/congressocoramdeo.com/public_html/wp-load.php(50): require_once('/home/u36751185...')
#4 /home/u367511854/domains/congressocoramdeo.com/public_html/wp-blog-header.php(13): require_once('/home/u36751185...')
#5 /home/u367511854/domains/congressocoramdeo.com/public_html/index.php(17): require('/home/u36751185...')
#6 {main}
  thrown, em /home/u367511854/domains/congressocoramdeo.com/public_html/testeEmail.php, na linha 3

2022-10-12T10:08:43+00:00 CRITICAL Uncaught Error: Failed opening required 'vendor/autoload.php' (include_path='.:/opt/alt/php80/usr/share/pear:/opt/alt/php80/usr/share/php:/usr/share/pear:/usr/share/php') in /home/u367511854/domains/congressocoramdeo.com/public_html/testeEmail.php:3
Stack trace:
#0 /home/u367511854/domains/congressocoramdeo.com/public_html/wp-content/themes/congressocoramdeo/functions.php(5): include_once()
#1 /home/u367511854/domains/congressocoramdeo.com/public_html/wp-settings.php(566): include('/home/u36751185...')
#2 /home/u367511854/domains/congressocoramdeo.com/public_html/wp-config.php(102): require_once('/home/u36751185...')
#3 /home/u367511854/domains/congressocoramdeo.com/public_html/wp-load.php(50): require_once('/home/u36751185...')
#4 /home/u367511854/domains/congressocoramdeo.com/public_html/xmlrpc.php(31): require_once('/home/u36751185...')
#5 {main}
  thrown, em /home/u367511854/domains/congressocoramdeo.com/public_html/testeEmail.php, na linha 3

2022-10-12T10:24:23+00:00 CRITICAL Uncaught Error: Failed opening required 'vendor/autoload.php' (include_path='.:/opt/alt/php80/usr/share/pear:/opt/alt/php80/usr/share/php:/usr/share/pear:/usr/share/php') in /home/u367511854/domains/congressocoramdeo.com/public_html/testeEmail.php:3
Stack trace:
#0 /home/u367511854/domains/congressocoramdeo.com/public_html/wp-content/themes/congressocoramdeo/functions.php(5): include_once()
#1 /home/u367511854/domains/congressocoramdeo.com/public_html/wp-settings.php(566): include('/home/u36751185...')
#2 /home/u367511854/domains/congressocoramdeo.com/public_html/wp-config.php(102): require_once('/home/u36751185...')
#3 /home/u367511854/domains/congressocoramdeo.com/public_html/wp-load.php(50): require_once('/home/u36751185...')
#4 /home/u367511854/domains/congressocoramdeo.com/public_html/xmlrpc.php(31): require_once('/home/u36751185...')
#5 {main}
  thrown, em /home/u367511854/domains/congressocoramdeo.com/public_html/testeEmail.php, na linha 3

2022-10-12T10:31:47+00:00 CRITICAL Uncaught Error: Failed opening required 'vendor/autoload.php' (include_path='.:/opt/alt/php80/usr/share/pear:/opt/alt/php80/usr/share/php:/usr/share/pear:/usr/share/php') in /home/u367511854/domains/congressocoramdeo.com/public_html/testeEmail.php:3
Stack trace:
#0 /home/u367511854/domains/congressocoramdeo.com/public_html/wp-content/themes/congressocoramdeo/functions.php(5): include_once()
#1 /home/u367511854/domains/congressocoramdeo.com/public_html/wp-settings.php(566): include('/home/u36751185...')
#2 /home/u367511854/domains/congressocoramdeo.com/public_html/wp-config.php(102): require_once('/home/u36751185...')
#3 /home/u367511854/domains/congressocoramdeo.com/public_html/wp-load.php(50): require_once('/home/u36751185...')
#4 /home/u367511854/domains/congressocoramdeo.com/public_html/xmlrpc.php(31): require_once('/home/u36751185...')
#5 {main}
  thrown, em /home/u367511854/domains/congressocoramdeo.com/public_html/testeEmail.php, na linha 3

2022-10-12T10:47:39+00:00 CRITICAL Uncaught Error: Failed opening required 'vendor/autoload.php' (include_path='.:/opt/alt/php80/usr/share/pear:/opt/alt/php80/usr/share/php:/usr/share/pear:/usr/share/php') in /home/u367511854/domains/congressocoramdeo.com/public_html/testeEmail.php:3
Stack trace:
#0 /home/u367511854/domains/congressocoramdeo.com/public_html/wp-content/themes/congressocoramdeo/functions.php(5): include_once()
#1 /home/u367511854/domains/congressocoramdeo.com/public_html/wp-settings.php(566): include('/home/u36751185...')
#2 /home/u367511854/domains/congressocoramdeo.com/public_html/wp-config.php(102): require_once('/home/u36751185...')
#3 /home/u367511854/domains/congressocoramdeo.com/public_html/wp-load.php(50): require_once('/home/u36751185...')
#4 /home/u367511854/domains/congressocoramdeo.com/public_html/wp-blog-header.php(13): require_once('/home/u36751185...')
#5 /home/u367511854/domains/congressocoramdeo.com/public_html/index.php(17): require('/home/u36751185...')
#6 {main}
  thrown, em /home/u367511854/domains/congressocoramdeo.com/public_html/testeEmail.php, na linha 3

2022-10-12T10:51:53+00:00 CRITICAL Uncaught Error: Failed opening required 'vendor/autoload.php' (include_path='.:/opt/alt/php80/usr/share/pear:/opt/alt/php80/usr/share/php:/usr/share/pear:/usr/share/php') in /home/u367511854/domains/congressocoramdeo.com/public_html/testeEmail.php:3
Stack trace:
#0 /home/u367511854/domains/congressocoramdeo.com/public_html/wp-content/themes/congressocoramdeo/functions.php(5): include_once()
#1 /home/u367511854/domains/congressocoramdeo.com/public_html/wp-settings.php(566): include('/home/u36751185...')
#2 /home/u367511854/domains/congressocoramdeo.com/public_html/wp-config.php(102): require_once('/home/u36751185...')
#3 /home/u367511854/domains/congressocoramdeo.com/public_html/wp-load.php(50): require_once('/home/u36751185...')
#4 /home/u367511854/domains/congressocoramdeo.com/public_html/wp-blog-header.php(13): require_once('/home/u36751185...')
#5 /home/u367511854/domains/congressocoramdeo.com/public_html/index.php(17): require('/home/u36751185...')
#6 {main}
  thrown, em /home/u367511854/domains/congressocoramdeo.com/public_html/testeEmail.php, na linha 3

2022-10-12T11:11:33+00:00 CRITICAL Uncaught Error: Failed opening required 'vendor/autoload.php' (include_path='.:/opt/alt/php80/usr/share/pear:/opt/alt/php80/usr/share/php:/usr/share/pear:/usr/share/php') in /home/u367511854/domains/congressocoramdeo.com/public_html/testeEmail.php:3
Stack trace:
#0 /home/u367511854/domains/congressocoramdeo.com/public_html/wp-content/themes/congressocoramdeo/functions.php(5): include_once()
#1 /home/u367511854/domains/congressocoramdeo.com/public_html/wp-settings.php(566): include('/home/u36751185...')
#2 /home/u367511854/domains/congressocoramdeo.com/public_html/wp-config.php(102): require_once('/home/u36751185...')
#3 /home/u367511854/domains/congressocoramdeo.com/public_html/wp-load.php(50): require_once('/home/u36751185...')
#4 /home/u367511854/domains/congressocoramdeo.com/public_html/wp-blog-header.php(13): require_once('/home/u36751185...')
#5 /home/u367511854/domains/congressocoramdeo.com/public_html/index.php(17): require('/home/u36751185...')
#6 {main}
  thrown, em /home/u367511854/domains/congressocoramdeo.com/public_html/testeEmail.php, na linha 3

2022-10-12T11:11:34+00:00 CRITICAL Uncaught Error: Failed opening required 'vendor/autoload.php' (include_path='.:/opt/alt/php80/usr/share/pear:/opt/alt/php80/usr/share/php:/usr/share/pear:/usr/share/php') in /home/u367511854/domains/congressocoramdeo.com/public_html/testeEmail.php:3
Stack trace:
#0 /home/u367511854/domains/congressocoramdeo.com/public_html/wp-content/themes/congressocoramdeo/functions.php(5): include_once()
#1 /home/u367511854/domains/congressocoramdeo.com/public_html/wp-settings.php(566): include('/home/u36751185...')
#2 /home/u367511854/domains/congressocoramdeo.com/public_html/wp-config.php(102): require_once('/home/u36751185...')
#3 /home/u367511854/domains/congressocoramdeo.com/public_html/wp-load.php(50): require_once('/home/u36751185...')
#4 /home/u367511854/domains/congressocoramdeo.com/public_html/wp-blog-header.php(13): require_once('/home/u36751185...')
#5 /home/u367511854/domains/congressocoramdeo.com/public_html/index.php(17): require('/home/u36751185...')
#6 {main}
  thrown, em /home/u367511854/domains/congressocoramdeo.com/public_html/testeEmail.php, na linha 3

2022-10-12T11:15:15+00:00 CRITICAL Uncaught Error: Failed opening required 'vendor/autoload.php' (include_path='.:/opt/alt/php80/usr/share/pear:/opt/alt/php80/usr/share/php:/usr/share/pear:/usr/share/php') in /home/u367511854/domains/congressocoramdeo.com/public_html/testeEmail.php:3
Stack trace:
#0 /home/u367511854/domains/congressocoramdeo.com/public_html/wp-content/themes/congressocoramdeo/functions.php(5): include_once()
#1 /home/u367511854/domains/congressocoramdeo.com/public_html/wp-settings.php(566): include('/home/u36751185...')
#2 /home/u367511854/domains/congressocoramdeo.com/public_html/wp-config.php(102): require_once('/home/u36751185...')
#3 /home/u367511854/domains/congressocoramdeo.com/public_html/wp-load.php(50): require_once('/home/u36751185...')
#4 /home/u367511854/domains/congressocoramdeo.com/public_html/wp-blog-header.php(13): require_once('/home/u36751185...')
#5 /home/u367511854/domains/congressocoramdeo.com/public_html/index.php(17): require('/home/u36751185...')
#6 {main}
  thrown, em /home/u367511854/domains/congressocoramdeo.com/public_html/testeEmail.php, na linha 3

2022-10-12T11:15:16+00:00 CRITICAL Uncaught Error: Failed opening required 'vendor/autoload.php' (include_path='.:/opt/alt/php80/usr/share/pear:/opt/alt/php80/usr/share/php:/usr/share/pear:/usr/share/php') in /home/u367511854/domains/congressocoramdeo.com/public_html/testeEmail.php:3
Stack trace:
#0 /home/u367511854/domains/congressocoramdeo.com/public_html/wp-content/themes/congressocoramdeo/functions.php(5): include_once()
#1 /home/u367511854/domains/congressocoramdeo.com/public_html/wp-settings.php(566): include('/home/u36751185...')
#2 /home/u367511854/domains/congressocoramdeo.com/public_html/wp-config.php(102): require_once('/home/u36751185...')
#3 /home/u367511854/domains/congressocoramdeo.com/public_html/wp-load.php(50): require_once('/home/u36751185...')
#4 /home/u367511854/domains/congressocoramdeo.com/public_html/wp-blog-header.php(13): require_once('/home/u36751185...')
#5 /home/u367511854/domains/congressocoramdeo.com/public_html/index.php(17): require('/home/u36751185...')
#6 {main}
  thrown, em /home/u367511854/domains/congressocoramdeo.com/public_html/testeEmail.php, na linha 3

2022-10-12T11:15:30+00:00 CRITICAL Uncaught Error: Failed opening required 'vendor/autoload.php' (include_path='.:/opt/alt/php80/usr/share/pear:/opt/alt/php80/usr/share/php:/usr/share/pear:/usr/share/php') in /home/u367511854/domains/congressocoramdeo.com/public_html/testeEmail.php:3
Stack trace:
#0 /home/u367511854/domains/congressocoramdeo.com/public_html/wp-content/themes/congressocoramdeo/functions.php(5): include_once()
#1 /home/u367511854/domains/congressocoramdeo.com/public_html/wp-settings.php(566): include('/home/u36751185...')
#2 /home/u367511854/domains/congressocoramdeo.com/public_html/wp-config.php(102): require_once('/home/u36751185...')
#3 /home/u367511854/domains/congressocoramdeo.com/public_html/wp-load.php(50): require_once('/home/u36751185...')
#4 /home/u367511854/domains/congressocoramdeo.com/public_html/wp-blog-header.php(13): require_once('/home/u36751185...')
#5 /home/u367511854/domains/congressocoramdeo.com/public_html/index.php(17): require('/home/u36751185...')
#6 {main}
  thrown, em /home/u367511854/domains/congressocoramdeo.com/public_html/testeEmail.php, na linha 3

2022-10-12T11:15:30+00:00 CRITICAL Uncaught Error: Failed opening required 'vendor/autoload.php' (include_path='.:/opt/alt/php80/usr/share/pear:/opt/alt/php80/usr/share/php:/usr/share/pear:/usr/share/php') in /home/u367511854/domains/congressocoramdeo.com/public_html/testeEmail.php:3
Stack trace:
#0 /home/u367511854/domains/congressocoramdeo.com/public_html/wp-content/themes/congressocoramdeo/functions.php(5): include_once()
#1 /home/u367511854/domains/congressocoramdeo.com/public_html/wp-settings.php(566): include('/home/u36751185...')
#2 /home/u367511854/domains/congressocoramdeo.com/public_html/wp-config.php(102): require_once('/home/u36751185...')
#3 /home/u367511854/domains/congressocoramdeo.com/public_html/wp-load.php(50): require_once('/home/u36751185...')
#4 /home/u367511854/domains/congressocoramdeo.com/public_html/wp-blog-header.php(13): require_once('/home/u36751185...')
#5 /home/u367511854/domains/congressocoramdeo.com/public_html/index.php(17): require('/home/u36751185...')
#6 {main}
  thrown, em /home/u367511854/domains/congressocoramdeo.com/public_html/testeEmail.php, na linha 3

2022-10-12T11:19:23+00:00 CRITICAL Uncaught Error: Failed opening required 'vendor/autoload.php' (include_path='.:/opt/alt/php80/usr/share/pear:/opt/alt/php80/usr/share/php:/usr/share/pear:/usr/share/php') in /home/u367511854/domains/congressocoramdeo.com/public_html/testeEmail.php:3
Stack trace:
#0 /home/u367511854/domains/congressocoramdeo.com/public_html/wp-content/themes/congressocoramdeo/functions.php(5): include_once()
#1 /home/u367511854/domains/congressocoramdeo.com/public_html/wp-settings.php(566): include('/home/u36751185...')
#2 /home/u367511854/domains/congressocoramdeo.com/public_html/wp-config.php(102): require_once('/home/u36751185...')
#3 /home/u367511854/domains/congressocoramdeo.com/public_html/wp-load.php(50): require_once('/home/u36751185...')
#4 /home/u367511854/domains/congressocoramdeo.com/public_html/xmlrpc.php(31): require_once('/home/u36751185...')
#5 {main}
  thrown, em /home/u367511854/domains/congressocoramdeo.com/public_html/testeEmail.php, na linha 3

2022-10-12T11:24:27+00:00 CRITICAL Uncaught Error: Failed opening required 'vendor/autoload.php' (include_path='.:/opt/alt/php80/usr/share/pear:/opt/alt/php80/usr/share/php:/usr/share/pear:/usr/share/php') in /home/u367511854/domains/congressocoramdeo.com/public_html/testeEmail.php:3
Stack trace:
#0 /home/u367511854/domains/congressocoramdeo.com/public_html/wp-content/themes/congressocoramdeo/functions.php(5): include_once()
#1 /home/u367511854/domains/congressocoramdeo.com/public_html/wp-settings.php(566): include('/home/u36751185...')
#2 /home/u367511854/domains/congressocoramdeo.com/public_html/wp-config.php(102): require_once('/home/u36751185...')
#3 /home/u367511854/domains/congressocoramdeo.com/public_html/wp-load.php(50): require_once('/home/u36751185...')
#4 /home/u367511854/domains/congressocoramdeo.com/public_html/wp-blog-header.php(13): require_once('/home/u36751185...')
#5 /home/u367511854/domains/congressocoramdeo.com/public_html/index.php(17): require('/home/u36751185...')
#6 {main}
  thrown, em /home/u367511854/domains/congressocoramdeo.com/public_html/testeEmail.php, na linha 3

2022-10-12T11:30:32+00:00 CRITICAL Uncaught Error: Failed opening required 'vendor/autoload.php' (include_path='.:/opt/alt/php80/usr/share/pear:/opt/alt/php80/usr/share/php:/usr/share/pear:/usr/share/php') in /home/u367511854/domains/congressocoramdeo.com/public_html/testeEmail.php:3
Stack trace:
#0 /home/u367511854/domains/congressocoramdeo.com/public_html/wp-content/themes/congressocoramdeo/functions.php(5): include_once()
#1 /home/u367511854/domains/congressocoramdeo.com/public_html/wp-settings.php(566): include('/home/u36751185...')
#2 /home/u367511854/domains/congressocoramdeo.com/public_html/wp-config.php(102): require_once('/home/u36751185...')
#3 /home/u367511854/domains/congressocoramdeo.com/public_html/wp-load.php(50): require_once('/home/u36751185...')
#4 /home/u367511854/domains/congressocoramdeo.com/public_html/wp-blog-header.php(13): require_once('/home/u36751185...')
#5 /home/u367511854/domains/congressocoramdeo.com/public_html/index.php(17): require('/home/u36751185...')
#6 {main}
  thrown, em /home/u367511854/domains/congressocoramdeo.com/public_html/testeEmail.php, na linha 3

2022-10-12T11:35:11+00:00 CRITICAL Uncaught Error: Failed opening required 'vendor/autoload.php' (include_path='.:/opt/alt/php80/usr/share/pear:/opt/alt/php80/usr/share/php:/usr/share/pear:/usr/share/php') in /home/u367511854/domains/congressocoramdeo.com/public_html/testeEmail.php:3
Stack trace:
#0 /home/u367511854/domains/congressocoramdeo.com/public_html/wp-content/themes/congressocoramdeo/functions.php(5): include_once()
#1 /home/u367511854/domains/congressocoramdeo.com/public_html/wp-settings.php(566): include('/home/u36751185...')
#2 /home/u367511854/domains/congressocoramdeo.com/public_html/wp-config.php(102): require_once('/home/u36751185...')
#3 /home/u367511854/domains/congressocoramdeo.com/public_html/wp-load.php(50): require_once('/home/u36751185...')
#4 /home/u367511854/domains/congressocoramdeo.com/public_html/wp-blog-header.php(13): require_once('/home/u36751185...')
#5 /home/u367511854/domains/congressocoramdeo.com/public_html/index.php(17): require('/home/u36751185...')
#6 {main}
  thrown, em /home/u367511854/domains/congressocoramdeo.com/public_html/testeEmail.php, na linha 3

2022-10-12T11:36:18+00:00 CRITICAL Uncaught Error: Failed opening required 'vendor/autoload.php' (include_path='.:/opt/alt/php80/usr/share/pear:/opt/alt/php80/usr/share/php:/usr/share/pear:/usr/share/php') in /home/u367511854/domains/congressocoramdeo.com/public_html/testeEmail.php:3
Stack trace:
#0 /home/u367511854/domains/congressocoramdeo.com/public_html/wp-content/themes/congressocoramdeo/functions.php(5): include_once()
#1 /home/u367511854/domains/congressocoramdeo.com/public_html/wp-settings.php(566): include('/home/u36751185...')
#2 /home/u367511854/domains/congressocoramdeo.com/public_html/wp-config.php(102): require_once('/home/u36751185...')
#3 /home/u367511854/domains/congressocoramdeo.com/public_html/wp-load.php(50): require_once('/home/u36751185...')
#4 /home/u367511854/domains/congressocoramdeo.com/public_html/wp-blog-header.php(13): require_once('/home/u36751185...')
#5 /home/u367511854/domains/congressocoramdeo.com/public_html/index.php(17): require('/home/u36751185...')
#6 {main}
  thrown, em /home/u367511854/domains/congressocoramdeo.com/public_html/testeEmail.php, na linha 3

2022-10-12T11:40:20+00:00 CRITICAL Uncaught Error: Failed opening required 'vendor/autoload.php' (include_path='.:/opt/alt/php80/usr/share/pear:/opt/alt/php80/usr/share/php:/usr/share/pear:/usr/share/php') in /home/u367511854/domains/congressocoramdeo.com/public_html/testeEmail.php:3
Stack trace:
#0 /home/u367511854/domains/congressocoramdeo.com/public_html/wp-content/themes/congressocoramdeo/functions.php(5): include_once()
#1 /home/u367511854/domains/congressocoramdeo.com/public_html/wp-settings.php(566): include('/home/u36751185...')
#2 /home/u367511854/domains/congressocoramdeo.com/public_html/wp-config.php(102): require_once('/home/u36751185...')
#3 /home/u367511854/domains/congressocoramdeo.com/public_html/wp-load.php(50): require_once('/home/u36751185...')
#4 /home/u367511854/domains/congressocoramdeo.com/public_html/wp-blog-header.php(13): require_once('/home/u36751185...')
#5 /home/u367511854/domains/congressocoramdeo.com/public_html/index.php(17): require('/home/u36751185...')
#6 {main}
  thrown, em /home/u367511854/domains/congressocoramdeo.com/public_html/testeEmail.php, na linha 3

2022-10-12T11:40:20+00:00 CRITICAL Uncaught Error: Failed opening required 'vendor/autoload.php' (include_path='.:/opt/alt/php80/usr/share/pear:/opt/alt/php80/usr/share/php:/usr/share/pear:/usr/share/php') in /home/u367511854/domains/congressocoramdeo.com/public_html/testeEmail.php:3
Stack trace:
#0 /home/u367511854/domains/congressocoramdeo.com/public_html/wp-content/themes/congressocoramdeo/functions.php(5): include_once()
#1 /home/u367511854/domains/congressocoramdeo.com/public_html/wp-settings.php(566): include('/home/u36751185...')
#2 /home/u367511854/domains/congressocoramdeo.com/public_html/wp-config.php(102): require_once('/home/u36751185...')
#3 /home/u367511854/domains/congressocoramdeo.com/public_html/wp-load.php(50): require_once('/home/u36751185...')
#4 /home/u367511854/domains/congressocoramdeo.com/public_html/wp-blog-header.php(13): require_once('/home/u36751185...')
#5 /home/u367511854/domains/congressocoramdeo.com/public_html/index.php(17): require('/home/u36751185...')
#6 {main}
  thrown, em /home/u367511854/domains/congressocoramdeo.com/public_html/testeEmail.php, na linha 3

2022-10-12T11:40:36+00:00 CRITICAL Uncaught Error: Failed opening required 'vendor/autoload.php' (include_path='.:/opt/alt/php80/usr/share/pear:/opt/alt/php80/usr/share/php:/usr/share/pear:/usr/share/php') in /home/u367511854/domains/congressocoramdeo.com/public_html/testeEmail.php:3
Stack trace:
#0 /home/u367511854/domains/congressocoramdeo.com/public_html/wp-content/themes/congressocoramdeo/functions.php(5): include_once()
#1 /home/u367511854/domains/congressocoramdeo.com/public_html/wp-settings.php(566): include('/home/u36751185...')
#2 /home/u367511854/domains/congressocoramdeo.com/public_html/wp-config.php(102): require_once('/home/u36751185...')
#3 /home/u367511854/domains/congressocoramdeo.com/public_html/wp-load.php(50): require_once('/home/u36751185...')
#4 /home/u367511854/domains/congressocoramdeo.com/public_html/xmlrpc.php(31): require_once('/home/u36751185...')
#5 {main}
  thrown, em /home/u367511854/domains/congressocoramdeo.com/public_html/testeEmail.php, na linha 3

2022-10-12T11:48:45+00:00 CRITICAL Uncaught Error: Failed opening required 'vendor/autoload.php' (include_path='.:/opt/alt/php80/usr/share/pear:/opt/alt/php80/usr/share/php:/usr/share/pear:/usr/share/php') in /home/u367511854/domains/congressocoramdeo.com/public_html/testeEmail.php:3
Stack trace:
#0 /home/u367511854/domains/congressocoramdeo.com/public_html/wp-content/themes/congressocoramdeo/functions.php(5): include_once()
#1 /home/u367511854/domains/congressocoramdeo.com/public_html/wp-settings.php(566): include('/home/u36751185...')
#2 /home/u367511854/domains/congressocoramdeo.com/public_html/wp-config.php(102): require_once('/home/u36751185...')
#3 /home/u367511854/domains/congressocoramdeo.com/public_html/wp-load.php(50): require_once('/home/u36751185...')
#4 /home/u367511854/domains/congressocoramdeo.com/public_html/xmlrpc.php(31): require_once('/home/u36751185...')
#5 {main}
  thrown, em /home/u367511854/domains/congressocoramdeo.com/public_html/testeEmail.php, na linha 3

2022-10-12T11:57:17+00:00 CRITICAL Uncaught Error: Failed opening required 'vendor/autoload.php' (include_path='.:/opt/alt/php80/usr/share/pear:/opt/alt/php80/usr/share/php:/usr/share/pear:/usr/share/php') in /home/u367511854/domains/congressocoramdeo.com/public_html/testeEmail.php:3
Stack trace:
#0 /home/u367511854/domains/congressocoramdeo.com/public_html/wp-content/themes/congressocoramdeo/functions.php(5): include_once()
#1 /home/u367511854/domains/congressocoramdeo.com/public_html/wp-settings.php(566): include('/home/u36751185...')
#2 /home/u367511854/domains/congressocoramdeo.com/public_html/wp-config.php(102): require_once('/home/u36751185...')
#3 /home/u367511854/domains/congressocoramdeo.com/public_html/wp-load.php(50): require_once('/home/u36751185...')
#4 /home/u367511854/domains/congressocoramdeo.com/public_html/xmlrpc.php(31): require_once('/home/u36751185...')
#5 {main}
  thrown, em /home/u367511854/domains/congressocoramdeo.com/public_html/testeEmail.php, na linha 3

2022-10-12T11:58:25+00:00 CRITICAL Uncaught Error: Failed opening required 'vendor/autoload.php' (include_path='.:/opt/alt/php80/usr/share/pear:/opt/alt/php80/usr/share/php:/usr/share/pear:/usr/share/php') in /home/u367511854/domains/congressocoramdeo.com/public_html/testeEmail.php:3
Stack trace:
#0 /home/u367511854/domains/congressocoramdeo.com/public_html/wp-content/themes/congressocoramdeo/functions.php(5): include_once()
#1 /home/u367511854/domains/congressocoramdeo.com/public_html/wp-settings.php(566): include('/home/u36751185...')
#2 /home/u367511854/domains/congressocoramdeo.com/public_html/wp-config.php(102): require_once('/home/u36751185...')
#3 /home/u367511854/domains/congressocoramdeo.com/public_html/wp-load.php(50): require_once('/home/u36751185...')
#4 /home/u367511854/domains/congressocoramdeo.com/public_html/wp-blog-header.php(13): require_once('/home/u36751185...')
#5 /home/u367511854/domains/congressocoramdeo.com/public_html/index.php(17): require('/home/u36751185...')
#6 {main}
  thrown, em /home/u367511854/domains/congressocoramdeo.com/public_html/testeEmail.php, na linha 3

2022-10-12T12:01:34+00:00 CRITICAL Uncaught Error: Failed opening required 'vendor/autoload.php' (include_path='.:/opt/alt/php80/usr/share/pear:/opt/alt/php80/usr/share/php:/usr/share/pear:/usr/share/php') in /home/u367511854/domains/congressocoramdeo.com/public_html/testeEmail.php:3
Stack trace:
#0 /home/u367511854/domains/congressocoramdeo.com/public_html/wp-content/themes/congressocoramdeo/functions.php(5): include_once()
#1 /home/u367511854/domains/congressocoramdeo.com/public_html/wp-settings.php(566): include('/home/u36751185...')
#2 /home/u367511854/domains/congressocoramdeo.com/public_html/wp-config.php(102): require_once('/home/u36751185...')
#3 /home/u367511854/domains/congressocoramdeo.com/public_html/wp-load.php(50): require_once('/home/u36751185...')
#4 /home/u367511854/domains/congressocoramdeo.com/public_html/wp-blog-header.php(13): require_once('/home/u36751185...')
#5 /home/u367511854/domains/congressocoramdeo.com/public_html/index.php(17): require('/home/u36751185...')
#6 {main}
  thrown, em /home/u367511854/domains/congressocoramdeo.com/public_html/testeEmail.php, na linha 3

2022-10-12T12:05:36+00:00 CRITICAL Uncaught Error: Failed opening required 'vendor/autoload.php' (include_path='.:/opt/alt/php80/usr/share/pear:/opt/alt/php80/usr/share/php:/usr/share/pear:/usr/share/php') in /home/u367511854/domains/congressocoramdeo.com/public_html/testeEmail.php:3
Stack trace:
#0 /home/u367511854/domains/congressocoramdeo.com/public_html/wp-content/themes/congressocoramdeo/functions.php(5): include_once()
#1 /home/u367511854/domains/congressocoramdeo.com/public_html/wp-settings.php(566): include('/home/u36751185...')
#2 /home/u367511854/domains/congressocoramdeo.com/public_html/wp-config.php(102): require_once('/home/u36751185...')
#3 /home/u367511854/domains/congressocoramdeo.com/public_html/wp-load.php(50): require_once('/home/u36751185...')
#4 /home/u367511854/domains/congressocoramdeo.com/public_html/wp-blog-header.php(13): require_once('/home/u36751185...')
#5 /home/u367511854/domains/congressocoramdeo.com/public_html/index.php(17): require('/home/u36751185...')
#6 {main}
  thrown, em /home/u367511854/domains/congressocoramdeo.com/public_html/testeEmail.php, na linha 3

2022-10-12T12:10:36+00:00 CRITICAL Uncaught Error: Failed opening required 'vendor/autoload.php' (include_path='.:/opt/alt/php80/usr/share/pear:/opt/alt/php80/usr/share/php:/usr/share/pear:/usr/share/php') in /home/u367511854/domains/congressocoramdeo.com/public_html/testeEmail.php:3
Stack trace:
#0 /home/u367511854/domains/congressocoramdeo.com/public_html/wp-content/themes/congressocoramdeo/functions.php(5): include_once()
#1 /home/u367511854/domains/congressocoramdeo.com/public_html/wp-settings.php(566): include('/home/u36751185...')
#2 /home/u367511854/domains/congressocoramdeo.com/public_html/wp-config.php(102): require_once('/home/u36751185...')
#3 /home/u367511854/domains/congressocoramdeo.com/public_html/wp-load.php(50): require_once('/home/u36751185...')
#4 /home/u367511854/domains/congressocoramdeo.com/public_html/wp-blog-header.php(13): require_once('/home/u36751185...')
#5 /home/u367511854/domains/congressocoramdeo.com/public_html/index.php(17): require('/home/u36751185...')
#6 {main}
  thrown, em /home/u367511854/domains/congressocoramdeo.com/public_html/testeEmail.php, na linha 3

2022-10-12T12:11:20+00:00 CRITICAL Uncaught Error: Failed opening required 'vendor/autoload.php' (include_path='.:/opt/alt/php80/usr/share/pear:/opt/alt/php80/usr/share/php:/usr/share/pear:/usr/share/php') in /home/u367511854/domains/congressocoramdeo.com/public_html/testeEmail.php:3
Stack trace:
#0 /home/u367511854/domains/congressocoramdeo.com/public_html/wp-content/themes/congressocoramdeo/functions.php(5): include_once()
#1 /home/u367511854/domains/congressocoramdeo.com/public_html/wp-settings.php(566): include('/home/u36751185...')
#2 /home/u367511854/domains/congressocoramdeo.com/public_html/wp-config.php(102): require_once('/home/u36751185...')
#3 /home/u367511854/domains/congressocoramdeo.com/public_html/wp-load.php(50): require_once('/home/u36751185...')
#4 /home/u367511854/domains/congressocoramdeo.com/public_html/wp-blog-header.php(13): require_once('/home/u36751185...')
#5 /home/u367511854/domains/congressocoramdeo.com/public_html/index.php(17): require('/home/u36751185...')
#6 {main}
  thrown, em /home/u367511854/domains/congressocoramdeo.com/public_html/testeEmail.php, na linha 3

2022-10-12T12:13:29+00:00 CRITICAL Uncaught Error: Failed opening required 'vendor/autoload.php' (include_path='.:/opt/alt/php80/usr/share/pear:/opt/alt/php80/usr/share/php:/usr/share/pear:/usr/share/php') in /home/u367511854/domains/congressocoramdeo.com/public_html/testeEmail.php:3
Stack trace:
#0 /home/u367511854/domains/congressocoramdeo.com/public_html/wp-content/themes/congressocoramdeo/functions.php(5): include_once()
#1 /home/u367511854/domains/congressocoramdeo.com/public_html/wp-settings.php(566): include('/home/u36751185...')
#2 /home/u367511854/domains/congressocoramdeo.com/public_html/wp-config.php(102): require_once('/home/u36751185...')
#3 /home/u367511854/domains/congressocoramdeo.com/public_html/wp-load.php(50): require_once('/home/u36751185...')
#4 /home/u367511854/domains/congressocoramdeo.com/public_html/xmlrpc.php(31): require_once('/home/u36751185...')
#5 {main}
  thrown, em /home/u367511854/domains/congressocoramdeo.com/public_html/testeEmail.php, na linha 3

2022-10-12T12:22:55+00:00 CRITICAL Uncaught Error: Failed opening required 'vendor/autoload.php' (include_path='.:/opt/alt/php80/usr/share/pear:/opt/alt/php80/usr/share/php:/usr/share/pear:/usr/share/php') in /home/u367511854/domains/congressocoramdeo.com/public_html/testeEmail.php:3
Stack trace:
#0 /home/u367511854/domains/congressocoramdeo.com/public_html/wp-content/themes/congressocoramdeo/functions.php(5): include_once()
#1 /home/u367511854/domains/congressocoramdeo.com/public_html/wp-settings.php(566): include('/home/u36751185...')
#2 /home/u367511854/domains/congressocoramdeo.com/public_html/wp-config.php(102): require_once('/home/u36751185...')
#3 /home/u367511854/domains/congressocoramdeo.com/public_html/wp-load.php(50): require_once('/home/u36751185...')
#4 /home/u367511854/domains/congressocoramdeo.com/public_html/wp-blog-header.php(13): require_once('/home/u36751185...')
#5 /home/u367511854/domains/congressocoramdeo.com/public_html/index.php(17): require('/home/u36751185...')
#6 {main}
  thrown, em /home/u367511854/domains/congressocoramdeo.com/public_html/testeEmail.php, na linha 3

2022-10-12T12:36:22+00:00 CRITICAL Uncaught Error: Failed opening required 'vendor/autoload.php' (include_path='.:/opt/alt/php80/usr/share/pear:/opt/alt/php80/usr/share/php:/usr/share/pear:/usr/share/php') in /home/u367511854/domains/congressocoramdeo.com/public_html/testeEmail.php:3
Stack trace:
#0 /home/u367511854/domains/congressocoramdeo.com/public_html/wp-content/themes/congressocoramdeo/functions.php(5): include_once()
#1 /home/u367511854/domains/congressocoramdeo.com/public_html/wp-settings.php(566): include('/home/u36751185...')
#2 /home/u367511854/domains/congressocoramdeo.com/public_html/wp-config.php(102): require_once('/home/u36751185...')
#3 /home/u367511854/domains/congressocoramdeo.com/public_html/wp-load.php(50): require_once('/home/u36751185...')
#4 /home/u367511854/domains/congressocoramdeo.com/public_html/wp-blog-header.php(13): require_once('/home/u36751185...')
#5 /home/u367511854/domains/congressocoramdeo.com/public_html/index.php(17): require('/home/u36751185...')
#6 {main}
  thrown, em /home/u367511854/domains/congressocoramdeo.com/public_html/testeEmail.php, na linha 3

2022-10-12T13:52:38+00:00 CRITICAL Uncaught Error: Failed opening required 'vendor/autoload.php' (include_path='.:/opt/alt/php80/usr/share/pear:/opt/alt/php80/usr/share/php:/usr/share/pear:/usr/share/php') in /home/u367511854/domains/congressocoramdeo.com/public_html/testeEmail.php:3
Stack trace:
#0 /home/u367511854/domains/congressocoramdeo.com/public_html/wp-content/themes/congressocoramdeo/functions.php(5): include_once()
#1 /home/u367511854/domains/congressocoramdeo.com/public_html/wp-settings.php(566): include('/home/u36751185...')
#2 /home/u367511854/domains/congressocoramdeo.com/public_html/wp-config.php(102): require_once('/home/u36751185...')
#3 /home/u367511854/domains/congressocoramdeo.com/public_html/wp-load.php(50): require_once('/home/u36751185...')
#4 /home/u367511854/domains/congressocoramdeo.com/public_html/wp-blog-header.php(13): require_once('/home/u36751185...')
#5 /home/u367511854/domains/congressocoramdeo.com/public_html/index.php(17): require('/home/u36751185...')
#6 {main}
  thrown, em /home/u367511854/domains/congressocoramdeo.com/public_html/testeEmail.php, na linha 3

2022-10-12T14:32:04+00:00 CRITICAL Uncaught Error: Failed opening required 'vendor/autoload.php' (include_path='.:/opt/alt/php80/usr/share/pear:/opt/alt/php80/usr/share/php:/usr/share/pear:/usr/share/php') in /home/u367511854/domains/congressocoramdeo.com/public_html/testeEmail.php:3
Stack trace:
#0 /home/u367511854/domains/congressocoramdeo.com/public_html/wp-content/themes/congressocoramdeo/functions.php(5): include_once()
#1 /home/u367511854/domains/congressocoramdeo.com/public_html/wp-settings.php(566): include('/home/u36751185...')
#2 /home/u367511854/domains/congressocoramdeo.com/public_html/wp-config.php(102): require_once('/home/u36751185...')
#3 /home/u367511854/domains/congressocoramdeo.com/public_html/wp-load.php(50): require_once('/home/u36751185...')
#4 /home/u367511854/domains/congressocoramdeo.com/public_html/wp-login.php(12): require('/home/u36751185...')
#5 {main}
  thrown, em /home/u367511854/domains/congressocoramdeo.com/public_html/testeEmail.php, na linha 3

2022-10-12T14:53:58+00:00 CRITICAL Uncaught Error: Failed opening required 'vendor/autoload.php' (include_path='.:/opt/alt/php80/usr/share/pear:/opt/alt/php80/usr/share/php:/usr/share/pear:/usr/share/php') in /home/u367511854/domains/congressocoramdeo.com/public_html/testeEmail.php:3
Stack trace:
#0 /home/u367511854/domains/congressocoramdeo.com/public_html/wp-content/themes/congressocoramdeo/functions.php(5): include_once()
#1 /home/u367511854/domains/congressocoramdeo.com/public_html/wp-settings.php(566): include('/home/u36751185...')
#2 /home/u367511854/domains/congressocoramdeo.com/public_html/wp-config.php(102): require_once('/home/u36751185...')
#3 /home/u367511854/domains/congressocoramdeo.com/public_html/wp-load.php(50): require_once('/home/u36751185...')
#4 /home/u367511854/domains/congressocoramdeo.com/public_html/wp-login.php(12): require('/home/u36751185...')
#5 {main}
  thrown, em /home/u367511854/domains/congressocoramdeo.com/public_html/testeEmail.php, na linha 3

2022-10-12T15:12:32+00:00 CRITICAL Uncaught Error: Failed opening required 'vendor/autoload.php' (include_path='.:/opt/alt/php80/usr/share/pear:/opt/alt/php80/usr/share/php:/usr/share/pear:/usr/share/php') in /home/u367511854/domains/congressocoramdeo.com/public_html/testeEmail.php:3
Stack trace:
#0 /home/u367511854/domains/congressocoramdeo.com/public_html/wp-content/themes/congressocoramdeo/functions.php(5): include_once()
#1 /home/u367511854/domains/congressocoramdeo.com/public_html/wp-settings.php(566): include('/home/u36751185...')
#2 /home/u367511854/domains/congressocoramdeo.com/public_html/wp-config.php(102): require_once('/home/u36751185...')
#3 /home/u367511854/domains/congressocoramdeo.com/public_html/wp-load.php(50): require_once('/home/u36751185...')
#4 /home/u367511854/domains/congressocoramdeo.com/public_html/wp-blog-header.php(13): require_once('/home/u36751185...')
#5 /home/u367511854/domains/congressocoramdeo.com/public_html/index.php(17): require('/home/u36751185...')
#6 {main}
  thrown, em /home/u367511854/domains/congressocoramdeo.com/public_html/testeEmail.php, na linha 3

2022-10-12T15:14:05+00:00 CRITICAL Uncaught Error: Failed opening required 'vendor/autoload.php' (include_path='.:/opt/alt/php80/usr/share/pear:/opt/alt/php80/usr/share/php:/usr/share/pear:/usr/share/php') in /home/u367511854/domains/congressocoramdeo.com/public_html/testeEmail.php:3
Stack trace:
#0 /home/u367511854/domains/congressocoramdeo.com/public_html/wp-content/themes/congressocoramdeo/functions.php(5): include_once()
#1 /home/u367511854/domains/congressocoramdeo.com/public_html/wp-settings.php(566): include('/home/u36751185...')
#2 /home/u367511854/domains/congressocoramdeo.com/public_html/wp-config.php(102): require_once('/home/u36751185...')
#3 /home/u367511854/domains/congressocoramdeo.com/public_html/wp-load.php(50): require_once('/home/u36751185...')
#4 /home/u367511854/domains/congressocoramdeo.com/public_html/wp-blog-header.php(13): require_once('/home/u36751185...')
#5 /home/u367511854/domains/congressocoramdeo.com/public_html/index.php(17): require('/home/u36751185...')
#6 {main}
  thrown, em /home/u367511854/domains/congressocoramdeo.com/public_html/testeEmail.php, na linha 3

2022-10-12T15:14:58+00:00 CRITICAL Uncaught Error: Failed opening required 'vendor/autoload.php' (include_path='.:/opt/alt/php80/usr/share/pear:/opt/alt/php80/usr/share/php:/usr/share/pear:/usr/share/php') in /home/u367511854/domains/congressocoramdeo.com/public_html/testeEmail.php:3
Stack trace:
#0 /home/u367511854/domains/congressocoramdeo.com/public_html/wp-content/themes/congressocoramdeo/functions.php(5): include_once()
#1 /home/u367511854/domains/congressocoramdeo.com/public_html/wp-settings.php(566): include('/home/u36751185...')
#2 /home/u367511854/domains/congressocoramdeo.com/public_html/wp-config.php(102): require_once('/home/u36751185...')
#3 /home/u367511854/domains/congressocoramdeo.com/public_html/wp-load.php(50): require_once('/home/u36751185...')
#4 /home/u367511854/domains/congressocoramdeo.com/public_html/wp-blog-header.php(13): require_once('/home/u36751185...')
#5 /home/u367511854/domains/congressocoramdeo.com/public_html/index.php(17): require('/home/u36751185...')
#6 {main}
  thrown, em /home/u367511854/domains/congressocoramdeo.com/public_html/testeEmail.php, na linha 3

2022-10-12T15:16:01+00:00 CRITICAL Uncaught Error: Failed opening required 'vendor/autoload.php' (include_path='.:/opt/alt/php80/usr/share/pear:/opt/alt/php80/usr/share/php:/usr/share/pear:/usr/share/php') in /home/u367511854/domains/congressocoramdeo.com/public_html/testeEmail.php:3
Stack trace:
#0 /home/u367511854/domains/congressocoramdeo.com/public_html/wp-content/themes/congressocoramdeo/functions.php(5): include_once()
#1 /home/u367511854/domains/congressocoramdeo.com/public_html/wp-settings.php(566): include('/home/u36751185...')
#2 /home/u367511854/domains/congressocoramdeo.com/public_html/wp-config.php(102): require_once('/home/u36751185...')
#3 /home/u367511854/domains/congressocoramdeo.com/public_html/wp-load.php(50): require_once('/home/u36751185...')
#4 /home/u367511854/domains/congressocoramdeo.com/public_html/wp-login.php(12): require('/home/u36751185...')
#5 {main}
  thrown, em /home/u367511854/domains/congressocoramdeo.com/public_html/testeEmail.php, na linha 3

2022-10-12T15:31:45+00:00 CRITICAL Uncaught Error: Failed opening required 'vendor/autoload.php' (include_path='.:/opt/alt/php80/usr/share/pear:/opt/alt/php80/usr/share/php:/usr/share/pear:/usr/share/php') in /home/u367511854/domains/congressocoramdeo.com/public_html/testeEmail.php:3
Stack trace:
#0 /home/u367511854/domains/congressocoramdeo.com/public_html/wp-content/themes/congressocoramdeo/functions.php(5): include_once()
#1 /home/u367511854/domains/congressocoramdeo.com/public_html/wp-settings.php(566): include('/home/u36751185...')
#2 /home/u367511854/domains/congressocoramdeo.com/public_html/wp-config.php(102): require_once('/home/u36751185...')
#3 /home/u367511854/domains/congressocoramdeo.com/public_html/wp-load.php(50): require_once('/home/u36751185...')
#4 /home/u367511854/domains/congressocoramdeo.com/public_html/wp-blog-header.php(13): require_once('/home/u36751185...')
#5 /home/u367511854/domains/congressocoramdeo.com/public_html/index.php(17): require('/home/u36751185...')
#6 {main}
  thrown, em /home/u367511854/domains/congressocoramdeo.com/public_html/testeEmail.php, na linha 3

2022-10-12T15:38:11+00:00 CRITICAL Uncaught Error: Failed opening required 'vendor/autoload.php' (include_path='.:/opt/alt/php80/usr/share/pear:/opt/alt/php80/usr/share/php:/usr/share/pear:/usr/share/php') in /home/u367511854/domains/congressocoramdeo.com/public_html/testeEmail.php:3
Stack trace:
#0 /home/u367511854/domains/congressocoramdeo.com/public_html/wp-content/themes/congressocoramdeo/functions.php(5): include_once()
#1 /home/u367511854/domains/congressocoramdeo.com/public_html/wp-settings.php(566): include('/home/u36751185...')
#2 /home/u367511854/domains/congressocoramdeo.com/public_html/wp-config.php(102): require_once('/home/u36751185...')
#3 /home/u367511854/domains/congressocoramdeo.com/public_html/wp-load.php(50): require_once('/home/u36751185...')
#4 /home/u367511854/domains/congressocoramdeo.com/public_html/wp-login.php(12): require('/home/u36751185...')
#5 {main}
  thrown, em /home/u367511854/domains/congressocoramdeo.com/public_html/testeEmail.php, na linha 3

2022-10-12T15:47:38+00:00 CRITICAL Uncaught Error: Failed opening required 'vendor/autoload.php' (include_path='.:/opt/alt/php80/usr/share/pear:/opt/alt/php80/usr/share/php:/usr/share/pear:/usr/share/php') in /home/u367511854/domains/congressocoramdeo.com/public_html/testeEmail.php:3
Stack trace:
#0 /home/u367511854/domains/congressocoramdeo.com/public_html/wp-content/themes/congressocoramdeo/functions.php(5): include_once()
#1 /home/u367511854/domains/congressocoramdeo.com/public_html/wp-settings.php(566): include('/home/u36751185...')
#2 /home/u367511854/domains/congressocoramdeo.com/public_html/wp-config.php(102): require_once('/home/u36751185...')
#3 /home/u367511854/domains/congressocoramdeo.com/public_html/wp-load.php(50): require_once('/home/u36751185...')
#4 /home/u367511854/domains/congressocoramdeo.com/public_html/wp-blog-header.php(13): require_once('/home/u36751185...')
#5 /home/u367511854/domains/congressocoramdeo.com/public_html/index.php(17): require('/home/u36751185...')
#6 {main}
  thrown, em /home/u367511854/domains/congressocoramdeo.com/public_html/testeEmail.php, na linha 3

2022-10-12T15:47:42+00:00 CRITICAL Uncaught Error: Failed opening required 'vendor/autoload.php' (include_path='.:/opt/alt/php80/usr/share/pear:/opt/alt/php80/usr/share/php:/usr/share/pear:/usr/share/php') in /home/u367511854/domains/congressocoramdeo.com/public_html/testeEmail.php:3
Stack trace:
#0 /home/u367511854/domains/congressocoramdeo.com/public_html/wp-content/themes/congressocoramdeo/functions.php(5): include_once()
#1 /home/u367511854/domains/congressocoramdeo.com/public_html/wp-settings.php(566): include('/home/u36751185...')
#2 /home/u367511854/domains/congressocoramdeo.com/public_html/wp-config.php(102): require_once('/home/u36751185...')
#3 /home/u367511854/domains/congressocoramdeo.com/public_html/wp-load.php(50): require_once('/home/u36751185...')
#4 /home/u367511854/domains/congressocoramdeo.com/public_html/wp-blog-header.php(13): require_once('/home/u36751185...')
#5 /home/u367511854/domains/congressocoramdeo.com/public_html/index.php(17): require('/home/u36751185...')
#6 {main}
  thrown, em /home/u367511854/domains/congressocoramdeo.com/public_html/testeEmail.php, na linha 3

2022-10-12T15:48:01+00:00 CRITICAL Uncaught Error: Failed opening required 'vendor/autoload.php' (include_path='.:/opt/alt/php80/usr/share/pear:/opt/alt/php80/usr/share/php:/usr/share/pear:/usr/share/php') in /home/u367511854/domains/congressocoramdeo.com/public_html/testeEmail.php:3
Stack trace:
#0 /home/u367511854/domains/congressocoramdeo.com/public_html/wp-content/themes/congressocoramdeo/functions.php(5): include_once()
#1 /home/u367511854/domains/congressocoramdeo.com/public_html/wp-settings.php(566): include('/home/u36751185...')
#2 /home/u367511854/domains/congressocoramdeo.com/public_html/wp-config.php(102): require_once('/home/u36751185...')
#3 /home/u367511854/domains/congressocoramdeo.com/public_html/wp-load.php(50): require_once('/home/u36751185...')
#4 /home/u367511854/domains/congressocoramdeo.com/public_html/wp-blog-header.php(13): require_once('/home/u36751185...')
#5 /home/u367511854/domains/congressocoramdeo.com/public_html/index.php(17): require('/home/u36751185...')
#6 {main}
  thrown, em /home/u367511854/domains/congressocoramdeo.com/public_html/testeEmail.php, na linha 3

2022-10-12T15:48:06+00:00 CRITICAL Uncaught Error: Failed opening required 'vendor/autoload.php' (include_path='.:/opt/alt/php80/usr/share/pear:/opt/alt/php80/usr/share/php:/usr/share/pear:/usr/share/php') in /home/u367511854/domains/congressocoramdeo.com/public_html/testeEmail.php:3
Stack trace:
#0 /home/u367511854/domains/congressocoramdeo.com/public_html/wp-content/themes/congressocoramdeo/functions.php(5): include_once()
#1 /home/u367511854/domains/congressocoramdeo.com/public_html/wp-settings.php(566): include('/home/u36751185...')
#2 /home/u367511854/domains/congressocoramdeo.com/public_html/wp-config.php(102): require_once('/home/u36751185...')
#3 /home/u367511854/domains/congressocoramdeo.com/public_html/wp-load.php(50): require_once('/home/u36751185...')
#4 /home/u367511854/domains/congressocoramdeo.com/public_html/wp-blog-header.php(13): require_once('/home/u36751185...')
#5 /home/u367511854/domains/congressocoramdeo.com/public_html/index.php(17): require('/home/u36751185...')
#6 {main}
  thrown, em /home/u367511854/domains/congressocoramdeo.com/public_html/testeEmail.php, na linha 3

2022-10-12T15:48:57+00:00 CRITICAL Uncaught Error: Failed opening required 'vendor/autoload.php' (include_path='.:/opt/alt/php80/usr/share/pear:/opt/alt/php80/usr/share/php:/usr/share/pear:/usr/share/php') in /home/u367511854/domains/congressocoramdeo.com/public_html/testeEmail.php:3
Stack trace:
#0 /home/u367511854/domains/congressocoramdeo.com/public_html/wp-content/themes/congressocoramdeo/functions.php(5): include_once()
#1 /home/u367511854/domains/congressocoramdeo.com/public_html/wp-settings.php(566): include('/home/u36751185...')
#2 /home/u367511854/domains/congressocoramdeo.com/public_html/wp-config.php(102): require_once('/home/u36751185...')
#3 /home/u367511854/domains/congressocoramdeo.com/public_html/wp-load.php(50): require_once('/home/u36751185...')
#4 /home/u367511854/domains/congressocoramdeo.com/public_html/wp-blog-header.php(13): require_once('/home/u36751185...')
#5 /home/u367511854/domains/congressocoramdeo.com/public_html/index.php(17): require('/home/u36751185...')
#6 {main}
  thrown, em /home/u367511854/domains/congressocoramdeo.com/public_html/testeEmail.php, na linha 3

2022-10-12T15:48:59+00:00 CRITICAL Uncaught Error: Failed opening required 'vendor/autoload.php' (include_path='.:/opt/alt/php80/usr/share/pear:/opt/alt/php80/usr/share/php:/usr/share/pear:/usr/share/php') in /home/u367511854/domains/congressocoramdeo.com/public_html/testeEmail.php:3
Stack trace:
#0 /home/u367511854/domains/congressocoramdeo.com/public_html/wp-content/themes/congressocoramdeo/functions.php(5): include_once()
#1 /home/u367511854/domains/congressocoramdeo.com/public_html/wp-settings.php(566): include('/home/u36751185...')
#2 /home/u367511854/domains/congressocoramdeo.com/public_html/wp-config.php(102): require_once('/home/u36751185...')
#3 /home/u367511854/domains/congressocoramdeo.com/public_html/wp-load.php(50): require_once('/home/u36751185...')
#4 /home/u367511854/domains/congressocoramdeo.com/public_html/wp-blog-header.php(13): require_once('/home/u36751185...')
#5 /home/u367511854/domains/congressocoramdeo.com/public_html/index.php(17): require('/home/u36751185...')
#6 {main}
  thrown, em /home/u367511854/domains/congressocoramdeo.com/public_html/testeEmail.php, na linha 3

2022-10-12T15:49:03+00:00 CRITICAL Uncaught Error: Failed opening required 'vendor/autoload.php' (include_path='.:/opt/alt/php80/usr/share/pear:/opt/alt/php80/usr/share/php:/usr/share/pear:/usr/share/php') in /home/u367511854/domains/congressocoramdeo.com/public_html/testeEmail.php:3
Stack trace:
#0 /home/u367511854/domains/congressocoramdeo.com/public_html/wp-content/themes/congressocoramdeo/functions.php(5): include_once()
#1 /home/u367511854/domains/congressocoramdeo.com/public_html/wp-settings.php(566): include('/home/u36751185...')
#2 /home/u367511854/domains/congressocoramdeo.com/public_html/wp-config.php(102): require_once('/home/u36751185...')
#3 /home/u367511854/domains/congressocoramdeo.com/public_html/wp-load.php(50): require_once('/home/u36751185...')
#4 /home/u367511854/domains/congressocoramdeo.com/public_html/wp-blog-header.php(13): require_once('/home/u36751185...')
#5 /home/u367511854/domains/congressocoramdeo.com/public_html/index.php(17): require('/home/u36751185...')
#6 {main}
  thrown, em /home/u367511854/domains/congressocoramdeo.com/public_html/testeEmail.php, na linha 3

2022-10-12T15:49:09+00:00 CRITICAL Uncaught Error: Failed opening required 'vendor/autoload.php' (include_path='.:/opt/alt/php80/usr/share/pear:/opt/alt/php80/usr/share/php:/usr/share/pear:/usr/share/php') in /home/u367511854/domains/congressocoramdeo.com/public_html/testeEmail.php:3
Stack trace:
#0 /home/u367511854/domains/congressocoramdeo.com/public_html/wp-content/themes/congressocoramdeo/functions.php(5): include_once()
#1 /home/u367511854/domains/congressocoramdeo.com/public_html/wp-settings.php(566): include('/home/u36751185...')
#2 /home/u367511854/domains/congressocoramdeo.com/public_html/wp-config.php(102): require_once('/home/u36751185...')
#3 /home/u367511854/domains/congressocoramdeo.com/public_html/wp-load.php(50): require_once('/home/u36751185...')
#4 /home/u367511854/domains/congressocoramdeo.com/public_html/wp-blog-header.php(13): require_once('/home/u36751185...')
#5 /home/u367511854/domains/congressocoramdeo.com/public_html/index.php(17): require('/home/u36751185...')
#6 {main}
  thrown, em /home/u367511854/domains/congressocoramdeo.com/public_html/testeEmail.php, na linha 3

2022-10-12T15:49:11+00:00 CRITICAL Uncaught Error: Failed opening required 'vendor/autoload.php' (include_path='.:/opt/alt/php80/usr/share/pear:/opt/alt/php80/usr/share/php:/usr/share/pear:/usr/share/php') in /home/u367511854/domains/congressocoramdeo.com/public_html/testeEmail.php:3
Stack trace:
#0 /home/u367511854/domains/congressocoramdeo.com/public_html/wp-content/themes/congressocoramdeo/functions.php(5): include_once()
#1 /home/u367511854/domains/congressocoramdeo.com/public_html/wp-settings.php(566): include('/home/u36751185...')
#2 /home/u367511854/domains/congressocoramdeo.com/public_html/wp-config.php(102): require_once('/home/u36751185...')
#3 /home/u367511854/domains/congressocoramdeo.com/public_html/wp-load.php(50): require_once('/home/u36751185...')
#4 /home/u367511854/domains/congressocoramdeo.com/public_html/wp-blog-header.php(13): require_once('/home/u36751185...')
#5 /home/u367511854/domains/congressocoramdeo.com/public_html/index.php(17): require('/home/u36751185...')
#6 {main}
  thrown, em /home/u367511854/domains/congressocoramdeo.com/public_html/testeEmail.php, na linha 3

2022-10-12T15:49:11+00:00 CRITICAL Uncaught Error: Failed opening required 'vendor/autoload.php' (include_path='.:/opt/alt/php80/usr/share/pear:/opt/alt/php80/usr/share/php:/usr/share/pear:/usr/share/php') in /home/u367511854/domains/congressocoramdeo.com/public_html/testeEmail.php:3
Stack trace:
#0 /home/u367511854/domains/congressocoramdeo.com/public_html/wp-content/themes/congressocoramdeo/functions.php(5): include_once()
#1 /home/u367511854/domains/congressocoramdeo.com/public_html/wp-settings.php(566): include('/home/u36751185...')
#2 /home/u367511854/domains/congressocoramdeo.com/public_html/wp-config.php(102): require_once('/home/u36751185...')
#3 /home/u367511854/domains/congressocoramdeo.com/public_html/wp-load.php(50): require_once('/home/u36751185...')
#4 /home/u367511854/domains/congressocoramdeo.com/public_html/wp-blog-header.php(13): require_once('/home/u36751185...')
#5 /home/u367511854/domains/congressocoramdeo.com/public_html/index.php(17): require('/home/u36751185...')
#6 {main}
  thrown, em /home/u367511854/domains/congressocoramdeo.com/public_html/testeEmail.php, na linha 3

2022-10-12T15:49:12+00:00 CRITICAL Uncaught Error: Failed opening required 'vendor/autoload.php' (include_path='.:/opt/alt/php80/usr/share/pear:/opt/alt/php80/usr/share/php:/usr/share/pear:/usr/share/php') in /home/u367511854/domains/congressocoramdeo.com/public_html/testeEmail.php:3
Stack trace:
#0 /home/u367511854/domains/congressocoramdeo.com/public_html/wp-content/themes/congressocoramdeo/functions.php(5): include_once()
#1 /home/u367511854/domains/congressocoramdeo.com/public_html/wp-settings.php(566): include('/home/u36751185...')
#2 /home/u367511854/domains/congressocoramdeo.com/public_html/wp-config.php(102): require_once('/home/u36751185...')
#3 /home/u367511854/domains/congressocoramdeo.com/public_html/wp-load.php(50): require_once('/home/u36751185...')
#4 /home/u367511854/domains/congressocoramdeo.com/public_html/wp-blog-header.php(13): require_once('/home/u36751185...')
#5 /home/u367511854/domains/congressocoramdeo.com/public_html/index.php(17): require('/home/u36751185...')
#6 {main}
  thrown, em /home/u367511854/domains/congressocoramdeo.com/public_html/testeEmail.php, na linha 3

2022-10-12T15:49:13+00:00 CRITICAL Uncaught Error: Failed opening required 'vendor/autoload.php' (include_path='.:/opt/alt/php80/usr/share/pear:/opt/alt/php80/usr/share/php:/usr/share/pear:/usr/share/php') in /home/u367511854/domains/congressocoramdeo.com/public_html/testeEmail.php:3
Stack trace:
#0 /home/u367511854/domains/congressocoramdeo.com/public_html/wp-content/themes/congressocoramdeo/functions.php(5): include_once()
#1 /home/u367511854/domains/congressocoramdeo.com/public_html/wp-settings.php(566): include('/home/u36751185...')
#2 /home/u367511854/domains/congressocoramdeo.com/public_html/wp-config.php(102): require_once('/home/u36751185...')
#3 /home/u367511854/domains/congressocoramdeo.com/public_html/wp-load.php(50): require_once('/home/u36751185...')
#4 /home/u367511854/domains/congressocoramdeo.com/public_html/wp-blog-header.php(13): require_once('/home/u36751185...')
#5 /home/u367511854/domains/congressocoramdeo.com/public_html/index.php(17): require('/home/u36751185...')
#6 {main}
  thrown, em /home/u367511854/domains/congressocoramdeo.com/public_html/testeEmail.php, na linha 3

2022-10-12T15:49:15+00:00 CRITICAL Uncaught Error: Failed opening required 'vendor/autoload.php' (include_path='.:/opt/alt/php80/usr/share/pear:/opt/alt/php80/usr/share/php:/usr/share/pear:/usr/share/php') in /home/u367511854/domains/congressocoramdeo.com/public_html/testeEmail.php:3
Stack trace:
#0 /home/u367511854/domains/congressocoramdeo.com/public_html/wp-content/themes/congressocoramdeo/functions.php(5): include_once()
#1 /home/u367511854/domains/congressocoramdeo.com/public_html/wp-settings.php(566): include('/home/u36751185...')
#2 /home/u367511854/domains/congressocoramdeo.com/public_html/wp-config.php(102): require_once('/home/u36751185...')
#3 /home/u367511854/domains/congressocoramdeo.com/public_html/wp-load.php(50): require_once('/home/u36751185...')
#4 /home/u367511854/domains/congressocoramdeo.com/public_html/wp-blog-header.php(13): require_once('/home/u36751185...')
#5 /home/u367511854/domains/congressocoramdeo.com/public_html/index.php(17): require('/home/u36751185...')
#6 {main}
  thrown, em /home/u367511854/domains/congressocoramdeo.com/public_html/testeEmail.php, na linha 3

2022-10-12T15:49:15+00:00 CRITICAL Uncaught Error: Failed opening required 'vendor/autoload.php' (include_path='.:/opt/alt/php80/usr/share/pear:/opt/alt/php80/usr/share/php:/usr/share/pear:/usr/share/php') in /home/u367511854/domains/congressocoramdeo.com/public_html/testeEmail.php:3
Stack trace:
#0 /home/u367511854/domains/congressocoramdeo.com/public_html/wp-content/themes/congressocoramdeo/functions.php(5): include_once()
#1 /home/u367511854/domains/congressocoramdeo.com/public_html/wp-settings.php(566): include('/home/u36751185...')
#2 /home/u367511854/domains/congressocoramdeo.com/public_html/wp-config.php(102): require_once('/home/u36751185...')
#3 /home/u367511854/domains/congressocoramdeo.com/public_html/wp-load.php(50): require_once('/home/u36751185...')
#4 /home/u367511854/domains/congressocoramdeo.com/public_html/wp-blog-header.php(13): require_once('/home/u36751185...')
#5 /home/u367511854/domains/congressocoramdeo.com/public_html/index.php(17): require('/home/u36751185...')
#6 {main}
  thrown, em /home/u367511854/domains/congressocoramdeo.com/public_html/testeEmail.php, na linha 3

2022-10-12T15:49:17+00:00 CRITICAL Uncaught Error: Failed opening required 'vendor/autoload.php' (include_path='.:/opt/alt/php80/usr/share/pear:/opt/alt/php80/usr/share/php:/usr/share/pear:/usr/share/php') in /home/u367511854/domains/congressocoramdeo.com/public_html/testeEmail.php:3
Stack trace:
#0 /home/u367511854/domains/congressocoramdeo.com/public_html/wp-content/themes/congressocoramdeo/functions.php(5): include_once()
#1 /home/u367511854/domains/congressocoramdeo.com/public_html/wp-settings.php(566): include('/home/u36751185...')
#2 /home/u367511854/domains/congressocoramdeo.com/public_html/wp-config.php(102): require_once('/home/u36751185...')
#3 /home/u367511854/domains/congressocoramdeo.com/public_html/wp-load.php(50): require_once('/home/u36751185...')
#4 /home/u367511854/domains/congressocoramdeo.com/public_html/wp-blog-header.php(13): require_once('/home/u36751185...')
#5 /home/u367511854/domains/congressocoramdeo.com/public_html/index.php(17): require('/home/u36751185...')
#6 {main}
  thrown, em /home/u367511854/domains/congressocoramdeo.com/public_html/testeEmail.php, na linha 3

2022-10-12T15:49:18+00:00 CRITICAL Uncaught Error: Failed opening required 'vendor/autoload.php' (include_path='.:/opt/alt/php80/usr/share/pear:/opt/alt/php80/usr/share/php:/usr/share/pear:/usr/share/php') in /home/u367511854/domains/congressocoramdeo.com/public_html/testeEmail.php:3
Stack trace:
#0 /home/u367511854/domains/congressocoramdeo.com/public_html/wp-content/themes/congressocoramdeo/functions.php(5): include_once()
#1 /home/u367511854/domains/congressocoramdeo.com/public_html/wp-settings.php(566): include('/home/u36751185...')
#2 /home/u367511854/domains/congressocoramdeo.com/public_html/wp-config.php(102): require_once('/home/u36751185...')
#3 /home/u367511854/domains/congressocoramdeo.com/public_html/wp-load.php(50): require_once('/home/u36751185...')
#4 /home/u367511854/domains/congressocoramdeo.com/public_html/wp-blog-header.php(13): require_once('/home/u36751185...')
#5 /home/u367511854/domains/congressocoramdeo.com/public_html/index.php(17): require('/home/u36751185...')
#6 {main}
  thrown, em /home/u367511854/domains/congressocoramdeo.com/public_html/testeEmail.php, na linha 3

2022-10-12T15:49:20+00:00 CRITICAL Uncaught Error: Failed opening required 'vendor/autoload.php' (include_path='.:/opt/alt/php80/usr/share/pear:/opt/alt/php80/usr/share/php:/usr/share/pear:/usr/share/php') in /home/u367511854/domains/congressocoramdeo.com/public_html/testeEmail.php:3
Stack trace:
#0 /home/u367511854/domains/congressocoramdeo.com/public_html/wp-content/themes/congressocoramdeo/functions.php(5): include_once()
#1 /home/u367511854/domains/congressocoramdeo.com/public_html/wp-settings.php(566): include('/home/u36751185...')
#2 /home/u367511854/domains/congressocoramdeo.com/public_html/wp-config.php(102): require_once('/home/u36751185...')
#3 /home/u367511854/domains/congressocoramdeo.com/public_html/wp-load.php(50): require_once('/home/u36751185...')
#4 /home/u367511854/domains/congressocoramdeo.com/public_html/wp-blog-header.php(13): require_once('/home/u36751185...')
#5 /home/u367511854/domains/congressocoramdeo.com/public_html/index.php(17): require('/home/u36751185...')
#6 {main}
  thrown, em /home/u367511854/domains/congressocoramdeo.com/public_html/testeEmail.php, na linha 3

2022-10-12T15:53:27+00:00 CRITICAL Uncaught Error: Failed opening required 'vendor/autoload.php' (include_path='.:/opt/alt/php80/usr/share/pear:/opt/alt/php80/usr/share/php:/usr/share/pear:/usr/share/php') in /home/u367511854/domains/congressocoramdeo.com/public_html/testeEmail.php:3
Stack trace:
#0 /home/u367511854/domains/congressocoramdeo.com/public_html/wp-content/themes/congressocoramdeo/functions.php(5): include_once()
#1 /home/u367511854/domains/congressocoramdeo.com/public_html/wp-settings.php(566): include('/home/u36751185...')
#2 /home/u367511854/domains/congressocoramdeo.com/public_html/wp-config.php(102): require_once('/home/u36751185...')
#3 /home/u367511854/domains/congressocoramdeo.com/public_html/wp-load.php(50): require_once('/home/u36751185...')
#4 /home/u367511854/domains/congressocoramdeo.com/public_html/wp-blog-header.php(13): require_once('/home/u36751185...')
#5 /home/u367511854/domains/congressocoramdeo.com/public_html/index.php(17): require('/home/u36751185...')
#6 {main}
  thrown, em /home/u367511854/domains/congressocoramdeo.com/public_html/testeEmail.php, na linha 3

2022-10-12T15:53:42+00:00 CRITICAL Uncaught Error: Failed opening required 'vendor/autoload.php' (include_path='.:/opt/alt/php80/usr/share/pear:/opt/alt/php80/usr/share/php:/usr/share/pear:/usr/share/php') in /home/u367511854/domains/congressocoramdeo.com/public_html/testeEmail.php:3
Stack trace:
#0 /home/u367511854/domains/congressocoramdeo.com/public_html/wp-content/themes/congressocoramdeo/functions.php(5): include_once()
#1 /home/u367511854/domains/congressocoramdeo.com/public_html/wp-settings.php(566): include('/home/u36751185...')
#2 /home/u367511854/domains/congressocoramdeo.com/public_html/wp-config.php(102): require_once('/home/u36751185...')
#3 /home/u367511854/domains/congressocoramdeo.com/public_html/wp-load.php(50): require_once('/home/u36751185...')
#4 /home/u367511854/domains/congressocoramdeo.com/public_html/wp-blog-header.php(13): require_once('/home/u36751185...')
#5 /home/u367511854/domains/congressocoramdeo.com/public_html/index.php(17): require('/home/u36751185...')
#6 {main}
  thrown, em /home/u367511854/domains/congressocoramdeo.com/public_html/testeEmail.php, na linha 3

2022-10-12T15:54:13+00:00 CRITICAL Uncaught Error: Failed opening required 'vendor/autoload.php' (include_path='.:/opt/alt/php80/usr/share/pear:/opt/alt/php80/usr/share/php:/usr/share/pear:/usr/share/php') in /home/u367511854/domains/congressocoramdeo.com/public_html/testeEmail.php:3
Stack trace:
#0 /home/u367511854/domains/congressocoramdeo.com/public_html/wp-content/themes/congressocoramdeo/functions.php(5): include_once()
#1 /home/u367511854/domains/congressocoramdeo.com/public_html/wp-settings.php(566): include('/home/u36751185...')
#2 /home/u367511854/domains/congressocoramdeo.com/public_html/wp-config.php(102): require_once('/home/u36751185...')
#3 /home/u367511854/domains/congressocoramdeo.com/public_html/wp-load.php(50): require_once('/home/u36751185...')
#4 /home/u367511854/domains/congressocoramdeo.com/public_html/wp-blog-header.php(13): require_once('/home/u36751185...')
#5 /home/u367511854/domains/congressocoramdeo.com/public_html/index.php(17): require('/home/u36751185...')
#6 {main}
  thrown, em /home/u367511854/domains/congressocoramdeo.com/public_html/testeEmail.php, na linha 3

2022-10-12T15:55:30+00:00 CRITICAL Uncaught Error: Failed opening required 'vendor/autoload.php' (include_path='.:/opt/alt/php80/usr/share/pear:/opt/alt/php80/usr/share/php:/usr/share/pear:/usr/share/php') in /home/u367511854/domains/congressocoramdeo.com/public_html/testeEmail.php:3
Stack trace:
#0 /home/u367511854/domains/congressocoramdeo.com/public_html/wp-content/themes/congressocoramdeo/functions.php(5): include_once()
#1 /home/u367511854/domains/congressocoramdeo.com/public_html/wp-settings.php(566): include('/home/u36751185...')
#2 /home/u367511854/domains/congressocoramdeo.com/public_html/wp-config.php(102): require_once('/home/u36751185...')
#3 /home/u367511854/domains/congressocoramdeo.com/public_html/wp-load.php(50): require_once('/home/u36751185...')
#4 /home/u367511854/domains/congressocoramdeo.com/public_html/wp-blog-header.php(13): require_once('/home/u36751185...')
#5 /home/u367511854/domains/congressocoramdeo.com/public_html/index.php(17): require('/home/u36751185...')
#6 {main}
  thrown, em /home/u367511854/domains/congressocoramdeo.com/public_html/testeEmail.php, na linha 3

2022-10-12T15:56:03+00:00 CRITICAL Uncaught Error: Failed opening required 'vendor/autoload.php' (include_path='.:/opt/alt/php80/usr/share/pear:/opt/alt/php80/usr/share/php:/usr/share/pear:/usr/share/php') in /home/u367511854/domains/congressocoramdeo.com/public_html/testeEmail.php:3
Stack trace:
#0 /home/u367511854/domains/congressocoramdeo.com/public_html/wp-content/themes/congressocoramdeo/functions.php(5): include_once()
#1 /home/u367511854/domains/congressocoramdeo.com/public_html/wp-settings.php(566): include('/home/u36751185...')
#2 /home/u367511854/domains/congressocoramdeo.com/public_html/wp-config.php(102): require_once('/home/u36751185...')
#3 /home/u367511854/domains/congressocoramdeo.com/public_html/wp-load.php(50): require_once('/home/u36751185...')
#4 /home/u367511854/domains/congressocoramdeo.com/public_html/wp-blog-header.php(13): require_once('/home/u36751185...')
#5 /home/u367511854/domains/congressocoramdeo.com/public_html/index.php(17): require('/home/u36751185...')
#6 {main}
  thrown, em /home/u367511854/domains/congressocoramdeo.com/public_html/testeEmail.php, na linha 3

2022-10-12T15:56:10+00:00 CRITICAL Uncaught Error: Failed opening required 'vendor/autoload.php' (include_path='.:/opt/alt/php80/usr/share/pear:/opt/alt/php80/usr/share/php:/usr/share/pear:/usr/share/php') in /home/u367511854/domains/congressocoramdeo.com/public_html/testeEmail.php:3
Stack trace:
#0 /home/u367511854/domains/congressocoramdeo.com/public_html/wp-content/themes/congressocoramdeo/functions.php(5): include_once()
#1 /home/u367511854/domains/congressocoramdeo.com/public_html/wp-settings.php(566): include('/home/u36751185...')
#2 /home/u367511854/domains/congressocoramdeo.com/public_html/wp-config.php(102): require_once('/home/u36751185...')
#3 /home/u367511854/domains/congressocoramdeo.com/public_html/wp-load.php(50): require_once('/home/u36751185...')
#4 /home/u367511854/domains/congressocoramdeo.com/public_html/wp-blog-header.php(13): require_once('/home/u36751185...')
#5 /home/u367511854/domains/congressocoramdeo.com/public_html/index.php(17): require('/home/u36751185...')
#6 {main}
  thrown, em /home/u367511854/domains/congressocoramdeo.com/public_html/testeEmail.php, na linha 3

2022-10-12T15:56:42+00:00 CRITICAL Uncaught Error: Failed opening required 'vendor/autoload.php' (include_path='.:/opt/alt/php80/usr/share/pear:/opt/alt/php80/usr/share/php:/usr/share/pear:/usr/share/php') in /home/u367511854/domains/congressocoramdeo.com/public_html/testeEmail.php:3
Stack trace:
#0 /home/u367511854/domains/congressocoramdeo.com/public_html/wp-content/themes/congressocoramdeo/functions.php(5): include_once()
#1 /home/u367511854/domains/congressocoramdeo.com/public_html/wp-settings.php(566): include('/home/u36751185...')
#2 /home/u367511854/domains/congressocoramdeo.com/public_html/wp-config.php(102): require_once('/home/u36751185...')
#3 /home/u367511854/domains/congressocoramdeo.com/public_html/wp-load.php(50): require_once('/home/u36751185...')
#4 /home/u367511854/domains/congressocoramdeo.com/public_html/wp-blog-header.php(13): require_once('/home/u36751185...')
#5 /home/u367511854/domains/congressocoramdeo.com/public_html/index.php(17): require('/home/u36751185...')
#6 {main}
  thrown, em /home/u367511854/domains/congressocoramdeo.com/public_html/testeEmail.php, na linha 3

2022-10-12T15:56:45+00:00 CRITICAL Uncaught Error: Failed opening required 'vendor/autoload.php' (include_path='.:/opt/alt/php80/usr/share/pear:/opt/alt/php80/usr/share/php:/usr/share/pear:/usr/share/php') in /home/u367511854/domains/congressocoramdeo.com/public_html/testeEmail.php:3
Stack trace:
#0 /home/u367511854/domains/congressocoramdeo.com/public_html/wp-content/themes/congressocoramdeo/functions.php(5): include_once()
#1 /home/u367511854/domains/congressocoramdeo.com/public_html/wp-settings.php(566): include('/home/u36751185...')
#2 /home/u367511854/domains/congressocoramdeo.com/public_html/wp-config.php(102): require_once('/home/u36751185...')
#3 /home/u367511854/domains/congressocoramdeo.com/public_html/wp-load.php(50): require_once('/home/u36751185...')
#4 /home/u367511854/domains/congressocoramdeo.com/public_html/wp-blog-header.php(13): require_once('/home/u36751185...')
#5 /home/u367511854/domains/congressocoramdeo.com/public_html/index.php(17): require('/home/u36751185...')
#6 {main}
  thrown, em /home/u367511854/domains/congressocoramdeo.com/public_html/testeEmail.php, na linha 3

2022-10-12T15:57:02+00:00 CRITICAL Uncaught Error: Failed opening required 'vendor/autoload.php' (include_path='.:/opt/alt/php80/usr/share/pear:/opt/alt/php80/usr/share/php:/usr/share/pear:/usr/share/php') in /home/u367511854/domains/congressocoramdeo.com/public_html/testeEmail.php:3
Stack trace:
#0 /home/u367511854/domains/congressocoramdeo.com/public_html/wp-content/themes/congressocoramdeo/functions.php(5): include_once()
#1 /home/u367511854/domains/congressocoramdeo.com/public_html/wp-settings.php(566): include('/home/u36751185...')
#2 /home/u367511854/domains/congressocoramdeo.com/public_html/wp-config.php(102): require_once('/home/u36751185...')
#3 /home/u367511854/domains/congressocoramdeo.com/public_html/wp-load.php(50): require_once('/home/u36751185...')
#4 /home/u367511854/domains/congressocoramdeo.com/public_html/wp-blog-header.php(13): require_once('/home/u36751185...')
#5 /home/u367511854/domains/congressocoramdeo.com/public_html/index.php(17): require('/home/u36751185...')
#6 {main}
  thrown, em /home/u367511854/domains/congressocoramdeo.com/public_html/testeEmail.php, na linha 3

