2022-10-29T00:50:52+00:00 CRITICAL Uncaught Exception in /home/u367511854/domains/congressocoramdeo.com/public_html/wp-content/themes/congressocoramdeo/vendor/mercadopago/dx-php/src/MercadoPago/Entity.php:124
Stack trace:
#0 /home/u367511854/domains/congressocoramdeo.com/public_html/wp-content/themes/congressocoramdeo/vendor/mercadopago/dx-php/src/MercadoPago/Entity.php(75): MercadoPago\Entity::read()
#1 /home/u367511854/domains/congressocoramdeo.com/public_html/wp-content/themes/congressocoramdeo/notification.php(19): MercadoPago\Entity::find_by_id()
#2 {main}
  thrown, em /home/u367511854/domains/congressocoramdeo.com/public_html/wp-content/themes/congressocoramdeo/vendor/mercadopago/dx-php/src/MercadoPago/Entity.php, na linha 124

2022-10-29T00:51:30+00:00 CRITICAL Uncaught Exception in /home/u367511854/domains/congressocoramdeo.com/public_html/wp-content/themes/congressocoramdeo/vendor/mercadopago/dx-php/src/MercadoPago/Entity.php:124
Stack trace:
#0 /home/u367511854/domains/congressocoramdeo.com/public_html/wp-content/themes/congressocoramdeo/vendor/mercadopago/dx-php/src/MercadoPago/Entity.php(75): MercadoPago\Entity::read()
#1 /home/u367511854/domains/congressocoramdeo.com/public_html/wp-content/themes/congressocoramdeo/notification.php(19): MercadoPago\Entity::find_by_id()
#2 {main}
  thrown, em /home/u367511854/domains/congressocoramdeo.com/public_html/wp-content/themes/congressocoramdeo/vendor/mercadopago/dx-php/src/MercadoPago/Entity.php, na linha 124

2022-10-29T00:51:48+00:00 CRITICAL Uncaught Exception in /home/u367511854/domains/congressocoramdeo.com/public_html/wp-content/themes/congressocoramdeo/vendor/mercadopago/dx-php/src/MercadoPago/Entity.php:124
Stack trace:
#0 /home/u367511854/domains/congressocoramdeo.com/public_html/wp-content/themes/congressocoramdeo/vendor/mercadopago/dx-php/src/MercadoPago/Entity.php(75): MercadoPago\Entity::read()
#1 /home/u367511854/domains/congressocoramdeo.com/public_html/wp-content/themes/congressocoramdeo/notification.php(19): MercadoPago\Entity::find_by_id()
#2 {main}
  thrown, em /home/u367511854/domains/congressocoramdeo.com/public_html/wp-content/themes/congressocoramdeo/vendor/mercadopago/dx-php/src/MercadoPago/Entity.php, na linha 124

2022-10-29T02:10:42+00:00 CRITICAL Uncaught Exception in /home/u367511854/domains/congressocoramdeo.com/public_html/wp-content/themes/congressocoramdeo/vendor/mercadopago/dx-php/src/MercadoPago/Entity.php:124
Stack trace:
#0 /home/u367511854/domains/congressocoramdeo.com/public_html/wp-content/themes/congressocoramdeo/vendor/mercadopago/dx-php/src/MercadoPago/Entity.php(75): MercadoPago\Entity::read()
#1 /home/u367511854/domains/congressocoramdeo.com/public_html/wp-content/themes/congressocoramdeo/notification.php(19): MercadoPago\Entity::find_by_id()
#2 {main}
  thrown, em /home/u367511854/domains/congressocoramdeo.com/public_html/wp-content/themes/congressocoramdeo/vendor/mercadopago/dx-php/src/MercadoPago/Entity.php, na linha 124

2022-10-29T02:11:04+00:00 CRITICAL Uncaught Exception in /home/u367511854/domains/congressocoramdeo.com/public_html/wp-content/themes/congressocoramdeo/vendor/mercadopago/dx-php/src/MercadoPago/Entity.php:124
Stack trace:
#0 /home/u367511854/domains/congressocoramdeo.com/public_html/wp-content/themes/congressocoramdeo/vendor/mercadopago/dx-php/src/MercadoPago/Entity.php(75): MercadoPago\Entity::read()
#1 /home/u367511854/domains/congressocoramdeo.com/public_html/wp-content/themes/congressocoramdeo/notification.php(19): MercadoPago\Entity::find_by_id()
#2 {main}
  thrown, em /home/u367511854/domains/congressocoramdeo.com/public_html/wp-content/themes/congressocoramdeo/vendor/mercadopago/dx-php/src/MercadoPago/Entity.php, na linha 124

2022-10-29T02:11:27+00:00 CRITICAL Uncaught Exception in /home/u367511854/domains/congressocoramdeo.com/public_html/wp-content/themes/congressocoramdeo/vendor/mercadopago/dx-php/src/MercadoPago/Entity.php:124
Stack trace:
#0 /home/u367511854/domains/congressocoramdeo.com/public_html/wp-content/themes/congressocoramdeo/vendor/mercadopago/dx-php/src/MercadoPago/Entity.php(75): MercadoPago\Entity::read()
#1 /home/u367511854/domains/congressocoramdeo.com/public_html/wp-content/themes/congressocoramdeo/notification.php(19): MercadoPago\Entity::find_by_id()
#2 {main}
  thrown, em /home/u367511854/domains/congressocoramdeo.com/public_html/wp-content/themes/congressocoramdeo/vendor/mercadopago/dx-php/src/MercadoPago/Entity.php, na linha 124

2022-10-29T02:11:51+00:00 CRITICAL Uncaught Exception in /home/u367511854/domains/congressocoramdeo.com/public_html/wp-content/themes/congressocoramdeo/vendor/mercadopago/dx-php/src/MercadoPago/Entity.php:124
Stack trace:
#0 /home/u367511854/domains/congressocoramdeo.com/public_html/wp-content/themes/congressocoramdeo/vendor/mercadopago/dx-php/src/MercadoPago/Entity.php(75): MercadoPago\Entity::read()
#1 /home/u367511854/domains/congressocoramdeo.com/public_html/wp-content/themes/congressocoramdeo/notification.php(19): MercadoPago\Entity::find_by_id()
#2 {main}
  thrown, em /home/u367511854/domains/congressocoramdeo.com/public_html/wp-content/themes/congressocoramdeo/vendor/mercadopago/dx-php/src/MercadoPago/Entity.php, na linha 124

2022-10-29T02:11:59+00:00 CRITICAL Uncaught Exception in /home/u367511854/domains/congressocoramdeo.com/public_html/wp-content/themes/congressocoramdeo/vendor/mercadopago/dx-php/src/MercadoPago/Entity.php:124
Stack trace:
#0 /home/u367511854/domains/congressocoramdeo.com/public_html/wp-content/themes/congressocoramdeo/vendor/mercadopago/dx-php/src/MercadoPago/Entity.php(75): MercadoPago\Entity::read()
#1 /home/u367511854/domains/congressocoramdeo.com/public_html/wp-content/themes/congressocoramdeo/notification.php(19): MercadoPago\Entity::find_by_id()
#2 {main}
  thrown, em /home/u367511854/domains/congressocoramdeo.com/public_html/wp-content/themes/congressocoramdeo/vendor/mercadopago/dx-php/src/MercadoPago/Entity.php, na linha 124

2022-10-29T02:12:20+00:00 CRITICAL Uncaught Exception in /home/u367511854/domains/congressocoramdeo.com/public_html/wp-content/themes/congressocoramdeo/vendor/mercadopago/dx-php/src/MercadoPago/Entity.php:124
Stack trace:
#0 /home/u367511854/domains/congressocoramdeo.com/public_html/wp-content/themes/congressocoramdeo/vendor/mercadopago/dx-php/src/MercadoPago/Entity.php(75): MercadoPago\Entity::read()
#1 /home/u367511854/domains/congressocoramdeo.com/public_html/wp-content/themes/congressocoramdeo/notification.php(19): MercadoPago\Entity::find_by_id()
#2 {main}
  thrown, em /home/u367511854/domains/congressocoramdeo.com/public_html/wp-content/themes/congressocoramdeo/vendor/mercadopago/dx-php/src/MercadoPago/Entity.php, na linha 124

2022-10-29T02:12:25+00:00 CRITICAL Uncaught Exception in /home/u367511854/domains/congressocoramdeo.com/public_html/wp-content/themes/congressocoramdeo/vendor/mercadopago/dx-php/src/MercadoPago/Entity.php:124
Stack trace:
#0 /home/u367511854/domains/congressocoramdeo.com/public_html/wp-content/themes/congressocoramdeo/vendor/mercadopago/dx-php/src/MercadoPago/Entity.php(75): MercadoPago\Entity::read()
#1 /home/u367511854/domains/congressocoramdeo.com/public_html/wp-content/themes/congressocoramdeo/notification.php(19): MercadoPago\Entity::find_by_id()
#2 {main}
  thrown, em /home/u367511854/domains/congressocoramdeo.com/public_html/wp-content/themes/congressocoramdeo/vendor/mercadopago/dx-php/src/MercadoPago/Entity.php, na linha 124

2022-10-29T02:16:02+00:00 CRITICAL Uncaught Exception in /home/u367511854/domains/congressocoramdeo.com/public_html/wp-content/themes/congressocoramdeo/vendor/mercadopago/dx-php/src/MercadoPago/Entity.php:124
Stack trace:
#0 /home/u367511854/domains/congressocoramdeo.com/public_html/wp-content/themes/congressocoramdeo/vendor/mercadopago/dx-php/src/MercadoPago/Entity.php(75): MercadoPago\Entity::read()
#1 /home/u367511854/domains/congressocoramdeo.com/public_html/wp-content/themes/congressocoramdeo/notification.php(19): MercadoPago\Entity::find_by_id()
#2 {main}
  thrown, em /home/u367511854/domains/congressocoramdeo.com/public_html/wp-content/themes/congressocoramdeo/vendor/mercadopago/dx-php/src/MercadoPago/Entity.php, na linha 124

2022-10-29T02:16:33+00:00 CRITICAL Uncaught Exception in /home/u367511854/domains/congressocoramdeo.com/public_html/wp-content/themes/congressocoramdeo/vendor/mercadopago/dx-php/src/MercadoPago/Entity.php:124
Stack trace:
#0 /home/u367511854/domains/congressocoramdeo.com/public_html/wp-content/themes/congressocoramdeo/vendor/mercadopago/dx-php/src/MercadoPago/Entity.php(75): MercadoPago\Entity::read()
#1 /home/u367511854/domains/congressocoramdeo.com/public_html/wp-content/themes/congressocoramdeo/notification.php(19): MercadoPago\Entity::find_by_id()
#2 {main}
  thrown, em /home/u367511854/domains/congressocoramdeo.com/public_html/wp-content/themes/congressocoramdeo/vendor/mercadopago/dx-php/src/MercadoPago/Entity.php, na linha 124

2022-10-29T02:17:10+00:00 CRITICAL Uncaught Exception in /home/u367511854/domains/congressocoramdeo.com/public_html/wp-content/themes/congressocoramdeo/vendor/mercadopago/dx-php/src/MercadoPago/Entity.php:124
Stack trace:
#0 /home/u367511854/domains/congressocoramdeo.com/public_html/wp-content/themes/congressocoramdeo/vendor/mercadopago/dx-php/src/MercadoPago/Entity.php(75): MercadoPago\Entity::read()
#1 /home/u367511854/domains/congressocoramdeo.com/public_html/wp-content/themes/congressocoramdeo/notification.php(19): MercadoPago\Entity::find_by_id()
#2 {main}
  thrown, em /home/u367511854/domains/congressocoramdeo.com/public_html/wp-content/themes/congressocoramdeo/vendor/mercadopago/dx-php/src/MercadoPago/Entity.php, na linha 124

2022-10-29T05:30:59+00:00 CRITICAL Uncaught Exception in /home/u367511854/domains/congressocoramdeo.com/public_html/wp-content/themes/congressocoramdeo/vendor/mercadopago/dx-php/src/MercadoPago/Entity.php:124
Stack trace:
#0 /home/u367511854/domains/congressocoramdeo.com/public_html/wp-content/themes/congressocoramdeo/vendor/mercadopago/dx-php/src/MercadoPago/Entity.php(75): MercadoPago\Entity::read()
#1 /home/u367511854/domains/congressocoramdeo.com/public_html/wp-content/themes/congressocoramdeo/notification.php(19): MercadoPago\Entity::find_by_id()
#2 {main}
  thrown, em /home/u367511854/domains/congressocoramdeo.com/public_html/wp-content/themes/congressocoramdeo/vendor/mercadopago/dx-php/src/MercadoPago/Entity.php, na linha 124

2022-10-29T13:40:15+00:00 CRITICAL Uncaught Exception in /home/u367511854/domains/congressocoramdeo.com/public_html/wp-content/themes/congressocoramdeo/vendor/mercadopago/dx-php/src/MercadoPago/Entity.php:124
Stack trace:
#0 /home/u367511854/domains/congressocoramdeo.com/public_html/wp-content/themes/congressocoramdeo/vendor/mercadopago/dx-php/src/MercadoPago/Entity.php(75): MercadoPago\Entity::read()
#1 /home/u367511854/domains/congressocoramdeo.com/public_html/wp-content/themes/congressocoramdeo/notification.php(19): MercadoPago\Entity::find_by_id()
#2 {main}
  thrown, em /home/u367511854/domains/congressocoramdeo.com/public_html/wp-content/themes/congressocoramdeo/vendor/mercadopago/dx-php/src/MercadoPago/Entity.php, na linha 124

2022-10-29T13:40:15+00:00 CRITICAL Uncaught Exception in /home/u367511854/domains/congressocoramdeo.com/public_html/wp-content/themes/congressocoramdeo/vendor/mercadopago/dx-php/src/MercadoPago/Entity.php:124
Stack trace:
#0 /home/u367511854/domains/congressocoramdeo.com/public_html/wp-content/themes/congressocoramdeo/vendor/mercadopago/dx-php/src/MercadoPago/Entity.php(75): MercadoPago\Entity::read()
#1 /home/u367511854/domains/congressocoramdeo.com/public_html/wp-content/themes/congressocoramdeo/notification.php(19): MercadoPago\Entity::find_by_id()
#2 {main}
  thrown, em /home/u367511854/domains/congressocoramdeo.com/public_html/wp-content/themes/congressocoramdeo/vendor/mercadopago/dx-php/src/MercadoPago/Entity.php, na linha 124

2022-10-29T13:40:16+00:00 CRITICAL Uncaught Exception in /home/u367511854/domains/congressocoramdeo.com/public_html/wp-content/themes/congressocoramdeo/vendor/mercadopago/dx-php/src/MercadoPago/Entity.php:124
Stack trace:
#0 /home/u367511854/domains/congressocoramdeo.com/public_html/wp-content/themes/congressocoramdeo/vendor/mercadopago/dx-php/src/MercadoPago/Entity.php(75): MercadoPago\Entity::read()
#1 /home/u367511854/domains/congressocoramdeo.com/public_html/wp-content/themes/congressocoramdeo/notification.php(19): MercadoPago\Entity::find_by_id()
#2 {main}
  thrown, em /home/u367511854/domains/congressocoramdeo.com/public_html/wp-content/themes/congressocoramdeo/vendor/mercadopago/dx-php/src/MercadoPago/Entity.php, na linha 124

2022-10-29T13:41:17+00:00 CRITICAL Uncaught Exception in /home/u367511854/domains/congressocoramdeo.com/public_html/wp-content/themes/congressocoramdeo/vendor/mercadopago/dx-php/src/MercadoPago/Entity.php:124
Stack trace:
#0 /home/u367511854/domains/congressocoramdeo.com/public_html/wp-content/themes/congressocoramdeo/vendor/mercadopago/dx-php/src/MercadoPago/Entity.php(75): MercadoPago\Entity::read()
#1 /home/u367511854/domains/congressocoramdeo.com/public_html/wp-content/themes/congressocoramdeo/notification.php(19): MercadoPago\Entity::find_by_id()
#2 {main}
  thrown, em /home/u367511854/domains/congressocoramdeo.com/public_html/wp-content/themes/congressocoramdeo/vendor/mercadopago/dx-php/src/MercadoPago/Entity.php, na linha 124

2022-10-29T13:41:17+00:00 CRITICAL Uncaught Exception in /home/u367511854/domains/congressocoramdeo.com/public_html/wp-content/themes/congressocoramdeo/vendor/mercadopago/dx-php/src/MercadoPago/Entity.php:124
Stack trace:
#0 /home/u367511854/domains/congressocoramdeo.com/public_html/wp-content/themes/congressocoramdeo/vendor/mercadopago/dx-php/src/MercadoPago/Entity.php(75): MercadoPago\Entity::read()
#1 /home/u367511854/domains/congressocoramdeo.com/public_html/wp-content/themes/congressocoramdeo/notification.php(19): MercadoPago\Entity::find_by_id()
#2 {main}
  thrown, em /home/u367511854/domains/congressocoramdeo.com/public_html/wp-content/themes/congressocoramdeo/vendor/mercadopago/dx-php/src/MercadoPago/Entity.php, na linha 124

2022-10-29T13:41:18+00:00 CRITICAL Uncaught Exception in /home/u367511854/domains/congressocoramdeo.com/public_html/wp-content/themes/congressocoramdeo/vendor/mercadopago/dx-php/src/MercadoPago/Entity.php:124
Stack trace:
#0 /home/u367511854/domains/congressocoramdeo.com/public_html/wp-content/themes/congressocoramdeo/vendor/mercadopago/dx-php/src/MercadoPago/Entity.php(75): MercadoPago\Entity::read()
#1 /home/u367511854/domains/congressocoramdeo.com/public_html/wp-content/themes/congressocoramdeo/notification.php(19): MercadoPago\Entity::find_by_id()
#2 {main}
  thrown, em /home/u367511854/domains/congressocoramdeo.com/public_html/wp-content/themes/congressocoramdeo/vendor/mercadopago/dx-php/src/MercadoPago/Entity.php, na linha 124

2022-10-29T13:41:31+00:00 CRITICAL Uncaught Exception in /home/u367511854/domains/congressocoramdeo.com/public_html/wp-content/themes/congressocoramdeo/vendor/mercadopago/dx-php/src/MercadoPago/Entity.php:124
Stack trace:
#0 /home/u367511854/domains/congressocoramdeo.com/public_html/wp-content/themes/congressocoramdeo/vendor/mercadopago/dx-php/src/MercadoPago/Entity.php(75): MercadoPago\Entity::read()
#1 /home/u367511854/domains/congressocoramdeo.com/public_html/wp-content/themes/congressocoramdeo/notification.php(19): MercadoPago\Entity::find_by_id()
#2 {main}
  thrown, em /home/u367511854/domains/congressocoramdeo.com/public_html/wp-content/themes/congressocoramdeo/vendor/mercadopago/dx-php/src/MercadoPago/Entity.php, na linha 124

2022-10-29T13:41:32+00:00 CRITICAL Uncaught Exception in /home/u367511854/domains/congressocoramdeo.com/public_html/wp-content/themes/congressocoramdeo/vendor/mercadopago/dx-php/src/MercadoPago/Entity.php:124
Stack trace:
#0 /home/u367511854/domains/congressocoramdeo.com/public_html/wp-content/themes/congressocoramdeo/vendor/mercadopago/dx-php/src/MercadoPago/Entity.php(75): MercadoPago\Entity::read()
#1 /home/u367511854/domains/congressocoramdeo.com/public_html/wp-content/themes/congressocoramdeo/notification.php(19): MercadoPago\Entity::find_by_id()
#2 {main}
  thrown, em /home/u367511854/domains/congressocoramdeo.com/public_html/wp-content/themes/congressocoramdeo/vendor/mercadopago/dx-php/src/MercadoPago/Entity.php, na linha 124

2022-10-29T13:41:50+00:00 CRITICAL Uncaught Exception in /home/u367511854/domains/congressocoramdeo.com/public_html/wp-content/themes/congressocoramdeo/vendor/mercadopago/dx-php/src/MercadoPago/Entity.php:124
Stack trace:
#0 /home/u367511854/domains/congressocoramdeo.com/public_html/wp-content/themes/congressocoramdeo/vendor/mercadopago/dx-php/src/MercadoPago/Entity.php(75): MercadoPago\Entity::read()
#1 /home/u367511854/domains/congressocoramdeo.com/public_html/wp-content/themes/congressocoramdeo/notification.php(19): MercadoPago\Entity::find_by_id()
#2 {main}
  thrown, em /home/u367511854/domains/congressocoramdeo.com/public_html/wp-content/themes/congressocoramdeo/vendor/mercadopago/dx-php/src/MercadoPago/Entity.php, na linha 124

2022-10-29T13:41:51+00:00 CRITICAL Uncaught Exception in /home/u367511854/domains/congressocoramdeo.com/public_html/wp-content/themes/congressocoramdeo/vendor/mercadopago/dx-php/src/MercadoPago/Entity.php:124
Stack trace:
#0 /home/u367511854/domains/congressocoramdeo.com/public_html/wp-content/themes/congressocoramdeo/vendor/mercadopago/dx-php/src/MercadoPago/Entity.php(75): MercadoPago\Entity::read()
#1 /home/u367511854/domains/congressocoramdeo.com/public_html/wp-content/themes/congressocoramdeo/notification.php(19): MercadoPago\Entity::find_by_id()
#2 {main}
  thrown, em /home/u367511854/domains/congressocoramdeo.com/public_html/wp-content/themes/congressocoramdeo/vendor/mercadopago/dx-php/src/MercadoPago/Entity.php, na linha 124

2022-10-29T13:41:51+00:00 CRITICAL Uncaught Exception in /home/u367511854/domains/congressocoramdeo.com/public_html/wp-content/themes/congressocoramdeo/vendor/mercadopago/dx-php/src/MercadoPago/Entity.php:124
Stack trace:
#0 /home/u367511854/domains/congressocoramdeo.com/public_html/wp-content/themes/congressocoramdeo/vendor/mercadopago/dx-php/src/MercadoPago/Entity.php(75): MercadoPago\Entity::read()
#1 /home/u367511854/domains/congressocoramdeo.com/public_html/wp-content/themes/congressocoramdeo/notification.php(19): MercadoPago\Entity::find_by_id()
#2 {main}
  thrown, em /home/u367511854/domains/congressocoramdeo.com/public_html/wp-content/themes/congressocoramdeo/vendor/mercadopago/dx-php/src/MercadoPago/Entity.php, na linha 124

2022-10-29T13:41:57+00:00 CRITICAL Uncaught Exception in /home/u367511854/domains/congressocoramdeo.com/public_html/wp-content/themes/congressocoramdeo/vendor/mercadopago/dx-php/src/MercadoPago/Entity.php:124
Stack trace:
#0 /home/u367511854/domains/congressocoramdeo.com/public_html/wp-content/themes/congressocoramdeo/vendor/mercadopago/dx-php/src/MercadoPago/Entity.php(75): MercadoPago\Entity::read()
#1 /home/u367511854/domains/congressocoramdeo.com/public_html/wp-content/themes/congressocoramdeo/notification.php(19): MercadoPago\Entity::find_by_id()
#2 {main}
  thrown, em /home/u367511854/domains/congressocoramdeo.com/public_html/wp-content/themes/congressocoramdeo/vendor/mercadopago/dx-php/src/MercadoPago/Entity.php, na linha 124

2022-10-29T13:41:58+00:00 CRITICAL Uncaught Exception in /home/u367511854/domains/congressocoramdeo.com/public_html/wp-content/themes/congressocoramdeo/vendor/mercadopago/dx-php/src/MercadoPago/Entity.php:124
Stack trace:
#0 /home/u367511854/domains/congressocoramdeo.com/public_html/wp-content/themes/congressocoramdeo/vendor/mercadopago/dx-php/src/MercadoPago/Entity.php(75): MercadoPago\Entity::read()
#1 /home/u367511854/domains/congressocoramdeo.com/public_html/wp-content/themes/congressocoramdeo/notification.php(19): MercadoPago\Entity::find_by_id()
#2 {main}
  thrown, em /home/u367511854/domains/congressocoramdeo.com/public_html/wp-content/themes/congressocoramdeo/vendor/mercadopago/dx-php/src/MercadoPago/Entity.php, na linha 124

2022-10-29T13:41:58+00:00 CRITICAL Uncaught Exception in /home/u367511854/domains/congressocoramdeo.com/public_html/wp-content/themes/congressocoramdeo/vendor/mercadopago/dx-php/src/MercadoPago/Entity.php:124
Stack trace:
#0 /home/u367511854/domains/congressocoramdeo.com/public_html/wp-content/themes/congressocoramdeo/vendor/mercadopago/dx-php/src/MercadoPago/Entity.php(75): MercadoPago\Entity::read()
#1 /home/u367511854/domains/congressocoramdeo.com/public_html/wp-content/themes/congressocoramdeo/notification.php(19): MercadoPago\Entity::find_by_id()
#2 {main}
  thrown, em /home/u367511854/domains/congressocoramdeo.com/public_html/wp-content/themes/congressocoramdeo/vendor/mercadopago/dx-php/src/MercadoPago/Entity.php, na linha 124

2022-10-29T13:42:13+00:00 CRITICAL Uncaught Exception in /home/u367511854/domains/congressocoramdeo.com/public_html/wp-content/themes/congressocoramdeo/vendor/mercadopago/dx-php/src/MercadoPago/Entity.php:124
Stack trace:
#0 /home/u367511854/domains/congressocoramdeo.com/public_html/wp-content/themes/congressocoramdeo/vendor/mercadopago/dx-php/src/MercadoPago/Entity.php(75): MercadoPago\Entity::read()
#1 /home/u367511854/domains/congressocoramdeo.com/public_html/wp-content/themes/congressocoramdeo/notification.php(19): MercadoPago\Entity::find_by_id()
#2 {main}
  thrown, em /home/u367511854/domains/congressocoramdeo.com/public_html/wp-content/themes/congressocoramdeo/vendor/mercadopago/dx-php/src/MercadoPago/Entity.php, na linha 124

2022-10-29T13:42:20+00:00 CRITICAL Uncaught Exception in /home/u367511854/domains/congressocoramdeo.com/public_html/wp-content/themes/congressocoramdeo/vendor/mercadopago/dx-php/src/MercadoPago/Entity.php:124
Stack trace:
#0 /home/u367511854/domains/congressocoramdeo.com/public_html/wp-content/themes/congressocoramdeo/vendor/mercadopago/dx-php/src/MercadoPago/Entity.php(75): MercadoPago\Entity::read()
#1 /home/u367511854/domains/congressocoramdeo.com/public_html/wp-content/themes/congressocoramdeo/notification.php(19): MercadoPago\Entity::find_by_id()
#2 {main}
  thrown, em /home/u367511854/domains/congressocoramdeo.com/public_html/wp-content/themes/congressocoramdeo/vendor/mercadopago/dx-php/src/MercadoPago/Entity.php, na linha 124

2022-10-29T13:42:43+00:00 CRITICAL Uncaught Exception in /home/u367511854/domains/congressocoramdeo.com/public_html/wp-content/themes/congressocoramdeo/vendor/mercadopago/dx-php/src/MercadoPago/Entity.php:124
Stack trace:
#0 /home/u367511854/domains/congressocoramdeo.com/public_html/wp-content/themes/congressocoramdeo/vendor/mercadopago/dx-php/src/MercadoPago/Entity.php(75): MercadoPago\Entity::read()
#1 /home/u367511854/domains/congressocoramdeo.com/public_html/wp-content/themes/congressocoramdeo/notification.php(19): MercadoPago\Entity::find_by_id()
#2 {main}
  thrown, em /home/u367511854/domains/congressocoramdeo.com/public_html/wp-content/themes/congressocoramdeo/vendor/mercadopago/dx-php/src/MercadoPago/Entity.php, na linha 124

2022-10-29T13:42:43+00:00 CRITICAL Uncaught Exception in /home/u367511854/domains/congressocoramdeo.com/public_html/wp-content/themes/congressocoramdeo/vendor/mercadopago/dx-php/src/MercadoPago/Entity.php:124
Stack trace:
#0 /home/u367511854/domains/congressocoramdeo.com/public_html/wp-content/themes/congressocoramdeo/vendor/mercadopago/dx-php/src/MercadoPago/Entity.php(75): MercadoPago\Entity::read()
#1 /home/u367511854/domains/congressocoramdeo.com/public_html/wp-content/themes/congressocoramdeo/notification.php(19): MercadoPago\Entity::find_by_id()
#2 {main}
  thrown, em /home/u367511854/domains/congressocoramdeo.com/public_html/wp-content/themes/congressocoramdeo/vendor/mercadopago/dx-php/src/MercadoPago/Entity.php, na linha 124

2022-10-29T13:42:45+00:00 CRITICAL Uncaught Exception in /home/u367511854/domains/congressocoramdeo.com/public_html/wp-content/themes/congressocoramdeo/vendor/mercadopago/dx-php/src/MercadoPago/Entity.php:124
Stack trace:
#0 /home/u367511854/domains/congressocoramdeo.com/public_html/wp-content/themes/congressocoramdeo/vendor/mercadopago/dx-php/src/MercadoPago/Entity.php(75): MercadoPago\Entity::read()
#1 /home/u367511854/domains/congressocoramdeo.com/public_html/wp-content/themes/congressocoramdeo/notification.php(19): MercadoPago\Entity::find_by_id()
#2 {main}
  thrown, em /home/u367511854/domains/congressocoramdeo.com/public_html/wp-content/themes/congressocoramdeo/vendor/mercadopago/dx-php/src/MercadoPago/Entity.php, na linha 124

2022-10-29T13:42:57+00:00 CRITICAL Uncaught Exception in /home/u367511854/domains/congressocoramdeo.com/public_html/wp-content/themes/congressocoramdeo/vendor/mercadopago/dx-php/src/MercadoPago/Entity.php:124
Stack trace:
#0 /home/u367511854/domains/congressocoramdeo.com/public_html/wp-content/themes/congressocoramdeo/vendor/mercadopago/dx-php/src/MercadoPago/Entity.php(75): MercadoPago\Entity::read()
#1 /home/u367511854/domains/congressocoramdeo.com/public_html/wp-content/themes/congressocoramdeo/notification.php(19): MercadoPago\Entity::find_by_id()
#2 {main}
  thrown, em /home/u367511854/domains/congressocoramdeo.com/public_html/wp-content/themes/congressocoramdeo/vendor/mercadopago/dx-php/src/MercadoPago/Entity.php, na linha 124

2022-10-29T13:42:59+00:00 CRITICAL Uncaught Exception in /home/u367511854/domains/congressocoramdeo.com/public_html/wp-content/themes/congressocoramdeo/vendor/mercadopago/dx-php/src/MercadoPago/Entity.php:124
Stack trace:
#0 /home/u367511854/domains/congressocoramdeo.com/public_html/wp-content/themes/congressocoramdeo/vendor/mercadopago/dx-php/src/MercadoPago/Entity.php(75): MercadoPago\Entity::read()
#1 /home/u367511854/domains/congressocoramdeo.com/public_html/wp-content/themes/congressocoramdeo/notification.php(19): MercadoPago\Entity::find_by_id()
#2 {main}
  thrown, em /home/u367511854/domains/congressocoramdeo.com/public_html/wp-content/themes/congressocoramdeo/vendor/mercadopago/dx-php/src/MercadoPago/Entity.php, na linha 124

2022-10-29T13:43:02+00:00 CRITICAL Uncaught Exception in /home/u367511854/domains/congressocoramdeo.com/public_html/wp-content/themes/congressocoramdeo/vendor/mercadopago/dx-php/src/MercadoPago/Entity.php:124
Stack trace:
#0 /home/u367511854/domains/congressocoramdeo.com/public_html/wp-content/themes/congressocoramdeo/vendor/mercadopago/dx-php/src/MercadoPago/Entity.php(75): MercadoPago\Entity::read()
#1 /home/u367511854/domains/congressocoramdeo.com/public_html/wp-content/themes/congressocoramdeo/notification.php(19): MercadoPago\Entity::find_by_id()
#2 {main}
  thrown, em /home/u367511854/domains/congressocoramdeo.com/public_html/wp-content/themes/congressocoramdeo/vendor/mercadopago/dx-php/src/MercadoPago/Entity.php, na linha 124

2022-10-29T13:43:09+00:00 CRITICAL Uncaught Exception in /home/u367511854/domains/congressocoramdeo.com/public_html/wp-content/themes/congressocoramdeo/vendor/mercadopago/dx-php/src/MercadoPago/Entity.php:124
Stack trace:
#0 /home/u367511854/domains/congressocoramdeo.com/public_html/wp-content/themes/congressocoramdeo/vendor/mercadopago/dx-php/src/MercadoPago/Entity.php(75): MercadoPago\Entity::read()
#1 /home/u367511854/domains/congressocoramdeo.com/public_html/wp-content/themes/congressocoramdeo/notification.php(19): MercadoPago\Entity::find_by_id()
#2 {main}
  thrown, em /home/u367511854/domains/congressocoramdeo.com/public_html/wp-content/themes/congressocoramdeo/vendor/mercadopago/dx-php/src/MercadoPago/Entity.php, na linha 124

2022-10-29T13:43:45+00:00 CRITICAL Uncaught Exception in /home/u367511854/domains/congressocoramdeo.com/public_html/wp-content/themes/congressocoramdeo/vendor/mercadopago/dx-php/src/MercadoPago/Entity.php:124
Stack trace:
#0 /home/u367511854/domains/congressocoramdeo.com/public_html/wp-content/themes/congressocoramdeo/vendor/mercadopago/dx-php/src/MercadoPago/Entity.php(75): MercadoPago\Entity::read()
#1 /home/u367511854/domains/congressocoramdeo.com/public_html/wp-content/themes/congressocoramdeo/notification.php(19): MercadoPago\Entity::find_by_id()
#2 {main}
  thrown, em /home/u367511854/domains/congressocoramdeo.com/public_html/wp-content/themes/congressocoramdeo/vendor/mercadopago/dx-php/src/MercadoPago/Entity.php, na linha 124

2022-10-29T13:43:45+00:00 CRITICAL Uncaught Exception in /home/u367511854/domains/congressocoramdeo.com/public_html/wp-content/themes/congressocoramdeo/vendor/mercadopago/dx-php/src/MercadoPago/Entity.php:124
Stack trace:
#0 /home/u367511854/domains/congressocoramdeo.com/public_html/wp-content/themes/congressocoramdeo/vendor/mercadopago/dx-php/src/MercadoPago/Entity.php(75): MercadoPago\Entity::read()
#1 /home/u367511854/domains/congressocoramdeo.com/public_html/wp-content/themes/congressocoramdeo/notification.php(19): MercadoPago\Entity::find_by_id()
#2 {main}
  thrown, em /home/u367511854/domains/congressocoramdeo.com/public_html/wp-content/themes/congressocoramdeo/vendor/mercadopago/dx-php/src/MercadoPago/Entity.php, na linha 124

2022-10-29T13:43:52+00:00 CRITICAL Uncaught Exception in /home/u367511854/domains/congressocoramdeo.com/public_html/wp-content/themes/congressocoramdeo/vendor/mercadopago/dx-php/src/MercadoPago/Entity.php:124
Stack trace:
#0 /home/u367511854/domains/congressocoramdeo.com/public_html/wp-content/themes/congressocoramdeo/vendor/mercadopago/dx-php/src/MercadoPago/Entity.php(75): MercadoPago\Entity::read()
#1 /home/u367511854/domains/congressocoramdeo.com/public_html/wp-content/themes/congressocoramdeo/notification.php(19): MercadoPago\Entity::find_by_id()
#2 {main}
  thrown, em /home/u367511854/domains/congressocoramdeo.com/public_html/wp-content/themes/congressocoramdeo/vendor/mercadopago/dx-php/src/MercadoPago/Entity.php, na linha 124

2022-10-29T14:01:47+00:00 CRITICAL Uncaught Exception in /home/u367511854/domains/congressocoramdeo.com/public_html/wp-content/themes/congressocoramdeo/vendor/mercadopago/dx-php/src/MercadoPago/Entity.php:124
Stack trace:
#0 /home/u367511854/domains/congressocoramdeo.com/public_html/wp-content/themes/congressocoramdeo/vendor/mercadopago/dx-php/src/MercadoPago/Entity.php(75): MercadoPago\Entity::read()
#1 /home/u367511854/domains/congressocoramdeo.com/public_html/wp-content/themes/congressocoramdeo/notification.php(19): MercadoPago\Entity::find_by_id()
#2 {main}
  thrown, em /home/u367511854/domains/congressocoramdeo.com/public_html/wp-content/themes/congressocoramdeo/vendor/mercadopago/dx-php/src/MercadoPago/Entity.php, na linha 124

2022-10-29T14:01:47+00:00 CRITICAL Uncaught Exception in /home/u367511854/domains/congressocoramdeo.com/public_html/wp-content/themes/congressocoramdeo/vendor/mercadopago/dx-php/src/MercadoPago/Entity.php:124
Stack trace:
#0 /home/u367511854/domains/congressocoramdeo.com/public_html/wp-content/themes/congressocoramdeo/vendor/mercadopago/dx-php/src/MercadoPago/Entity.php(75): MercadoPago\Entity::read()
#1 /home/u367511854/domains/congressocoramdeo.com/public_html/wp-content/themes/congressocoramdeo/notification.php(19): MercadoPago\Entity::find_by_id()
#2 {main}
  thrown, em /home/u367511854/domains/congressocoramdeo.com/public_html/wp-content/themes/congressocoramdeo/vendor/mercadopago/dx-php/src/MercadoPago/Entity.php, na linha 124

2022-10-29T14:01:47+00:00 CRITICAL Uncaught Exception in /home/u367511854/domains/congressocoramdeo.com/public_html/wp-content/themes/congressocoramdeo/vendor/mercadopago/dx-php/src/MercadoPago/Entity.php:124
Stack trace:
#0 /home/u367511854/domains/congressocoramdeo.com/public_html/wp-content/themes/congressocoramdeo/vendor/mercadopago/dx-php/src/MercadoPago/Entity.php(75): MercadoPago\Entity::read()
#1 /home/u367511854/domains/congressocoramdeo.com/public_html/wp-content/themes/congressocoramdeo/notification.php(19): MercadoPago\Entity::find_by_id()
#2 {main}
  thrown, em /home/u367511854/domains/congressocoramdeo.com/public_html/wp-content/themes/congressocoramdeo/vendor/mercadopago/dx-php/src/MercadoPago/Entity.php, na linha 124

2022-10-29T14:02:03+00:00 CRITICAL Uncaught Exception in /home/u367511854/domains/congressocoramdeo.com/public_html/wp-content/themes/congressocoramdeo/vendor/mercadopago/dx-php/src/MercadoPago/Entity.php:124
Stack trace:
#0 /home/u367511854/domains/congressocoramdeo.com/public_html/wp-content/themes/congressocoramdeo/vendor/mercadopago/dx-php/src/MercadoPago/Entity.php(75): MercadoPago\Entity::read()
#1 /home/u367511854/domains/congressocoramdeo.com/public_html/wp-content/themes/congressocoramdeo/notification.php(19): MercadoPago\Entity::find_by_id()
#2 {main}
  thrown, em /home/u367511854/domains/congressocoramdeo.com/public_html/wp-content/themes/congressocoramdeo/vendor/mercadopago/dx-php/src/MercadoPago/Entity.php, na linha 124

2022-10-29T14:02:12+00:00 CRITICAL Uncaught Exception in /home/u367511854/domains/congressocoramdeo.com/public_html/wp-content/themes/congressocoramdeo/vendor/mercadopago/dx-php/src/MercadoPago/Entity.php:124
Stack trace:
#0 /home/u367511854/domains/congressocoramdeo.com/public_html/wp-content/themes/congressocoramdeo/vendor/mercadopago/dx-php/src/MercadoPago/Entity.php(75): MercadoPago\Entity::read()
#1 /home/u367511854/domains/congressocoramdeo.com/public_html/wp-content/themes/congressocoramdeo/notification.php(19): MercadoPago\Entity::find_by_id()
#2 {main}
  thrown, em /home/u367511854/domains/congressocoramdeo.com/public_html/wp-content/themes/congressocoramdeo/vendor/mercadopago/dx-php/src/MercadoPago/Entity.php, na linha 124

2022-10-29T14:02:13+00:00 CRITICAL Uncaught Exception in /home/u367511854/domains/congressocoramdeo.com/public_html/wp-content/themes/congressocoramdeo/vendor/mercadopago/dx-php/src/MercadoPago/Entity.php:124
Stack trace:
#0 /home/u367511854/domains/congressocoramdeo.com/public_html/wp-content/themes/congressocoramdeo/vendor/mercadopago/dx-php/src/MercadoPago/Entity.php(75): MercadoPago\Entity::read()
#1 /home/u367511854/domains/congressocoramdeo.com/public_html/wp-content/themes/congressocoramdeo/notification.php(19): MercadoPago\Entity::find_by_id()
#2 {main}
  thrown, em /home/u367511854/domains/congressocoramdeo.com/public_html/wp-content/themes/congressocoramdeo/vendor/mercadopago/dx-php/src/MercadoPago/Entity.php, na linha 124

2022-10-29T14:02:13+00:00 CRITICAL Uncaught Exception in /home/u367511854/domains/congressocoramdeo.com/public_html/wp-content/themes/congressocoramdeo/vendor/mercadopago/dx-php/src/MercadoPago/Entity.php:124
Stack trace:
#0 /home/u367511854/domains/congressocoramdeo.com/public_html/wp-content/themes/congressocoramdeo/vendor/mercadopago/dx-php/src/MercadoPago/Entity.php(75): MercadoPago\Entity::read()
#1 /home/u367511854/domains/congressocoramdeo.com/public_html/wp-content/themes/congressocoramdeo/notification.php(19): MercadoPago\Entity::find_by_id()
#2 {main}
  thrown, em /home/u367511854/domains/congressocoramdeo.com/public_html/wp-content/themes/congressocoramdeo/vendor/mercadopago/dx-php/src/MercadoPago/Entity.php, na linha 124

2022-10-29T14:02:24+00:00 CRITICAL Uncaught Exception in /home/u367511854/domains/congressocoramdeo.com/public_html/wp-content/themes/congressocoramdeo/vendor/mercadopago/dx-php/src/MercadoPago/Entity.php:124
Stack trace:
#0 /home/u367511854/domains/congressocoramdeo.com/public_html/wp-content/themes/congressocoramdeo/vendor/mercadopago/dx-php/src/MercadoPago/Entity.php(75): MercadoPago\Entity::read()
#1 /home/u367511854/domains/congressocoramdeo.com/public_html/wp-content/themes/congressocoramdeo/notification.php(19): MercadoPago\Entity::find_by_id()
#2 {main}
  thrown, em /home/u367511854/domains/congressocoramdeo.com/public_html/wp-content/themes/congressocoramdeo/vendor/mercadopago/dx-php/src/MercadoPago/Entity.php, na linha 124

2022-10-29T14:02:50+00:00 CRITICAL Uncaught Exception in /home/u367511854/domains/congressocoramdeo.com/public_html/wp-content/themes/congressocoramdeo/vendor/mercadopago/dx-php/src/MercadoPago/Entity.php:124
Stack trace:
#0 /home/u367511854/domains/congressocoramdeo.com/public_html/wp-content/themes/congressocoramdeo/vendor/mercadopago/dx-php/src/MercadoPago/Entity.php(75): MercadoPago\Entity::read()
#1 /home/u367511854/domains/congressocoramdeo.com/public_html/wp-content/themes/congressocoramdeo/notification.php(19): MercadoPago\Entity::find_by_id()
#2 {main}
  thrown, em /home/u367511854/domains/congressocoramdeo.com/public_html/wp-content/themes/congressocoramdeo/vendor/mercadopago/dx-php/src/MercadoPago/Entity.php, na linha 124

2022-10-29T14:02:51+00:00 CRITICAL Uncaught Exception in /home/u367511854/domains/congressocoramdeo.com/public_html/wp-content/themes/congressocoramdeo/vendor/mercadopago/dx-php/src/MercadoPago/Entity.php:124
Stack trace:
#0 /home/u367511854/domains/congressocoramdeo.com/public_html/wp-content/themes/congressocoramdeo/vendor/mercadopago/dx-php/src/MercadoPago/Entity.php(75): MercadoPago\Entity::read()
#1 /home/u367511854/domains/congressocoramdeo.com/public_html/wp-content/themes/congressocoramdeo/notification.php(19): MercadoPago\Entity::find_by_id()
#2 {main}
  thrown, em /home/u367511854/domains/congressocoramdeo.com/public_html/wp-content/themes/congressocoramdeo/vendor/mercadopago/dx-php/src/MercadoPago/Entity.php, na linha 124

2022-10-29T14:35:54+00:00 CRITICAL Uncaught Exception in /home/u367511854/domains/congressocoramdeo.com/public_html/wp-content/themes/congressocoramdeo/vendor/mercadopago/dx-php/src/MercadoPago/Entity.php:124
Stack trace:
#0 /home/u367511854/domains/congressocoramdeo.com/public_html/wp-content/themes/congressocoramdeo/vendor/mercadopago/dx-php/src/MercadoPago/Entity.php(75): MercadoPago\Entity::read()
#1 /home/u367511854/domains/congressocoramdeo.com/public_html/wp-content/themes/congressocoramdeo/notification.php(19): MercadoPago\Entity::find_by_id()
#2 {main}
  thrown, em /home/u367511854/domains/congressocoramdeo.com/public_html/wp-content/themes/congressocoramdeo/vendor/mercadopago/dx-php/src/MercadoPago/Entity.php, na linha 124

2022-10-29T14:36:16+00:00 CRITICAL Uncaught Exception in /home/u367511854/domains/congressocoramdeo.com/public_html/wp-content/themes/congressocoramdeo/vendor/mercadopago/dx-php/src/MercadoPago/Entity.php:124
Stack trace:
#0 /home/u367511854/domains/congressocoramdeo.com/public_html/wp-content/themes/congressocoramdeo/vendor/mercadopago/dx-php/src/MercadoPago/Entity.php(75): MercadoPago\Entity::read()
#1 /home/u367511854/domains/congressocoramdeo.com/public_html/wp-content/themes/congressocoramdeo/notification.php(19): MercadoPago\Entity::find_by_id()
#2 {main}
  thrown, em /home/u367511854/domains/congressocoramdeo.com/public_html/wp-content/themes/congressocoramdeo/vendor/mercadopago/dx-php/src/MercadoPago/Entity.php, na linha 124

2022-10-29T14:36:23+00:00 CRITICAL Uncaught Exception in /home/u367511854/domains/congressocoramdeo.com/public_html/wp-content/themes/congressocoramdeo/vendor/mercadopago/dx-php/src/MercadoPago/Entity.php:124
Stack trace:
#0 /home/u367511854/domains/congressocoramdeo.com/public_html/wp-content/themes/congressocoramdeo/vendor/mercadopago/dx-php/src/MercadoPago/Entity.php(75): MercadoPago\Entity::read()
#1 /home/u367511854/domains/congressocoramdeo.com/public_html/wp-content/themes/congressocoramdeo/notification.php(19): MercadoPago\Entity::find_by_id()
#2 {main}
  thrown, em /home/u367511854/domains/congressocoramdeo.com/public_html/wp-content/themes/congressocoramdeo/vendor/mercadopago/dx-php/src/MercadoPago/Entity.php, na linha 124

2022-10-29T14:36:26+00:00 CRITICAL Uncaught Exception in /home/u367511854/domains/congressocoramdeo.com/public_html/wp-content/themes/congressocoramdeo/vendor/mercadopago/dx-php/src/MercadoPago/Entity.php:124
Stack trace:
#0 /home/u367511854/domains/congressocoramdeo.com/public_html/wp-content/themes/congressocoramdeo/vendor/mercadopago/dx-php/src/MercadoPago/Entity.php(75): MercadoPago\Entity::read()
#1 /home/u367511854/domains/congressocoramdeo.com/public_html/wp-content/themes/congressocoramdeo/notification.php(19): MercadoPago\Entity::find_by_id()
#2 {main}
  thrown, em /home/u367511854/domains/congressocoramdeo.com/public_html/wp-content/themes/congressocoramdeo/vendor/mercadopago/dx-php/src/MercadoPago/Entity.php, na linha 124

2022-10-29T14:36:33+00:00 CRITICAL Uncaught Exception in /home/u367511854/domains/congressocoramdeo.com/public_html/wp-content/themes/congressocoramdeo/vendor/mercadopago/dx-php/src/MercadoPago/Entity.php:124
Stack trace:
#0 /home/u367511854/domains/congressocoramdeo.com/public_html/wp-content/themes/congressocoramdeo/vendor/mercadopago/dx-php/src/MercadoPago/Entity.php(75): MercadoPago\Entity::read()
#1 /home/u367511854/domains/congressocoramdeo.com/public_html/wp-content/themes/congressocoramdeo/notification.php(19): MercadoPago\Entity::find_by_id()
#2 {main}
  thrown, em /home/u367511854/domains/congressocoramdeo.com/public_html/wp-content/themes/congressocoramdeo/vendor/mercadopago/dx-php/src/MercadoPago/Entity.php, na linha 124

2022-10-29T14:36:34+00:00 CRITICAL Uncaught Exception in /home/u367511854/domains/congressocoramdeo.com/public_html/wp-content/themes/congressocoramdeo/vendor/mercadopago/dx-php/src/MercadoPago/Entity.php:124
Stack trace:
#0 /home/u367511854/domains/congressocoramdeo.com/public_html/wp-content/themes/congressocoramdeo/vendor/mercadopago/dx-php/src/MercadoPago/Entity.php(75): MercadoPago\Entity::read()
#1 /home/u367511854/domains/congressocoramdeo.com/public_html/wp-content/themes/congressocoramdeo/notification.php(19): MercadoPago\Entity::find_by_id()
#2 {main}
  thrown, em /home/u367511854/domains/congressocoramdeo.com/public_html/wp-content/themes/congressocoramdeo/vendor/mercadopago/dx-php/src/MercadoPago/Entity.php, na linha 124

2022-10-29T14:36:50+00:00 CRITICAL Uncaught Exception in /home/u367511854/domains/congressocoramdeo.com/public_html/wp-content/themes/congressocoramdeo/vendor/mercadopago/dx-php/src/MercadoPago/Entity.php:124
Stack trace:
#0 /home/u367511854/domains/congressocoramdeo.com/public_html/wp-content/themes/congressocoramdeo/vendor/mercadopago/dx-php/src/MercadoPago/Entity.php(75): MercadoPago\Entity::read()
#1 /home/u367511854/domains/congressocoramdeo.com/public_html/wp-content/themes/congressocoramdeo/notification.php(19): MercadoPago\Entity::find_by_id()
#2 {main}
  thrown, em /home/u367511854/domains/congressocoramdeo.com/public_html/wp-content/themes/congressocoramdeo/vendor/mercadopago/dx-php/src/MercadoPago/Entity.php, na linha 124

2022-10-29T14:36:50+00:00 CRITICAL Uncaught Exception in /home/u367511854/domains/congressocoramdeo.com/public_html/wp-content/themes/congressocoramdeo/vendor/mercadopago/dx-php/src/MercadoPago/Entity.php:124
Stack trace:
#0 /home/u367511854/domains/congressocoramdeo.com/public_html/wp-content/themes/congressocoramdeo/vendor/mercadopago/dx-php/src/MercadoPago/Entity.php(75): MercadoPago\Entity::read()
#1 /home/u367511854/domains/congressocoramdeo.com/public_html/wp-content/themes/congressocoramdeo/notification.php(19): MercadoPago\Entity::find_by_id()
#2 {main}
  thrown, em /home/u367511854/domains/congressocoramdeo.com/public_html/wp-content/themes/congressocoramdeo/vendor/mercadopago/dx-php/src/MercadoPago/Entity.php, na linha 124

2022-10-29T14:36:59+00:00 CRITICAL Uncaught Exception in /home/u367511854/domains/congressocoramdeo.com/public_html/wp-content/themes/congressocoramdeo/vendor/mercadopago/dx-php/src/MercadoPago/Entity.php:124
Stack trace:
#0 /home/u367511854/domains/congressocoramdeo.com/public_html/wp-content/themes/congressocoramdeo/vendor/mercadopago/dx-php/src/MercadoPago/Entity.php(75): MercadoPago\Entity::read()
#1 /home/u367511854/domains/congressocoramdeo.com/public_html/wp-content/themes/congressocoramdeo/notification.php(19): MercadoPago\Entity::find_by_id()
#2 {main}
  thrown, em /home/u367511854/domains/congressocoramdeo.com/public_html/wp-content/themes/congressocoramdeo/vendor/mercadopago/dx-php/src/MercadoPago/Entity.php, na linha 124

2022-10-29T14:37:11+00:00 CRITICAL Uncaught Exception in /home/u367511854/domains/congressocoramdeo.com/public_html/wp-content/themes/congressocoramdeo/vendor/mercadopago/dx-php/src/MercadoPago/Entity.php:124
Stack trace:
#0 /home/u367511854/domains/congressocoramdeo.com/public_html/wp-content/themes/congressocoramdeo/vendor/mercadopago/dx-php/src/MercadoPago/Entity.php(75): MercadoPago\Entity::read()
#1 /home/u367511854/domains/congressocoramdeo.com/public_html/wp-content/themes/congressocoramdeo/notification.php(19): MercadoPago\Entity::find_by_id()
#2 {main}
  thrown, em /home/u367511854/domains/congressocoramdeo.com/public_html/wp-content/themes/congressocoramdeo/vendor/mercadopago/dx-php/src/MercadoPago/Entity.php, na linha 124

2022-10-29T20:26:56+00:00 CRITICAL Uncaught Exception in /home/u367511854/domains/congressocoramdeo.com/public_html/wp-content/themes/congressocoramdeo/vendor/mercadopago/dx-php/src/MercadoPago/Entity.php:124
Stack trace:
#0 /home/u367511854/domains/congressocoramdeo.com/public_html/wp-content/themes/congressocoramdeo/vendor/mercadopago/dx-php/src/MercadoPago/Entity.php(75): MercadoPago\Entity::read()
#1 /home/u367511854/domains/congressocoramdeo.com/public_html/wp-content/themes/congressocoramdeo/notification.php(19): MercadoPago\Entity::find_by_id()
#2 {main}
  thrown, em /home/u367511854/domains/congressocoramdeo.com/public_html/wp-content/themes/congressocoramdeo/vendor/mercadopago/dx-php/src/MercadoPago/Entity.php, na linha 124

2022-10-29T20:27:15+00:00 CRITICAL Uncaught Exception in /home/u367511854/domains/congressocoramdeo.com/public_html/wp-content/themes/congressocoramdeo/vendor/mercadopago/dx-php/src/MercadoPago/Entity.php:124
Stack trace:
#0 /home/u367511854/domains/congressocoramdeo.com/public_html/wp-content/themes/congressocoramdeo/vendor/mercadopago/dx-php/src/MercadoPago/Entity.php(75): MercadoPago\Entity::read()
#1 /home/u367511854/domains/congressocoramdeo.com/public_html/wp-content/themes/congressocoramdeo/notification.php(19): MercadoPago\Entity::find_by_id()
#2 {main}
  thrown, em /home/u367511854/domains/congressocoramdeo.com/public_html/wp-content/themes/congressocoramdeo/vendor/mercadopago/dx-php/src/MercadoPago/Entity.php, na linha 124

2022-10-29T20:27:18+00:00 CRITICAL Uncaught Exception in /home/u367511854/domains/congressocoramdeo.com/public_html/wp-content/themes/congressocoramdeo/vendor/mercadopago/dx-php/src/MercadoPago/Entity.php:124
Stack trace:
#0 /home/u367511854/domains/congressocoramdeo.com/public_html/wp-content/themes/congressocoramdeo/vendor/mercadopago/dx-php/src/MercadoPago/Entity.php(75): MercadoPago\Entity::read()
#1 /home/u367511854/domains/congressocoramdeo.com/public_html/wp-content/themes/congressocoramdeo/notification.php(19): MercadoPago\Entity::find_by_id()
#2 {main}
  thrown, em /home/u367511854/domains/congressocoramdeo.com/public_html/wp-content/themes/congressocoramdeo/vendor/mercadopago/dx-php/src/MercadoPago/Entity.php, na linha 124

2022-10-29T20:27:40+00:00 CRITICAL Uncaught Exception in /home/u367511854/domains/congressocoramdeo.com/public_html/wp-content/themes/congressocoramdeo/vendor/mercadopago/dx-php/src/MercadoPago/Entity.php:124
Stack trace:
#0 /home/u367511854/domains/congressocoramdeo.com/public_html/wp-content/themes/congressocoramdeo/vendor/mercadopago/dx-php/src/MercadoPago/Entity.php(75): MercadoPago\Entity::read()
#1 /home/u367511854/domains/congressocoramdeo.com/public_html/wp-content/themes/congressocoramdeo/notification.php(19): MercadoPago\Entity::find_by_id()
#2 {main}
  thrown, em /home/u367511854/domains/congressocoramdeo.com/public_html/wp-content/themes/congressocoramdeo/vendor/mercadopago/dx-php/src/MercadoPago/Entity.php, na linha 124

2022-10-29T20:40:27+00:00 CRITICAL Uncaught Exception in /home/u367511854/domains/congressocoramdeo.com/public_html/wp-content/themes/congressocoramdeo/vendor/mercadopago/dx-php/src/MercadoPago/Entity.php:124
Stack trace:
#0 /home/u367511854/domains/congressocoramdeo.com/public_html/wp-content/themes/congressocoramdeo/vendor/mercadopago/dx-php/src/MercadoPago/Entity.php(75): MercadoPago\Entity::read()
#1 /home/u367511854/domains/congressocoramdeo.com/public_html/wp-content/themes/congressocoramdeo/notification.php(19): MercadoPago\Entity::find_by_id()
#2 {main}
  thrown, em /home/u367511854/domains/congressocoramdeo.com/public_html/wp-content/themes/congressocoramdeo/vendor/mercadopago/dx-php/src/MercadoPago/Entity.php, na linha 124

2022-10-29T20:40:32+00:00 CRITICAL Uncaught Exception in /home/u367511854/domains/congressocoramdeo.com/public_html/wp-content/themes/congressocoramdeo/vendor/mercadopago/dx-php/src/MercadoPago/Entity.php:124
Stack trace:
#0 /home/u367511854/domains/congressocoramdeo.com/public_html/wp-content/themes/congressocoramdeo/vendor/mercadopago/dx-php/src/MercadoPago/Entity.php(75): MercadoPago\Entity::read()
#1 /home/u367511854/domains/congressocoramdeo.com/public_html/wp-content/themes/congressocoramdeo/notification.php(19): MercadoPago\Entity::find_by_id()
#2 {main}
  thrown, em /home/u367511854/domains/congressocoramdeo.com/public_html/wp-content/themes/congressocoramdeo/vendor/mercadopago/dx-php/src/MercadoPago/Entity.php, na linha 124

2022-10-29T20:40:47+00:00 CRITICAL Uncaught Exception in /home/u367511854/domains/congressocoramdeo.com/public_html/wp-content/themes/congressocoramdeo/vendor/mercadopago/dx-php/src/MercadoPago/Entity.php:124
Stack trace:
#0 /home/u367511854/domains/congressocoramdeo.com/public_html/wp-content/themes/congressocoramdeo/vendor/mercadopago/dx-php/src/MercadoPago/Entity.php(75): MercadoPago\Entity::read()
#1 /home/u367511854/domains/congressocoramdeo.com/public_html/wp-content/themes/congressocoramdeo/notification.php(19): MercadoPago\Entity::find_by_id()
#2 {main}
  thrown, em /home/u367511854/domains/congressocoramdeo.com/public_html/wp-content/themes/congressocoramdeo/vendor/mercadopago/dx-php/src/MercadoPago/Entity.php, na linha 124

2022-10-29T20:40:48+00:00 CRITICAL Uncaught Exception in /home/u367511854/domains/congressocoramdeo.com/public_html/wp-content/themes/congressocoramdeo/vendor/mercadopago/dx-php/src/MercadoPago/Entity.php:124
Stack trace:
#0 /home/u367511854/domains/congressocoramdeo.com/public_html/wp-content/themes/congressocoramdeo/vendor/mercadopago/dx-php/src/MercadoPago/Entity.php(75): MercadoPago\Entity::read()
#1 /home/u367511854/domains/congressocoramdeo.com/public_html/wp-content/themes/congressocoramdeo/notification.php(19): MercadoPago\Entity::find_by_id()
#2 {main}
  thrown, em /home/u367511854/domains/congressocoramdeo.com/public_html/wp-content/themes/congressocoramdeo/vendor/mercadopago/dx-php/src/MercadoPago/Entity.php, na linha 124

2022-10-29T20:41:01+00:00 CRITICAL Uncaught Exception in /home/u367511854/domains/congressocoramdeo.com/public_html/wp-content/themes/congressocoramdeo/vendor/mercadopago/dx-php/src/MercadoPago/Entity.php:124
Stack trace:
#0 /home/u367511854/domains/congressocoramdeo.com/public_html/wp-content/themes/congressocoramdeo/vendor/mercadopago/dx-php/src/MercadoPago/Entity.php(75): MercadoPago\Entity::read()
#1 /home/u367511854/domains/congressocoramdeo.com/public_html/wp-content/themes/congressocoramdeo/notification.php(19): MercadoPago\Entity::find_by_id()
#2 {main}
  thrown, em /home/u367511854/domains/congressocoramdeo.com/public_html/wp-content/themes/congressocoramdeo/vendor/mercadopago/dx-php/src/MercadoPago/Entity.php, na linha 124

2022-10-29T20:41:11+00:00 CRITICAL Uncaught Exception in /home/u367511854/domains/congressocoramdeo.com/public_html/wp-content/themes/congressocoramdeo/vendor/mercadopago/dx-php/src/MercadoPago/Entity.php:124
Stack trace:
#0 /home/u367511854/domains/congressocoramdeo.com/public_html/wp-content/themes/congressocoramdeo/vendor/mercadopago/dx-php/src/MercadoPago/Entity.php(75): MercadoPago\Entity::read()
#1 /home/u367511854/domains/congressocoramdeo.com/public_html/wp-content/themes/congressocoramdeo/notification.php(19): MercadoPago\Entity::find_by_id()
#2 {main}
  thrown, em /home/u367511854/domains/congressocoramdeo.com/public_html/wp-content/themes/congressocoramdeo/vendor/mercadopago/dx-php/src/MercadoPago/Entity.php, na linha 124

2022-10-29T20:41:41+00:00 CRITICAL Uncaught Exception in /home/u367511854/domains/congressocoramdeo.com/public_html/wp-content/themes/congressocoramdeo/vendor/mercadopago/dx-php/src/MercadoPago/Entity.php:124
Stack trace:
#0 /home/u367511854/domains/congressocoramdeo.com/public_html/wp-content/themes/congressocoramdeo/vendor/mercadopago/dx-php/src/MercadoPago/Entity.php(75): MercadoPago\Entity::read()
#1 /home/u367511854/domains/congressocoramdeo.com/public_html/wp-content/themes/congressocoramdeo/notification.php(19): MercadoPago\Entity::find_by_id()
#2 {main}
  thrown, em /home/u367511854/domains/congressocoramdeo.com/public_html/wp-content/themes/congressocoramdeo/vendor/mercadopago/dx-php/src/MercadoPago/Entity.php, na linha 124

2022-10-29T20:41:52+00:00 CRITICAL Uncaught Exception in /home/u367511854/domains/congressocoramdeo.com/public_html/wp-content/themes/congressocoramdeo/vendor/mercadopago/dx-php/src/MercadoPago/Entity.php:124
Stack trace:
#0 /home/u367511854/domains/congressocoramdeo.com/public_html/wp-content/themes/congressocoramdeo/vendor/mercadopago/dx-php/src/MercadoPago/Entity.php(75): MercadoPago\Entity::read()
#1 /home/u367511854/domains/congressocoramdeo.com/public_html/wp-content/themes/congressocoramdeo/notification.php(19): MercadoPago\Entity::find_by_id()
#2 {main}
  thrown, em /home/u367511854/domains/congressocoramdeo.com/public_html/wp-content/themes/congressocoramdeo/vendor/mercadopago/dx-php/src/MercadoPago/Entity.php, na linha 124

2022-10-29T20:42:09+00:00 CRITICAL Uncaught Exception in /home/u367511854/domains/congressocoramdeo.com/public_html/wp-content/themes/congressocoramdeo/vendor/mercadopago/dx-php/src/MercadoPago/Entity.php:124
Stack trace:
#0 /home/u367511854/domains/congressocoramdeo.com/public_html/wp-content/themes/congressocoramdeo/vendor/mercadopago/dx-php/src/MercadoPago/Entity.php(75): MercadoPago\Entity::read()
#1 /home/u367511854/domains/congressocoramdeo.com/public_html/wp-content/themes/congressocoramdeo/notification.php(19): MercadoPago\Entity::find_by_id()
#2 {main}
  thrown, em /home/u367511854/domains/congressocoramdeo.com/public_html/wp-content/themes/congressocoramdeo/vendor/mercadopago/dx-php/src/MercadoPago/Entity.php, na linha 124

2022-10-29T20:42:10+00:00 CRITICAL Uncaught Exception in /home/u367511854/domains/congressocoramdeo.com/public_html/wp-content/themes/congressocoramdeo/vendor/mercadopago/dx-php/src/MercadoPago/Entity.php:124
Stack trace:
#0 /home/u367511854/domains/congressocoramdeo.com/public_html/wp-content/themes/congressocoramdeo/vendor/mercadopago/dx-php/src/MercadoPago/Entity.php(75): MercadoPago\Entity::read()
#1 /home/u367511854/domains/congressocoramdeo.com/public_html/wp-content/themes/congressocoramdeo/notification.php(19): MercadoPago\Entity::find_by_id()
#2 {main}
  thrown, em /home/u367511854/domains/congressocoramdeo.com/public_html/wp-content/themes/congressocoramdeo/vendor/mercadopago/dx-php/src/MercadoPago/Entity.php, na linha 124

2022-10-29T21:01:28+00:00 CRITICAL Uncaught Exception in /home/u367511854/domains/congressocoramdeo.com/public_html/wp-content/themes/congressocoramdeo/vendor/mercadopago/dx-php/src/MercadoPago/Entity.php:124
Stack trace:
#0 /home/u367511854/domains/congressocoramdeo.com/public_html/wp-content/themes/congressocoramdeo/vendor/mercadopago/dx-php/src/MercadoPago/Entity.php(75): MercadoPago\Entity::read()
#1 /home/u367511854/domains/congressocoramdeo.com/public_html/wp-content/themes/congressocoramdeo/notification.php(19): MercadoPago\Entity::find_by_id()
#2 {main}
  thrown, em /home/u367511854/domains/congressocoramdeo.com/public_html/wp-content/themes/congressocoramdeo/vendor/mercadopago/dx-php/src/MercadoPago/Entity.php, na linha 124

2022-10-29T21:06:05+00:00 CRITICAL Uncaught Exception in /home/u367511854/domains/congressocoramdeo.com/public_html/wp-content/themes/congressocoramdeo/vendor/mercadopago/dx-php/src/MercadoPago/Entity.php:124
Stack trace:
#0 /home/u367511854/domains/congressocoramdeo.com/public_html/wp-content/themes/congressocoramdeo/vendor/mercadopago/dx-php/src/MercadoPago/Entity.php(75): MercadoPago\Entity::read()
#1 /home/u367511854/domains/congressocoramdeo.com/public_html/wp-content/themes/congressocoramdeo/notification.php(19): MercadoPago\Entity::find_by_id()
#2 {main}
  thrown, em /home/u367511854/domains/congressocoramdeo.com/public_html/wp-content/themes/congressocoramdeo/vendor/mercadopago/dx-php/src/MercadoPago/Entity.php, na linha 124

2022-10-29T21:06:10+00:00 CRITICAL Uncaught Exception in /home/u367511854/domains/congressocoramdeo.com/public_html/wp-content/themes/congressocoramdeo/vendor/mercadopago/dx-php/src/MercadoPago/Entity.php:124
Stack trace:
#0 /home/u367511854/domains/congressocoramdeo.com/public_html/wp-content/themes/congressocoramdeo/vendor/mercadopago/dx-php/src/MercadoPago/Entity.php(75): MercadoPago\Entity::read()
#1 /home/u367511854/domains/congressocoramdeo.com/public_html/wp-content/themes/congressocoramdeo/notification.php(19): MercadoPago\Entity::find_by_id()
#2 {main}
  thrown, em /home/u367511854/domains/congressocoramdeo.com/public_html/wp-content/themes/congressocoramdeo/vendor/mercadopago/dx-php/src/MercadoPago/Entity.php, na linha 124

2022-10-29T21:06:38+00:00 CRITICAL Uncaught Exception in /home/u367511854/domains/congressocoramdeo.com/public_html/wp-content/themes/congressocoramdeo/vendor/mercadopago/dx-php/src/MercadoPago/Entity.php:124
Stack trace:
#0 /home/u367511854/domains/congressocoramdeo.com/public_html/wp-content/themes/congressocoramdeo/vendor/mercadopago/dx-php/src/MercadoPago/Entity.php(75): MercadoPago\Entity::read()
#1 /home/u367511854/domains/congressocoramdeo.com/public_html/wp-content/themes/congressocoramdeo/notification.php(19): MercadoPago\Entity::find_by_id()
#2 {main}
  thrown, em /home/u367511854/domains/congressocoramdeo.com/public_html/wp-content/themes/congressocoramdeo/vendor/mercadopago/dx-php/src/MercadoPago/Entity.php, na linha 124

2022-10-29T21:06:42+00:00 CRITICAL Uncaught Exception in /home/u367511854/domains/congressocoramdeo.com/public_html/wp-content/themes/congressocoramdeo/vendor/mercadopago/dx-php/src/MercadoPago/Entity.php:124
Stack trace:
#0 /home/u367511854/domains/congressocoramdeo.com/public_html/wp-content/themes/congressocoramdeo/vendor/mercadopago/dx-php/src/MercadoPago/Entity.php(75): MercadoPago\Entity::read()
#1 /home/u367511854/domains/congressocoramdeo.com/public_html/wp-content/themes/congressocoramdeo/notification.php(19): MercadoPago\Entity::find_by_id()
#2 {main}
  thrown, em /home/u367511854/domains/congressocoramdeo.com/public_html/wp-content/themes/congressocoramdeo/vendor/mercadopago/dx-php/src/MercadoPago/Entity.php, na linha 124

2022-10-29T21:07:24+00:00 CRITICAL Uncaught Exception in /home/u367511854/domains/congressocoramdeo.com/public_html/wp-content/themes/congressocoramdeo/vendor/mercadopago/dx-php/src/MercadoPago/Entity.php:124
Stack trace:
#0 /home/u367511854/domains/congressocoramdeo.com/public_html/wp-content/themes/congressocoramdeo/vendor/mercadopago/dx-php/src/MercadoPago/Entity.php(75): MercadoPago\Entity::read()
#1 /home/u367511854/domains/congressocoramdeo.com/public_html/wp-content/themes/congressocoramdeo/notification.php(19): MercadoPago\Entity::find_by_id()
#2 {main}
  thrown, em /home/u367511854/domains/congressocoramdeo.com/public_html/wp-content/themes/congressocoramdeo/vendor/mercadopago/dx-php/src/MercadoPago/Entity.php, na linha 124

2022-10-29T21:08:01+00:00 CRITICAL Uncaught Exception in /home/u367511854/domains/congressocoramdeo.com/public_html/wp-content/themes/congressocoramdeo/vendor/mercadopago/dx-php/src/MercadoPago/Entity.php:124
Stack trace:
#0 /home/u367511854/domains/congressocoramdeo.com/public_html/wp-content/themes/congressocoramdeo/vendor/mercadopago/dx-php/src/MercadoPago/Entity.php(75): MercadoPago\Entity::read()
#1 /home/u367511854/domains/congressocoramdeo.com/public_html/wp-content/themes/congressocoramdeo/notification.php(19): MercadoPago\Entity::find_by_id()
#2 {main}
  thrown, em /home/u367511854/domains/congressocoramdeo.com/public_html/wp-content/themes/congressocoramdeo/vendor/mercadopago/dx-php/src/MercadoPago/Entity.php, na linha 124

2022-10-29T21:21:50+00:00 CRITICAL Uncaught Exception in /home/u367511854/domains/congressocoramdeo.com/public_html/wp-content/themes/congressocoramdeo/vendor/mercadopago/dx-php/src/MercadoPago/Entity.php:124
Stack trace:
#0 /home/u367511854/domains/congressocoramdeo.com/public_html/wp-content/themes/congressocoramdeo/vendor/mercadopago/dx-php/src/MercadoPago/Entity.php(75): MercadoPago\Entity::read()
#1 /home/u367511854/domains/congressocoramdeo.com/public_html/wp-content/themes/congressocoramdeo/notification.php(19): MercadoPago\Entity::find_by_id()
#2 {main}
  thrown, em /home/u367511854/domains/congressocoramdeo.com/public_html/wp-content/themes/congressocoramdeo/vendor/mercadopago/dx-php/src/MercadoPago/Entity.php, na linha 124

2022-10-29T21:21:50+00:00 CRITICAL Uncaught Exception in /home/u367511854/domains/congressocoramdeo.com/public_html/wp-content/themes/congressocoramdeo/vendor/mercadopago/dx-php/src/MercadoPago/Entity.php:124
Stack trace:
#0 /home/u367511854/domains/congressocoramdeo.com/public_html/wp-content/themes/congressocoramdeo/vendor/mercadopago/dx-php/src/MercadoPago/Entity.php(75): MercadoPago\Entity::read()
#1 /home/u367511854/domains/congressocoramdeo.com/public_html/wp-content/themes/congressocoramdeo/notification.php(19): MercadoPago\Entity::find_by_id()
#2 {main}
  thrown, em /home/u367511854/domains/congressocoramdeo.com/public_html/wp-content/themes/congressocoramdeo/vendor/mercadopago/dx-php/src/MercadoPago/Entity.php, na linha 124

2022-10-29T21:22:35+00:00 CRITICAL Uncaught Exception in /home/u367511854/domains/congressocoramdeo.com/public_html/wp-content/themes/congressocoramdeo/vendor/mercadopago/dx-php/src/MercadoPago/Entity.php:124
Stack trace:
#0 /home/u367511854/domains/congressocoramdeo.com/public_html/wp-content/themes/congressocoramdeo/vendor/mercadopago/dx-php/src/MercadoPago/Entity.php(75): MercadoPago\Entity::read()
#1 /home/u367511854/domains/congressocoramdeo.com/public_html/wp-content/themes/congressocoramdeo/notification.php(19): MercadoPago\Entity::find_by_id()
#2 {main}
  thrown, em /home/u367511854/domains/congressocoramdeo.com/public_html/wp-content/themes/congressocoramdeo/vendor/mercadopago/dx-php/src/MercadoPago/Entity.php, na linha 124

2022-10-29T21:22:36+00:00 CRITICAL Uncaught Exception in /home/u367511854/domains/congressocoramdeo.com/public_html/wp-content/themes/congressocoramdeo/vendor/mercadopago/dx-php/src/MercadoPago/Entity.php:124
Stack trace:
#0 /home/u367511854/domains/congressocoramdeo.com/public_html/wp-content/themes/congressocoramdeo/vendor/mercadopago/dx-php/src/MercadoPago/Entity.php(75): MercadoPago\Entity::read()
#1 /home/u367511854/domains/congressocoramdeo.com/public_html/wp-content/themes/congressocoramdeo/notification.php(19): MercadoPago\Entity::find_by_id()
#2 {main}
  thrown, em /home/u367511854/domains/congressocoramdeo.com/public_html/wp-content/themes/congressocoramdeo/vendor/mercadopago/dx-php/src/MercadoPago/Entity.php, na linha 124

2022-10-29T21:22:57+00:00 CRITICAL Uncaught Exception in /home/u367511854/domains/congressocoramdeo.com/public_html/wp-content/themes/congressocoramdeo/vendor/mercadopago/dx-php/src/MercadoPago/Entity.php:124
Stack trace:
#0 /home/u367511854/domains/congressocoramdeo.com/public_html/wp-content/themes/congressocoramdeo/vendor/mercadopago/dx-php/src/MercadoPago/Entity.php(75): MercadoPago\Entity::read()
#1 /home/u367511854/domains/congressocoramdeo.com/public_html/wp-content/themes/congressocoramdeo/notification.php(19): MercadoPago\Entity::find_by_id()
#2 {main}
  thrown, em /home/u367511854/domains/congressocoramdeo.com/public_html/wp-content/themes/congressocoramdeo/vendor/mercadopago/dx-php/src/MercadoPago/Entity.php, na linha 124

2022-10-29T21:25:39+00:00 CRITICAL Uncaught Exception in /home/u367511854/domains/congressocoramdeo.com/public_html/wp-content/themes/congressocoramdeo/vendor/mercadopago/dx-php/src/MercadoPago/Entity.php:124
Stack trace:
#0 /home/u367511854/domains/congressocoramdeo.com/public_html/wp-content/themes/congressocoramdeo/vendor/mercadopago/dx-php/src/MercadoPago/Entity.php(75): MercadoPago\Entity::read()
#1 /home/u367511854/domains/congressocoramdeo.com/public_html/wp-content/themes/congressocoramdeo/notification.php(19): MercadoPago\Entity::find_by_id()
#2 {main}
  thrown, em /home/u367511854/domains/congressocoramdeo.com/public_html/wp-content/themes/congressocoramdeo/vendor/mercadopago/dx-php/src/MercadoPago/Entity.php, na linha 124

2022-10-29T21:26:07+00:00 CRITICAL Uncaught Exception in /home/u367511854/domains/congressocoramdeo.com/public_html/wp-content/themes/congressocoramdeo/vendor/mercadopago/dx-php/src/MercadoPago/Entity.php:124
Stack trace:
#0 /home/u367511854/domains/congressocoramdeo.com/public_html/wp-content/themes/congressocoramdeo/vendor/mercadopago/dx-php/src/MercadoPago/Entity.php(75): MercadoPago\Entity::read()
#1 /home/u367511854/domains/congressocoramdeo.com/public_html/wp-content/themes/congressocoramdeo/notification.php(19): MercadoPago\Entity::find_by_id()
#2 {main}
  thrown, em /home/u367511854/domains/congressocoramdeo.com/public_html/wp-content/themes/congressocoramdeo/vendor/mercadopago/dx-php/src/MercadoPago/Entity.php, na linha 124

2022-10-29T21:26:10+00:00 CRITICAL Uncaught Exception in /home/u367511854/domains/congressocoramdeo.com/public_html/wp-content/themes/congressocoramdeo/vendor/mercadopago/dx-php/src/MercadoPago/Entity.php:124
Stack trace:
#0 /home/u367511854/domains/congressocoramdeo.com/public_html/wp-content/themes/congressocoramdeo/vendor/mercadopago/dx-php/src/MercadoPago/Entity.php(75): MercadoPago\Entity::read()
#1 /home/u367511854/domains/congressocoramdeo.com/public_html/wp-content/themes/congressocoramdeo/notification.php(19): MercadoPago\Entity::find_by_id()
#2 {main}
  thrown, em /home/u367511854/domains/congressocoramdeo.com/public_html/wp-content/themes/congressocoramdeo/vendor/mercadopago/dx-php/src/MercadoPago/Entity.php, na linha 124

2022-10-29T21:26:27+00:00 CRITICAL Uncaught Exception in /home/u367511854/domains/congressocoramdeo.com/public_html/wp-content/themes/congressocoramdeo/vendor/mercadopago/dx-php/src/MercadoPago/Entity.php:124
Stack trace:
#0 /home/u367511854/domains/congressocoramdeo.com/public_html/wp-content/themes/congressocoramdeo/vendor/mercadopago/dx-php/src/MercadoPago/Entity.php(75): MercadoPago\Entity::read()
#1 /home/u367511854/domains/congressocoramdeo.com/public_html/wp-content/themes/congressocoramdeo/notification.php(19): MercadoPago\Entity::find_by_id()
#2 {main}
  thrown, em /home/u367511854/domains/congressocoramdeo.com/public_html/wp-content/themes/congressocoramdeo/vendor/mercadopago/dx-php/src/MercadoPago/Entity.php, na linha 124

2022-10-29T21:26:36+00:00 CRITICAL Uncaught Exception in /home/u367511854/domains/congressocoramdeo.com/public_html/wp-content/themes/congressocoramdeo/vendor/mercadopago/dx-php/src/MercadoPago/Entity.php:124
Stack trace:
#0 /home/u367511854/domains/congressocoramdeo.com/public_html/wp-content/themes/congressocoramdeo/vendor/mercadopago/dx-php/src/MercadoPago/Entity.php(75): MercadoPago\Entity::read()
#1 /home/u367511854/domains/congressocoramdeo.com/public_html/wp-content/themes/congressocoramdeo/notification.php(19): MercadoPago\Entity::find_by_id()
#2 {main}
  thrown, em /home/u367511854/domains/congressocoramdeo.com/public_html/wp-content/themes/congressocoramdeo/vendor/mercadopago/dx-php/src/MercadoPago/Entity.php, na linha 124

2022-10-29T21:26:41+00:00 CRITICAL Uncaught Exception in /home/u367511854/domains/congressocoramdeo.com/public_html/wp-content/themes/congressocoramdeo/vendor/mercadopago/dx-php/src/MercadoPago/Entity.php:124
Stack trace:
#0 /home/u367511854/domains/congressocoramdeo.com/public_html/wp-content/themes/congressocoramdeo/vendor/mercadopago/dx-php/src/MercadoPago/Entity.php(75): MercadoPago\Entity::read()
#1 /home/u367511854/domains/congressocoramdeo.com/public_html/wp-content/themes/congressocoramdeo/notification.php(19): MercadoPago\Entity::find_by_id()
#2 {main}
  thrown, em /home/u367511854/domains/congressocoramdeo.com/public_html/wp-content/themes/congressocoramdeo/vendor/mercadopago/dx-php/src/MercadoPago/Entity.php, na linha 124

2022-10-29T21:26:53+00:00 CRITICAL Uncaught Exception in /home/u367511854/domains/congressocoramdeo.com/public_html/wp-content/themes/congressocoramdeo/vendor/mercadopago/dx-php/src/MercadoPago/Entity.php:124
Stack trace:
#0 /home/u367511854/domains/congressocoramdeo.com/public_html/wp-content/themes/congressocoramdeo/vendor/mercadopago/dx-php/src/MercadoPago/Entity.php(75): MercadoPago\Entity::read()
#1 /home/u367511854/domains/congressocoramdeo.com/public_html/wp-content/themes/congressocoramdeo/notification.php(19): MercadoPago\Entity::find_by_id()
#2 {main}
  thrown, em /home/u367511854/domains/congressocoramdeo.com/public_html/wp-content/themes/congressocoramdeo/vendor/mercadopago/dx-php/src/MercadoPago/Entity.php, na linha 124

2022-10-29T21:26:58+00:00 CRITICAL Uncaught Exception in /home/u367511854/domains/congressocoramdeo.com/public_html/wp-content/themes/congressocoramdeo/vendor/mercadopago/dx-php/src/MercadoPago/Entity.php:124
Stack trace:
#0 /home/u367511854/domains/congressocoramdeo.com/public_html/wp-content/themes/congressocoramdeo/vendor/mercadopago/dx-php/src/MercadoPago/Entity.php(75): MercadoPago\Entity::read()
#1 /home/u367511854/domains/congressocoramdeo.com/public_html/wp-content/themes/congressocoramdeo/notification.php(19): MercadoPago\Entity::find_by_id()
#2 {main}
  thrown, em /home/u367511854/domains/congressocoramdeo.com/public_html/wp-content/themes/congressocoramdeo/vendor/mercadopago/dx-php/src/MercadoPago/Entity.php, na linha 124

2022-10-29T21:27:14+00:00 CRITICAL Uncaught Exception in /home/u367511854/domains/congressocoramdeo.com/public_html/wp-content/themes/congressocoramdeo/vendor/mercadopago/dx-php/src/MercadoPago/Entity.php:124
Stack trace:
#0 /home/u367511854/domains/congressocoramdeo.com/public_html/wp-content/themes/congressocoramdeo/vendor/mercadopago/dx-php/src/MercadoPago/Entity.php(75): MercadoPago\Entity::read()
#1 /home/u367511854/domains/congressocoramdeo.com/public_html/wp-content/themes/congressocoramdeo/notification.php(19): MercadoPago\Entity::find_by_id()
#2 {main}
  thrown, em /home/u367511854/domains/congressocoramdeo.com/public_html/wp-content/themes/congressocoramdeo/vendor/mercadopago/dx-php/src/MercadoPago/Entity.php, na linha 124

2022-10-29T21:27:16+00:00 CRITICAL Uncaught Exception in /home/u367511854/domains/congressocoramdeo.com/public_html/wp-content/themes/congressocoramdeo/vendor/mercadopago/dx-php/src/MercadoPago/Entity.php:124
Stack trace:
#0 /home/u367511854/domains/congressocoramdeo.com/public_html/wp-content/themes/congressocoramdeo/vendor/mercadopago/dx-php/src/MercadoPago/Entity.php(75): MercadoPago\Entity::read()
#1 /home/u367511854/domains/congressocoramdeo.com/public_html/wp-content/themes/congressocoramdeo/notification.php(19): MercadoPago\Entity::find_by_id()
#2 {main}
  thrown, em /home/u367511854/domains/congressocoramdeo.com/public_html/wp-content/themes/congressocoramdeo/vendor/mercadopago/dx-php/src/MercadoPago/Entity.php, na linha 124

2022-10-29T21:27:20+00:00 CRITICAL Uncaught Exception in /home/u367511854/domains/congressocoramdeo.com/public_html/wp-content/themes/congressocoramdeo/vendor/mercadopago/dx-php/src/MercadoPago/Entity.php:124
Stack trace:
#0 /home/u367511854/domains/congressocoramdeo.com/public_html/wp-content/themes/congressocoramdeo/vendor/mercadopago/dx-php/src/MercadoPago/Entity.php(75): MercadoPago\Entity::read()
#1 /home/u367511854/domains/congressocoramdeo.com/public_html/wp-content/themes/congressocoramdeo/notification.php(19): MercadoPago\Entity::find_by_id()
#2 {main}
  thrown, em /home/u367511854/domains/congressocoramdeo.com/public_html/wp-content/themes/congressocoramdeo/vendor/mercadopago/dx-php/src/MercadoPago/Entity.php, na linha 124

2022-10-29T21:27:38+00:00 CRITICAL Uncaught Exception in /home/u367511854/domains/congressocoramdeo.com/public_html/wp-content/themes/congressocoramdeo/vendor/mercadopago/dx-php/src/MercadoPago/Entity.php:124
Stack trace:
#0 /home/u367511854/domains/congressocoramdeo.com/public_html/wp-content/themes/congressocoramdeo/vendor/mercadopago/dx-php/src/MercadoPago/Entity.php(75): MercadoPago\Entity::read()
#1 /home/u367511854/domains/congressocoramdeo.com/public_html/wp-content/themes/congressocoramdeo/notification.php(19): MercadoPago\Entity::find_by_id()
#2 {main}
  thrown, em /home/u367511854/domains/congressocoramdeo.com/public_html/wp-content/themes/congressocoramdeo/vendor/mercadopago/dx-php/src/MercadoPago/Entity.php, na linha 124

2022-10-29T22:05:34+00:00 CRITICAL Uncaught Exception in /home/u367511854/domains/congressocoramdeo.com/public_html/wp-content/themes/congressocoramdeo/vendor/mercadopago/dx-php/src/MercadoPago/Entity.php:124
Stack trace:
#0 /home/u367511854/domains/congressocoramdeo.com/public_html/wp-content/themes/congressocoramdeo/vendor/mercadopago/dx-php/src/MercadoPago/Entity.php(75): MercadoPago\Entity::read()
#1 /home/u367511854/domains/congressocoramdeo.com/public_html/wp-content/themes/congressocoramdeo/notification.php(19): MercadoPago\Entity::find_by_id()
#2 {main}
  thrown, em /home/u367511854/domains/congressocoramdeo.com/public_html/wp-content/themes/congressocoramdeo/vendor/mercadopago/dx-php/src/MercadoPago/Entity.php, na linha 124

2022-10-29T22:06:28+00:00 CRITICAL Uncaught Exception in /home/u367511854/domains/congressocoramdeo.com/public_html/wp-content/themes/congressocoramdeo/vendor/mercadopago/dx-php/src/MercadoPago/Entity.php:124
Stack trace:
#0 /home/u367511854/domains/congressocoramdeo.com/public_html/wp-content/themes/congressocoramdeo/vendor/mercadopago/dx-php/src/MercadoPago/Entity.php(75): MercadoPago\Entity::read()
#1 /home/u367511854/domains/congressocoramdeo.com/public_html/wp-content/themes/congressocoramdeo/notification.php(19): MercadoPago\Entity::find_by_id()
#2 {main}
  thrown, em /home/u367511854/domains/congressocoramdeo.com/public_html/wp-content/themes/congressocoramdeo/vendor/mercadopago/dx-php/src/MercadoPago/Entity.php, na linha 124

2022-10-29T22:06:48+00:00 CRITICAL Uncaught Exception in /home/u367511854/domains/congressocoramdeo.com/public_html/wp-content/themes/congressocoramdeo/vendor/mercadopago/dx-php/src/MercadoPago/Entity.php:124
Stack trace:
#0 /home/u367511854/domains/congressocoramdeo.com/public_html/wp-content/themes/congressocoramdeo/vendor/mercadopago/dx-php/src/MercadoPago/Entity.php(75): MercadoPago\Entity::read()
#1 /home/u367511854/domains/congressocoramdeo.com/public_html/wp-content/themes/congressocoramdeo/notification.php(19): MercadoPago\Entity::find_by_id()
#2 {main}
  thrown, em /home/u367511854/domains/congressocoramdeo.com/public_html/wp-content/themes/congressocoramdeo/vendor/mercadopago/dx-php/src/MercadoPago/Entity.php, na linha 124

2022-10-29T22:06:58+00:00 CRITICAL Uncaught Exception in /home/u367511854/domains/congressocoramdeo.com/public_html/wp-content/themes/congressocoramdeo/vendor/mercadopago/dx-php/src/MercadoPago/Entity.php:124
Stack trace:
#0 /home/u367511854/domains/congressocoramdeo.com/public_html/wp-content/themes/congressocoramdeo/vendor/mercadopago/dx-php/src/MercadoPago/Entity.php(75): MercadoPago\Entity::read()
#1 /home/u367511854/domains/congressocoramdeo.com/public_html/wp-content/themes/congressocoramdeo/notification.php(19): MercadoPago\Entity::find_by_id()
#2 {main}
  thrown, em /home/u367511854/domains/congressocoramdeo.com/public_html/wp-content/themes/congressocoramdeo/vendor/mercadopago/dx-php/src/MercadoPago/Entity.php, na linha 124

2022-10-29T22:07:13+00:00 CRITICAL Uncaught Exception in /home/u367511854/domains/congressocoramdeo.com/public_html/wp-content/themes/congressocoramdeo/vendor/mercadopago/dx-php/src/MercadoPago/Entity.php:124
Stack trace:
#0 /home/u367511854/domains/congressocoramdeo.com/public_html/wp-content/themes/congressocoramdeo/vendor/mercadopago/dx-php/src/MercadoPago/Entity.php(75): MercadoPago\Entity::read()
#1 /home/u367511854/domains/congressocoramdeo.com/public_html/wp-content/themes/congressocoramdeo/notification.php(19): MercadoPago\Entity::find_by_id()
#2 {main}
  thrown, em /home/u367511854/domains/congressocoramdeo.com/public_html/wp-content/themes/congressocoramdeo/vendor/mercadopago/dx-php/src/MercadoPago/Entity.php, na linha 124

2022-10-29T22:07:13+00:00 CRITICAL Uncaught Exception in /home/u367511854/domains/congressocoramdeo.com/public_html/wp-content/themes/congressocoramdeo/vendor/mercadopago/dx-php/src/MercadoPago/Entity.php:124
Stack trace:
#0 /home/u367511854/domains/congressocoramdeo.com/public_html/wp-content/themes/congressocoramdeo/vendor/mercadopago/dx-php/src/MercadoPago/Entity.php(75): MercadoPago\Entity::read()
#1 /home/u367511854/domains/congressocoramdeo.com/public_html/wp-content/themes/congressocoramdeo/notification.php(19): MercadoPago\Entity::find_by_id()
#2 {main}
  thrown, em /home/u367511854/domains/congressocoramdeo.com/public_html/wp-content/themes/congressocoramdeo/vendor/mercadopago/dx-php/src/MercadoPago/Entity.php, na linha 124

2022-10-29T22:11:15+00:00 CRITICAL Uncaught Exception in /home/u367511854/domains/congressocoramdeo.com/public_html/wp-content/themes/congressocoramdeo/vendor/mercadopago/dx-php/src/MercadoPago/Entity.php:124
Stack trace:
#0 /home/u367511854/domains/congressocoramdeo.com/public_html/wp-content/themes/congressocoramdeo/vendor/mercadopago/dx-php/src/MercadoPago/Entity.php(75): MercadoPago\Entity::read()
#1 /home/u367511854/domains/congressocoramdeo.com/public_html/wp-content/themes/congressocoramdeo/notification.php(19): MercadoPago\Entity::find_by_id()
#2 {main}
  thrown, em /home/u367511854/domains/congressocoramdeo.com/public_html/wp-content/themes/congressocoramdeo/vendor/mercadopago/dx-php/src/MercadoPago/Entity.php, na linha 124

2022-10-29T23:15:50+00:00 CRITICAL Uncaught Exception in /home/u367511854/domains/congressocoramdeo.com/public_html/wp-content/themes/congressocoramdeo/vendor/mercadopago/dx-php/src/MercadoPago/Entity.php:124
Stack trace:
#0 /home/u367511854/domains/congressocoramdeo.com/public_html/wp-content/themes/congressocoramdeo/vendor/mercadopago/dx-php/src/MercadoPago/Entity.php(75): MercadoPago\Entity::read()
#1 /home/u367511854/domains/congressocoramdeo.com/public_html/wp-content/themes/congressocoramdeo/notification.php(19): MercadoPago\Entity::find_by_id()
#2 {main}
  thrown, em /home/u367511854/domains/congressocoramdeo.com/public_html/wp-content/themes/congressocoramdeo/vendor/mercadopago/dx-php/src/MercadoPago/Entity.php, na linha 124

2022-10-29T23:16:44+00:00 CRITICAL Uncaught Exception in /home/u367511854/domains/congressocoramdeo.com/public_html/wp-content/themes/congressocoramdeo/vendor/mercadopago/dx-php/src/MercadoPago/Entity.php:124
Stack trace:
#0 /home/u367511854/domains/congressocoramdeo.com/public_html/wp-content/themes/congressocoramdeo/vendor/mercadopago/dx-php/src/MercadoPago/Entity.php(75): MercadoPago\Entity::read()
#1 /home/u367511854/domains/congressocoramdeo.com/public_html/wp-content/themes/congressocoramdeo/notification.php(19): MercadoPago\Entity::find_by_id()
#2 {main}
  thrown, em /home/u367511854/domains/congressocoramdeo.com/public_html/wp-content/themes/congressocoramdeo/vendor/mercadopago/dx-php/src/MercadoPago/Entity.php, na linha 124

2022-10-29T23:18:10+00:00 CRITICAL Uncaught Exception in /home/u367511854/domains/congressocoramdeo.com/public_html/wp-content/themes/congressocoramdeo/vendor/mercadopago/dx-php/src/MercadoPago/Entity.php:124
Stack trace:
#0 /home/u367511854/domains/congressocoramdeo.com/public_html/wp-content/themes/congressocoramdeo/vendor/mercadopago/dx-php/src/MercadoPago/Entity.php(75): MercadoPago\Entity::read()
#1 /home/u367511854/domains/congressocoramdeo.com/public_html/wp-content/themes/congressocoramdeo/notification.php(19): MercadoPago\Entity::find_by_id()
#2 {main}
  thrown, em /home/u367511854/domains/congressocoramdeo.com/public_html/wp-content/themes/congressocoramdeo/vendor/mercadopago/dx-php/src/MercadoPago/Entity.php, na linha 124

2022-10-29T23:18:19+00:00 CRITICAL Uncaught Exception in /home/u367511854/domains/congressocoramdeo.com/public_html/wp-content/themes/congressocoramdeo/vendor/mercadopago/dx-php/src/MercadoPago/Entity.php:124
Stack trace:
#0 /home/u367511854/domains/congressocoramdeo.com/public_html/wp-content/themes/congressocoramdeo/vendor/mercadopago/dx-php/src/MercadoPago/Entity.php(75): MercadoPago\Entity::read()
#1 /home/u367511854/domains/congressocoramdeo.com/public_html/wp-content/themes/congressocoramdeo/notification.php(19): MercadoPago\Entity::find_by_id()
#2 {main}
  thrown, em /home/u367511854/domains/congressocoramdeo.com/public_html/wp-content/themes/congressocoramdeo/vendor/mercadopago/dx-php/src/MercadoPago/Entity.php, na linha 124

