2022-10-24T13:09:25+00:00 CRITICAL Uncaught Exception in /home/u367511854/domains/congressocoramdeo.com/public_html/wp-content/themes/congressocoramdeo/vendor/mercadopago/dx-php/src/MercadoPago/Entity.php:124
Stack trace:
#0 /home/u367511854/domains/congressocoramdeo.com/public_html/wp-content/themes/congressocoramdeo/vendor/mercadopago/dx-php/src/MercadoPago/Entity.php(75): MercadoPago\Entity::read()
#1 /home/u367511854/domains/congressocoramdeo.com/public_html/wp-content/themes/congressocoramdeo/notification.php(19): MercadoPago\Entity::find_by_id()
#2 {main}
  thrown, em /home/u367511854/domains/congressocoramdeo.com/public_html/wp-content/themes/congressocoramdeo/vendor/mercadopago/dx-php/src/MercadoPago/Entity.php, na linha 124

2022-10-24T13:09:25+00:00 CRITICAL Uncaught Exception in /home/u367511854/domains/congressocoramdeo.com/public_html/wp-content/themes/congressocoramdeo/vendor/mercadopago/dx-php/src/MercadoPago/Entity.php:124
Stack trace:
#0 /home/u367511854/domains/congressocoramdeo.com/public_html/wp-content/themes/congressocoramdeo/vendor/mercadopago/dx-php/src/MercadoPago/Entity.php(75): MercadoPago\Entity::read()
#1 /home/u367511854/domains/congressocoramdeo.com/public_html/wp-content/themes/congressocoramdeo/notification.php(19): MercadoPago\Entity::find_by_id()
#2 {main}
  thrown, em /home/u367511854/domains/congressocoramdeo.com/public_html/wp-content/themes/congressocoramdeo/vendor/mercadopago/dx-php/src/MercadoPago/Entity.php, na linha 124

2022-10-24T13:09:25+00:00 CRITICAL Uncaught Exception in /home/u367511854/domains/congressocoramdeo.com/public_html/wp-content/themes/congressocoramdeo/vendor/mercadopago/dx-php/src/MercadoPago/Entity.php:124
Stack trace:
#0 /home/u367511854/domains/congressocoramdeo.com/public_html/wp-content/themes/congressocoramdeo/vendor/mercadopago/dx-php/src/MercadoPago/Entity.php(75): MercadoPago\Entity::read()
#1 /home/u367511854/domains/congressocoramdeo.com/public_html/wp-content/themes/congressocoramdeo/notification.php(19): MercadoPago\Entity::find_by_id()
#2 {main}
  thrown, em /home/u367511854/domains/congressocoramdeo.com/public_html/wp-content/themes/congressocoramdeo/vendor/mercadopago/dx-php/src/MercadoPago/Entity.php, na linha 124

2022-10-24T13:10:26+00:00 CRITICAL Uncaught Exception in /home/u367511854/domains/congressocoramdeo.com/public_html/wp-content/themes/congressocoramdeo/vendor/mercadopago/dx-php/src/MercadoPago/Entity.php:124
Stack trace:
#0 /home/u367511854/domains/congressocoramdeo.com/public_html/wp-content/themes/congressocoramdeo/vendor/mercadopago/dx-php/src/MercadoPago/Entity.php(75): MercadoPago\Entity::read()
#1 /home/u367511854/domains/congressocoramdeo.com/public_html/wp-content/themes/congressocoramdeo/notification.php(19): MercadoPago\Entity::find_by_id()
#2 {main}
  thrown, em /home/u367511854/domains/congressocoramdeo.com/public_html/wp-content/themes/congressocoramdeo/vendor/mercadopago/dx-php/src/MercadoPago/Entity.php, na linha 124

2022-10-24T13:10:30+00:00 CRITICAL Uncaught Exception in /home/u367511854/domains/congressocoramdeo.com/public_html/wp-content/themes/congressocoramdeo/vendor/mercadopago/dx-php/src/MercadoPago/Entity.php:124
Stack trace:
#0 /home/u367511854/domains/congressocoramdeo.com/public_html/wp-content/themes/congressocoramdeo/vendor/mercadopago/dx-php/src/MercadoPago/Entity.php(75): MercadoPago\Entity::read()
#1 /home/u367511854/domains/congressocoramdeo.com/public_html/wp-content/themes/congressocoramdeo/notification.php(19): MercadoPago\Entity::find_by_id()
#2 {main}
  thrown, em /home/u367511854/domains/congressocoramdeo.com/public_html/wp-content/themes/congressocoramdeo/vendor/mercadopago/dx-php/src/MercadoPago/Entity.php, na linha 124

2022-10-24T13:10:33+00:00 CRITICAL Uncaught Exception in /home/u367511854/domains/congressocoramdeo.com/public_html/wp-content/themes/congressocoramdeo/vendor/mercadopago/dx-php/src/MercadoPago/Entity.php:124
Stack trace:
#0 /home/u367511854/domains/congressocoramdeo.com/public_html/wp-content/themes/congressocoramdeo/vendor/mercadopago/dx-php/src/MercadoPago/Entity.php(75): MercadoPago\Entity::read()
#1 /home/u367511854/domains/congressocoramdeo.com/public_html/wp-content/themes/congressocoramdeo/notification.php(19): MercadoPago\Entity::find_by_id()
#2 {main}
  thrown, em /home/u367511854/domains/congressocoramdeo.com/public_html/wp-content/themes/congressocoramdeo/vendor/mercadopago/dx-php/src/MercadoPago/Entity.php, na linha 124

2022-10-24T13:10:33+00:00 CRITICAL Uncaught Exception in /home/u367511854/domains/congressocoramdeo.com/public_html/wp-content/themes/congressocoramdeo/vendor/mercadopago/dx-php/src/MercadoPago/Entity.php:124
Stack trace:
#0 /home/u367511854/domains/congressocoramdeo.com/public_html/wp-content/themes/congressocoramdeo/vendor/mercadopago/dx-php/src/MercadoPago/Entity.php(75): MercadoPago\Entity::read()
#1 /home/u367511854/domains/congressocoramdeo.com/public_html/wp-content/themes/congressocoramdeo/notification.php(19): MercadoPago\Entity::find_by_id()
#2 {main}
  thrown, em /home/u367511854/domains/congressocoramdeo.com/public_html/wp-content/themes/congressocoramdeo/vendor/mercadopago/dx-php/src/MercadoPago/Entity.php, na linha 124

2022-10-24T13:10:37+00:00 CRITICAL Uncaught Exception in /home/u367511854/domains/congressocoramdeo.com/public_html/wp-content/themes/congressocoramdeo/vendor/mercadopago/dx-php/src/MercadoPago/Entity.php:124
Stack trace:
#0 /home/u367511854/domains/congressocoramdeo.com/public_html/wp-content/themes/congressocoramdeo/vendor/mercadopago/dx-php/src/MercadoPago/Entity.php(75): MercadoPago\Entity::read()
#1 /home/u367511854/domains/congressocoramdeo.com/public_html/wp-content/themes/congressocoramdeo/notification.php(19): MercadoPago\Entity::find_by_id()
#2 {main}
  thrown, em /home/u367511854/domains/congressocoramdeo.com/public_html/wp-content/themes/congressocoramdeo/vendor/mercadopago/dx-php/src/MercadoPago/Entity.php, na linha 124

2022-10-24T13:10:37+00:00 CRITICAL Uncaught Exception in /home/u367511854/domains/congressocoramdeo.com/public_html/wp-content/themes/congressocoramdeo/vendor/mercadopago/dx-php/src/MercadoPago/Entity.php:124
Stack trace:
#0 /home/u367511854/domains/congressocoramdeo.com/public_html/wp-content/themes/congressocoramdeo/vendor/mercadopago/dx-php/src/MercadoPago/Entity.php(75): MercadoPago\Entity::read()
#1 /home/u367511854/domains/congressocoramdeo.com/public_html/wp-content/themes/congressocoramdeo/notification.php(19): MercadoPago\Entity::find_by_id()
#2 {main}
  thrown, em /home/u367511854/domains/congressocoramdeo.com/public_html/wp-content/themes/congressocoramdeo/vendor/mercadopago/dx-php/src/MercadoPago/Entity.php, na linha 124

2022-10-24T13:11:03+00:00 CRITICAL Uncaught Exception in /home/u367511854/domains/congressocoramdeo.com/public_html/wp-content/themes/congressocoramdeo/vendor/mercadopago/dx-php/src/MercadoPago/Entity.php:124
Stack trace:
#0 /home/u367511854/domains/congressocoramdeo.com/public_html/wp-content/themes/congressocoramdeo/vendor/mercadopago/dx-php/src/MercadoPago/Entity.php(75): MercadoPago\Entity::read()
#1 /home/u367511854/domains/congressocoramdeo.com/public_html/wp-content/themes/congressocoramdeo/notification.php(19): MercadoPago\Entity::find_by_id()
#2 {main}
  thrown, em /home/u367511854/domains/congressocoramdeo.com/public_html/wp-content/themes/congressocoramdeo/vendor/mercadopago/dx-php/src/MercadoPago/Entity.php, na linha 124

2022-10-24T13:11:10+00:00 CRITICAL Uncaught Exception in /home/u367511854/domains/congressocoramdeo.com/public_html/wp-content/themes/congressocoramdeo/vendor/mercadopago/dx-php/src/MercadoPago/Entity.php:124
Stack trace:
#0 /home/u367511854/domains/congressocoramdeo.com/public_html/wp-content/themes/congressocoramdeo/vendor/mercadopago/dx-php/src/MercadoPago/Entity.php(75): MercadoPago\Entity::read()
#1 /home/u367511854/domains/congressocoramdeo.com/public_html/wp-content/themes/congressocoramdeo/notification.php(19): MercadoPago\Entity::find_by_id()
#2 {main}
  thrown, em /home/u367511854/domains/congressocoramdeo.com/public_html/wp-content/themes/congressocoramdeo/vendor/mercadopago/dx-php/src/MercadoPago/Entity.php, na linha 124

2022-10-24T13:12:39+00:00 CRITICAL Uncaught Exception in /home/u367511854/domains/congressocoramdeo.com/public_html/wp-content/themes/congressocoramdeo/vendor/mercadopago/dx-php/src/MercadoPago/Entity.php:124
Stack trace:
#0 /home/u367511854/domains/congressocoramdeo.com/public_html/wp-content/themes/congressocoramdeo/vendor/mercadopago/dx-php/src/MercadoPago/Entity.php(75): MercadoPago\Entity::read()
#1 /home/u367511854/domains/congressocoramdeo.com/public_html/wp-content/themes/congressocoramdeo/notification.php(19): MercadoPago\Entity::find_by_id()
#2 {main}
  thrown, em /home/u367511854/domains/congressocoramdeo.com/public_html/wp-content/themes/congressocoramdeo/vendor/mercadopago/dx-php/src/MercadoPago/Entity.php, na linha 124

2022-10-24T13:12:50+00:00 CRITICAL Uncaught Exception in /home/u367511854/domains/congressocoramdeo.com/public_html/wp-content/themes/congressocoramdeo/vendor/mercadopago/dx-php/src/MercadoPago/Entity.php:124
Stack trace:
#0 /home/u367511854/domains/congressocoramdeo.com/public_html/wp-content/themes/congressocoramdeo/vendor/mercadopago/dx-php/src/MercadoPago/Entity.php(75): MercadoPago\Entity::read()
#1 /home/u367511854/domains/congressocoramdeo.com/public_html/wp-content/themes/congressocoramdeo/notification.php(19): MercadoPago\Entity::find_by_id()
#2 {main}
  thrown, em /home/u367511854/domains/congressocoramdeo.com/public_html/wp-content/themes/congressocoramdeo/vendor/mercadopago/dx-php/src/MercadoPago/Entity.php, na linha 124

2022-10-24T13:12:50+00:00 CRITICAL Uncaught Exception in /home/u367511854/domains/congressocoramdeo.com/public_html/wp-content/themes/congressocoramdeo/vendor/mercadopago/dx-php/src/MercadoPago/Entity.php:124
Stack trace:
#0 /home/u367511854/domains/congressocoramdeo.com/public_html/wp-content/themes/congressocoramdeo/vendor/mercadopago/dx-php/src/MercadoPago/Entity.php(75): MercadoPago\Entity::read()
#1 /home/u367511854/domains/congressocoramdeo.com/public_html/wp-content/themes/congressocoramdeo/notification.php(19): MercadoPago\Entity::find_by_id()
#2 {main}
  thrown, em /home/u367511854/domains/congressocoramdeo.com/public_html/wp-content/themes/congressocoramdeo/vendor/mercadopago/dx-php/src/MercadoPago/Entity.php, na linha 124

2022-10-24T13:12:51+00:00 CRITICAL Uncaught Exception in /home/u367511854/domains/congressocoramdeo.com/public_html/wp-content/themes/congressocoramdeo/vendor/mercadopago/dx-php/src/MercadoPago/Entity.php:124
Stack trace:
#0 /home/u367511854/domains/congressocoramdeo.com/public_html/wp-content/themes/congressocoramdeo/vendor/mercadopago/dx-php/src/MercadoPago/Entity.php(75): MercadoPago\Entity::read()
#1 /home/u367511854/domains/congressocoramdeo.com/public_html/wp-content/themes/congressocoramdeo/notification.php(19): MercadoPago\Entity::find_by_id()
#2 {main}
  thrown, em /home/u367511854/domains/congressocoramdeo.com/public_html/wp-content/themes/congressocoramdeo/vendor/mercadopago/dx-php/src/MercadoPago/Entity.php, na linha 124

2022-10-24T13:13:00+00:00 CRITICAL Uncaught Exception in /home/u367511854/domains/congressocoramdeo.com/public_html/wp-content/themes/congressocoramdeo/vendor/mercadopago/dx-php/src/MercadoPago/Entity.php:124
Stack trace:
#0 /home/u367511854/domains/congressocoramdeo.com/public_html/wp-content/themes/congressocoramdeo/vendor/mercadopago/dx-php/src/MercadoPago/Entity.php(75): MercadoPago\Entity::read()
#1 /home/u367511854/domains/congressocoramdeo.com/public_html/wp-content/themes/congressocoramdeo/notification.php(19): MercadoPago\Entity::find_by_id()
#2 {main}
  thrown, em /home/u367511854/domains/congressocoramdeo.com/public_html/wp-content/themes/congressocoramdeo/vendor/mercadopago/dx-php/src/MercadoPago/Entity.php, na linha 124

2022-10-24T13:13:38+00:00 CRITICAL Uncaught Exception in /home/u367511854/domains/congressocoramdeo.com/public_html/wp-content/themes/congressocoramdeo/vendor/mercadopago/dx-php/src/MercadoPago/Entity.php:124
Stack trace:
#0 /home/u367511854/domains/congressocoramdeo.com/public_html/wp-content/themes/congressocoramdeo/vendor/mercadopago/dx-php/src/MercadoPago/Entity.php(75): MercadoPago\Entity::read()
#1 /home/u367511854/domains/congressocoramdeo.com/public_html/wp-content/themes/congressocoramdeo/notification.php(19): MercadoPago\Entity::find_by_id()
#2 {main}
  thrown, em /home/u367511854/domains/congressocoramdeo.com/public_html/wp-content/themes/congressocoramdeo/vendor/mercadopago/dx-php/src/MercadoPago/Entity.php, na linha 124

2022-10-24T13:13:45+00:00 CRITICAL Uncaught Exception in /home/u367511854/domains/congressocoramdeo.com/public_html/wp-content/themes/congressocoramdeo/vendor/mercadopago/dx-php/src/MercadoPago/Entity.php:124
Stack trace:
#0 /home/u367511854/domains/congressocoramdeo.com/public_html/wp-content/themes/congressocoramdeo/vendor/mercadopago/dx-php/src/MercadoPago/Entity.php(75): MercadoPago\Entity::read()
#1 /home/u367511854/domains/congressocoramdeo.com/public_html/wp-content/themes/congressocoramdeo/notification.php(19): MercadoPago\Entity::find_by_id()
#2 {main}
  thrown, em /home/u367511854/domains/congressocoramdeo.com/public_html/wp-content/themes/congressocoramdeo/vendor/mercadopago/dx-php/src/MercadoPago/Entity.php, na linha 124

2022-10-24T13:14:17+00:00 CRITICAL Uncaught Exception in /home/u367511854/domains/congressocoramdeo.com/public_html/wp-content/themes/congressocoramdeo/vendor/mercadopago/dx-php/src/MercadoPago/Entity.php:124
Stack trace:
#0 /home/u367511854/domains/congressocoramdeo.com/public_html/wp-content/themes/congressocoramdeo/vendor/mercadopago/dx-php/src/MercadoPago/Entity.php(75): MercadoPago\Entity::read()
#1 /home/u367511854/domains/congressocoramdeo.com/public_html/wp-content/themes/congressocoramdeo/notification.php(19): MercadoPago\Entity::find_by_id()
#2 {main}
  thrown, em /home/u367511854/domains/congressocoramdeo.com/public_html/wp-content/themes/congressocoramdeo/vendor/mercadopago/dx-php/src/MercadoPago/Entity.php, na linha 124

2022-10-24T13:14:19+00:00 CRITICAL Uncaught Exception in /home/u367511854/domains/congressocoramdeo.com/public_html/wp-content/themes/congressocoramdeo/vendor/mercadopago/dx-php/src/MercadoPago/Entity.php:124
Stack trace:
#0 /home/u367511854/domains/congressocoramdeo.com/public_html/wp-content/themes/congressocoramdeo/vendor/mercadopago/dx-php/src/MercadoPago/Entity.php(75): MercadoPago\Entity::read()
#1 /home/u367511854/domains/congressocoramdeo.com/public_html/wp-content/themes/congressocoramdeo/notification.php(19): MercadoPago\Entity::find_by_id()
#2 {main}
  thrown, em /home/u367511854/domains/congressocoramdeo.com/public_html/wp-content/themes/congressocoramdeo/vendor/mercadopago/dx-php/src/MercadoPago/Entity.php, na linha 124

2022-10-24T13:14:20+00:00 CRITICAL Uncaught Exception in /home/u367511854/domains/congressocoramdeo.com/public_html/wp-content/themes/congressocoramdeo/vendor/mercadopago/dx-php/src/MercadoPago/Entity.php:124
Stack trace:
#0 /home/u367511854/domains/congressocoramdeo.com/public_html/wp-content/themes/congressocoramdeo/vendor/mercadopago/dx-php/src/MercadoPago/Entity.php(75): MercadoPago\Entity::read()
#1 /home/u367511854/domains/congressocoramdeo.com/public_html/wp-content/themes/congressocoramdeo/notification.php(19): MercadoPago\Entity::find_by_id()
#2 {main}
  thrown, em /home/u367511854/domains/congressocoramdeo.com/public_html/wp-content/themes/congressocoramdeo/vendor/mercadopago/dx-php/src/MercadoPago/Entity.php, na linha 124

2022-10-24T13:14:28+00:00 CRITICAL Uncaught Exception in /home/u367511854/domains/congressocoramdeo.com/public_html/wp-content/themes/congressocoramdeo/vendor/mercadopago/dx-php/src/MercadoPago/Entity.php:124
Stack trace:
#0 /home/u367511854/domains/congressocoramdeo.com/public_html/wp-content/themes/congressocoramdeo/vendor/mercadopago/dx-php/src/MercadoPago/Entity.php(75): MercadoPago\Entity::read()
#1 /home/u367511854/domains/congressocoramdeo.com/public_html/wp-content/themes/congressocoramdeo/notification.php(19): MercadoPago\Entity::find_by_id()
#2 {main}
  thrown, em /home/u367511854/domains/congressocoramdeo.com/public_html/wp-content/themes/congressocoramdeo/vendor/mercadopago/dx-php/src/MercadoPago/Entity.php, na linha 124

2022-10-24T13:14:29+00:00 CRITICAL Uncaught Exception in /home/u367511854/domains/congressocoramdeo.com/public_html/wp-content/themes/congressocoramdeo/vendor/mercadopago/dx-php/src/MercadoPago/Entity.php:124
Stack trace:
#0 /home/u367511854/domains/congressocoramdeo.com/public_html/wp-content/themes/congressocoramdeo/vendor/mercadopago/dx-php/src/MercadoPago/Entity.php(75): MercadoPago\Entity::read()
#1 /home/u367511854/domains/congressocoramdeo.com/public_html/wp-content/themes/congressocoramdeo/notification.php(19): MercadoPago\Entity::find_by_id()
#2 {main}
  thrown, em /home/u367511854/domains/congressocoramdeo.com/public_html/wp-content/themes/congressocoramdeo/vendor/mercadopago/dx-php/src/MercadoPago/Entity.php, na linha 124

2022-10-24T13:15:22+00:00 CRITICAL Uncaught Exception in /home/u367511854/domains/congressocoramdeo.com/public_html/wp-content/themes/congressocoramdeo/vendor/mercadopago/dx-php/src/MercadoPago/Entity.php:124
Stack trace:
#0 /home/u367511854/domains/congressocoramdeo.com/public_html/wp-content/themes/congressocoramdeo/vendor/mercadopago/dx-php/src/MercadoPago/Entity.php(75): MercadoPago\Entity::read()
#1 /home/u367511854/domains/congressocoramdeo.com/public_html/wp-content/themes/congressocoramdeo/notification.php(19): MercadoPago\Entity::find_by_id()
#2 {main}
  thrown, em /home/u367511854/domains/congressocoramdeo.com/public_html/wp-content/themes/congressocoramdeo/vendor/mercadopago/dx-php/src/MercadoPago/Entity.php, na linha 124

2022-10-24T13:15:28+00:00 CRITICAL Uncaught Exception in /home/u367511854/domains/congressocoramdeo.com/public_html/wp-content/themes/congressocoramdeo/vendor/mercadopago/dx-php/src/MercadoPago/Entity.php:124
Stack trace:
#0 /home/u367511854/domains/congressocoramdeo.com/public_html/wp-content/themes/congressocoramdeo/vendor/mercadopago/dx-php/src/MercadoPago/Entity.php(75): MercadoPago\Entity::read()
#1 /home/u367511854/domains/congressocoramdeo.com/public_html/wp-content/themes/congressocoramdeo/notification.php(19): MercadoPago\Entity::find_by_id()
#2 {main}
  thrown, em /home/u367511854/domains/congressocoramdeo.com/public_html/wp-content/themes/congressocoramdeo/vendor/mercadopago/dx-php/src/MercadoPago/Entity.php, na linha 124

2022-10-24T13:30:49+00:00 CRITICAL Uncaught Exception in /home/u367511854/domains/congressocoramdeo.com/public_html/wp-content/themes/congressocoramdeo/vendor/mercadopago/dx-php/src/MercadoPago/Entity.php:124
Stack trace:
#0 /home/u367511854/domains/congressocoramdeo.com/public_html/wp-content/themes/congressocoramdeo/vendor/mercadopago/dx-php/src/MercadoPago/Entity.php(75): MercadoPago\Entity::read()
#1 /home/u367511854/domains/congressocoramdeo.com/public_html/wp-content/themes/congressocoramdeo/notification.php(19): MercadoPago\Entity::find_by_id()
#2 {main}
  thrown, em /home/u367511854/domains/congressocoramdeo.com/public_html/wp-content/themes/congressocoramdeo/vendor/mercadopago/dx-php/src/MercadoPago/Entity.php, na linha 124

2022-10-24T13:31:25+00:00 CRITICAL Uncaught Exception in /home/u367511854/domains/congressocoramdeo.com/public_html/wp-content/themes/congressocoramdeo/vendor/mercadopago/dx-php/src/MercadoPago/Entity.php:124
Stack trace:
#0 /home/u367511854/domains/congressocoramdeo.com/public_html/wp-content/themes/congressocoramdeo/vendor/mercadopago/dx-php/src/MercadoPago/Entity.php(75): MercadoPago\Entity::read()
#1 /home/u367511854/domains/congressocoramdeo.com/public_html/wp-content/themes/congressocoramdeo/notification.php(19): MercadoPago\Entity::find_by_id()
#2 {main}
  thrown, em /home/u367511854/domains/congressocoramdeo.com/public_html/wp-content/themes/congressocoramdeo/vendor/mercadopago/dx-php/src/MercadoPago/Entity.php, na linha 124

2022-10-24T13:31:51+00:00 CRITICAL Uncaught Exception in /home/u367511854/domains/congressocoramdeo.com/public_html/wp-content/themes/congressocoramdeo/vendor/mercadopago/dx-php/src/MercadoPago/Entity.php:124
Stack trace:
#0 /home/u367511854/domains/congressocoramdeo.com/public_html/wp-content/themes/congressocoramdeo/vendor/mercadopago/dx-php/src/MercadoPago/Entity.php(75): MercadoPago\Entity::read()
#1 /home/u367511854/domains/congressocoramdeo.com/public_html/wp-content/themes/congressocoramdeo/notification.php(19): MercadoPago\Entity::find_by_id()
#2 {main}
  thrown, em /home/u367511854/domains/congressocoramdeo.com/public_html/wp-content/themes/congressocoramdeo/vendor/mercadopago/dx-php/src/MercadoPago/Entity.php, na linha 124

2022-10-24T13:32:07+00:00 CRITICAL Uncaught Exception in /home/u367511854/domains/congressocoramdeo.com/public_html/wp-content/themes/congressocoramdeo/vendor/mercadopago/dx-php/src/MercadoPago/Entity.php:124
Stack trace:
#0 /home/u367511854/domains/congressocoramdeo.com/public_html/wp-content/themes/congressocoramdeo/vendor/mercadopago/dx-php/src/MercadoPago/Entity.php(75): MercadoPago\Entity::read()
#1 /home/u367511854/domains/congressocoramdeo.com/public_html/wp-content/themes/congressocoramdeo/notification.php(19): MercadoPago\Entity::find_by_id()
#2 {main}
  thrown, em /home/u367511854/domains/congressocoramdeo.com/public_html/wp-content/themes/congressocoramdeo/vendor/mercadopago/dx-php/src/MercadoPago/Entity.php, na linha 124

2022-10-24T13:32:32+00:00 CRITICAL Uncaught Exception in /home/u367511854/domains/congressocoramdeo.com/public_html/wp-content/themes/congressocoramdeo/vendor/mercadopago/dx-php/src/MercadoPago/Entity.php:124
Stack trace:
#0 /home/u367511854/domains/congressocoramdeo.com/public_html/wp-content/themes/congressocoramdeo/vendor/mercadopago/dx-php/src/MercadoPago/Entity.php(75): MercadoPago\Entity::read()
#1 /home/u367511854/domains/congressocoramdeo.com/public_html/wp-content/themes/congressocoramdeo/notification.php(19): MercadoPago\Entity::find_by_id()
#2 {main}
  thrown, em /home/u367511854/domains/congressocoramdeo.com/public_html/wp-content/themes/congressocoramdeo/vendor/mercadopago/dx-php/src/MercadoPago/Entity.php, na linha 124

2022-10-24T13:32:36+00:00 CRITICAL Uncaught Exception in /home/u367511854/domains/congressocoramdeo.com/public_html/wp-content/themes/congressocoramdeo/vendor/mercadopago/dx-php/src/MercadoPago/Entity.php:124
Stack trace:
#0 /home/u367511854/domains/congressocoramdeo.com/public_html/wp-content/themes/congressocoramdeo/vendor/mercadopago/dx-php/src/MercadoPago/Entity.php(75): MercadoPago\Entity::read()
#1 /home/u367511854/domains/congressocoramdeo.com/public_html/wp-content/themes/congressocoramdeo/notification.php(19): MercadoPago\Entity::find_by_id()
#2 {main}
  thrown, em /home/u367511854/domains/congressocoramdeo.com/public_html/wp-content/themes/congressocoramdeo/vendor/mercadopago/dx-php/src/MercadoPago/Entity.php, na linha 124

2022-10-24T13:32:43+00:00 CRITICAL Uncaught Exception in /home/u367511854/domains/congressocoramdeo.com/public_html/wp-content/themes/congressocoramdeo/vendor/mercadopago/dx-php/src/MercadoPago/Entity.php:124
Stack trace:
#0 /home/u367511854/domains/congressocoramdeo.com/public_html/wp-content/themes/congressocoramdeo/vendor/mercadopago/dx-php/src/MercadoPago/Entity.php(75): MercadoPago\Entity::read()
#1 /home/u367511854/domains/congressocoramdeo.com/public_html/wp-content/themes/congressocoramdeo/notification.php(19): MercadoPago\Entity::find_by_id()
#2 {main}
  thrown, em /home/u367511854/domains/congressocoramdeo.com/public_html/wp-content/themes/congressocoramdeo/vendor/mercadopago/dx-php/src/MercadoPago/Entity.php, na linha 124

2022-10-24T13:32:45+00:00 CRITICAL Uncaught Exception in /home/u367511854/domains/congressocoramdeo.com/public_html/wp-content/themes/congressocoramdeo/vendor/mercadopago/dx-php/src/MercadoPago/Entity.php:124
Stack trace:
#0 /home/u367511854/domains/congressocoramdeo.com/public_html/wp-content/themes/congressocoramdeo/vendor/mercadopago/dx-php/src/MercadoPago/Entity.php(75): MercadoPago\Entity::read()
#1 /home/u367511854/domains/congressocoramdeo.com/public_html/wp-content/themes/congressocoramdeo/notification.php(19): MercadoPago\Entity::find_by_id()
#2 {main}
  thrown, em /home/u367511854/domains/congressocoramdeo.com/public_html/wp-content/themes/congressocoramdeo/vendor/mercadopago/dx-php/src/MercadoPago/Entity.php, na linha 124

2022-10-24T13:33:16+00:00 CRITICAL Uncaught Exception in /home/u367511854/domains/congressocoramdeo.com/public_html/wp-content/themes/congressocoramdeo/vendor/mercadopago/dx-php/src/MercadoPago/Entity.php:124
Stack trace:
#0 /home/u367511854/domains/congressocoramdeo.com/public_html/wp-content/themes/congressocoramdeo/vendor/mercadopago/dx-php/src/MercadoPago/Entity.php(75): MercadoPago\Entity::read()
#1 /home/u367511854/domains/congressocoramdeo.com/public_html/wp-content/themes/congressocoramdeo/notification.php(19): MercadoPago\Entity::find_by_id()
#2 {main}
  thrown, em /home/u367511854/domains/congressocoramdeo.com/public_html/wp-content/themes/congressocoramdeo/vendor/mercadopago/dx-php/src/MercadoPago/Entity.php, na linha 124

2022-10-24T13:36:32+00:00 CRITICAL Uncaught Exception in /home/u367511854/domains/congressocoramdeo.com/public_html/wp-content/themes/congressocoramdeo/vendor/mercadopago/dx-php/src/MercadoPago/Entity.php:124
Stack trace:
#0 /home/u367511854/domains/congressocoramdeo.com/public_html/wp-content/themes/congressocoramdeo/vendor/mercadopago/dx-php/src/MercadoPago/Entity.php(75): MercadoPago\Entity::read()
#1 /home/u367511854/domains/congressocoramdeo.com/public_html/wp-content/themes/congressocoramdeo/notification.php(19): MercadoPago\Entity::find_by_id()
#2 {main}
  thrown, em /home/u367511854/domains/congressocoramdeo.com/public_html/wp-content/themes/congressocoramdeo/vendor/mercadopago/dx-php/src/MercadoPago/Entity.php, na linha 124

2022-10-24T14:05:42+00:00 CRITICAL Uncaught Exception in /home/u367511854/domains/congressocoramdeo.com/public_html/wp-content/themes/congressocoramdeo/vendor/mercadopago/dx-php/src/MercadoPago/Entity.php:124
Stack trace:
#0 /home/u367511854/domains/congressocoramdeo.com/public_html/wp-content/themes/congressocoramdeo/vendor/mercadopago/dx-php/src/MercadoPago/Entity.php(75): MercadoPago\Entity::read()
#1 /home/u367511854/domains/congressocoramdeo.com/public_html/wp-content/themes/congressocoramdeo/notification.php(19): MercadoPago\Entity::find_by_id()
#2 {main}
  thrown, em /home/u367511854/domains/congressocoramdeo.com/public_html/wp-content/themes/congressocoramdeo/vendor/mercadopago/dx-php/src/MercadoPago/Entity.php, na linha 124

2022-10-24T14:05:53+00:00 CRITICAL Uncaught Exception in /home/u367511854/domains/congressocoramdeo.com/public_html/wp-content/themes/congressocoramdeo/vendor/mercadopago/dx-php/src/MercadoPago/Entity.php:124
Stack trace:
#0 /home/u367511854/domains/congressocoramdeo.com/public_html/wp-content/themes/congressocoramdeo/vendor/mercadopago/dx-php/src/MercadoPago/Entity.php(75): MercadoPago\Entity::read()
#1 /home/u367511854/domains/congressocoramdeo.com/public_html/wp-content/themes/congressocoramdeo/notification.php(19): MercadoPago\Entity::find_by_id()
#2 {main}
  thrown, em /home/u367511854/domains/congressocoramdeo.com/public_html/wp-content/themes/congressocoramdeo/vendor/mercadopago/dx-php/src/MercadoPago/Entity.php, na linha 124

2022-10-24T14:06:01+00:00 CRITICAL Uncaught Exception in /home/u367511854/domains/congressocoramdeo.com/public_html/wp-content/themes/congressocoramdeo/vendor/mercadopago/dx-php/src/MercadoPago/Entity.php:124
Stack trace:
#0 /home/u367511854/domains/congressocoramdeo.com/public_html/wp-content/themes/congressocoramdeo/vendor/mercadopago/dx-php/src/MercadoPago/Entity.php(75): MercadoPago\Entity::read()
#1 /home/u367511854/domains/congressocoramdeo.com/public_html/wp-content/themes/congressocoramdeo/notification.php(19): MercadoPago\Entity::find_by_id()
#2 {main}
  thrown, em /home/u367511854/domains/congressocoramdeo.com/public_html/wp-content/themes/congressocoramdeo/vendor/mercadopago/dx-php/src/MercadoPago/Entity.php, na linha 124

2022-10-24T14:06:16+00:00 CRITICAL Uncaught Exception in /home/u367511854/domains/congressocoramdeo.com/public_html/wp-content/themes/congressocoramdeo/vendor/mercadopago/dx-php/src/MercadoPago/Entity.php:124
Stack trace:
#0 /home/u367511854/domains/congressocoramdeo.com/public_html/wp-content/themes/congressocoramdeo/vendor/mercadopago/dx-php/src/MercadoPago/Entity.php(75): MercadoPago\Entity::read()
#1 /home/u367511854/domains/congressocoramdeo.com/public_html/wp-content/themes/congressocoramdeo/notification.php(19): MercadoPago\Entity::find_by_id()
#2 {main}
  thrown, em /home/u367511854/domains/congressocoramdeo.com/public_html/wp-content/themes/congressocoramdeo/vendor/mercadopago/dx-php/src/MercadoPago/Entity.php, na linha 124

2022-10-24T14:06:20+00:00 CRITICAL Uncaught Exception in /home/u367511854/domains/congressocoramdeo.com/public_html/wp-content/themes/congressocoramdeo/vendor/mercadopago/dx-php/src/MercadoPago/Entity.php:124
Stack trace:
#0 /home/u367511854/domains/congressocoramdeo.com/public_html/wp-content/themes/congressocoramdeo/vendor/mercadopago/dx-php/src/MercadoPago/Entity.php(75): MercadoPago\Entity::read()
#1 /home/u367511854/domains/congressocoramdeo.com/public_html/wp-content/themes/congressocoramdeo/notification.php(19): MercadoPago\Entity::find_by_id()
#2 {main}
  thrown, em /home/u367511854/domains/congressocoramdeo.com/public_html/wp-content/themes/congressocoramdeo/vendor/mercadopago/dx-php/src/MercadoPago/Entity.php, na linha 124

2022-10-24T14:06:26+00:00 CRITICAL Uncaught Exception in /home/u367511854/domains/congressocoramdeo.com/public_html/wp-content/themes/congressocoramdeo/vendor/mercadopago/dx-php/src/MercadoPago/Entity.php:124
Stack trace:
#0 /home/u367511854/domains/congressocoramdeo.com/public_html/wp-content/themes/congressocoramdeo/vendor/mercadopago/dx-php/src/MercadoPago/Entity.php(75): MercadoPago\Entity::read()
#1 /home/u367511854/domains/congressocoramdeo.com/public_html/wp-content/themes/congressocoramdeo/notification.php(19): MercadoPago\Entity::find_by_id()
#2 {main}
  thrown, em /home/u367511854/domains/congressocoramdeo.com/public_html/wp-content/themes/congressocoramdeo/vendor/mercadopago/dx-php/src/MercadoPago/Entity.php, na linha 124

2022-10-24T14:06:29+00:00 CRITICAL Uncaught Exception in /home/u367511854/domains/congressocoramdeo.com/public_html/wp-content/themes/congressocoramdeo/vendor/mercadopago/dx-php/src/MercadoPago/Entity.php:124
Stack trace:
#0 /home/u367511854/domains/congressocoramdeo.com/public_html/wp-content/themes/congressocoramdeo/vendor/mercadopago/dx-php/src/MercadoPago/Entity.php(75): MercadoPago\Entity::read()
#1 /home/u367511854/domains/congressocoramdeo.com/public_html/wp-content/themes/congressocoramdeo/notification.php(19): MercadoPago\Entity::find_by_id()
#2 {main}
  thrown, em /home/u367511854/domains/congressocoramdeo.com/public_html/wp-content/themes/congressocoramdeo/vendor/mercadopago/dx-php/src/MercadoPago/Entity.php, na linha 124

2022-10-24T14:06:36+00:00 CRITICAL Uncaught Exception in /home/u367511854/domains/congressocoramdeo.com/public_html/wp-content/themes/congressocoramdeo/vendor/mercadopago/dx-php/src/MercadoPago/Entity.php:124
Stack trace:
#0 /home/u367511854/domains/congressocoramdeo.com/public_html/wp-content/themes/congressocoramdeo/vendor/mercadopago/dx-php/src/MercadoPago/Entity.php(75): MercadoPago\Entity::read()
#1 /home/u367511854/domains/congressocoramdeo.com/public_html/wp-content/themes/congressocoramdeo/notification.php(19): MercadoPago\Entity::find_by_id()
#2 {main}
  thrown, em /home/u367511854/domains/congressocoramdeo.com/public_html/wp-content/themes/congressocoramdeo/vendor/mercadopago/dx-php/src/MercadoPago/Entity.php, na linha 124

2022-10-24T14:07:21+00:00 CRITICAL Uncaught Exception in /home/u367511854/domains/congressocoramdeo.com/public_html/wp-content/themes/congressocoramdeo/vendor/mercadopago/dx-php/src/MercadoPago/Entity.php:124
Stack trace:
#0 /home/u367511854/domains/congressocoramdeo.com/public_html/wp-content/themes/congressocoramdeo/vendor/mercadopago/dx-php/src/MercadoPago/Entity.php(75): MercadoPago\Entity::read()
#1 /home/u367511854/domains/congressocoramdeo.com/public_html/wp-content/themes/congressocoramdeo/notification.php(19): MercadoPago\Entity::find_by_id()
#2 {main}
  thrown, em /home/u367511854/domains/congressocoramdeo.com/public_html/wp-content/themes/congressocoramdeo/vendor/mercadopago/dx-php/src/MercadoPago/Entity.php, na linha 124

2022-10-24T14:10:53+00:00 CRITICAL Uncaught Exception in /home/u367511854/domains/congressocoramdeo.com/public_html/wp-content/themes/congressocoramdeo/vendor/mercadopago/dx-php/src/MercadoPago/Entity.php:124
Stack trace:
#0 /home/u367511854/domains/congressocoramdeo.com/public_html/wp-content/themes/congressocoramdeo/vendor/mercadopago/dx-php/src/MercadoPago/Entity.php(75): MercadoPago\Entity::read()
#1 /home/u367511854/domains/congressocoramdeo.com/public_html/wp-content/themes/congressocoramdeo/notification.php(19): MercadoPago\Entity::find_by_id()
#2 {main}
  thrown, em /home/u367511854/domains/congressocoramdeo.com/public_html/wp-content/themes/congressocoramdeo/vendor/mercadopago/dx-php/src/MercadoPago/Entity.php, na linha 124

2022-10-24T18:15:50+00:00 CRITICAL Uncaught Exception in /home/u367511854/domains/congressocoramdeo.com/public_html/wp-content/themes/congressocoramdeo/vendor/mercadopago/dx-php/src/MercadoPago/Entity.php:124
Stack trace:
#0 /home/u367511854/domains/congressocoramdeo.com/public_html/wp-content/themes/congressocoramdeo/vendor/mercadopago/dx-php/src/MercadoPago/Entity.php(75): MercadoPago\Entity::read()
#1 /home/u367511854/domains/congressocoramdeo.com/public_html/wp-content/themes/congressocoramdeo/notification.php(19): MercadoPago\Entity::find_by_id()
#2 {main}
  thrown, em /home/u367511854/domains/congressocoramdeo.com/public_html/wp-content/themes/congressocoramdeo/vendor/mercadopago/dx-php/src/MercadoPago/Entity.php, na linha 124

2022-10-24T18:15:50+00:00 CRITICAL Uncaught Exception in /home/u367511854/domains/congressocoramdeo.com/public_html/wp-content/themes/congressocoramdeo/vendor/mercadopago/dx-php/src/MercadoPago/Entity.php:124
Stack trace:
#0 /home/u367511854/domains/congressocoramdeo.com/public_html/wp-content/themes/congressocoramdeo/vendor/mercadopago/dx-php/src/MercadoPago/Entity.php(75): MercadoPago\Entity::read()
#1 /home/u367511854/domains/congressocoramdeo.com/public_html/wp-content/themes/congressocoramdeo/notification.php(19): MercadoPago\Entity::find_by_id()
#2 {main}
  thrown, em /home/u367511854/domains/congressocoramdeo.com/public_html/wp-content/themes/congressocoramdeo/vendor/mercadopago/dx-php/src/MercadoPago/Entity.php, na linha 124

2022-10-24T18:15:50+00:00 CRITICAL Uncaught Exception in /home/u367511854/domains/congressocoramdeo.com/public_html/wp-content/themes/congressocoramdeo/vendor/mercadopago/dx-php/src/MercadoPago/Entity.php:124
Stack trace:
#0 /home/u367511854/domains/congressocoramdeo.com/public_html/wp-content/themes/congressocoramdeo/vendor/mercadopago/dx-php/src/MercadoPago/Entity.php(75): MercadoPago\Entity::read()
#1 /home/u367511854/domains/congressocoramdeo.com/public_html/wp-content/themes/congressocoramdeo/notification.php(19): MercadoPago\Entity::find_by_id()
#2 {main}
  thrown, em /home/u367511854/domains/congressocoramdeo.com/public_html/wp-content/themes/congressocoramdeo/vendor/mercadopago/dx-php/src/MercadoPago/Entity.php, na linha 124

2022-10-24T18:16:00+00:00 CRITICAL Uncaught Exception in /home/u367511854/domains/congressocoramdeo.com/public_html/wp-content/themes/congressocoramdeo/vendor/mercadopago/dx-php/src/MercadoPago/Entity.php:124
Stack trace:
#0 /home/u367511854/domains/congressocoramdeo.com/public_html/wp-content/themes/congressocoramdeo/vendor/mercadopago/dx-php/src/MercadoPago/Entity.php(75): MercadoPago\Entity::read()
#1 /home/u367511854/domains/congressocoramdeo.com/public_html/wp-content/themes/congressocoramdeo/notification.php(19): MercadoPago\Entity::find_by_id()
#2 {main}
  thrown, em /home/u367511854/domains/congressocoramdeo.com/public_html/wp-content/themes/congressocoramdeo/vendor/mercadopago/dx-php/src/MercadoPago/Entity.php, na linha 124

2022-10-24T18:16:00+00:00 CRITICAL Uncaught Exception in /home/u367511854/domains/congressocoramdeo.com/public_html/wp-content/themes/congressocoramdeo/vendor/mercadopago/dx-php/src/MercadoPago/Entity.php:124
Stack trace:
#0 /home/u367511854/domains/congressocoramdeo.com/public_html/wp-content/themes/congressocoramdeo/vendor/mercadopago/dx-php/src/MercadoPago/Entity.php(75): MercadoPago\Entity::read()
#1 /home/u367511854/domains/congressocoramdeo.com/public_html/wp-content/themes/congressocoramdeo/notification.php(19): MercadoPago\Entity::find_by_id()
#2 {main}
  thrown, em /home/u367511854/domains/congressocoramdeo.com/public_html/wp-content/themes/congressocoramdeo/vendor/mercadopago/dx-php/src/MercadoPago/Entity.php, na linha 124

2022-10-24T18:16:49+00:00 CRITICAL Uncaught Exception in /home/u367511854/domains/congressocoramdeo.com/public_html/wp-content/themes/congressocoramdeo/vendor/mercadopago/dx-php/src/MercadoPago/Entity.php:124
Stack trace:
#0 /home/u367511854/domains/congressocoramdeo.com/public_html/wp-content/themes/congressocoramdeo/vendor/mercadopago/dx-php/src/MercadoPago/Entity.php(75): MercadoPago\Entity::read()
#1 /home/u367511854/domains/congressocoramdeo.com/public_html/wp-content/themes/congressocoramdeo/notification.php(19): MercadoPago\Entity::find_by_id()
#2 {main}
  thrown, em /home/u367511854/domains/congressocoramdeo.com/public_html/wp-content/themes/congressocoramdeo/vendor/mercadopago/dx-php/src/MercadoPago/Entity.php, na linha 124

2022-10-24T18:16:56+00:00 CRITICAL Uncaught Exception in /home/u367511854/domains/congressocoramdeo.com/public_html/wp-content/themes/congressocoramdeo/vendor/mercadopago/dx-php/src/MercadoPago/Entity.php:124
Stack trace:
#0 /home/u367511854/domains/congressocoramdeo.com/public_html/wp-content/themes/congressocoramdeo/vendor/mercadopago/dx-php/src/MercadoPago/Entity.php(75): MercadoPago\Entity::read()
#1 /home/u367511854/domains/congressocoramdeo.com/public_html/wp-content/themes/congressocoramdeo/notification.php(19): MercadoPago\Entity::find_by_id()
#2 {main}
  thrown, em /home/u367511854/domains/congressocoramdeo.com/public_html/wp-content/themes/congressocoramdeo/vendor/mercadopago/dx-php/src/MercadoPago/Entity.php, na linha 124

2022-10-24T18:35:51+00:00 CRITICAL Uncaught Exception in /home/u367511854/domains/congressocoramdeo.com/public_html/wp-content/themes/congressocoramdeo/vendor/mercadopago/dx-php/src/MercadoPago/Entity.php:124
Stack trace:
#0 /home/u367511854/domains/congressocoramdeo.com/public_html/wp-content/themes/congressocoramdeo/vendor/mercadopago/dx-php/src/MercadoPago/Entity.php(75): MercadoPago\Entity::read()
#1 /home/u367511854/domains/congressocoramdeo.com/public_html/wp-content/themes/congressocoramdeo/notification.php(19): MercadoPago\Entity::find_by_id()
#2 {main}
  thrown, em /home/u367511854/domains/congressocoramdeo.com/public_html/wp-content/themes/congressocoramdeo/vendor/mercadopago/dx-php/src/MercadoPago/Entity.php, na linha 124

2022-10-24T18:35:58+00:00 CRITICAL Uncaught Exception in /home/u367511854/domains/congressocoramdeo.com/public_html/wp-content/themes/congressocoramdeo/vendor/mercadopago/dx-php/src/MercadoPago/Entity.php:124
Stack trace:
#0 /home/u367511854/domains/congressocoramdeo.com/public_html/wp-content/themes/congressocoramdeo/vendor/mercadopago/dx-php/src/MercadoPago/Entity.php(75): MercadoPago\Entity::read()
#1 /home/u367511854/domains/congressocoramdeo.com/public_html/wp-content/themes/congressocoramdeo/notification.php(19): MercadoPago\Entity::find_by_id()
#2 {main}
  thrown, em /home/u367511854/domains/congressocoramdeo.com/public_html/wp-content/themes/congressocoramdeo/vendor/mercadopago/dx-php/src/MercadoPago/Entity.php, na linha 124

2022-10-24T18:36:59+00:00 CRITICAL Uncaught Exception in /home/u367511854/domains/congressocoramdeo.com/public_html/wp-content/themes/congressocoramdeo/vendor/mercadopago/dx-php/src/MercadoPago/Entity.php:124
Stack trace:
#0 /home/u367511854/domains/congressocoramdeo.com/public_html/wp-content/themes/congressocoramdeo/vendor/mercadopago/dx-php/src/MercadoPago/Entity.php(75): MercadoPago\Entity::read()
#1 /home/u367511854/domains/congressocoramdeo.com/public_html/wp-content/themes/congressocoramdeo/notification.php(19): MercadoPago\Entity::find_by_id()
#2 {main}
  thrown, em /home/u367511854/domains/congressocoramdeo.com/public_html/wp-content/themes/congressocoramdeo/vendor/mercadopago/dx-php/src/MercadoPago/Entity.php, na linha 124

2022-10-24T19:10:58+00:00 CRITICAL Uncaught Exception in /home/u367511854/domains/congressocoramdeo.com/public_html/wp-content/themes/congressocoramdeo/vendor/mercadopago/dx-php/src/MercadoPago/Entity.php:124
Stack trace:
#0 /home/u367511854/domains/congressocoramdeo.com/public_html/wp-content/themes/congressocoramdeo/vendor/mercadopago/dx-php/src/MercadoPago/Entity.php(75): MercadoPago\Entity::read()
#1 /home/u367511854/domains/congressocoramdeo.com/public_html/wp-content/themes/congressocoramdeo/notification.php(19): MercadoPago\Entity::find_by_id()
#2 {main}
  thrown, em /home/u367511854/domains/congressocoramdeo.com/public_html/wp-content/themes/congressocoramdeo/vendor/mercadopago/dx-php/src/MercadoPago/Entity.php, na linha 124

2022-10-24T19:12:29+00:00 CRITICAL Uncaught Exception in /home/u367511854/domains/congressocoramdeo.com/public_html/wp-content/themes/congressocoramdeo/vendor/mercadopago/dx-php/src/MercadoPago/Entity.php:124
Stack trace:
#0 /home/u367511854/domains/congressocoramdeo.com/public_html/wp-content/themes/congressocoramdeo/vendor/mercadopago/dx-php/src/MercadoPago/Entity.php(75): MercadoPago\Entity::read()
#1 /home/u367511854/domains/congressocoramdeo.com/public_html/wp-content/themes/congressocoramdeo/notification.php(19): MercadoPago\Entity::find_by_id()
#2 {main}
  thrown, em /home/u367511854/domains/congressocoramdeo.com/public_html/wp-content/themes/congressocoramdeo/vendor/mercadopago/dx-php/src/MercadoPago/Entity.php, na linha 124

2022-10-24T20:10:55+00:00 CRITICAL Uncaught Exception in /home/u367511854/domains/congressocoramdeo.com/public_html/wp-content/themes/congressocoramdeo/vendor/mercadopago/dx-php/src/MercadoPago/Entity.php:124
Stack trace:
#0 /home/u367511854/domains/congressocoramdeo.com/public_html/wp-content/themes/congressocoramdeo/vendor/mercadopago/dx-php/src/MercadoPago/Entity.php(75): MercadoPago\Entity::read()
#1 /home/u367511854/domains/congressocoramdeo.com/public_html/wp-content/themes/congressocoramdeo/notification.php(19): MercadoPago\Entity::find_by_id()
#2 {main}
  thrown, em /home/u367511854/domains/congressocoramdeo.com/public_html/wp-content/themes/congressocoramdeo/vendor/mercadopago/dx-php/src/MercadoPago/Entity.php, na linha 124

2022-10-24T20:11:08+00:00 CRITICAL Uncaught Exception in /home/u367511854/domains/congressocoramdeo.com/public_html/wp-content/themes/congressocoramdeo/vendor/mercadopago/dx-php/src/MercadoPago/Entity.php:124
Stack trace:
#0 /home/u367511854/domains/congressocoramdeo.com/public_html/wp-content/themes/congressocoramdeo/vendor/mercadopago/dx-php/src/MercadoPago/Entity.php(75): MercadoPago\Entity::read()
#1 /home/u367511854/domains/congressocoramdeo.com/public_html/wp-content/themes/congressocoramdeo/notification.php(19): MercadoPago\Entity::find_by_id()
#2 {main}
  thrown, em /home/u367511854/domains/congressocoramdeo.com/public_html/wp-content/themes/congressocoramdeo/vendor/mercadopago/dx-php/src/MercadoPago/Entity.php, na linha 124

2022-10-24T20:11:34+00:00 CRITICAL Uncaught Exception in /home/u367511854/domains/congressocoramdeo.com/public_html/wp-content/themes/congressocoramdeo/vendor/mercadopago/dx-php/src/MercadoPago/Entity.php:124
Stack trace:
#0 /home/u367511854/domains/congressocoramdeo.com/public_html/wp-content/themes/congressocoramdeo/vendor/mercadopago/dx-php/src/MercadoPago/Entity.php(75): MercadoPago\Entity::read()
#1 /home/u367511854/domains/congressocoramdeo.com/public_html/wp-content/themes/congressocoramdeo/notification.php(19): MercadoPago\Entity::find_by_id()
#2 {main}
  thrown, em /home/u367511854/domains/congressocoramdeo.com/public_html/wp-content/themes/congressocoramdeo/vendor/mercadopago/dx-php/src/MercadoPago/Entity.php, na linha 124

2022-10-24T20:11:44+00:00 CRITICAL Uncaught Exception in /home/u367511854/domains/congressocoramdeo.com/public_html/wp-content/themes/congressocoramdeo/vendor/mercadopago/dx-php/src/MercadoPago/Entity.php:124
Stack trace:
#0 /home/u367511854/domains/congressocoramdeo.com/public_html/wp-content/themes/congressocoramdeo/vendor/mercadopago/dx-php/src/MercadoPago/Entity.php(75): MercadoPago\Entity::read()
#1 /home/u367511854/domains/congressocoramdeo.com/public_html/wp-content/themes/congressocoramdeo/notification.php(19): MercadoPago\Entity::find_by_id()
#2 {main}
  thrown, em /home/u367511854/domains/congressocoramdeo.com/public_html/wp-content/themes/congressocoramdeo/vendor/mercadopago/dx-php/src/MercadoPago/Entity.php, na linha 124

2022-10-24T20:11:45+00:00 CRITICAL Uncaught Exception in /home/u367511854/domains/congressocoramdeo.com/public_html/wp-content/themes/congressocoramdeo/vendor/mercadopago/dx-php/src/MercadoPago/Entity.php:124
Stack trace:
#0 /home/u367511854/domains/congressocoramdeo.com/public_html/wp-content/themes/congressocoramdeo/vendor/mercadopago/dx-php/src/MercadoPago/Entity.php(75): MercadoPago\Entity::read()
#1 /home/u367511854/domains/congressocoramdeo.com/public_html/wp-content/themes/congressocoramdeo/notification.php(19): MercadoPago\Entity::find_by_id()
#2 {main}
  thrown, em /home/u367511854/domains/congressocoramdeo.com/public_html/wp-content/themes/congressocoramdeo/vendor/mercadopago/dx-php/src/MercadoPago/Entity.php, na linha 124

2022-10-24T20:12:13+00:00 CRITICAL Uncaught Exception in /home/u367511854/domains/congressocoramdeo.com/public_html/wp-content/themes/congressocoramdeo/vendor/mercadopago/dx-php/src/MercadoPago/Entity.php:124
Stack trace:
#0 /home/u367511854/domains/congressocoramdeo.com/public_html/wp-content/themes/congressocoramdeo/vendor/mercadopago/dx-php/src/MercadoPago/Entity.php(75): MercadoPago\Entity::read()
#1 /home/u367511854/domains/congressocoramdeo.com/public_html/wp-content/themes/congressocoramdeo/notification.php(19): MercadoPago\Entity::find_by_id()
#2 {main}
  thrown, em /home/u367511854/domains/congressocoramdeo.com/public_html/wp-content/themes/congressocoramdeo/vendor/mercadopago/dx-php/src/MercadoPago/Entity.php, na linha 124

2022-10-24T20:12:25+00:00 CRITICAL Uncaught Exception in /home/u367511854/domains/congressocoramdeo.com/public_html/wp-content/themes/congressocoramdeo/vendor/mercadopago/dx-php/src/MercadoPago/Entity.php:124
Stack trace:
#0 /home/u367511854/domains/congressocoramdeo.com/public_html/wp-content/themes/congressocoramdeo/vendor/mercadopago/dx-php/src/MercadoPago/Entity.php(75): MercadoPago\Entity::read()
#1 /home/u367511854/domains/congressocoramdeo.com/public_html/wp-content/themes/congressocoramdeo/notification.php(19): MercadoPago\Entity::find_by_id()
#2 {main}
  thrown, em /home/u367511854/domains/congressocoramdeo.com/public_html/wp-content/themes/congressocoramdeo/vendor/mercadopago/dx-php/src/MercadoPago/Entity.php, na linha 124

2022-10-24T20:13:24+00:00 CRITICAL Uncaught Exception in /home/u367511854/domains/congressocoramdeo.com/public_html/wp-content/themes/congressocoramdeo/vendor/mercadopago/dx-php/src/MercadoPago/Entity.php:124
Stack trace:
#0 /home/u367511854/domains/congressocoramdeo.com/public_html/wp-content/themes/congressocoramdeo/vendor/mercadopago/dx-php/src/MercadoPago/Entity.php(75): MercadoPago\Entity::read()
#1 /home/u367511854/domains/congressocoramdeo.com/public_html/wp-content/themes/congressocoramdeo/notification.php(19): MercadoPago\Entity::find_by_id()
#2 {main}
  thrown, em /home/u367511854/domains/congressocoramdeo.com/public_html/wp-content/themes/congressocoramdeo/vendor/mercadopago/dx-php/src/MercadoPago/Entity.php, na linha 124

2022-10-24T20:13:26+00:00 CRITICAL Uncaught Exception in /home/u367511854/domains/congressocoramdeo.com/public_html/wp-content/themes/congressocoramdeo/vendor/mercadopago/dx-php/src/MercadoPago/Entity.php:124
Stack trace:
#0 /home/u367511854/domains/congressocoramdeo.com/public_html/wp-content/themes/congressocoramdeo/vendor/mercadopago/dx-php/src/MercadoPago/Entity.php(75): MercadoPago\Entity::read()
#1 /home/u367511854/domains/congressocoramdeo.com/public_html/wp-content/themes/congressocoramdeo/notification.php(19): MercadoPago\Entity::find_by_id()
#2 {main}
  thrown, em /home/u367511854/domains/congressocoramdeo.com/public_html/wp-content/themes/congressocoramdeo/vendor/mercadopago/dx-php/src/MercadoPago/Entity.php, na linha 124

2022-10-24T20:15:27+00:00 CRITICAL Uncaught Exception in /home/u367511854/domains/congressocoramdeo.com/public_html/wp-content/themes/congressocoramdeo/vendor/mercadopago/dx-php/src/MercadoPago/Entity.php:124
Stack trace:
#0 /home/u367511854/domains/congressocoramdeo.com/public_html/wp-content/themes/congressocoramdeo/vendor/mercadopago/dx-php/src/MercadoPago/Entity.php(75): MercadoPago\Entity::read()
#1 /home/u367511854/domains/congressocoramdeo.com/public_html/wp-content/themes/congressocoramdeo/notification.php(19): MercadoPago\Entity::find_by_id()
#2 {main}
  thrown, em /home/u367511854/domains/congressocoramdeo.com/public_html/wp-content/themes/congressocoramdeo/vendor/mercadopago/dx-php/src/MercadoPago/Entity.php, na linha 124

2022-10-24T20:33:38+00:00 CRITICAL Uncaught Exception in /home/u367511854/domains/congressocoramdeo.com/public_html/wp-content/themes/congressocoramdeo/vendor/mercadopago/dx-php/src/MercadoPago/Entity.php:124
Stack trace:
#0 /home/u367511854/domains/congressocoramdeo.com/public_html/wp-content/themes/congressocoramdeo/vendor/mercadopago/dx-php/src/MercadoPago/Entity.php(75): MercadoPago\Entity::read()
#1 /home/u367511854/domains/congressocoramdeo.com/public_html/wp-content/themes/congressocoramdeo/notification.php(19): MercadoPago\Entity::find_by_id()
#2 {main}
  thrown, em /home/u367511854/domains/congressocoramdeo.com/public_html/wp-content/themes/congressocoramdeo/vendor/mercadopago/dx-php/src/MercadoPago/Entity.php, na linha 124

2022-10-24T20:33:38+00:00 CRITICAL Uncaught Exception in /home/u367511854/domains/congressocoramdeo.com/public_html/wp-content/themes/congressocoramdeo/vendor/mercadopago/dx-php/src/MercadoPago/Entity.php:124
Stack trace:
#0 /home/u367511854/domains/congressocoramdeo.com/public_html/wp-content/themes/congressocoramdeo/vendor/mercadopago/dx-php/src/MercadoPago/Entity.php(75): MercadoPago\Entity::read()
#1 /home/u367511854/domains/congressocoramdeo.com/public_html/wp-content/themes/congressocoramdeo/notification.php(19): MercadoPago\Entity::find_by_id()
#2 {main}
  thrown, em /home/u367511854/domains/congressocoramdeo.com/public_html/wp-content/themes/congressocoramdeo/vendor/mercadopago/dx-php/src/MercadoPago/Entity.php, na linha 124

2022-10-24T20:33:38+00:00 CRITICAL Uncaught Exception in /home/u367511854/domains/congressocoramdeo.com/public_html/wp-content/themes/congressocoramdeo/vendor/mercadopago/dx-php/src/MercadoPago/Entity.php:124
Stack trace:
#0 /home/u367511854/domains/congressocoramdeo.com/public_html/wp-content/themes/congressocoramdeo/vendor/mercadopago/dx-php/src/MercadoPago/Entity.php(75): MercadoPago\Entity::read()
#1 /home/u367511854/domains/congressocoramdeo.com/public_html/wp-content/themes/congressocoramdeo/notification.php(19): MercadoPago\Entity::find_by_id()
#2 {main}
  thrown, em /home/u367511854/domains/congressocoramdeo.com/public_html/wp-content/themes/congressocoramdeo/vendor/mercadopago/dx-php/src/MercadoPago/Entity.php, na linha 124

2022-10-24T20:34:39+00:00 CRITICAL Uncaught Exception in /home/u367511854/domains/congressocoramdeo.com/public_html/wp-content/themes/congressocoramdeo/vendor/mercadopago/dx-php/src/MercadoPago/Entity.php:124
Stack trace:
#0 /home/u367511854/domains/congressocoramdeo.com/public_html/wp-content/themes/congressocoramdeo/vendor/mercadopago/dx-php/src/MercadoPago/Entity.php(75): MercadoPago\Entity::read()
#1 /home/u367511854/domains/congressocoramdeo.com/public_html/wp-content/themes/congressocoramdeo/notification.php(19): MercadoPago\Entity::find_by_id()
#2 {main}
  thrown, em /home/u367511854/domains/congressocoramdeo.com/public_html/wp-content/themes/congressocoramdeo/vendor/mercadopago/dx-php/src/MercadoPago/Entity.php, na linha 124

2022-10-24T20:34:39+00:00 CRITICAL Uncaught Exception in /home/u367511854/domains/congressocoramdeo.com/public_html/wp-content/themes/congressocoramdeo/vendor/mercadopago/dx-php/src/MercadoPago/Entity.php:124
Stack trace:
#0 /home/u367511854/domains/congressocoramdeo.com/public_html/wp-content/themes/congressocoramdeo/vendor/mercadopago/dx-php/src/MercadoPago/Entity.php(75): MercadoPago\Entity::read()
#1 /home/u367511854/domains/congressocoramdeo.com/public_html/wp-content/themes/congressocoramdeo/notification.php(19): MercadoPago\Entity::find_by_id()
#2 {main}
  thrown, em /home/u367511854/domains/congressocoramdeo.com/public_html/wp-content/themes/congressocoramdeo/vendor/mercadopago/dx-php/src/MercadoPago/Entity.php, na linha 124

2022-10-24T20:34:40+00:00 CRITICAL Uncaught Exception in /home/u367511854/domains/congressocoramdeo.com/public_html/wp-content/themes/congressocoramdeo/vendor/mercadopago/dx-php/src/MercadoPago/Entity.php:124
Stack trace:
#0 /home/u367511854/domains/congressocoramdeo.com/public_html/wp-content/themes/congressocoramdeo/vendor/mercadopago/dx-php/src/MercadoPago/Entity.php(75): MercadoPago\Entity::read()
#1 /home/u367511854/domains/congressocoramdeo.com/public_html/wp-content/themes/congressocoramdeo/notification.php(19): MercadoPago\Entity::find_by_id()
#2 {main}
  thrown, em /home/u367511854/domains/congressocoramdeo.com/public_html/wp-content/themes/congressocoramdeo/vendor/mercadopago/dx-php/src/MercadoPago/Entity.php, na linha 124

2022-10-24T20:34:46+00:00 CRITICAL Uncaught Exception in /home/u367511854/domains/congressocoramdeo.com/public_html/wp-content/themes/congressocoramdeo/vendor/mercadopago/dx-php/src/MercadoPago/Entity.php:124
Stack trace:
#0 /home/u367511854/domains/congressocoramdeo.com/public_html/wp-content/themes/congressocoramdeo/vendor/mercadopago/dx-php/src/MercadoPago/Entity.php(75): MercadoPago\Entity::read()
#1 /home/u367511854/domains/congressocoramdeo.com/public_html/wp-content/themes/congressocoramdeo/notification.php(19): MercadoPago\Entity::find_by_id()
#2 {main}
  thrown, em /home/u367511854/domains/congressocoramdeo.com/public_html/wp-content/themes/congressocoramdeo/vendor/mercadopago/dx-php/src/MercadoPago/Entity.php, na linha 124

2022-10-24T20:34:47+00:00 CRITICAL Uncaught Exception in /home/u367511854/domains/congressocoramdeo.com/public_html/wp-content/themes/congressocoramdeo/vendor/mercadopago/dx-php/src/MercadoPago/Entity.php:124
Stack trace:
#0 /home/u367511854/domains/congressocoramdeo.com/public_html/wp-content/themes/congressocoramdeo/vendor/mercadopago/dx-php/src/MercadoPago/Entity.php(75): MercadoPago\Entity::read()
#1 /home/u367511854/domains/congressocoramdeo.com/public_html/wp-content/themes/congressocoramdeo/notification.php(19): MercadoPago\Entity::find_by_id()
#2 {main}
  thrown, em /home/u367511854/domains/congressocoramdeo.com/public_html/wp-content/themes/congressocoramdeo/vendor/mercadopago/dx-php/src/MercadoPago/Entity.php, na linha 124

2022-10-24T20:34:47+00:00 CRITICAL Uncaught Exception in /home/u367511854/domains/congressocoramdeo.com/public_html/wp-content/themes/congressocoramdeo/vendor/mercadopago/dx-php/src/MercadoPago/Entity.php:124
Stack trace:
#0 /home/u367511854/domains/congressocoramdeo.com/public_html/wp-content/themes/congressocoramdeo/vendor/mercadopago/dx-php/src/MercadoPago/Entity.php(75): MercadoPago\Entity::read()
#1 /home/u367511854/domains/congressocoramdeo.com/public_html/wp-content/themes/congressocoramdeo/notification.php(19): MercadoPago\Entity::find_by_id()
#2 {main}
  thrown, em /home/u367511854/domains/congressocoramdeo.com/public_html/wp-content/themes/congressocoramdeo/vendor/mercadopago/dx-php/src/MercadoPago/Entity.php, na linha 124

2022-10-24T20:35:14+00:00 CRITICAL Uncaught Exception in /home/u367511854/domains/congressocoramdeo.com/public_html/wp-content/themes/congressocoramdeo/vendor/mercadopago/dx-php/src/MercadoPago/Entity.php:124
Stack trace:
#0 /home/u367511854/domains/congressocoramdeo.com/public_html/wp-content/themes/congressocoramdeo/vendor/mercadopago/dx-php/src/MercadoPago/Entity.php(75): MercadoPago\Entity::read()
#1 /home/u367511854/domains/congressocoramdeo.com/public_html/wp-content/themes/congressocoramdeo/notification.php(19): MercadoPago\Entity::find_by_id()
#2 {main}
  thrown, em /home/u367511854/domains/congressocoramdeo.com/public_html/wp-content/themes/congressocoramdeo/vendor/mercadopago/dx-php/src/MercadoPago/Entity.php, na linha 124

2022-10-24T20:35:15+00:00 CRITICAL Uncaught Exception in /home/u367511854/domains/congressocoramdeo.com/public_html/wp-content/themes/congressocoramdeo/vendor/mercadopago/dx-php/src/MercadoPago/Entity.php:124
Stack trace:
#0 /home/u367511854/domains/congressocoramdeo.com/public_html/wp-content/themes/congressocoramdeo/vendor/mercadopago/dx-php/src/MercadoPago/Entity.php(75): MercadoPago\Entity::read()
#1 /home/u367511854/domains/congressocoramdeo.com/public_html/wp-content/themes/congressocoramdeo/notification.php(19): MercadoPago\Entity::find_by_id()
#2 {main}
  thrown, em /home/u367511854/domains/congressocoramdeo.com/public_html/wp-content/themes/congressocoramdeo/vendor/mercadopago/dx-php/src/MercadoPago/Entity.php, na linha 124

2022-10-24T20:35:19+00:00 CRITICAL Uncaught Exception in /home/u367511854/domains/congressocoramdeo.com/public_html/wp-content/themes/congressocoramdeo/vendor/mercadopago/dx-php/src/MercadoPago/Entity.php:124
Stack trace:
#0 /home/u367511854/domains/congressocoramdeo.com/public_html/wp-content/themes/congressocoramdeo/vendor/mercadopago/dx-php/src/MercadoPago/Entity.php(75): MercadoPago\Entity::read()
#1 /home/u367511854/domains/congressocoramdeo.com/public_html/wp-content/themes/congressocoramdeo/notification.php(19): MercadoPago\Entity::find_by_id()
#2 {main}
  thrown, em /home/u367511854/domains/congressocoramdeo.com/public_html/wp-content/themes/congressocoramdeo/vendor/mercadopago/dx-php/src/MercadoPago/Entity.php, na linha 124

2022-10-24T20:35:21+00:00 CRITICAL Uncaught Exception in /home/u367511854/domains/congressocoramdeo.com/public_html/wp-content/themes/congressocoramdeo/vendor/mercadopago/dx-php/src/MercadoPago/Entity.php:124
Stack trace:
#0 /home/u367511854/domains/congressocoramdeo.com/public_html/wp-content/themes/congressocoramdeo/vendor/mercadopago/dx-php/src/MercadoPago/Entity.php(75): MercadoPago\Entity::read()
#1 /home/u367511854/domains/congressocoramdeo.com/public_html/wp-content/themes/congressocoramdeo/notification.php(19): MercadoPago\Entity::find_by_id()
#2 {main}
  thrown, em /home/u367511854/domains/congressocoramdeo.com/public_html/wp-content/themes/congressocoramdeo/vendor/mercadopago/dx-php/src/MercadoPago/Entity.php, na linha 124

2022-10-24T20:35:24+00:00 CRITICAL Uncaught Exception in /home/u367511854/domains/congressocoramdeo.com/public_html/wp-content/themes/congressocoramdeo/vendor/mercadopago/dx-php/src/MercadoPago/Entity.php:124
Stack trace:
#0 /home/u367511854/domains/congressocoramdeo.com/public_html/wp-content/themes/congressocoramdeo/vendor/mercadopago/dx-php/src/MercadoPago/Entity.php(75): MercadoPago\Entity::read()
#1 /home/u367511854/domains/congressocoramdeo.com/public_html/wp-content/themes/congressocoramdeo/notification.php(19): MercadoPago\Entity::find_by_id()
#2 {main}
  thrown, em /home/u367511854/domains/congressocoramdeo.com/public_html/wp-content/themes/congressocoramdeo/vendor/mercadopago/dx-php/src/MercadoPago/Entity.php, na linha 124

2022-10-24T20:35:29+00:00 CRITICAL Uncaught Exception in /home/u367511854/domains/congressocoramdeo.com/public_html/wp-content/themes/congressocoramdeo/vendor/mercadopago/dx-php/src/MercadoPago/Entity.php:124
Stack trace:
#0 /home/u367511854/domains/congressocoramdeo.com/public_html/wp-content/themes/congressocoramdeo/vendor/mercadopago/dx-php/src/MercadoPago/Entity.php(75): MercadoPago\Entity::read()
#1 /home/u367511854/domains/congressocoramdeo.com/public_html/wp-content/themes/congressocoramdeo/notification.php(19): MercadoPago\Entity::find_by_id()
#2 {main}
  thrown, em /home/u367511854/domains/congressocoramdeo.com/public_html/wp-content/themes/congressocoramdeo/vendor/mercadopago/dx-php/src/MercadoPago/Entity.php, na linha 124

2022-10-24T20:36:19+00:00 CRITICAL Uncaught Exception in /home/u367511854/domains/congressocoramdeo.com/public_html/wp-content/themes/congressocoramdeo/vendor/mercadopago/dx-php/src/MercadoPago/Entity.php:124
Stack trace:
#0 /home/u367511854/domains/congressocoramdeo.com/public_html/wp-content/themes/congressocoramdeo/vendor/mercadopago/dx-php/src/MercadoPago/Entity.php(75): MercadoPago\Entity::read()
#1 /home/u367511854/domains/congressocoramdeo.com/public_html/wp-content/themes/congressocoramdeo/notification.php(19): MercadoPago\Entity::find_by_id()
#2 {main}
  thrown, em /home/u367511854/domains/congressocoramdeo.com/public_html/wp-content/themes/congressocoramdeo/vendor/mercadopago/dx-php/src/MercadoPago/Entity.php, na linha 124

2022-10-24T20:36:26+00:00 CRITICAL Uncaught Exception in /home/u367511854/domains/congressocoramdeo.com/public_html/wp-content/themes/congressocoramdeo/vendor/mercadopago/dx-php/src/MercadoPago/Entity.php:124
Stack trace:
#0 /home/u367511854/domains/congressocoramdeo.com/public_html/wp-content/themes/congressocoramdeo/vendor/mercadopago/dx-php/src/MercadoPago/Entity.php(75): MercadoPago\Entity::read()
#1 /home/u367511854/domains/congressocoramdeo.com/public_html/wp-content/themes/congressocoramdeo/notification.php(19): MercadoPago\Entity::find_by_id()
#2 {main}
  thrown, em /home/u367511854/domains/congressocoramdeo.com/public_html/wp-content/themes/congressocoramdeo/vendor/mercadopago/dx-php/src/MercadoPago/Entity.php, na linha 124

2022-10-24T20:36:40+00:00 CRITICAL Uncaught Exception in /home/u367511854/domains/congressocoramdeo.com/public_html/wp-content/themes/congressocoramdeo/vendor/mercadopago/dx-php/src/MercadoPago/Entity.php:124
Stack trace:
#0 /home/u367511854/domains/congressocoramdeo.com/public_html/wp-content/themes/congressocoramdeo/vendor/mercadopago/dx-php/src/MercadoPago/Entity.php(75): MercadoPago\Entity::read()
#1 /home/u367511854/domains/congressocoramdeo.com/public_html/wp-content/themes/congressocoramdeo/notification.php(19): MercadoPago\Entity::find_by_id()
#2 {main}
  thrown, em /home/u367511854/domains/congressocoramdeo.com/public_html/wp-content/themes/congressocoramdeo/vendor/mercadopago/dx-php/src/MercadoPago/Entity.php, na linha 124

2022-10-24T20:36:40+00:00 CRITICAL Uncaught Exception in /home/u367511854/domains/congressocoramdeo.com/public_html/wp-content/themes/congressocoramdeo/vendor/mercadopago/dx-php/src/MercadoPago/Entity.php:124
Stack trace:
#0 /home/u367511854/domains/congressocoramdeo.com/public_html/wp-content/themes/congressocoramdeo/vendor/mercadopago/dx-php/src/MercadoPago/Entity.php(75): MercadoPago\Entity::read()
#1 /home/u367511854/domains/congressocoramdeo.com/public_html/wp-content/themes/congressocoramdeo/notification.php(19): MercadoPago\Entity::find_by_id()
#2 {main}
  thrown, em /home/u367511854/domains/congressocoramdeo.com/public_html/wp-content/themes/congressocoramdeo/vendor/mercadopago/dx-php/src/MercadoPago/Entity.php, na linha 124

2022-10-24T20:36:43+00:00 CRITICAL Uncaught Exception in /home/u367511854/domains/congressocoramdeo.com/public_html/wp-content/themes/congressocoramdeo/vendor/mercadopago/dx-php/src/MercadoPago/Entity.php:124
Stack trace:
#0 /home/u367511854/domains/congressocoramdeo.com/public_html/wp-content/themes/congressocoramdeo/vendor/mercadopago/dx-php/src/MercadoPago/Entity.php(75): MercadoPago\Entity::read()
#1 /home/u367511854/domains/congressocoramdeo.com/public_html/wp-content/themes/congressocoramdeo/notification.php(19): MercadoPago\Entity::find_by_id()
#2 {main}
  thrown, em /home/u367511854/domains/congressocoramdeo.com/public_html/wp-content/themes/congressocoramdeo/vendor/mercadopago/dx-php/src/MercadoPago/Entity.php, na linha 124

2022-10-24T20:36:50+00:00 CRITICAL Uncaught Exception in /home/u367511854/domains/congressocoramdeo.com/public_html/wp-content/themes/congressocoramdeo/vendor/mercadopago/dx-php/src/MercadoPago/Entity.php:124
Stack trace:
#0 /home/u367511854/domains/congressocoramdeo.com/public_html/wp-content/themes/congressocoramdeo/vendor/mercadopago/dx-php/src/MercadoPago/Entity.php(75): MercadoPago\Entity::read()
#1 /home/u367511854/domains/congressocoramdeo.com/public_html/wp-content/themes/congressocoramdeo/notification.php(19): MercadoPago\Entity::find_by_id()
#2 {main}
  thrown, em /home/u367511854/domains/congressocoramdeo.com/public_html/wp-content/themes/congressocoramdeo/vendor/mercadopago/dx-php/src/MercadoPago/Entity.php, na linha 124

2022-10-24T20:36:50+00:00 CRITICAL Uncaught Exception in /home/u367511854/domains/congressocoramdeo.com/public_html/wp-content/themes/congressocoramdeo/vendor/mercadopago/dx-php/src/MercadoPago/Entity.php:124
Stack trace:
#0 /home/u367511854/domains/congressocoramdeo.com/public_html/wp-content/themes/congressocoramdeo/vendor/mercadopago/dx-php/src/MercadoPago/Entity.php(75): MercadoPago\Entity::read()
#1 /home/u367511854/domains/congressocoramdeo.com/public_html/wp-content/themes/congressocoramdeo/notification.php(19): MercadoPago\Entity::find_by_id()
#2 {main}
  thrown, em /home/u367511854/domains/congressocoramdeo.com/public_html/wp-content/themes/congressocoramdeo/vendor/mercadopago/dx-php/src/MercadoPago/Entity.php, na linha 124

2022-10-24T20:37:45+00:00 CRITICAL Uncaught Exception in /home/u367511854/domains/congressocoramdeo.com/public_html/wp-content/themes/congressocoramdeo/vendor/mercadopago/dx-php/src/MercadoPago/Entity.php:124
Stack trace:
#0 /home/u367511854/domains/congressocoramdeo.com/public_html/wp-content/themes/congressocoramdeo/vendor/mercadopago/dx-php/src/MercadoPago/Entity.php(75): MercadoPago\Entity::read()
#1 /home/u367511854/domains/congressocoramdeo.com/public_html/wp-content/themes/congressocoramdeo/notification.php(19): MercadoPago\Entity::find_by_id()
#2 {main}
  thrown, em /home/u367511854/domains/congressocoramdeo.com/public_html/wp-content/themes/congressocoramdeo/vendor/mercadopago/dx-php/src/MercadoPago/Entity.php, na linha 124

2022-10-24T20:37:52+00:00 CRITICAL Uncaught Exception in /home/u367511854/domains/congressocoramdeo.com/public_html/wp-content/themes/congressocoramdeo/vendor/mercadopago/dx-php/src/MercadoPago/Entity.php:124
Stack trace:
#0 /home/u367511854/domains/congressocoramdeo.com/public_html/wp-content/themes/congressocoramdeo/vendor/mercadopago/dx-php/src/MercadoPago/Entity.php(75): MercadoPago\Entity::read()
#1 /home/u367511854/domains/congressocoramdeo.com/public_html/wp-content/themes/congressocoramdeo/notification.php(19): MercadoPago\Entity::find_by_id()
#2 {main}
  thrown, em /home/u367511854/domains/congressocoramdeo.com/public_html/wp-content/themes/congressocoramdeo/vendor/mercadopago/dx-php/src/MercadoPago/Entity.php, na linha 124

2022-10-24T20:51:48+00:00 CRITICAL Uncaught Exception in /home/u367511854/domains/congressocoramdeo.com/public_html/wp-content/themes/congressocoramdeo/vendor/mercadopago/dx-php/src/MercadoPago/Entity.php:124
Stack trace:
#0 /home/u367511854/domains/congressocoramdeo.com/public_html/wp-content/themes/congressocoramdeo/vendor/mercadopago/dx-php/src/MercadoPago/Entity.php(75): MercadoPago\Entity::read()
#1 /home/u367511854/domains/congressocoramdeo.com/public_html/wp-content/themes/congressocoramdeo/notification.php(19): MercadoPago\Entity::find_by_id()
#2 {main}
  thrown, em /home/u367511854/domains/congressocoramdeo.com/public_html/wp-content/themes/congressocoramdeo/vendor/mercadopago/dx-php/src/MercadoPago/Entity.php, na linha 124

2022-10-24T20:51:48+00:00 CRITICAL Uncaught Exception in /home/u367511854/domains/congressocoramdeo.com/public_html/wp-content/themes/congressocoramdeo/vendor/mercadopago/dx-php/src/MercadoPago/Entity.php:124
Stack trace:
#0 /home/u367511854/domains/congressocoramdeo.com/public_html/wp-content/themes/congressocoramdeo/vendor/mercadopago/dx-php/src/MercadoPago/Entity.php(75): MercadoPago\Entity::read()
#1 /home/u367511854/domains/congressocoramdeo.com/public_html/wp-content/themes/congressocoramdeo/notification.php(19): MercadoPago\Entity::find_by_id()
#2 {main}
  thrown, em /home/u367511854/domains/congressocoramdeo.com/public_html/wp-content/themes/congressocoramdeo/vendor/mercadopago/dx-php/src/MercadoPago/Entity.php, na linha 124

2022-10-24T20:51:57+00:00 CRITICAL Uncaught Exception in /home/u367511854/domains/congressocoramdeo.com/public_html/wp-content/themes/congressocoramdeo/vendor/mercadopago/dx-php/src/MercadoPago/Entity.php:124
Stack trace:
#0 /home/u367511854/domains/congressocoramdeo.com/public_html/wp-content/themes/congressocoramdeo/vendor/mercadopago/dx-php/src/MercadoPago/Entity.php(75): MercadoPago\Entity::read()
#1 /home/u367511854/domains/congressocoramdeo.com/public_html/wp-content/themes/congressocoramdeo/notification.php(19): MercadoPago\Entity::find_by_id()
#2 {main}
  thrown, em /home/u367511854/domains/congressocoramdeo.com/public_html/wp-content/themes/congressocoramdeo/vendor/mercadopago/dx-php/src/MercadoPago/Entity.php, na linha 124

2022-10-24T20:55:14+00:00 CRITICAL Uncaught Exception in /home/u367511854/domains/congressocoramdeo.com/public_html/wp-content/themes/congressocoramdeo/vendor/mercadopago/dx-php/src/MercadoPago/Entity.php:124
Stack trace:
#0 /home/u367511854/domains/congressocoramdeo.com/public_html/wp-content/themes/congressocoramdeo/vendor/mercadopago/dx-php/src/MercadoPago/Entity.php(75): MercadoPago\Entity::read()
#1 /home/u367511854/domains/congressocoramdeo.com/public_html/wp-content/themes/congressocoramdeo/notification.php(19): MercadoPago\Entity::find_by_id()
#2 {main}
  thrown, em /home/u367511854/domains/congressocoramdeo.com/public_html/wp-content/themes/congressocoramdeo/vendor/mercadopago/dx-php/src/MercadoPago/Entity.php, na linha 124

2022-10-24T20:55:15+00:00 CRITICAL Uncaught Exception in /home/u367511854/domains/congressocoramdeo.com/public_html/wp-content/themes/congressocoramdeo/vendor/mercadopago/dx-php/src/MercadoPago/Entity.php:124
Stack trace:
#0 /home/u367511854/domains/congressocoramdeo.com/public_html/wp-content/themes/congressocoramdeo/vendor/mercadopago/dx-php/src/MercadoPago/Entity.php(75): MercadoPago\Entity::read()
#1 /home/u367511854/domains/congressocoramdeo.com/public_html/wp-content/themes/congressocoramdeo/notification.php(19): MercadoPago\Entity::find_by_id()
#2 {main}
  thrown, em /home/u367511854/domains/congressocoramdeo.com/public_html/wp-content/themes/congressocoramdeo/vendor/mercadopago/dx-php/src/MercadoPago/Entity.php, na linha 124

2022-10-24T20:55:19+00:00 CRITICAL Uncaught Exception in /home/u367511854/domains/congressocoramdeo.com/public_html/wp-content/themes/congressocoramdeo/vendor/mercadopago/dx-php/src/MercadoPago/Entity.php:124
Stack trace:
#0 /home/u367511854/domains/congressocoramdeo.com/public_html/wp-content/themes/congressocoramdeo/vendor/mercadopago/dx-php/src/MercadoPago/Entity.php(75): MercadoPago\Entity::read()
#1 /home/u367511854/domains/congressocoramdeo.com/public_html/wp-content/themes/congressocoramdeo/notification.php(19): MercadoPago\Entity::find_by_id()
#2 {main}
  thrown, em /home/u367511854/domains/congressocoramdeo.com/public_html/wp-content/themes/congressocoramdeo/vendor/mercadopago/dx-php/src/MercadoPago/Entity.php, na linha 124

2022-10-24T20:56:12+00:00 CRITICAL Uncaught Exception in /home/u367511854/domains/congressocoramdeo.com/public_html/wp-content/themes/congressocoramdeo/vendor/mercadopago/dx-php/src/MercadoPago/Entity.php:124
Stack trace:
#0 /home/u367511854/domains/congressocoramdeo.com/public_html/wp-content/themes/congressocoramdeo/vendor/mercadopago/dx-php/src/MercadoPago/Entity.php(75): MercadoPago\Entity::read()
#1 /home/u367511854/domains/congressocoramdeo.com/public_html/wp-content/themes/congressocoramdeo/notification.php(19): MercadoPago\Entity::find_by_id()
#2 {main}
  thrown, em /home/u367511854/domains/congressocoramdeo.com/public_html/wp-content/themes/congressocoramdeo/vendor/mercadopago/dx-php/src/MercadoPago/Entity.php, na linha 124

2022-10-24T20:57:32+00:00 CRITICAL Uncaught Exception in /home/u367511854/domains/congressocoramdeo.com/public_html/wp-content/themes/congressocoramdeo/vendor/mercadopago/dx-php/src/MercadoPago/Entity.php:124
Stack trace:
#0 /home/u367511854/domains/congressocoramdeo.com/public_html/wp-content/themes/congressocoramdeo/vendor/mercadopago/dx-php/src/MercadoPago/Entity.php(75): MercadoPago\Entity::read()
#1 /home/u367511854/domains/congressocoramdeo.com/public_html/wp-content/themes/congressocoramdeo/notification.php(19): MercadoPago\Entity::find_by_id()
#2 {main}
  thrown, em /home/u367511854/domains/congressocoramdeo.com/public_html/wp-content/themes/congressocoramdeo/vendor/mercadopago/dx-php/src/MercadoPago/Entity.php, na linha 124

2022-10-24T20:57:32+00:00 CRITICAL Uncaught Exception in /home/u367511854/domains/congressocoramdeo.com/public_html/wp-content/themes/congressocoramdeo/vendor/mercadopago/dx-php/src/MercadoPago/Entity.php:124
Stack trace:
#0 /home/u367511854/domains/congressocoramdeo.com/public_html/wp-content/themes/congressocoramdeo/vendor/mercadopago/dx-php/src/MercadoPago/Entity.php(75): MercadoPago\Entity::read()
#1 /home/u367511854/domains/congressocoramdeo.com/public_html/wp-content/themes/congressocoramdeo/notification.php(19): MercadoPago\Entity::find_by_id()
#2 {main}
  thrown, em /home/u367511854/domains/congressocoramdeo.com/public_html/wp-content/themes/congressocoramdeo/vendor/mercadopago/dx-php/src/MercadoPago/Entity.php, na linha 124

2022-10-24T20:57:48+00:00 CRITICAL Uncaught Exception in /home/u367511854/domains/congressocoramdeo.com/public_html/wp-content/themes/congressocoramdeo/vendor/mercadopago/dx-php/src/MercadoPago/Entity.php:124
Stack trace:
#0 /home/u367511854/domains/congressocoramdeo.com/public_html/wp-content/themes/congressocoramdeo/vendor/mercadopago/dx-php/src/MercadoPago/Entity.php(75): MercadoPago\Entity::read()
#1 /home/u367511854/domains/congressocoramdeo.com/public_html/wp-content/themes/congressocoramdeo/notification.php(19): MercadoPago\Entity::find_by_id()
#2 {main}
  thrown, em /home/u367511854/domains/congressocoramdeo.com/public_html/wp-content/themes/congressocoramdeo/vendor/mercadopago/dx-php/src/MercadoPago/Entity.php, na linha 124

2022-10-24T21:25:52+00:00 CRITICAL Uncaught Exception in /home/u367511854/domains/congressocoramdeo.com/public_html/wp-content/themes/congressocoramdeo/vendor/mercadopago/dx-php/src/MercadoPago/Entity.php:124
Stack trace:
#0 /home/u367511854/domains/congressocoramdeo.com/public_html/wp-content/themes/congressocoramdeo/vendor/mercadopago/dx-php/src/MercadoPago/Entity.php(75): MercadoPago\Entity::read()
#1 /home/u367511854/domains/congressocoramdeo.com/public_html/wp-content/themes/congressocoramdeo/notification.php(19): MercadoPago\Entity::find_by_id()
#2 {main}
  thrown, em /home/u367511854/domains/congressocoramdeo.com/public_html/wp-content/themes/congressocoramdeo/vendor/mercadopago/dx-php/src/MercadoPago/Entity.php, na linha 124

2022-10-24T21:26:15+00:00 CRITICAL Uncaught Exception in /home/u367511854/domains/congressocoramdeo.com/public_html/wp-content/themes/congressocoramdeo/vendor/mercadopago/dx-php/src/MercadoPago/Entity.php:124
Stack trace:
#0 /home/u367511854/domains/congressocoramdeo.com/public_html/wp-content/themes/congressocoramdeo/vendor/mercadopago/dx-php/src/MercadoPago/Entity.php(75): MercadoPago\Entity::read()
#1 /home/u367511854/domains/congressocoramdeo.com/public_html/wp-content/themes/congressocoramdeo/notification.php(19): MercadoPago\Entity::find_by_id()
#2 {main}
  thrown, em /home/u367511854/domains/congressocoramdeo.com/public_html/wp-content/themes/congressocoramdeo/vendor/mercadopago/dx-php/src/MercadoPago/Entity.php, na linha 124

2022-10-24T21:27:05+00:00 CRITICAL Uncaught Exception in /home/u367511854/domains/congressocoramdeo.com/public_html/wp-content/themes/congressocoramdeo/vendor/mercadopago/dx-php/src/MercadoPago/Entity.php:124
Stack trace:
#0 /home/u367511854/domains/congressocoramdeo.com/public_html/wp-content/themes/congressocoramdeo/vendor/mercadopago/dx-php/src/MercadoPago/Entity.php(75): MercadoPago\Entity::read()
#1 /home/u367511854/domains/congressocoramdeo.com/public_html/wp-content/themes/congressocoramdeo/notification.php(19): MercadoPago\Entity::find_by_id()
#2 {main}
  thrown, em /home/u367511854/domains/congressocoramdeo.com/public_html/wp-content/themes/congressocoramdeo/vendor/mercadopago/dx-php/src/MercadoPago/Entity.php, na linha 124

2022-10-24T21:30:29+00:00 CRITICAL Uncaught Exception in /home/u367511854/domains/congressocoramdeo.com/public_html/wp-content/themes/congressocoramdeo/vendor/mercadopago/dx-php/src/MercadoPago/Entity.php:124
Stack trace:
#0 /home/u367511854/domains/congressocoramdeo.com/public_html/wp-content/themes/congressocoramdeo/vendor/mercadopago/dx-php/src/MercadoPago/Entity.php(75): MercadoPago\Entity::read()
#1 /home/u367511854/domains/congressocoramdeo.com/public_html/wp-content/themes/congressocoramdeo/notification.php(19): MercadoPago\Entity::find_by_id()
#2 {main}
  thrown, em /home/u367511854/domains/congressocoramdeo.com/public_html/wp-content/themes/congressocoramdeo/vendor/mercadopago/dx-php/src/MercadoPago/Entity.php, na linha 124

2022-10-24T21:30:29+00:00 CRITICAL Uncaught Exception in /home/u367511854/domains/congressocoramdeo.com/public_html/wp-content/themes/congressocoramdeo/vendor/mercadopago/dx-php/src/MercadoPago/Entity.php:124
Stack trace:
#0 /home/u367511854/domains/congressocoramdeo.com/public_html/wp-content/themes/congressocoramdeo/vendor/mercadopago/dx-php/src/MercadoPago/Entity.php(75): MercadoPago\Entity::read()
#1 /home/u367511854/domains/congressocoramdeo.com/public_html/wp-content/themes/congressocoramdeo/notification.php(19): MercadoPago\Entity::find_by_id()
#2 {main}
  thrown, em /home/u367511854/domains/congressocoramdeo.com/public_html/wp-content/themes/congressocoramdeo/vendor/mercadopago/dx-php/src/MercadoPago/Entity.php, na linha 124

2022-10-24T21:30:45+00:00 CRITICAL Uncaught Exception in /home/u367511854/domains/congressocoramdeo.com/public_html/wp-content/themes/congressocoramdeo/vendor/mercadopago/dx-php/src/MercadoPago/Entity.php:124
Stack trace:
#0 /home/u367511854/domains/congressocoramdeo.com/public_html/wp-content/themes/congressocoramdeo/vendor/mercadopago/dx-php/src/MercadoPago/Entity.php(75): MercadoPago\Entity::read()
#1 /home/u367511854/domains/congressocoramdeo.com/public_html/wp-content/themes/congressocoramdeo/notification.php(19): MercadoPago\Entity::find_by_id()
#2 {main}
  thrown, em /home/u367511854/domains/congressocoramdeo.com/public_html/wp-content/themes/congressocoramdeo/vendor/mercadopago/dx-php/src/MercadoPago/Entity.php, na linha 124

2022-10-24T21:31:34+00:00 CRITICAL Uncaught Exception in /home/u367511854/domains/congressocoramdeo.com/public_html/wp-content/themes/congressocoramdeo/vendor/mercadopago/dx-php/src/MercadoPago/Entity.php:124
Stack trace:
#0 /home/u367511854/domains/congressocoramdeo.com/public_html/wp-content/themes/congressocoramdeo/vendor/mercadopago/dx-php/src/MercadoPago/Entity.php(75): MercadoPago\Entity::read()
#1 /home/u367511854/domains/congressocoramdeo.com/public_html/wp-content/themes/congressocoramdeo/notification.php(19): MercadoPago\Entity::find_by_id()
#2 {main}
  thrown, em /home/u367511854/domains/congressocoramdeo.com/public_html/wp-content/themes/congressocoramdeo/vendor/mercadopago/dx-php/src/MercadoPago/Entity.php, na linha 124

2022-10-24T21:31:53+00:00 CRITICAL Uncaught Exception in /home/u367511854/domains/congressocoramdeo.com/public_html/wp-content/themes/congressocoramdeo/vendor/mercadopago/dx-php/src/MercadoPago/Entity.php:124
Stack trace:
#0 /home/u367511854/domains/congressocoramdeo.com/public_html/wp-content/themes/congressocoramdeo/vendor/mercadopago/dx-php/src/MercadoPago/Entity.php(75): MercadoPago\Entity::read()
#1 /home/u367511854/domains/congressocoramdeo.com/public_html/wp-content/themes/congressocoramdeo/notification.php(19): MercadoPago\Entity::find_by_id()
#2 {main}
  thrown, em /home/u367511854/domains/congressocoramdeo.com/public_html/wp-content/themes/congressocoramdeo/vendor/mercadopago/dx-php/src/MercadoPago/Entity.php, na linha 124

2022-10-24T21:32:13+00:00 CRITICAL Uncaught Exception in /home/u367511854/domains/congressocoramdeo.com/public_html/wp-content/themes/congressocoramdeo/vendor/mercadopago/dx-php/src/MercadoPago/Entity.php:124
Stack trace:
#0 /home/u367511854/domains/congressocoramdeo.com/public_html/wp-content/themes/congressocoramdeo/vendor/mercadopago/dx-php/src/MercadoPago/Entity.php(75): MercadoPago\Entity::read()
#1 /home/u367511854/domains/congressocoramdeo.com/public_html/wp-content/themes/congressocoramdeo/notification.php(19): MercadoPago\Entity::find_by_id()
#2 {main}
  thrown, em /home/u367511854/domains/congressocoramdeo.com/public_html/wp-content/themes/congressocoramdeo/vendor/mercadopago/dx-php/src/MercadoPago/Entity.php, na linha 124

2022-10-24T21:32:39+00:00 CRITICAL Uncaught Exception in /home/u367511854/domains/congressocoramdeo.com/public_html/wp-content/themes/congressocoramdeo/vendor/mercadopago/dx-php/src/MercadoPago/Entity.php:124
Stack trace:
#0 /home/u367511854/domains/congressocoramdeo.com/public_html/wp-content/themes/congressocoramdeo/vendor/mercadopago/dx-php/src/MercadoPago/Entity.php(75): MercadoPago\Entity::read()
#1 /home/u367511854/domains/congressocoramdeo.com/public_html/wp-content/themes/congressocoramdeo/notification.php(19): MercadoPago\Entity::find_by_id()
#2 {main}
  thrown, em /home/u367511854/domains/congressocoramdeo.com/public_html/wp-content/themes/congressocoramdeo/vendor/mercadopago/dx-php/src/MercadoPago/Entity.php, na linha 124

2022-10-24T21:32:43+00:00 CRITICAL Uncaught Exception in /home/u367511854/domains/congressocoramdeo.com/public_html/wp-content/themes/congressocoramdeo/vendor/mercadopago/dx-php/src/MercadoPago/Entity.php:124
Stack trace:
#0 /home/u367511854/domains/congressocoramdeo.com/public_html/wp-content/themes/congressocoramdeo/vendor/mercadopago/dx-php/src/MercadoPago/Entity.php(75): MercadoPago\Entity::read()
#1 /home/u367511854/domains/congressocoramdeo.com/public_html/wp-content/themes/congressocoramdeo/notification.php(19): MercadoPago\Entity::find_by_id()
#2 {main}
  thrown, em /home/u367511854/domains/congressocoramdeo.com/public_html/wp-content/themes/congressocoramdeo/vendor/mercadopago/dx-php/src/MercadoPago/Entity.php, na linha 124

2022-10-24T21:40:58+00:00 CRITICAL Uncaught Exception in /home/u367511854/domains/congressocoramdeo.com/public_html/wp-content/themes/congressocoramdeo/vendor/mercadopago/dx-php/src/MercadoPago/Entity.php:124
Stack trace:
#0 /home/u367511854/domains/congressocoramdeo.com/public_html/wp-content/themes/congressocoramdeo/vendor/mercadopago/dx-php/src/MercadoPago/Entity.php(75): MercadoPago\Entity::read()
#1 /home/u367511854/domains/congressocoramdeo.com/public_html/wp-content/themes/congressocoramdeo/notification.php(19): MercadoPago\Entity::find_by_id()
#2 {main}
  thrown, em /home/u367511854/domains/congressocoramdeo.com/public_html/wp-content/themes/congressocoramdeo/vendor/mercadopago/dx-php/src/MercadoPago/Entity.php, na linha 124

2022-10-24T21:40:58+00:00 CRITICAL Uncaught Exception in /home/u367511854/domains/congressocoramdeo.com/public_html/wp-content/themes/congressocoramdeo/vendor/mercadopago/dx-php/src/MercadoPago/Entity.php:124
Stack trace:
#0 /home/u367511854/domains/congressocoramdeo.com/public_html/wp-content/themes/congressocoramdeo/vendor/mercadopago/dx-php/src/MercadoPago/Entity.php(75): MercadoPago\Entity::read()
#1 /home/u367511854/domains/congressocoramdeo.com/public_html/wp-content/themes/congressocoramdeo/notification.php(19): MercadoPago\Entity::find_by_id()
#2 {main}
  thrown, em /home/u367511854/domains/congressocoramdeo.com/public_html/wp-content/themes/congressocoramdeo/vendor/mercadopago/dx-php/src/MercadoPago/Entity.php, na linha 124

2022-10-24T21:40:59+00:00 CRITICAL Uncaught Exception in /home/u367511854/domains/congressocoramdeo.com/public_html/wp-content/themes/congressocoramdeo/vendor/mercadopago/dx-php/src/MercadoPago/Entity.php:124
Stack trace:
#0 /home/u367511854/domains/congressocoramdeo.com/public_html/wp-content/themes/congressocoramdeo/vendor/mercadopago/dx-php/src/MercadoPago/Entity.php(75): MercadoPago\Entity::read()
#1 /home/u367511854/domains/congressocoramdeo.com/public_html/wp-content/themes/congressocoramdeo/notification.php(19): MercadoPago\Entity::find_by_id()
#2 {main}
  thrown, em /home/u367511854/domains/congressocoramdeo.com/public_html/wp-content/themes/congressocoramdeo/vendor/mercadopago/dx-php/src/MercadoPago/Entity.php, na linha 124

2022-10-24T21:41:08+00:00 CRITICAL Uncaught Exception in /home/u367511854/domains/congressocoramdeo.com/public_html/wp-content/themes/congressocoramdeo/vendor/mercadopago/dx-php/src/MercadoPago/Entity.php:124
Stack trace:
#0 /home/u367511854/domains/congressocoramdeo.com/public_html/wp-content/themes/congressocoramdeo/vendor/mercadopago/dx-php/src/MercadoPago/Entity.php(75): MercadoPago\Entity::read()
#1 /home/u367511854/domains/congressocoramdeo.com/public_html/wp-content/themes/congressocoramdeo/notification.php(19): MercadoPago\Entity::find_by_id()
#2 {main}
  thrown, em /home/u367511854/domains/congressocoramdeo.com/public_html/wp-content/themes/congressocoramdeo/vendor/mercadopago/dx-php/src/MercadoPago/Entity.php, na linha 124

2022-10-24T21:41:09+00:00 CRITICAL Uncaught Exception in /home/u367511854/domains/congressocoramdeo.com/public_html/wp-content/themes/congressocoramdeo/vendor/mercadopago/dx-php/src/MercadoPago/Entity.php:124
Stack trace:
#0 /home/u367511854/domains/congressocoramdeo.com/public_html/wp-content/themes/congressocoramdeo/vendor/mercadopago/dx-php/src/MercadoPago/Entity.php(75): MercadoPago\Entity::read()
#1 /home/u367511854/domains/congressocoramdeo.com/public_html/wp-content/themes/congressocoramdeo/notification.php(19): MercadoPago\Entity::find_by_id()
#2 {main}
  thrown, em /home/u367511854/domains/congressocoramdeo.com/public_html/wp-content/themes/congressocoramdeo/vendor/mercadopago/dx-php/src/MercadoPago/Entity.php, na linha 124

2022-10-24T21:42:00+00:00 CRITICAL Uncaught Exception in /home/u367511854/domains/congressocoramdeo.com/public_html/wp-content/themes/congressocoramdeo/vendor/mercadopago/dx-php/src/MercadoPago/Entity.php:124
Stack trace:
#0 /home/u367511854/domains/congressocoramdeo.com/public_html/wp-content/themes/congressocoramdeo/vendor/mercadopago/dx-php/src/MercadoPago/Entity.php(75): MercadoPago\Entity::read()
#1 /home/u367511854/domains/congressocoramdeo.com/public_html/wp-content/themes/congressocoramdeo/notification.php(19): MercadoPago\Entity::find_by_id()
#2 {main}
  thrown, em /home/u367511854/domains/congressocoramdeo.com/public_html/wp-content/themes/congressocoramdeo/vendor/mercadopago/dx-php/src/MercadoPago/Entity.php, na linha 124

2022-10-24T21:42:08+00:00 CRITICAL Uncaught Exception in /home/u367511854/domains/congressocoramdeo.com/public_html/wp-content/themes/congressocoramdeo/vendor/mercadopago/dx-php/src/MercadoPago/Entity.php:124
Stack trace:
#0 /home/u367511854/domains/congressocoramdeo.com/public_html/wp-content/themes/congressocoramdeo/vendor/mercadopago/dx-php/src/MercadoPago/Entity.php(75): MercadoPago\Entity::read()
#1 /home/u367511854/domains/congressocoramdeo.com/public_html/wp-content/themes/congressocoramdeo/notification.php(19): MercadoPago\Entity::find_by_id()
#2 {main}
  thrown, em /home/u367511854/domains/congressocoramdeo.com/public_html/wp-content/themes/congressocoramdeo/vendor/mercadopago/dx-php/src/MercadoPago/Entity.php, na linha 124

2022-10-24T22:01:36+00:00 CRITICAL Uncaught Exception in /home/u367511854/domains/congressocoramdeo.com/public_html/wp-content/themes/congressocoramdeo/vendor/mercadopago/dx-php/src/MercadoPago/Entity.php:124
Stack trace:
#0 /home/u367511854/domains/congressocoramdeo.com/public_html/wp-content/themes/congressocoramdeo/vendor/mercadopago/dx-php/src/MercadoPago/Entity.php(75): MercadoPago\Entity::read()
#1 /home/u367511854/domains/congressocoramdeo.com/public_html/wp-content/themes/congressocoramdeo/notification.php(19): MercadoPago\Entity::find_by_id()
#2 {main}
  thrown, em /home/u367511854/domains/congressocoramdeo.com/public_html/wp-content/themes/congressocoramdeo/vendor/mercadopago/dx-php/src/MercadoPago/Entity.php, na linha 124

2022-10-24T22:01:43+00:00 CRITICAL Uncaught Exception in /home/u367511854/domains/congressocoramdeo.com/public_html/wp-content/themes/congressocoramdeo/vendor/mercadopago/dx-php/src/MercadoPago/Entity.php:124
Stack trace:
#0 /home/u367511854/domains/congressocoramdeo.com/public_html/wp-content/themes/congressocoramdeo/vendor/mercadopago/dx-php/src/MercadoPago/Entity.php(75): MercadoPago\Entity::read()
#1 /home/u367511854/domains/congressocoramdeo.com/public_html/wp-content/themes/congressocoramdeo/notification.php(19): MercadoPago\Entity::find_by_id()
#2 {main}
  thrown, em /home/u367511854/domains/congressocoramdeo.com/public_html/wp-content/themes/congressocoramdeo/vendor/mercadopago/dx-php/src/MercadoPago/Entity.php, na linha 124

2022-10-24T22:01:48+00:00 CRITICAL Uncaught Exception in /home/u367511854/domains/congressocoramdeo.com/public_html/wp-content/themes/congressocoramdeo/vendor/mercadopago/dx-php/src/MercadoPago/Entity.php:124
Stack trace:
#0 /home/u367511854/domains/congressocoramdeo.com/public_html/wp-content/themes/congressocoramdeo/vendor/mercadopago/dx-php/src/MercadoPago/Entity.php(75): MercadoPago\Entity::read()
#1 /home/u367511854/domains/congressocoramdeo.com/public_html/wp-content/themes/congressocoramdeo/notification.php(19): MercadoPago\Entity::find_by_id()
#2 {main}
  thrown, em /home/u367511854/domains/congressocoramdeo.com/public_html/wp-content/themes/congressocoramdeo/vendor/mercadopago/dx-php/src/MercadoPago/Entity.php, na linha 124

2022-10-24T22:36:54+00:00 CRITICAL Uncaught Exception in /home/u367511854/domains/congressocoramdeo.com/public_html/wp-content/themes/congressocoramdeo/vendor/mercadopago/dx-php/src/MercadoPago/Entity.php:124
Stack trace:
#0 /home/u367511854/domains/congressocoramdeo.com/public_html/wp-content/themes/congressocoramdeo/vendor/mercadopago/dx-php/src/MercadoPago/Entity.php(75): MercadoPago\Entity::read()
#1 /home/u367511854/domains/congressocoramdeo.com/public_html/wp-content/themes/congressocoramdeo/notification.php(19): MercadoPago\Entity::find_by_id()
#2 {main}
  thrown, em /home/u367511854/domains/congressocoramdeo.com/public_html/wp-content/themes/congressocoramdeo/vendor/mercadopago/dx-php/src/MercadoPago/Entity.php, na linha 124

2022-10-24T22:37:04+00:00 CRITICAL Uncaught Exception in /home/u367511854/domains/congressocoramdeo.com/public_html/wp-content/themes/congressocoramdeo/vendor/mercadopago/dx-php/src/MercadoPago/Entity.php:124
Stack trace:
#0 /home/u367511854/domains/congressocoramdeo.com/public_html/wp-content/themes/congressocoramdeo/vendor/mercadopago/dx-php/src/MercadoPago/Entity.php(75): MercadoPago\Entity::read()
#1 /home/u367511854/domains/congressocoramdeo.com/public_html/wp-content/themes/congressocoramdeo/notification.php(19): MercadoPago\Entity::find_by_id()
#2 {main}
  thrown, em /home/u367511854/domains/congressocoramdeo.com/public_html/wp-content/themes/congressocoramdeo/vendor/mercadopago/dx-php/src/MercadoPago/Entity.php, na linha 124

2022-10-24T22:37:28+00:00 CRITICAL Uncaught Exception in /home/u367511854/domains/congressocoramdeo.com/public_html/wp-content/themes/congressocoramdeo/vendor/mercadopago/dx-php/src/MercadoPago/Entity.php:124
Stack trace:
#0 /home/u367511854/domains/congressocoramdeo.com/public_html/wp-content/themes/congressocoramdeo/vendor/mercadopago/dx-php/src/MercadoPago/Entity.php(75): MercadoPago\Entity::read()
#1 /home/u367511854/domains/congressocoramdeo.com/public_html/wp-content/themes/congressocoramdeo/notification.php(19): MercadoPago\Entity::find_by_id()
#2 {main}
  thrown, em /home/u367511854/domains/congressocoramdeo.com/public_html/wp-content/themes/congressocoramdeo/vendor/mercadopago/dx-php/src/MercadoPago/Entity.php, na linha 124

2022-10-24T23:55:22+00:00 CRITICAL Uncaught Exception in /home/u367511854/domains/congressocoramdeo.com/public_html/wp-content/themes/congressocoramdeo/vendor/mercadopago/dx-php/src/MercadoPago/Entity.php:124
Stack trace:
#0 /home/u367511854/domains/congressocoramdeo.com/public_html/wp-content/themes/congressocoramdeo/vendor/mercadopago/dx-php/src/MercadoPago/Entity.php(75): MercadoPago\Entity::read()
#1 /home/u367511854/domains/congressocoramdeo.com/public_html/wp-content/themes/congressocoramdeo/notification.php(19): MercadoPago\Entity::find_by_id()
#2 {main}
  thrown, em /home/u367511854/domains/congressocoramdeo.com/public_html/wp-content/themes/congressocoramdeo/vendor/mercadopago/dx-php/src/MercadoPago/Entity.php, na linha 124

2022-10-24T23:55:23+00:00 CRITICAL Uncaught Exception in /home/u367511854/domains/congressocoramdeo.com/public_html/wp-content/themes/congressocoramdeo/vendor/mercadopago/dx-php/src/MercadoPago/Entity.php:124
Stack trace:
#0 /home/u367511854/domains/congressocoramdeo.com/public_html/wp-content/themes/congressocoramdeo/vendor/mercadopago/dx-php/src/MercadoPago/Entity.php(75): MercadoPago\Entity::read()
#1 /home/u367511854/domains/congressocoramdeo.com/public_html/wp-content/themes/congressocoramdeo/notification.php(19): MercadoPago\Entity::find_by_id()
#2 {main}
  thrown, em /home/u367511854/domains/congressocoramdeo.com/public_html/wp-content/themes/congressocoramdeo/vendor/mercadopago/dx-php/src/MercadoPago/Entity.php, na linha 124

2022-10-24T23:55:24+00:00 CRITICAL Uncaught Exception in /home/u367511854/domains/congressocoramdeo.com/public_html/wp-content/themes/congressocoramdeo/vendor/mercadopago/dx-php/src/MercadoPago/Entity.php:124
Stack trace:
#0 /home/u367511854/domains/congressocoramdeo.com/public_html/wp-content/themes/congressocoramdeo/vendor/mercadopago/dx-php/src/MercadoPago/Entity.php(75): MercadoPago\Entity::read()
#1 /home/u367511854/domains/congressocoramdeo.com/public_html/wp-content/themes/congressocoramdeo/notification.php(19): MercadoPago\Entity::find_by_id()
#2 {main}
  thrown, em /home/u367511854/domains/congressocoramdeo.com/public_html/wp-content/themes/congressocoramdeo/vendor/mercadopago/dx-php/src/MercadoPago/Entity.php, na linha 124

2022-10-24T23:55:33+00:00 CRITICAL Uncaught Exception in /home/u367511854/domains/congressocoramdeo.com/public_html/wp-content/themes/congressocoramdeo/vendor/mercadopago/dx-php/src/MercadoPago/Entity.php:124
Stack trace:
#0 /home/u367511854/domains/congressocoramdeo.com/public_html/wp-content/themes/congressocoramdeo/vendor/mercadopago/dx-php/src/MercadoPago/Entity.php(75): MercadoPago\Entity::read()
#1 /home/u367511854/domains/congressocoramdeo.com/public_html/wp-content/themes/congressocoramdeo/notification.php(19): MercadoPago\Entity::find_by_id()
#2 {main}
  thrown, em /home/u367511854/domains/congressocoramdeo.com/public_html/wp-content/themes/congressocoramdeo/vendor/mercadopago/dx-php/src/MercadoPago/Entity.php, na linha 124

2022-10-24T23:55:35+00:00 CRITICAL Uncaught Exception in /home/u367511854/domains/congressocoramdeo.com/public_html/wp-content/themes/congressocoramdeo/vendor/mercadopago/dx-php/src/MercadoPago/Entity.php:124
Stack trace:
#0 /home/u367511854/domains/congressocoramdeo.com/public_html/wp-content/themes/congressocoramdeo/vendor/mercadopago/dx-php/src/MercadoPago/Entity.php(75): MercadoPago\Entity::read()
#1 /home/u367511854/domains/congressocoramdeo.com/public_html/wp-content/themes/congressocoramdeo/notification.php(19): MercadoPago\Entity::find_by_id()
#2 {main}
  thrown, em /home/u367511854/domains/congressocoramdeo.com/public_html/wp-content/themes/congressocoramdeo/vendor/mercadopago/dx-php/src/MercadoPago/Entity.php, na linha 124

2022-10-24T23:56:19+00:00 CRITICAL Uncaught Exception in /home/u367511854/domains/congressocoramdeo.com/public_html/wp-content/themes/congressocoramdeo/vendor/mercadopago/dx-php/src/MercadoPago/Entity.php:124
Stack trace:
#0 /home/u367511854/domains/congressocoramdeo.com/public_html/wp-content/themes/congressocoramdeo/vendor/mercadopago/dx-php/src/MercadoPago/Entity.php(75): MercadoPago\Entity::read()
#1 /home/u367511854/domains/congressocoramdeo.com/public_html/wp-content/themes/congressocoramdeo/notification.php(19): MercadoPago\Entity::find_by_id()
#2 {main}
  thrown, em /home/u367511854/domains/congressocoramdeo.com/public_html/wp-content/themes/congressocoramdeo/vendor/mercadopago/dx-php/src/MercadoPago/Entity.php, na linha 124

2022-10-24T23:56:26+00:00 CRITICAL Uncaught Exception in /home/u367511854/domains/congressocoramdeo.com/public_html/wp-content/themes/congressocoramdeo/vendor/mercadopago/dx-php/src/MercadoPago/Entity.php:124
Stack trace:
#0 /home/u367511854/domains/congressocoramdeo.com/public_html/wp-content/themes/congressocoramdeo/vendor/mercadopago/dx-php/src/MercadoPago/Entity.php(75): MercadoPago\Entity::read()
#1 /home/u367511854/domains/congressocoramdeo.com/public_html/wp-content/themes/congressocoramdeo/notification.php(19): MercadoPago\Entity::find_by_id()
#2 {main}
  thrown, em /home/u367511854/domains/congressocoramdeo.com/public_html/wp-content/themes/congressocoramdeo/vendor/mercadopago/dx-php/src/MercadoPago/Entity.php, na linha 124

