2022-10-27T00:11:06+00:00 CRITICAL Uncaught Exception in /home/u367511854/domains/congressocoramdeo.com/public_html/wp-content/themes/congressocoramdeo/vendor/mercadopago/dx-php/src/MercadoPago/Entity.php:124
Stack trace:
#0 /home/u367511854/domains/congressocoramdeo.com/public_html/wp-content/themes/congressocoramdeo/vendor/mercadopago/dx-php/src/MercadoPago/Entity.php(75): MercadoPago\Entity::read()
#1 /home/u367511854/domains/congressocoramdeo.com/public_html/wp-content/themes/congressocoramdeo/notification.php(19): MercadoPago\Entity::find_by_id()
#2 {main}
  thrown, em /home/u367511854/domains/congressocoramdeo.com/public_html/wp-content/themes/congressocoramdeo/vendor/mercadopago/dx-php/src/MercadoPago/Entity.php, na linha 124

2022-10-27T00:11:07+00:00 CRITICAL Uncaught Exception in /home/u367511854/domains/congressocoramdeo.com/public_html/wp-content/themes/congressocoramdeo/vendor/mercadopago/dx-php/src/MercadoPago/Entity.php:124
Stack trace:
#0 /home/u367511854/domains/congressocoramdeo.com/public_html/wp-content/themes/congressocoramdeo/vendor/mercadopago/dx-php/src/MercadoPago/Entity.php(75): MercadoPago\Entity::read()
#1 /home/u367511854/domains/congressocoramdeo.com/public_html/wp-content/themes/congressocoramdeo/notification.php(19): MercadoPago\Entity::find_by_id()
#2 {main}
  thrown, em /home/u367511854/domains/congressocoramdeo.com/public_html/wp-content/themes/congressocoramdeo/vendor/mercadopago/dx-php/src/MercadoPago/Entity.php, na linha 124

2022-10-27T00:11:19+00:00 CRITICAL Uncaught Exception in /home/u367511854/domains/congressocoramdeo.com/public_html/wp-content/themes/congressocoramdeo/vendor/mercadopago/dx-php/src/MercadoPago/Entity.php:124
Stack trace:
#0 /home/u367511854/domains/congressocoramdeo.com/public_html/wp-content/themes/congressocoramdeo/vendor/mercadopago/dx-php/src/MercadoPago/Entity.php(75): MercadoPago\Entity::read()
#1 /home/u367511854/domains/congressocoramdeo.com/public_html/wp-content/themes/congressocoramdeo/notification.php(19): MercadoPago\Entity::find_by_id()
#2 {main}
  thrown, em /home/u367511854/domains/congressocoramdeo.com/public_html/wp-content/themes/congressocoramdeo/vendor/mercadopago/dx-php/src/MercadoPago/Entity.php, na linha 124

2022-10-27T00:11:22+00:00 CRITICAL Uncaught Exception in /home/u367511854/domains/congressocoramdeo.com/public_html/wp-content/themes/congressocoramdeo/vendor/mercadopago/dx-php/src/MercadoPago/Entity.php:124
Stack trace:
#0 /home/u367511854/domains/congressocoramdeo.com/public_html/wp-content/themes/congressocoramdeo/vendor/mercadopago/dx-php/src/MercadoPago/Entity.php(75): MercadoPago\Entity::read()
#1 /home/u367511854/domains/congressocoramdeo.com/public_html/wp-content/themes/congressocoramdeo/notification.php(19): MercadoPago\Entity::find_by_id()
#2 {main}
  thrown, em /home/u367511854/domains/congressocoramdeo.com/public_html/wp-content/themes/congressocoramdeo/vendor/mercadopago/dx-php/src/MercadoPago/Entity.php, na linha 124

2022-10-27T00:27:09+00:00 CRITICAL Uncaught Exception in /home/u367511854/domains/congressocoramdeo.com/public_html/wp-content/themes/congressocoramdeo/vendor/mercadopago/dx-php/src/MercadoPago/Entity.php:124
Stack trace:
#0 /home/u367511854/domains/congressocoramdeo.com/public_html/wp-content/themes/congressocoramdeo/vendor/mercadopago/dx-php/src/MercadoPago/Entity.php(75): MercadoPago\Entity::read()
#1 /home/u367511854/domains/congressocoramdeo.com/public_html/wp-content/themes/congressocoramdeo/notification.php(19): MercadoPago\Entity::find_by_id()
#2 {main}
  thrown, em /home/u367511854/domains/congressocoramdeo.com/public_html/wp-content/themes/congressocoramdeo/vendor/mercadopago/dx-php/src/MercadoPago/Entity.php, na linha 124

2022-10-27T01:20:31+00:00 CRITICAL Uncaught Exception in /home/u367511854/domains/congressocoramdeo.com/public_html/wp-content/themes/congressocoramdeo/vendor/mercadopago/dx-php/src/MercadoPago/Entity.php:124
Stack trace:
#0 /home/u367511854/domains/congressocoramdeo.com/public_html/wp-content/themes/congressocoramdeo/vendor/mercadopago/dx-php/src/MercadoPago/Entity.php(75): MercadoPago\Entity::read()
#1 /home/u367511854/domains/congressocoramdeo.com/public_html/wp-content/themes/congressocoramdeo/notification.php(19): MercadoPago\Entity::find_by_id()
#2 {main}
  thrown, em /home/u367511854/domains/congressocoramdeo.com/public_html/wp-content/themes/congressocoramdeo/vendor/mercadopago/dx-php/src/MercadoPago/Entity.php, na linha 124

2022-10-27T01:22:15+00:00 CRITICAL Uncaught Exception in /home/u367511854/domains/congressocoramdeo.com/public_html/wp-content/themes/congressocoramdeo/vendor/mercadopago/dx-php/src/MercadoPago/Entity.php:124
Stack trace:
#0 /home/u367511854/domains/congressocoramdeo.com/public_html/wp-content/themes/congressocoramdeo/vendor/mercadopago/dx-php/src/MercadoPago/Entity.php(75): MercadoPago\Entity::read()
#1 /home/u367511854/domains/congressocoramdeo.com/public_html/wp-content/themes/congressocoramdeo/notification.php(19): MercadoPago\Entity::find_by_id()
#2 {main}
  thrown, em /home/u367511854/domains/congressocoramdeo.com/public_html/wp-content/themes/congressocoramdeo/vendor/mercadopago/dx-php/src/MercadoPago/Entity.php, na linha 124

2022-10-27T02:05:54+00:00 CRITICAL Uncaught Exception in /home/u367511854/domains/congressocoramdeo.com/public_html/wp-content/themes/congressocoramdeo/vendor/mercadopago/dx-php/src/MercadoPago/Entity.php:124
Stack trace:
#0 /home/u367511854/domains/congressocoramdeo.com/public_html/wp-content/themes/congressocoramdeo/vendor/mercadopago/dx-php/src/MercadoPago/Entity.php(75): MercadoPago\Entity::read()
#1 /home/u367511854/domains/congressocoramdeo.com/public_html/wp-content/themes/congressocoramdeo/notification.php(19): MercadoPago\Entity::find_by_id()
#2 {main}
  thrown, em /home/u367511854/domains/congressocoramdeo.com/public_html/wp-content/themes/congressocoramdeo/vendor/mercadopago/dx-php/src/MercadoPago/Entity.php, na linha 124

2022-10-27T02:06:24+00:00 CRITICAL Uncaught Exception in /home/u367511854/domains/congressocoramdeo.com/public_html/wp-content/themes/congressocoramdeo/vendor/mercadopago/dx-php/src/MercadoPago/Entity.php:124
Stack trace:
#0 /home/u367511854/domains/congressocoramdeo.com/public_html/wp-content/themes/congressocoramdeo/vendor/mercadopago/dx-php/src/MercadoPago/Entity.php(75): MercadoPago\Entity::read()
#1 /home/u367511854/domains/congressocoramdeo.com/public_html/wp-content/themes/congressocoramdeo/notification.php(19): MercadoPago\Entity::find_by_id()
#2 {main}
  thrown, em /home/u367511854/domains/congressocoramdeo.com/public_html/wp-content/themes/congressocoramdeo/vendor/mercadopago/dx-php/src/MercadoPago/Entity.php, na linha 124

2022-10-27T02:06:37+00:00 CRITICAL Uncaught Exception in /home/u367511854/domains/congressocoramdeo.com/public_html/wp-content/themes/congressocoramdeo/vendor/mercadopago/dx-php/src/MercadoPago/Entity.php:124
Stack trace:
#0 /home/u367511854/domains/congressocoramdeo.com/public_html/wp-content/themes/congressocoramdeo/vendor/mercadopago/dx-php/src/MercadoPago/Entity.php(75): MercadoPago\Entity::read()
#1 /home/u367511854/domains/congressocoramdeo.com/public_html/wp-content/themes/congressocoramdeo/notification.php(19): MercadoPago\Entity::find_by_id()
#2 {main}
  thrown, em /home/u367511854/domains/congressocoramdeo.com/public_html/wp-content/themes/congressocoramdeo/vendor/mercadopago/dx-php/src/MercadoPago/Entity.php, na linha 124

2022-10-27T02:06:49+00:00 CRITICAL Uncaught Exception in /home/u367511854/domains/congressocoramdeo.com/public_html/wp-content/themes/congressocoramdeo/vendor/mercadopago/dx-php/src/MercadoPago/Entity.php:124
Stack trace:
#0 /home/u367511854/domains/congressocoramdeo.com/public_html/wp-content/themes/congressocoramdeo/vendor/mercadopago/dx-php/src/MercadoPago/Entity.php(75): MercadoPago\Entity::read()
#1 /home/u367511854/domains/congressocoramdeo.com/public_html/wp-content/themes/congressocoramdeo/notification.php(19): MercadoPago\Entity::find_by_id()
#2 {main}
  thrown, em /home/u367511854/domains/congressocoramdeo.com/public_html/wp-content/themes/congressocoramdeo/vendor/mercadopago/dx-php/src/MercadoPago/Entity.php, na linha 124

2022-10-27T02:07:31+00:00 CRITICAL Uncaught Exception in /home/u367511854/domains/congressocoramdeo.com/public_html/wp-content/themes/congressocoramdeo/vendor/mercadopago/dx-php/src/MercadoPago/Entity.php:124
Stack trace:
#0 /home/u367511854/domains/congressocoramdeo.com/public_html/wp-content/themes/congressocoramdeo/vendor/mercadopago/dx-php/src/MercadoPago/Entity.php(75): MercadoPago\Entity::read()
#1 /home/u367511854/domains/congressocoramdeo.com/public_html/wp-content/themes/congressocoramdeo/notification.php(19): MercadoPago\Entity::find_by_id()
#2 {main}
  thrown, em /home/u367511854/domains/congressocoramdeo.com/public_html/wp-content/themes/congressocoramdeo/vendor/mercadopago/dx-php/src/MercadoPago/Entity.php, na linha 124

2022-10-27T02:07:43+00:00 CRITICAL Uncaught Exception in /home/u367511854/domains/congressocoramdeo.com/public_html/wp-content/themes/congressocoramdeo/vendor/mercadopago/dx-php/src/MercadoPago/Entity.php:124
Stack trace:
#0 /home/u367511854/domains/congressocoramdeo.com/public_html/wp-content/themes/congressocoramdeo/vendor/mercadopago/dx-php/src/MercadoPago/Entity.php(75): MercadoPago\Entity::read()
#1 /home/u367511854/domains/congressocoramdeo.com/public_html/wp-content/themes/congressocoramdeo/notification.php(19): MercadoPago\Entity::find_by_id()
#2 {main}
  thrown, em /home/u367511854/domains/congressocoramdeo.com/public_html/wp-content/themes/congressocoramdeo/vendor/mercadopago/dx-php/src/MercadoPago/Entity.php, na linha 124

2022-10-27T02:07:44+00:00 CRITICAL Uncaught Exception in /home/u367511854/domains/congressocoramdeo.com/public_html/wp-content/themes/congressocoramdeo/vendor/mercadopago/dx-php/src/MercadoPago/Entity.php:124
Stack trace:
#0 /home/u367511854/domains/congressocoramdeo.com/public_html/wp-content/themes/congressocoramdeo/vendor/mercadopago/dx-php/src/MercadoPago/Entity.php(75): MercadoPago\Entity::read()
#1 /home/u367511854/domains/congressocoramdeo.com/public_html/wp-content/themes/congressocoramdeo/notification.php(19): MercadoPago\Entity::find_by_id()
#2 {main}
  thrown, em /home/u367511854/domains/congressocoramdeo.com/public_html/wp-content/themes/congressocoramdeo/vendor/mercadopago/dx-php/src/MercadoPago/Entity.php, na linha 124

2022-10-27T02:10:23+00:00 CRITICAL Uncaught Exception in /home/u367511854/domains/congressocoramdeo.com/public_html/wp-content/themes/congressocoramdeo/vendor/mercadopago/dx-php/src/MercadoPago/Entity.php:124
Stack trace:
#0 /home/u367511854/domains/congressocoramdeo.com/public_html/wp-content/themes/congressocoramdeo/vendor/mercadopago/dx-php/src/MercadoPago/Entity.php(75): MercadoPago\Entity::read()
#1 /home/u367511854/domains/congressocoramdeo.com/public_html/wp-content/themes/congressocoramdeo/notification.php(19): MercadoPago\Entity::find_by_id()
#2 {main}
  thrown, em /home/u367511854/domains/congressocoramdeo.com/public_html/wp-content/themes/congressocoramdeo/vendor/mercadopago/dx-php/src/MercadoPago/Entity.php, na linha 124

2022-10-27T02:11:26+00:00 CRITICAL Uncaught Exception in /home/u367511854/domains/congressocoramdeo.com/public_html/wp-content/themes/congressocoramdeo/vendor/mercadopago/dx-php/src/MercadoPago/Entity.php:124
Stack trace:
#0 /home/u367511854/domains/congressocoramdeo.com/public_html/wp-content/themes/congressocoramdeo/vendor/mercadopago/dx-php/src/MercadoPago/Entity.php(75): MercadoPago\Entity::read()
#1 /home/u367511854/domains/congressocoramdeo.com/public_html/wp-content/themes/congressocoramdeo/notification.php(19): MercadoPago\Entity::find_by_id()
#2 {main}
  thrown, em /home/u367511854/domains/congressocoramdeo.com/public_html/wp-content/themes/congressocoramdeo/vendor/mercadopago/dx-php/src/MercadoPago/Entity.php, na linha 124

2022-10-27T02:12:05+00:00 CRITICAL Uncaught Exception in /home/u367511854/domains/congressocoramdeo.com/public_html/wp-content/themes/congressocoramdeo/vendor/mercadopago/dx-php/src/MercadoPago/Entity.php:124
Stack trace:
#0 /home/u367511854/domains/congressocoramdeo.com/public_html/wp-content/themes/congressocoramdeo/vendor/mercadopago/dx-php/src/MercadoPago/Entity.php(75): MercadoPago\Entity::read()
#1 /home/u367511854/domains/congressocoramdeo.com/public_html/wp-content/themes/congressocoramdeo/notification.php(19): MercadoPago\Entity::find_by_id()
#2 {main}
  thrown, em /home/u367511854/domains/congressocoramdeo.com/public_html/wp-content/themes/congressocoramdeo/vendor/mercadopago/dx-php/src/MercadoPago/Entity.php, na linha 124

2022-10-27T03:35:43+00:00 CRITICAL Uncaught Exception in /home/u367511854/domains/congressocoramdeo.com/public_html/wp-content/themes/congressocoramdeo/vendor/mercadopago/dx-php/src/MercadoPago/Entity.php:124
Stack trace:
#0 /home/u367511854/domains/congressocoramdeo.com/public_html/wp-content/themes/congressocoramdeo/vendor/mercadopago/dx-php/src/MercadoPago/Entity.php(75): MercadoPago\Entity::read()
#1 /home/u367511854/domains/congressocoramdeo.com/public_html/wp-content/themes/congressocoramdeo/notification.php(19): MercadoPago\Entity::find_by_id()
#2 {main}
  thrown, em /home/u367511854/domains/congressocoramdeo.com/public_html/wp-content/themes/congressocoramdeo/vendor/mercadopago/dx-php/src/MercadoPago/Entity.php, na linha 124

2022-10-27T03:40:33+00:00 CRITICAL Uncaught Exception in /home/u367511854/domains/congressocoramdeo.com/public_html/wp-content/themes/congressocoramdeo/vendor/mercadopago/dx-php/src/MercadoPago/Entity.php:124
Stack trace:
#0 /home/u367511854/domains/congressocoramdeo.com/public_html/wp-content/themes/congressocoramdeo/vendor/mercadopago/dx-php/src/MercadoPago/Entity.php(75): MercadoPago\Entity::read()
#1 /home/u367511854/domains/congressocoramdeo.com/public_html/wp-content/themes/congressocoramdeo/notification.php(19): MercadoPago\Entity::find_by_id()
#2 {main}
  thrown, em /home/u367511854/domains/congressocoramdeo.com/public_html/wp-content/themes/congressocoramdeo/vendor/mercadopago/dx-php/src/MercadoPago/Entity.php, na linha 124

2022-10-27T03:40:36+00:00 CRITICAL Uncaught Exception in /home/u367511854/domains/congressocoramdeo.com/public_html/wp-content/themes/congressocoramdeo/vendor/mercadopago/dx-php/src/MercadoPago/Entity.php:124
Stack trace:
#0 /home/u367511854/domains/congressocoramdeo.com/public_html/wp-content/themes/congressocoramdeo/vendor/mercadopago/dx-php/src/MercadoPago/Entity.php(75): MercadoPago\Entity::read()
#1 /home/u367511854/domains/congressocoramdeo.com/public_html/wp-content/themes/congressocoramdeo/notification.php(19): MercadoPago\Entity::find_by_id()
#2 {main}
  thrown, em /home/u367511854/domains/congressocoramdeo.com/public_html/wp-content/themes/congressocoramdeo/vendor/mercadopago/dx-php/src/MercadoPago/Entity.php, na linha 124

2022-10-27T03:41:18+00:00 CRITICAL Uncaught Exception in /home/u367511854/domains/congressocoramdeo.com/public_html/wp-content/themes/congressocoramdeo/vendor/mercadopago/dx-php/src/MercadoPago/Entity.php:124
Stack trace:
#0 /home/u367511854/domains/congressocoramdeo.com/public_html/wp-content/themes/congressocoramdeo/vendor/mercadopago/dx-php/src/MercadoPago/Entity.php(75): MercadoPago\Entity::read()
#1 /home/u367511854/domains/congressocoramdeo.com/public_html/wp-content/themes/congressocoramdeo/notification.php(19): MercadoPago\Entity::find_by_id()
#2 {main}
  thrown, em /home/u367511854/domains/congressocoramdeo.com/public_html/wp-content/themes/congressocoramdeo/vendor/mercadopago/dx-php/src/MercadoPago/Entity.php, na linha 124

2022-10-27T03:41:41+00:00 CRITICAL Uncaught Exception in /home/u367511854/domains/congressocoramdeo.com/public_html/wp-content/themes/congressocoramdeo/vendor/mercadopago/dx-php/src/MercadoPago/Entity.php:124
Stack trace:
#0 /home/u367511854/domains/congressocoramdeo.com/public_html/wp-content/themes/congressocoramdeo/vendor/mercadopago/dx-php/src/MercadoPago/Entity.php(75): MercadoPago\Entity::read()
#1 /home/u367511854/domains/congressocoramdeo.com/public_html/wp-content/themes/congressocoramdeo/notification.php(19): MercadoPago\Entity::find_by_id()
#2 {main}
  thrown, em /home/u367511854/domains/congressocoramdeo.com/public_html/wp-content/themes/congressocoramdeo/vendor/mercadopago/dx-php/src/MercadoPago/Entity.php, na linha 124

2022-10-27T03:41:53+00:00 CRITICAL Uncaught Exception in /home/u367511854/domains/congressocoramdeo.com/public_html/wp-content/themes/congressocoramdeo/vendor/mercadopago/dx-php/src/MercadoPago/Entity.php:124
Stack trace:
#0 /home/u367511854/domains/congressocoramdeo.com/public_html/wp-content/themes/congressocoramdeo/vendor/mercadopago/dx-php/src/MercadoPago/Entity.php(75): MercadoPago\Entity::read()
#1 /home/u367511854/domains/congressocoramdeo.com/public_html/wp-content/themes/congressocoramdeo/notification.php(19): MercadoPago\Entity::find_by_id()
#2 {main}
  thrown, em /home/u367511854/domains/congressocoramdeo.com/public_html/wp-content/themes/congressocoramdeo/vendor/mercadopago/dx-php/src/MercadoPago/Entity.php, na linha 124

2022-10-27T04:20:39+00:00 CRITICAL Uncaught Exception in /home/u367511854/domains/congressocoramdeo.com/public_html/wp-content/themes/congressocoramdeo/vendor/mercadopago/dx-php/src/MercadoPago/Entity.php:124
Stack trace:
#0 /home/u367511854/domains/congressocoramdeo.com/public_html/wp-content/themes/congressocoramdeo/vendor/mercadopago/dx-php/src/MercadoPago/Entity.php(75): MercadoPago\Entity::read()
#1 /home/u367511854/domains/congressocoramdeo.com/public_html/wp-content/themes/congressocoramdeo/notification.php(19): MercadoPago\Entity::find_by_id()
#2 {main}
  thrown, em /home/u367511854/domains/congressocoramdeo.com/public_html/wp-content/themes/congressocoramdeo/vendor/mercadopago/dx-php/src/MercadoPago/Entity.php, na linha 124

2022-10-27T04:21:13+00:00 CRITICAL Uncaught Exception in /home/u367511854/domains/congressocoramdeo.com/public_html/wp-content/themes/congressocoramdeo/vendor/mercadopago/dx-php/src/MercadoPago/Entity.php:124
Stack trace:
#0 /home/u367511854/domains/congressocoramdeo.com/public_html/wp-content/themes/congressocoramdeo/vendor/mercadopago/dx-php/src/MercadoPago/Entity.php(75): MercadoPago\Entity::read()
#1 /home/u367511854/domains/congressocoramdeo.com/public_html/wp-content/themes/congressocoramdeo/notification.php(19): MercadoPago\Entity::find_by_id()
#2 {main}
  thrown, em /home/u367511854/domains/congressocoramdeo.com/public_html/wp-content/themes/congressocoramdeo/vendor/mercadopago/dx-php/src/MercadoPago/Entity.php, na linha 124

2022-10-27T04:21:15+00:00 CRITICAL Uncaught Exception in /home/u367511854/domains/congressocoramdeo.com/public_html/wp-content/themes/congressocoramdeo/vendor/mercadopago/dx-php/src/MercadoPago/Entity.php:124
Stack trace:
#0 /home/u367511854/domains/congressocoramdeo.com/public_html/wp-content/themes/congressocoramdeo/vendor/mercadopago/dx-php/src/MercadoPago/Entity.php(75): MercadoPago\Entity::read()
#1 /home/u367511854/domains/congressocoramdeo.com/public_html/wp-content/themes/congressocoramdeo/notification.php(19): MercadoPago\Entity::find_by_id()
#2 {main}
  thrown, em /home/u367511854/domains/congressocoramdeo.com/public_html/wp-content/themes/congressocoramdeo/vendor/mercadopago/dx-php/src/MercadoPago/Entity.php, na linha 124

2022-10-27T04:28:11+00:00 CRITICAL Uncaught Exception in /home/u367511854/domains/congressocoramdeo.com/public_html/wp-content/themes/congressocoramdeo/vendor/mercadopago/dx-php/src/MercadoPago/Entity.php:124
Stack trace:
#0 /home/u367511854/domains/congressocoramdeo.com/public_html/wp-content/themes/congressocoramdeo/vendor/mercadopago/dx-php/src/MercadoPago/Entity.php(75): MercadoPago\Entity::read()
#1 /home/u367511854/domains/congressocoramdeo.com/public_html/wp-content/themes/congressocoramdeo/notification.php(19): MercadoPago\Entity::find_by_id()
#2 {main}
  thrown, em /home/u367511854/domains/congressocoramdeo.com/public_html/wp-content/themes/congressocoramdeo/vendor/mercadopago/dx-php/src/MercadoPago/Entity.php, na linha 124

2022-10-27T04:45:58+00:00 CRITICAL Uncaught Exception in /home/u367511854/domains/congressocoramdeo.com/public_html/wp-content/themes/congressocoramdeo/vendor/mercadopago/dx-php/src/MercadoPago/Entity.php:124
Stack trace:
#0 /home/u367511854/domains/congressocoramdeo.com/public_html/wp-content/themes/congressocoramdeo/vendor/mercadopago/dx-php/src/MercadoPago/Entity.php(75): MercadoPago\Entity::read()
#1 /home/u367511854/domains/congressocoramdeo.com/public_html/wp-content/themes/congressocoramdeo/notification.php(19): MercadoPago\Entity::find_by_id()
#2 {main}
  thrown, em /home/u367511854/domains/congressocoramdeo.com/public_html/wp-content/themes/congressocoramdeo/vendor/mercadopago/dx-php/src/MercadoPago/Entity.php, na linha 124

2022-10-27T04:46:04+00:00 CRITICAL Uncaught Exception in /home/u367511854/domains/congressocoramdeo.com/public_html/wp-content/themes/congressocoramdeo/vendor/mercadopago/dx-php/src/MercadoPago/Entity.php:124
Stack trace:
#0 /home/u367511854/domains/congressocoramdeo.com/public_html/wp-content/themes/congressocoramdeo/vendor/mercadopago/dx-php/src/MercadoPago/Entity.php(75): MercadoPago\Entity::read()
#1 /home/u367511854/domains/congressocoramdeo.com/public_html/wp-content/themes/congressocoramdeo/notification.php(19): MercadoPago\Entity::find_by_id()
#2 {main}
  thrown, em /home/u367511854/domains/congressocoramdeo.com/public_html/wp-content/themes/congressocoramdeo/vendor/mercadopago/dx-php/src/MercadoPago/Entity.php, na linha 124

2022-10-27T04:50:26+00:00 CRITICAL Uncaught Exception in /home/u367511854/domains/congressocoramdeo.com/public_html/wp-content/themes/congressocoramdeo/vendor/mercadopago/dx-php/src/MercadoPago/Entity.php:124
Stack trace:
#0 /home/u367511854/domains/congressocoramdeo.com/public_html/wp-content/themes/congressocoramdeo/vendor/mercadopago/dx-php/src/MercadoPago/Entity.php(75): MercadoPago\Entity::read()
#1 /home/u367511854/domains/congressocoramdeo.com/public_html/wp-content/themes/congressocoramdeo/notification.php(19): MercadoPago\Entity::find_by_id()
#2 {main}
  thrown, em /home/u367511854/domains/congressocoramdeo.com/public_html/wp-content/themes/congressocoramdeo/vendor/mercadopago/dx-php/src/MercadoPago/Entity.php, na linha 124

2022-10-27T04:50:37+00:00 CRITICAL Uncaught Exception in /home/u367511854/domains/congressocoramdeo.com/public_html/wp-content/themes/congressocoramdeo/vendor/mercadopago/dx-php/src/MercadoPago/Entity.php:124
Stack trace:
#0 /home/u367511854/domains/congressocoramdeo.com/public_html/wp-content/themes/congressocoramdeo/vendor/mercadopago/dx-php/src/MercadoPago/Entity.php(75): MercadoPago\Entity::read()
#1 /home/u367511854/domains/congressocoramdeo.com/public_html/wp-content/themes/congressocoramdeo/notification.php(19): MercadoPago\Entity::find_by_id()
#2 {main}
  thrown, em /home/u367511854/domains/congressocoramdeo.com/public_html/wp-content/themes/congressocoramdeo/vendor/mercadopago/dx-php/src/MercadoPago/Entity.php, na linha 124

2022-10-27T04:52:03+00:00 CRITICAL Uncaught Exception in /home/u367511854/domains/congressocoramdeo.com/public_html/wp-content/themes/congressocoramdeo/vendor/mercadopago/dx-php/src/MercadoPago/Entity.php:124
Stack trace:
#0 /home/u367511854/domains/congressocoramdeo.com/public_html/wp-content/themes/congressocoramdeo/vendor/mercadopago/dx-php/src/MercadoPago/Entity.php(75): MercadoPago\Entity::read()
#1 /home/u367511854/domains/congressocoramdeo.com/public_html/wp-content/themes/congressocoramdeo/notification.php(19): MercadoPago\Entity::find_by_id()
#2 {main}
  thrown, em /home/u367511854/domains/congressocoramdeo.com/public_html/wp-content/themes/congressocoramdeo/vendor/mercadopago/dx-php/src/MercadoPago/Entity.php, na linha 124

2022-10-27T04:57:22+00:00 CRITICAL Uncaught Exception in /home/u367511854/domains/congressocoramdeo.com/public_html/wp-content/themes/congressocoramdeo/vendor/mercadopago/dx-php/src/MercadoPago/Entity.php:124
Stack trace:
#0 /home/u367511854/domains/congressocoramdeo.com/public_html/wp-content/themes/congressocoramdeo/vendor/mercadopago/dx-php/src/MercadoPago/Entity.php(75): MercadoPago\Entity::read()
#1 /home/u367511854/domains/congressocoramdeo.com/public_html/wp-content/themes/congressocoramdeo/notification.php(19): MercadoPago\Entity::find_by_id()
#2 {main}
  thrown, em /home/u367511854/domains/congressocoramdeo.com/public_html/wp-content/themes/congressocoramdeo/vendor/mercadopago/dx-php/src/MercadoPago/Entity.php, na linha 124

2022-10-27T04:57:51+00:00 CRITICAL Uncaught Exception in /home/u367511854/domains/congressocoramdeo.com/public_html/wp-content/themes/congressocoramdeo/vendor/mercadopago/dx-php/src/MercadoPago/Entity.php:124
Stack trace:
#0 /home/u367511854/domains/congressocoramdeo.com/public_html/wp-content/themes/congressocoramdeo/vendor/mercadopago/dx-php/src/MercadoPago/Entity.php(75): MercadoPago\Entity::read()
#1 /home/u367511854/domains/congressocoramdeo.com/public_html/wp-content/themes/congressocoramdeo/notification.php(19): MercadoPago\Entity::find_by_id()
#2 {main}
  thrown, em /home/u367511854/domains/congressocoramdeo.com/public_html/wp-content/themes/congressocoramdeo/vendor/mercadopago/dx-php/src/MercadoPago/Entity.php, na linha 124

2022-10-27T04:57:58+00:00 CRITICAL Uncaught Exception in /home/u367511854/domains/congressocoramdeo.com/public_html/wp-content/themes/congressocoramdeo/vendor/mercadopago/dx-php/src/MercadoPago/Entity.php:124
Stack trace:
#0 /home/u367511854/domains/congressocoramdeo.com/public_html/wp-content/themes/congressocoramdeo/vendor/mercadopago/dx-php/src/MercadoPago/Entity.php(75): MercadoPago\Entity::read()
#1 /home/u367511854/domains/congressocoramdeo.com/public_html/wp-content/themes/congressocoramdeo/notification.php(19): MercadoPago\Entity::find_by_id()
#2 {main}
  thrown, em /home/u367511854/domains/congressocoramdeo.com/public_html/wp-content/themes/congressocoramdeo/vendor/mercadopago/dx-php/src/MercadoPago/Entity.php, na linha 124

2022-10-27T04:58:18+00:00 CRITICAL Uncaught Exception in /home/u367511854/domains/congressocoramdeo.com/public_html/wp-content/themes/congressocoramdeo/vendor/mercadopago/dx-php/src/MercadoPago/Entity.php:124
Stack trace:
#0 /home/u367511854/domains/congressocoramdeo.com/public_html/wp-content/themes/congressocoramdeo/vendor/mercadopago/dx-php/src/MercadoPago/Entity.php(75): MercadoPago\Entity::read()
#1 /home/u367511854/domains/congressocoramdeo.com/public_html/wp-content/themes/congressocoramdeo/notification.php(19): MercadoPago\Entity::find_by_id()
#2 {main}
  thrown, em /home/u367511854/domains/congressocoramdeo.com/public_html/wp-content/themes/congressocoramdeo/vendor/mercadopago/dx-php/src/MercadoPago/Entity.php, na linha 124

2022-10-27T04:58:51+00:00 CRITICAL Uncaught Exception in /home/u367511854/domains/congressocoramdeo.com/public_html/wp-content/themes/congressocoramdeo/vendor/mercadopago/dx-php/src/MercadoPago/Entity.php:124
Stack trace:
#0 /home/u367511854/domains/congressocoramdeo.com/public_html/wp-content/themes/congressocoramdeo/vendor/mercadopago/dx-php/src/MercadoPago/Entity.php(75): MercadoPago\Entity::read()
#1 /home/u367511854/domains/congressocoramdeo.com/public_html/wp-content/themes/congressocoramdeo/notification.php(19): MercadoPago\Entity::find_by_id()
#2 {main}
  thrown, em /home/u367511854/domains/congressocoramdeo.com/public_html/wp-content/themes/congressocoramdeo/vendor/mercadopago/dx-php/src/MercadoPago/Entity.php, na linha 124

2022-10-27T05:26:18+00:00 CRITICAL Uncaught Exception in /home/u367511854/domains/congressocoramdeo.com/public_html/wp-content/themes/congressocoramdeo/vendor/mercadopago/dx-php/src/MercadoPago/Entity.php:124
Stack trace:
#0 /home/u367511854/domains/congressocoramdeo.com/public_html/wp-content/themes/congressocoramdeo/vendor/mercadopago/dx-php/src/MercadoPago/Entity.php(75): MercadoPago\Entity::read()
#1 /home/u367511854/domains/congressocoramdeo.com/public_html/wp-content/themes/congressocoramdeo/notification.php(19): MercadoPago\Entity::find_by_id()
#2 {main}
  thrown, em /home/u367511854/domains/congressocoramdeo.com/public_html/wp-content/themes/congressocoramdeo/vendor/mercadopago/dx-php/src/MercadoPago/Entity.php, na linha 124

2022-10-27T07:01:05+00:00 CRITICAL Uncaught Exception in /home/u367511854/domains/congressocoramdeo.com/public_html/wp-content/themes/congressocoramdeo/vendor/mercadopago/dx-php/src/MercadoPago/Entity.php:124
Stack trace:
#0 /home/u367511854/domains/congressocoramdeo.com/public_html/wp-content/themes/congressocoramdeo/vendor/mercadopago/dx-php/src/MercadoPago/Entity.php(75): MercadoPago\Entity::read()
#1 /home/u367511854/domains/congressocoramdeo.com/public_html/wp-content/themes/congressocoramdeo/notification.php(19): MercadoPago\Entity::find_by_id()
#2 {main}
  thrown, em /home/u367511854/domains/congressocoramdeo.com/public_html/wp-content/themes/congressocoramdeo/vendor/mercadopago/dx-php/src/MercadoPago/Entity.php, na linha 124

2022-10-27T07:01:17+00:00 CRITICAL Uncaught Exception in /home/u367511854/domains/congressocoramdeo.com/public_html/wp-content/themes/congressocoramdeo/vendor/mercadopago/dx-php/src/MercadoPago/Entity.php:124
Stack trace:
#0 /home/u367511854/domains/congressocoramdeo.com/public_html/wp-content/themes/congressocoramdeo/vendor/mercadopago/dx-php/src/MercadoPago/Entity.php(75): MercadoPago\Entity::read()
#1 /home/u367511854/domains/congressocoramdeo.com/public_html/wp-content/themes/congressocoramdeo/notification.php(19): MercadoPago\Entity::find_by_id()
#2 {main}
  thrown, em /home/u367511854/domains/congressocoramdeo.com/public_html/wp-content/themes/congressocoramdeo/vendor/mercadopago/dx-php/src/MercadoPago/Entity.php, na linha 124

2022-10-27T16:10:56+00:00 CRITICAL Uncaught Exception in /home/u367511854/domains/congressocoramdeo.com/public_html/wp-content/themes/congressocoramdeo/vendor/mercadopago/dx-php/src/MercadoPago/Entity.php:124
Stack trace:
#0 /home/u367511854/domains/congressocoramdeo.com/public_html/wp-content/themes/congressocoramdeo/vendor/mercadopago/dx-php/src/MercadoPago/Entity.php(75): MercadoPago\Entity::read()
#1 /home/u367511854/domains/congressocoramdeo.com/public_html/wp-content/themes/congressocoramdeo/notification.php(19): MercadoPago\Entity::find_by_id()
#2 {main}
  thrown, em /home/u367511854/domains/congressocoramdeo.com/public_html/wp-content/themes/congressocoramdeo/vendor/mercadopago/dx-php/src/MercadoPago/Entity.php, na linha 124

2022-10-27T16:11:30+00:00 CRITICAL Uncaught Exception in /home/u367511854/domains/congressocoramdeo.com/public_html/wp-content/themes/congressocoramdeo/vendor/mercadopago/dx-php/src/MercadoPago/Entity.php:124
Stack trace:
#0 /home/u367511854/domains/congressocoramdeo.com/public_html/wp-content/themes/congressocoramdeo/vendor/mercadopago/dx-php/src/MercadoPago/Entity.php(75): MercadoPago\Entity::read()
#1 /home/u367511854/domains/congressocoramdeo.com/public_html/wp-content/themes/congressocoramdeo/notification.php(19): MercadoPago\Entity::find_by_id()
#2 {main}
  thrown, em /home/u367511854/domains/congressocoramdeo.com/public_html/wp-content/themes/congressocoramdeo/vendor/mercadopago/dx-php/src/MercadoPago/Entity.php, na linha 124

2022-10-27T16:11:30+00:00 CRITICAL Uncaught Exception in /home/u367511854/domains/congressocoramdeo.com/public_html/wp-content/themes/congressocoramdeo/vendor/mercadopago/dx-php/src/MercadoPago/Entity.php:124
Stack trace:
#0 /home/u367511854/domains/congressocoramdeo.com/public_html/wp-content/themes/congressocoramdeo/vendor/mercadopago/dx-php/src/MercadoPago/Entity.php(75): MercadoPago\Entity::read()
#1 /home/u367511854/domains/congressocoramdeo.com/public_html/wp-content/themes/congressocoramdeo/notification.php(19): MercadoPago\Entity::find_by_id()
#2 {main}
  thrown, em /home/u367511854/domains/congressocoramdeo.com/public_html/wp-content/themes/congressocoramdeo/vendor/mercadopago/dx-php/src/MercadoPago/Entity.php, na linha 124

2022-10-27T16:11:30+00:00 CRITICAL Uncaught Exception in /home/u367511854/domains/congressocoramdeo.com/public_html/wp-content/themes/congressocoramdeo/vendor/mercadopago/dx-php/src/MercadoPago/Entity.php:124
Stack trace:
#0 /home/u367511854/domains/congressocoramdeo.com/public_html/wp-content/themes/congressocoramdeo/vendor/mercadopago/dx-php/src/MercadoPago/Entity.php(75): MercadoPago\Entity::read()
#1 /home/u367511854/domains/congressocoramdeo.com/public_html/wp-content/themes/congressocoramdeo/notification.php(19): MercadoPago\Entity::find_by_id()
#2 {main}
  thrown, em /home/u367511854/domains/congressocoramdeo.com/public_html/wp-content/themes/congressocoramdeo/vendor/mercadopago/dx-php/src/MercadoPago/Entity.php, na linha 124

2022-10-27T16:11:56+00:00 CRITICAL Uncaught Exception in /home/u367511854/domains/congressocoramdeo.com/public_html/wp-content/themes/congressocoramdeo/vendor/mercadopago/dx-php/src/MercadoPago/Entity.php:124
Stack trace:
#0 /home/u367511854/domains/congressocoramdeo.com/public_html/wp-content/themes/congressocoramdeo/vendor/mercadopago/dx-php/src/MercadoPago/Entity.php(75): MercadoPago\Entity::read()
#1 /home/u367511854/domains/congressocoramdeo.com/public_html/wp-content/themes/congressocoramdeo/notification.php(19): MercadoPago\Entity::find_by_id()
#2 {main}
  thrown, em /home/u367511854/domains/congressocoramdeo.com/public_html/wp-content/themes/congressocoramdeo/vendor/mercadopago/dx-php/src/MercadoPago/Entity.php, na linha 124

2022-10-27T16:12:03+00:00 CRITICAL Uncaught Exception in /home/u367511854/domains/congressocoramdeo.com/public_html/wp-content/themes/congressocoramdeo/vendor/mercadopago/dx-php/src/MercadoPago/Entity.php:124
Stack trace:
#0 /home/u367511854/domains/congressocoramdeo.com/public_html/wp-content/themes/congressocoramdeo/vendor/mercadopago/dx-php/src/MercadoPago/Entity.php(75): MercadoPago\Entity::read()
#1 /home/u367511854/domains/congressocoramdeo.com/public_html/wp-content/themes/congressocoramdeo/notification.php(19): MercadoPago\Entity::find_by_id()
#2 {main}
  thrown, em /home/u367511854/domains/congressocoramdeo.com/public_html/wp-content/themes/congressocoramdeo/vendor/mercadopago/dx-php/src/MercadoPago/Entity.php, na linha 124

2022-10-27T16:12:30+00:00 CRITICAL Uncaught Exception in /home/u367511854/domains/congressocoramdeo.com/public_html/wp-content/themes/congressocoramdeo/vendor/mercadopago/dx-php/src/MercadoPago/Entity.php:124
Stack trace:
#0 /home/u367511854/domains/congressocoramdeo.com/public_html/wp-content/themes/congressocoramdeo/vendor/mercadopago/dx-php/src/MercadoPago/Entity.php(75): MercadoPago\Entity::read()
#1 /home/u367511854/domains/congressocoramdeo.com/public_html/wp-content/themes/congressocoramdeo/notification.php(19): MercadoPago\Entity::find_by_id()
#2 {main}
  thrown, em /home/u367511854/domains/congressocoramdeo.com/public_html/wp-content/themes/congressocoramdeo/vendor/mercadopago/dx-php/src/MercadoPago/Entity.php, na linha 124

2022-10-27T16:12:31+00:00 CRITICAL Uncaught Exception in /home/u367511854/domains/congressocoramdeo.com/public_html/wp-content/themes/congressocoramdeo/vendor/mercadopago/dx-php/src/MercadoPago/Entity.php:124
Stack trace:
#0 /home/u367511854/domains/congressocoramdeo.com/public_html/wp-content/themes/congressocoramdeo/vendor/mercadopago/dx-php/src/MercadoPago/Entity.php(75): MercadoPago\Entity::read()
#1 /home/u367511854/domains/congressocoramdeo.com/public_html/wp-content/themes/congressocoramdeo/notification.php(19): MercadoPago\Entity::find_by_id()
#2 {main}
  thrown, em /home/u367511854/domains/congressocoramdeo.com/public_html/wp-content/themes/congressocoramdeo/vendor/mercadopago/dx-php/src/MercadoPago/Entity.php, na linha 124

2022-10-27T16:12:31+00:00 CRITICAL Uncaught Exception in /home/u367511854/domains/congressocoramdeo.com/public_html/wp-content/themes/congressocoramdeo/vendor/mercadopago/dx-php/src/MercadoPago/Entity.php:124
Stack trace:
#0 /home/u367511854/domains/congressocoramdeo.com/public_html/wp-content/themes/congressocoramdeo/vendor/mercadopago/dx-php/src/MercadoPago/Entity.php(75): MercadoPago\Entity::read()
#1 /home/u367511854/domains/congressocoramdeo.com/public_html/wp-content/themes/congressocoramdeo/notification.php(19): MercadoPago\Entity::find_by_id()
#2 {main}
  thrown, em /home/u367511854/domains/congressocoramdeo.com/public_html/wp-content/themes/congressocoramdeo/vendor/mercadopago/dx-php/src/MercadoPago/Entity.php, na linha 124

2022-10-27T16:12:37+00:00 CRITICAL Uncaught Exception in /home/u367511854/domains/congressocoramdeo.com/public_html/wp-content/themes/congressocoramdeo/vendor/mercadopago/dx-php/src/MercadoPago/Entity.php:124
Stack trace:
#0 /home/u367511854/domains/congressocoramdeo.com/public_html/wp-content/themes/congressocoramdeo/vendor/mercadopago/dx-php/src/MercadoPago/Entity.php(75): MercadoPago\Entity::read()
#1 /home/u367511854/domains/congressocoramdeo.com/public_html/wp-content/themes/congressocoramdeo/notification.php(19): MercadoPago\Entity::find_by_id()
#2 {main}
  thrown, em /home/u367511854/domains/congressocoramdeo.com/public_html/wp-content/themes/congressocoramdeo/vendor/mercadopago/dx-php/src/MercadoPago/Entity.php, na linha 124

2022-10-27T16:12:38+00:00 CRITICAL Uncaught Exception in /home/u367511854/domains/congressocoramdeo.com/public_html/wp-content/themes/congressocoramdeo/vendor/mercadopago/dx-php/src/MercadoPago/Entity.php:124
Stack trace:
#0 /home/u367511854/domains/congressocoramdeo.com/public_html/wp-content/themes/congressocoramdeo/vendor/mercadopago/dx-php/src/MercadoPago/Entity.php(75): MercadoPago\Entity::read()
#1 /home/u367511854/domains/congressocoramdeo.com/public_html/wp-content/themes/congressocoramdeo/notification.php(19): MercadoPago\Entity::find_by_id()
#2 {main}
  thrown, em /home/u367511854/domains/congressocoramdeo.com/public_html/wp-content/themes/congressocoramdeo/vendor/mercadopago/dx-php/src/MercadoPago/Entity.php, na linha 124

2022-10-27T16:12:38+00:00 CRITICAL Uncaught Exception in /home/u367511854/domains/congressocoramdeo.com/public_html/wp-content/themes/congressocoramdeo/vendor/mercadopago/dx-php/src/MercadoPago/Entity.php:124
Stack trace:
#0 /home/u367511854/domains/congressocoramdeo.com/public_html/wp-content/themes/congressocoramdeo/vendor/mercadopago/dx-php/src/MercadoPago/Entity.php(75): MercadoPago\Entity::read()
#1 /home/u367511854/domains/congressocoramdeo.com/public_html/wp-content/themes/congressocoramdeo/notification.php(19): MercadoPago\Entity::find_by_id()
#2 {main}
  thrown, em /home/u367511854/domains/congressocoramdeo.com/public_html/wp-content/themes/congressocoramdeo/vendor/mercadopago/dx-php/src/MercadoPago/Entity.php, na linha 124

2022-10-27T16:31:32+00:00 CRITICAL Uncaught Exception in /home/u367511854/domains/congressocoramdeo.com/public_html/wp-content/themes/congressocoramdeo/vendor/mercadopago/dx-php/src/MercadoPago/Entity.php:124
Stack trace:
#0 /home/u367511854/domains/congressocoramdeo.com/public_html/wp-content/themes/congressocoramdeo/vendor/mercadopago/dx-php/src/MercadoPago/Entity.php(75): MercadoPago\Entity::read()
#1 /home/u367511854/domains/congressocoramdeo.com/public_html/wp-content/themes/congressocoramdeo/notification.php(19): MercadoPago\Entity::find_by_id()
#2 {main}
  thrown, em /home/u367511854/domains/congressocoramdeo.com/public_html/wp-content/themes/congressocoramdeo/vendor/mercadopago/dx-php/src/MercadoPago/Entity.php, na linha 124

2022-10-27T16:31:34+00:00 CRITICAL Uncaught Exception in /home/u367511854/domains/congressocoramdeo.com/public_html/wp-content/themes/congressocoramdeo/vendor/mercadopago/dx-php/src/MercadoPago/Entity.php:124
Stack trace:
#0 /home/u367511854/domains/congressocoramdeo.com/public_html/wp-content/themes/congressocoramdeo/vendor/mercadopago/dx-php/src/MercadoPago/Entity.php(75): MercadoPago\Entity::read()
#1 /home/u367511854/domains/congressocoramdeo.com/public_html/wp-content/themes/congressocoramdeo/notification.php(19): MercadoPago\Entity::find_by_id()
#2 {main}
  thrown, em /home/u367511854/domains/congressocoramdeo.com/public_html/wp-content/themes/congressocoramdeo/vendor/mercadopago/dx-php/src/MercadoPago/Entity.php, na linha 124

2022-10-27T16:32:19+00:00 CRITICAL Uncaught Exception in /home/u367511854/domains/congressocoramdeo.com/public_html/wp-content/themes/congressocoramdeo/vendor/mercadopago/dx-php/src/MercadoPago/Entity.php:124
Stack trace:
#0 /home/u367511854/domains/congressocoramdeo.com/public_html/wp-content/themes/congressocoramdeo/vendor/mercadopago/dx-php/src/MercadoPago/Entity.php(75): MercadoPago\Entity::read()
#1 /home/u367511854/domains/congressocoramdeo.com/public_html/wp-content/themes/congressocoramdeo/notification.php(19): MercadoPago\Entity::find_by_id()
#2 {main}
  thrown, em /home/u367511854/domains/congressocoramdeo.com/public_html/wp-content/themes/congressocoramdeo/vendor/mercadopago/dx-php/src/MercadoPago/Entity.php, na linha 124

2022-10-27T16:32:25+00:00 CRITICAL Uncaught Exception in /home/u367511854/domains/congressocoramdeo.com/public_html/wp-content/themes/congressocoramdeo/vendor/mercadopago/dx-php/src/MercadoPago/Entity.php:124
Stack trace:
#0 /home/u367511854/domains/congressocoramdeo.com/public_html/wp-content/themes/congressocoramdeo/vendor/mercadopago/dx-php/src/MercadoPago/Entity.php(75): MercadoPago\Entity::read()
#1 /home/u367511854/domains/congressocoramdeo.com/public_html/wp-content/themes/congressocoramdeo/notification.php(19): MercadoPago\Entity::find_by_id()
#2 {main}
  thrown, em /home/u367511854/domains/congressocoramdeo.com/public_html/wp-content/themes/congressocoramdeo/vendor/mercadopago/dx-php/src/MercadoPago/Entity.php, na linha 124

2022-10-27T17:05:33+00:00 CRITICAL Uncaught Exception in /home/u367511854/domains/congressocoramdeo.com/public_html/wp-content/themes/congressocoramdeo/vendor/mercadopago/dx-php/src/MercadoPago/Entity.php:124
Stack trace:
#0 /home/u367511854/domains/congressocoramdeo.com/public_html/wp-content/themes/congressocoramdeo/vendor/mercadopago/dx-php/src/MercadoPago/Entity.php(75): MercadoPago\Entity::read()
#1 /home/u367511854/domains/congressocoramdeo.com/public_html/wp-content/themes/congressocoramdeo/notification.php(19): MercadoPago\Entity::find_by_id()
#2 {main}
  thrown, em /home/u367511854/domains/congressocoramdeo.com/public_html/wp-content/themes/congressocoramdeo/vendor/mercadopago/dx-php/src/MercadoPago/Entity.php, na linha 124

2022-10-27T17:05:33+00:00 CRITICAL Uncaught Exception in /home/u367511854/domains/congressocoramdeo.com/public_html/wp-content/themes/congressocoramdeo/vendor/mercadopago/dx-php/src/MercadoPago/Entity.php:124
Stack trace:
#0 /home/u367511854/domains/congressocoramdeo.com/public_html/wp-content/themes/congressocoramdeo/vendor/mercadopago/dx-php/src/MercadoPago/Entity.php(75): MercadoPago\Entity::read()
#1 /home/u367511854/domains/congressocoramdeo.com/public_html/wp-content/themes/congressocoramdeo/notification.php(19): MercadoPago\Entity::find_by_id()
#2 {main}
  thrown, em /home/u367511854/domains/congressocoramdeo.com/public_html/wp-content/themes/congressocoramdeo/vendor/mercadopago/dx-php/src/MercadoPago/Entity.php, na linha 124

2022-10-27T17:06:15+00:00 CRITICAL Uncaught Exception in /home/u367511854/domains/congressocoramdeo.com/public_html/wp-content/themes/congressocoramdeo/vendor/mercadopago/dx-php/src/MercadoPago/Entity.php:124
Stack trace:
#0 /home/u367511854/domains/congressocoramdeo.com/public_html/wp-content/themes/congressocoramdeo/vendor/mercadopago/dx-php/src/MercadoPago/Entity.php(75): MercadoPago\Entity::read()
#1 /home/u367511854/domains/congressocoramdeo.com/public_html/wp-content/themes/congressocoramdeo/notification.php(19): MercadoPago\Entity::find_by_id()
#2 {main}
  thrown, em /home/u367511854/domains/congressocoramdeo.com/public_html/wp-content/themes/congressocoramdeo/vendor/mercadopago/dx-php/src/MercadoPago/Entity.php, na linha 124

2022-10-27T17:06:19+00:00 CRITICAL Uncaught Exception in /home/u367511854/domains/congressocoramdeo.com/public_html/wp-content/themes/congressocoramdeo/vendor/mercadopago/dx-php/src/MercadoPago/Entity.php:124
Stack trace:
#0 /home/u367511854/domains/congressocoramdeo.com/public_html/wp-content/themes/congressocoramdeo/vendor/mercadopago/dx-php/src/MercadoPago/Entity.php(75): MercadoPago\Entity::read()
#1 /home/u367511854/domains/congressocoramdeo.com/public_html/wp-content/themes/congressocoramdeo/notification.php(19): MercadoPago\Entity::find_by_id()
#2 {main}
  thrown, em /home/u367511854/domains/congressocoramdeo.com/public_html/wp-content/themes/congressocoramdeo/vendor/mercadopago/dx-php/src/MercadoPago/Entity.php, na linha 124

2022-10-27T20:06:56+00:00 CRITICAL Uncaught Exception in /home/u367511854/domains/congressocoramdeo.com/public_html/wp-content/themes/congressocoramdeo/vendor/mercadopago/dx-php/src/MercadoPago/Entity.php:124
Stack trace:
#0 /home/u367511854/domains/congressocoramdeo.com/public_html/wp-content/themes/congressocoramdeo/vendor/mercadopago/dx-php/src/MercadoPago/Entity.php(75): MercadoPago\Entity::read()
#1 /home/u367511854/domains/congressocoramdeo.com/public_html/wp-content/themes/congressocoramdeo/notification.php(19): MercadoPago\Entity::find_by_id()
#2 {main}
  thrown, em /home/u367511854/domains/congressocoramdeo.com/public_html/wp-content/themes/congressocoramdeo/vendor/mercadopago/dx-php/src/MercadoPago/Entity.php, na linha 124

2022-10-27T23:11:31+00:00 CRITICAL Uncaught Exception in /home/u367511854/domains/congressocoramdeo.com/public_html/wp-content/themes/congressocoramdeo/vendor/mercadopago/dx-php/src/MercadoPago/Entity.php:124
Stack trace:
#0 /home/u367511854/domains/congressocoramdeo.com/public_html/wp-content/themes/congressocoramdeo/vendor/mercadopago/dx-php/src/MercadoPago/Entity.php(75): MercadoPago\Entity::read()
#1 /home/u367511854/domains/congressocoramdeo.com/public_html/wp-content/themes/congressocoramdeo/notification.php(19): MercadoPago\Entity::find_by_id()
#2 {main}
  thrown, em /home/u367511854/domains/congressocoramdeo.com/public_html/wp-content/themes/congressocoramdeo/vendor/mercadopago/dx-php/src/MercadoPago/Entity.php, na linha 124

2022-10-27T23:11:37+00:00 CRITICAL Uncaught Exception in /home/u367511854/domains/congressocoramdeo.com/public_html/wp-content/themes/congressocoramdeo/vendor/mercadopago/dx-php/src/MercadoPago/Entity.php:124
Stack trace:
#0 /home/u367511854/domains/congressocoramdeo.com/public_html/wp-content/themes/congressocoramdeo/vendor/mercadopago/dx-php/src/MercadoPago/Entity.php(75): MercadoPago\Entity::read()
#1 /home/u367511854/domains/congressocoramdeo.com/public_html/wp-content/themes/congressocoramdeo/notification.php(19): MercadoPago\Entity::find_by_id()
#2 {main}
  thrown, em /home/u367511854/domains/congressocoramdeo.com/public_html/wp-content/themes/congressocoramdeo/vendor/mercadopago/dx-php/src/MercadoPago/Entity.php, na linha 124

2022-10-27T23:12:11+00:00 CRITICAL Uncaught Exception in /home/u367511854/domains/congressocoramdeo.com/public_html/wp-content/themes/congressocoramdeo/vendor/mercadopago/dx-php/src/MercadoPago/Entity.php:124
Stack trace:
#0 /home/u367511854/domains/congressocoramdeo.com/public_html/wp-content/themes/congressocoramdeo/vendor/mercadopago/dx-php/src/MercadoPago/Entity.php(75): MercadoPago\Entity::read()
#1 /home/u367511854/domains/congressocoramdeo.com/public_html/wp-content/themes/congressocoramdeo/notification.php(19): MercadoPago\Entity::find_by_id()
#2 {main}
  thrown, em /home/u367511854/domains/congressocoramdeo.com/public_html/wp-content/themes/congressocoramdeo/vendor/mercadopago/dx-php/src/MercadoPago/Entity.php, na linha 124

2022-10-27T23:12:53+00:00 CRITICAL Uncaught Exception in /home/u367511854/domains/congressocoramdeo.com/public_html/wp-content/themes/congressocoramdeo/vendor/mercadopago/dx-php/src/MercadoPago/Entity.php:124
Stack trace:
#0 /home/u367511854/domains/congressocoramdeo.com/public_html/wp-content/themes/congressocoramdeo/vendor/mercadopago/dx-php/src/MercadoPago/Entity.php(75): MercadoPago\Entity::read()
#1 /home/u367511854/domains/congressocoramdeo.com/public_html/wp-content/themes/congressocoramdeo/notification.php(19): MercadoPago\Entity::find_by_id()
#2 {main}
  thrown, em /home/u367511854/domains/congressocoramdeo.com/public_html/wp-content/themes/congressocoramdeo/vendor/mercadopago/dx-php/src/MercadoPago/Entity.php, na linha 124

2022-10-27T23:18:56+00:00 CRITICAL Uncaught Exception in /home/u367511854/domains/congressocoramdeo.com/public_html/wp-content/themes/congressocoramdeo/vendor/mercadopago/dx-php/src/MercadoPago/Entity.php:124
Stack trace:
#0 /home/u367511854/domains/congressocoramdeo.com/public_html/wp-content/themes/congressocoramdeo/vendor/mercadopago/dx-php/src/MercadoPago/Entity.php(75): MercadoPago\Entity::read()
#1 /home/u367511854/domains/congressocoramdeo.com/public_html/wp-content/themes/congressocoramdeo/notification.php(19): MercadoPago\Entity::find_by_id()
#2 {main}
  thrown, em /home/u367511854/domains/congressocoramdeo.com/public_html/wp-content/themes/congressocoramdeo/vendor/mercadopago/dx-php/src/MercadoPago/Entity.php, na linha 124

2022-10-27T23:18:57+00:00 CRITICAL Uncaught Exception in /home/u367511854/domains/congressocoramdeo.com/public_html/wp-content/themes/congressocoramdeo/vendor/mercadopago/dx-php/src/MercadoPago/Entity.php:124
Stack trace:
#0 /home/u367511854/domains/congressocoramdeo.com/public_html/wp-content/themes/congressocoramdeo/vendor/mercadopago/dx-php/src/MercadoPago/Entity.php(75): MercadoPago\Entity::read()
#1 /home/u367511854/domains/congressocoramdeo.com/public_html/wp-content/themes/congressocoramdeo/notification.php(19): MercadoPago\Entity::find_by_id()
#2 {main}
  thrown, em /home/u367511854/domains/congressocoramdeo.com/public_html/wp-content/themes/congressocoramdeo/vendor/mercadopago/dx-php/src/MercadoPago/Entity.php, na linha 124

2022-10-27T23:18:57+00:00 CRITICAL Uncaught Exception in /home/u367511854/domains/congressocoramdeo.com/public_html/wp-content/themes/congressocoramdeo/vendor/mercadopago/dx-php/src/MercadoPago/Entity.php:124
Stack trace:
#0 /home/u367511854/domains/congressocoramdeo.com/public_html/wp-content/themes/congressocoramdeo/vendor/mercadopago/dx-php/src/MercadoPago/Entity.php(75): MercadoPago\Entity::read()
#1 /home/u367511854/domains/congressocoramdeo.com/public_html/wp-content/themes/congressocoramdeo/notification.php(19): MercadoPago\Entity::find_by_id()
#2 {main}
  thrown, em /home/u367511854/domains/congressocoramdeo.com/public_html/wp-content/themes/congressocoramdeo/vendor/mercadopago/dx-php/src/MercadoPago/Entity.php, na linha 124

2022-10-27T23:19:57+00:00 CRITICAL Uncaught Exception in /home/u367511854/domains/congressocoramdeo.com/public_html/wp-content/themes/congressocoramdeo/vendor/mercadopago/dx-php/src/MercadoPago/Entity.php:124
Stack trace:
#0 /home/u367511854/domains/congressocoramdeo.com/public_html/wp-content/themes/congressocoramdeo/vendor/mercadopago/dx-php/src/MercadoPago/Entity.php(75): MercadoPago\Entity::read()
#1 /home/u367511854/domains/congressocoramdeo.com/public_html/wp-content/themes/congressocoramdeo/notification.php(19): MercadoPago\Entity::find_by_id()
#2 {main}
  thrown, em /home/u367511854/domains/congressocoramdeo.com/public_html/wp-content/themes/congressocoramdeo/vendor/mercadopago/dx-php/src/MercadoPago/Entity.php, na linha 124

2022-10-27T23:19:57+00:00 CRITICAL Uncaught Exception in /home/u367511854/domains/congressocoramdeo.com/public_html/wp-content/themes/congressocoramdeo/vendor/mercadopago/dx-php/src/MercadoPago/Entity.php:124
Stack trace:
#0 /home/u367511854/domains/congressocoramdeo.com/public_html/wp-content/themes/congressocoramdeo/vendor/mercadopago/dx-php/src/MercadoPago/Entity.php(75): MercadoPago\Entity::read()
#1 /home/u367511854/domains/congressocoramdeo.com/public_html/wp-content/themes/congressocoramdeo/notification.php(19): MercadoPago\Entity::find_by_id()
#2 {main}
  thrown, em /home/u367511854/domains/congressocoramdeo.com/public_html/wp-content/themes/congressocoramdeo/vendor/mercadopago/dx-php/src/MercadoPago/Entity.php, na linha 124

2022-10-27T23:19:58+00:00 CRITICAL Uncaught Exception in /home/u367511854/domains/congressocoramdeo.com/public_html/wp-content/themes/congressocoramdeo/vendor/mercadopago/dx-php/src/MercadoPago/Entity.php:124
Stack trace:
#0 /home/u367511854/domains/congressocoramdeo.com/public_html/wp-content/themes/congressocoramdeo/vendor/mercadopago/dx-php/src/MercadoPago/Entity.php(75): MercadoPago\Entity::read()
#1 /home/u367511854/domains/congressocoramdeo.com/public_html/wp-content/themes/congressocoramdeo/notification.php(19): MercadoPago\Entity::find_by_id()
#2 {main}
  thrown, em /home/u367511854/domains/congressocoramdeo.com/public_html/wp-content/themes/congressocoramdeo/vendor/mercadopago/dx-php/src/MercadoPago/Entity.php, na linha 124

2022-10-27T23:20:05+00:00 CRITICAL Uncaught Exception in /home/u367511854/domains/congressocoramdeo.com/public_html/wp-content/themes/congressocoramdeo/vendor/mercadopago/dx-php/src/MercadoPago/Entity.php:124
Stack trace:
#0 /home/u367511854/domains/congressocoramdeo.com/public_html/wp-content/themes/congressocoramdeo/vendor/mercadopago/dx-php/src/MercadoPago/Entity.php(75): MercadoPago\Entity::read()
#1 /home/u367511854/domains/congressocoramdeo.com/public_html/wp-content/themes/congressocoramdeo/notification.php(19): MercadoPago\Entity::find_by_id()
#2 {main}
  thrown, em /home/u367511854/domains/congressocoramdeo.com/public_html/wp-content/themes/congressocoramdeo/vendor/mercadopago/dx-php/src/MercadoPago/Entity.php, na linha 124

2022-10-27T23:20:05+00:00 CRITICAL Uncaught Exception in /home/u367511854/domains/congressocoramdeo.com/public_html/wp-content/themes/congressocoramdeo/vendor/mercadopago/dx-php/src/MercadoPago/Entity.php:124
Stack trace:
#0 /home/u367511854/domains/congressocoramdeo.com/public_html/wp-content/themes/congressocoramdeo/vendor/mercadopago/dx-php/src/MercadoPago/Entity.php(75): MercadoPago\Entity::read()
#1 /home/u367511854/domains/congressocoramdeo.com/public_html/wp-content/themes/congressocoramdeo/notification.php(19): MercadoPago\Entity::find_by_id()
#2 {main}
  thrown, em /home/u367511854/domains/congressocoramdeo.com/public_html/wp-content/themes/congressocoramdeo/vendor/mercadopago/dx-php/src/MercadoPago/Entity.php, na linha 124

2022-10-27T23:20:05+00:00 CRITICAL Uncaught Exception in /home/u367511854/domains/congressocoramdeo.com/public_html/wp-content/themes/congressocoramdeo/vendor/mercadopago/dx-php/src/MercadoPago/Entity.php:124
Stack trace:
#0 /home/u367511854/domains/congressocoramdeo.com/public_html/wp-content/themes/congressocoramdeo/vendor/mercadopago/dx-php/src/MercadoPago/Entity.php(75): MercadoPago\Entity::read()
#1 /home/u367511854/domains/congressocoramdeo.com/public_html/wp-content/themes/congressocoramdeo/notification.php(19): MercadoPago\Entity::find_by_id()
#2 {main}
  thrown, em /home/u367511854/domains/congressocoramdeo.com/public_html/wp-content/themes/congressocoramdeo/vendor/mercadopago/dx-php/src/MercadoPago/Entity.php, na linha 124

2022-10-27T23:20:33+00:00 CRITICAL Uncaught Exception in /home/u367511854/domains/congressocoramdeo.com/public_html/wp-content/themes/congressocoramdeo/vendor/mercadopago/dx-php/src/MercadoPago/Entity.php:124
Stack trace:
#0 /home/u367511854/domains/congressocoramdeo.com/public_html/wp-content/themes/congressocoramdeo/vendor/mercadopago/dx-php/src/MercadoPago/Entity.php(75): MercadoPago\Entity::read()
#1 /home/u367511854/domains/congressocoramdeo.com/public_html/wp-content/themes/congressocoramdeo/notification.php(19): MercadoPago\Entity::find_by_id()
#2 {main}
  thrown, em /home/u367511854/domains/congressocoramdeo.com/public_html/wp-content/themes/congressocoramdeo/vendor/mercadopago/dx-php/src/MercadoPago/Entity.php, na linha 124

2022-10-27T23:20:43+00:00 CRITICAL Uncaught Exception in /home/u367511854/domains/congressocoramdeo.com/public_html/wp-content/themes/congressocoramdeo/vendor/mercadopago/dx-php/src/MercadoPago/Entity.php:124
Stack trace:
#0 /home/u367511854/domains/congressocoramdeo.com/public_html/wp-content/themes/congressocoramdeo/vendor/mercadopago/dx-php/src/MercadoPago/Entity.php(75): MercadoPago\Entity::read()
#1 /home/u367511854/domains/congressocoramdeo.com/public_html/wp-content/themes/congressocoramdeo/notification.php(19): MercadoPago\Entity::find_by_id()
#2 {main}
  thrown, em /home/u367511854/domains/congressocoramdeo.com/public_html/wp-content/themes/congressocoramdeo/vendor/mercadopago/dx-php/src/MercadoPago/Entity.php, na linha 124

2022-10-27T23:20:50+00:00 CRITICAL Uncaught Exception in /home/u367511854/domains/congressocoramdeo.com/public_html/wp-content/themes/congressocoramdeo/vendor/mercadopago/dx-php/src/MercadoPago/Entity.php:124
Stack trace:
#0 /home/u367511854/domains/congressocoramdeo.com/public_html/wp-content/themes/congressocoramdeo/vendor/mercadopago/dx-php/src/MercadoPago/Entity.php(75): MercadoPago\Entity::read()
#1 /home/u367511854/domains/congressocoramdeo.com/public_html/wp-content/themes/congressocoramdeo/notification.php(19): MercadoPago\Entity::find_by_id()
#2 {main}
  thrown, em /home/u367511854/domains/congressocoramdeo.com/public_html/wp-content/themes/congressocoramdeo/vendor/mercadopago/dx-php/src/MercadoPago/Entity.php, na linha 124

2022-10-27T23:20:51+00:00 CRITICAL Uncaught Exception in /home/u367511854/domains/congressocoramdeo.com/public_html/wp-content/themes/congressocoramdeo/vendor/mercadopago/dx-php/src/MercadoPago/Entity.php:124
Stack trace:
#0 /home/u367511854/domains/congressocoramdeo.com/public_html/wp-content/themes/congressocoramdeo/vendor/mercadopago/dx-php/src/MercadoPago/Entity.php(75): MercadoPago\Entity::read()
#1 /home/u367511854/domains/congressocoramdeo.com/public_html/wp-content/themes/congressocoramdeo/notification.php(19): MercadoPago\Entity::find_by_id()
#2 {main}
  thrown, em /home/u367511854/domains/congressocoramdeo.com/public_html/wp-content/themes/congressocoramdeo/vendor/mercadopago/dx-php/src/MercadoPago/Entity.php, na linha 124

2022-10-27T23:21:04+00:00 CRITICAL Uncaught Exception in /home/u367511854/domains/congressocoramdeo.com/public_html/wp-content/themes/congressocoramdeo/vendor/mercadopago/dx-php/src/MercadoPago/Entity.php:124
Stack trace:
#0 /home/u367511854/domains/congressocoramdeo.com/public_html/wp-content/themes/congressocoramdeo/vendor/mercadopago/dx-php/src/MercadoPago/Entity.php(75): MercadoPago\Entity::read()
#1 /home/u367511854/domains/congressocoramdeo.com/public_html/wp-content/themes/congressocoramdeo/notification.php(19): MercadoPago\Entity::find_by_id()
#2 {main}
  thrown, em /home/u367511854/domains/congressocoramdeo.com/public_html/wp-content/themes/congressocoramdeo/vendor/mercadopago/dx-php/src/MercadoPago/Entity.php, na linha 124

2022-10-27T23:21:05+00:00 CRITICAL Uncaught Exception in /home/u367511854/domains/congressocoramdeo.com/public_html/wp-content/themes/congressocoramdeo/vendor/mercadopago/dx-php/src/MercadoPago/Entity.php:124
Stack trace:
#0 /home/u367511854/domains/congressocoramdeo.com/public_html/wp-content/themes/congressocoramdeo/vendor/mercadopago/dx-php/src/MercadoPago/Entity.php(75): MercadoPago\Entity::read()
#1 /home/u367511854/domains/congressocoramdeo.com/public_html/wp-content/themes/congressocoramdeo/notification.php(19): MercadoPago\Entity::find_by_id()
#2 {main}
  thrown, em /home/u367511854/domains/congressocoramdeo.com/public_html/wp-content/themes/congressocoramdeo/vendor/mercadopago/dx-php/src/MercadoPago/Entity.php, na linha 124

2022-10-27T23:21:08+00:00 CRITICAL Uncaught Exception in /home/u367511854/domains/congressocoramdeo.com/public_html/wp-content/themes/congressocoramdeo/vendor/mercadopago/dx-php/src/MercadoPago/Entity.php:124
Stack trace:
#0 /home/u367511854/domains/congressocoramdeo.com/public_html/wp-content/themes/congressocoramdeo/vendor/mercadopago/dx-php/src/MercadoPago/Entity.php(75): MercadoPago\Entity::read()
#1 /home/u367511854/domains/congressocoramdeo.com/public_html/wp-content/themes/congressocoramdeo/notification.php(19): MercadoPago\Entity::find_by_id()
#2 {main}
  thrown, em /home/u367511854/domains/congressocoramdeo.com/public_html/wp-content/themes/congressocoramdeo/vendor/mercadopago/dx-php/src/MercadoPago/Entity.php, na linha 124

2022-10-27T23:21:50+00:00 CRITICAL Uncaught Exception in /home/u367511854/domains/congressocoramdeo.com/public_html/wp-content/themes/congressocoramdeo/vendor/mercadopago/dx-php/src/MercadoPago/Entity.php:124
Stack trace:
#0 /home/u367511854/domains/congressocoramdeo.com/public_html/wp-content/themes/congressocoramdeo/vendor/mercadopago/dx-php/src/MercadoPago/Entity.php(75): MercadoPago\Entity::read()
#1 /home/u367511854/domains/congressocoramdeo.com/public_html/wp-content/themes/congressocoramdeo/notification.php(19): MercadoPago\Entity::find_by_id()
#2 {main}
  thrown, em /home/u367511854/domains/congressocoramdeo.com/public_html/wp-content/themes/congressocoramdeo/vendor/mercadopago/dx-php/src/MercadoPago/Entity.php, na linha 124

2022-10-27T23:21:54+00:00 CRITICAL Uncaught Exception in /home/u367511854/domains/congressocoramdeo.com/public_html/wp-content/themes/congressocoramdeo/vendor/mercadopago/dx-php/src/MercadoPago/Entity.php:124
Stack trace:
#0 /home/u367511854/domains/congressocoramdeo.com/public_html/wp-content/themes/congressocoramdeo/vendor/mercadopago/dx-php/src/MercadoPago/Entity.php(75): MercadoPago\Entity::read()
#1 /home/u367511854/domains/congressocoramdeo.com/public_html/wp-content/themes/congressocoramdeo/notification.php(19): MercadoPago\Entity::find_by_id()
#2 {main}
  thrown, em /home/u367511854/domains/congressocoramdeo.com/public_html/wp-content/themes/congressocoramdeo/vendor/mercadopago/dx-php/src/MercadoPago/Entity.php, na linha 124

2022-10-27T23:21:57+00:00 CRITICAL Uncaught Exception in /home/u367511854/domains/congressocoramdeo.com/public_html/wp-content/themes/congressocoramdeo/vendor/mercadopago/dx-php/src/MercadoPago/Entity.php:124
Stack trace:
#0 /home/u367511854/domains/congressocoramdeo.com/public_html/wp-content/themes/congressocoramdeo/vendor/mercadopago/dx-php/src/MercadoPago/Entity.php(75): MercadoPago\Entity::read()
#1 /home/u367511854/domains/congressocoramdeo.com/public_html/wp-content/themes/congressocoramdeo/notification.php(19): MercadoPago\Entity::find_by_id()
#2 {main}
  thrown, em /home/u367511854/domains/congressocoramdeo.com/public_html/wp-content/themes/congressocoramdeo/vendor/mercadopago/dx-php/src/MercadoPago/Entity.php, na linha 124

2022-10-27T23:22:16+00:00 CRITICAL Uncaught Exception in /home/u367511854/domains/congressocoramdeo.com/public_html/wp-content/themes/congressocoramdeo/vendor/mercadopago/dx-php/src/MercadoPago/Entity.php:124
Stack trace:
#0 /home/u367511854/domains/congressocoramdeo.com/public_html/wp-content/themes/congressocoramdeo/vendor/mercadopago/dx-php/src/MercadoPago/Entity.php(75): MercadoPago\Entity::read()
#1 /home/u367511854/domains/congressocoramdeo.com/public_html/wp-content/themes/congressocoramdeo/notification.php(19): MercadoPago\Entity::find_by_id()
#2 {main}
  thrown, em /home/u367511854/domains/congressocoramdeo.com/public_html/wp-content/themes/congressocoramdeo/vendor/mercadopago/dx-php/src/MercadoPago/Entity.php, na linha 124

2022-10-27T23:22:16+00:00 CRITICAL Uncaught Exception in /home/u367511854/domains/congressocoramdeo.com/public_html/wp-content/themes/congressocoramdeo/vendor/mercadopago/dx-php/src/MercadoPago/Entity.php:124
Stack trace:
#0 /home/u367511854/domains/congressocoramdeo.com/public_html/wp-content/themes/congressocoramdeo/vendor/mercadopago/dx-php/src/MercadoPago/Entity.php(75): MercadoPago\Entity::read()
#1 /home/u367511854/domains/congressocoramdeo.com/public_html/wp-content/themes/congressocoramdeo/notification.php(19): MercadoPago\Entity::find_by_id()
#2 {main}
  thrown, em /home/u367511854/domains/congressocoramdeo.com/public_html/wp-content/themes/congressocoramdeo/vendor/mercadopago/dx-php/src/MercadoPago/Entity.php, na linha 124

2022-10-27T23:22:17+00:00 CRITICAL Uncaught Exception in /home/u367511854/domains/congressocoramdeo.com/public_html/wp-content/themes/congressocoramdeo/vendor/mercadopago/dx-php/src/MercadoPago/Entity.php:124
Stack trace:
#0 /home/u367511854/domains/congressocoramdeo.com/public_html/wp-content/themes/congressocoramdeo/vendor/mercadopago/dx-php/src/MercadoPago/Entity.php(75): MercadoPago\Entity::read()
#1 /home/u367511854/domains/congressocoramdeo.com/public_html/wp-content/themes/congressocoramdeo/notification.php(19): MercadoPago\Entity::find_by_id()
#2 {main}
  thrown, em /home/u367511854/domains/congressocoramdeo.com/public_html/wp-content/themes/congressocoramdeo/vendor/mercadopago/dx-php/src/MercadoPago/Entity.php, na linha 124

2022-10-27T23:22:31+00:00 CRITICAL Uncaught Exception in /home/u367511854/domains/congressocoramdeo.com/public_html/wp-content/themes/congressocoramdeo/vendor/mercadopago/dx-php/src/MercadoPago/Entity.php:124
Stack trace:
#0 /home/u367511854/domains/congressocoramdeo.com/public_html/wp-content/themes/congressocoramdeo/vendor/mercadopago/dx-php/src/MercadoPago/Entity.php(75): MercadoPago\Entity::read()
#1 /home/u367511854/domains/congressocoramdeo.com/public_html/wp-content/themes/congressocoramdeo/notification.php(19): MercadoPago\Entity::find_by_id()
#2 {main}
  thrown, em /home/u367511854/domains/congressocoramdeo.com/public_html/wp-content/themes/congressocoramdeo/vendor/mercadopago/dx-php/src/MercadoPago/Entity.php, na linha 124

2022-10-27T23:22:31+00:00 CRITICAL Uncaught Exception in /home/u367511854/domains/congressocoramdeo.com/public_html/wp-content/themes/congressocoramdeo/vendor/mercadopago/dx-php/src/MercadoPago/Entity.php:124
Stack trace:
#0 /home/u367511854/domains/congressocoramdeo.com/public_html/wp-content/themes/congressocoramdeo/vendor/mercadopago/dx-php/src/MercadoPago/Entity.php(75): MercadoPago\Entity::read()
#1 /home/u367511854/domains/congressocoramdeo.com/public_html/wp-content/themes/congressocoramdeo/notification.php(19): MercadoPago\Entity::find_by_id()
#2 {main}
  thrown, em /home/u367511854/domains/congressocoramdeo.com/public_html/wp-content/themes/congressocoramdeo/vendor/mercadopago/dx-php/src/MercadoPago/Entity.php, na linha 124

2022-10-27T23:23:20+00:00 CRITICAL Uncaught Exception in /home/u367511854/domains/congressocoramdeo.com/public_html/wp-content/themes/congressocoramdeo/vendor/mercadopago/dx-php/src/MercadoPago/Entity.php:124
Stack trace:
#0 /home/u367511854/domains/congressocoramdeo.com/public_html/wp-content/themes/congressocoramdeo/vendor/mercadopago/dx-php/src/MercadoPago/Entity.php(75): MercadoPago\Entity::read()
#1 /home/u367511854/domains/congressocoramdeo.com/public_html/wp-content/themes/congressocoramdeo/notification.php(19): MercadoPago\Entity::find_by_id()
#2 {main}
  thrown, em /home/u367511854/domains/congressocoramdeo.com/public_html/wp-content/themes/congressocoramdeo/vendor/mercadopago/dx-php/src/MercadoPago/Entity.php, na linha 124

2022-10-27T23:23:27+00:00 CRITICAL Uncaught Exception in /home/u367511854/domains/congressocoramdeo.com/public_html/wp-content/themes/congressocoramdeo/vendor/mercadopago/dx-php/src/MercadoPago/Entity.php:124
Stack trace:
#0 /home/u367511854/domains/congressocoramdeo.com/public_html/wp-content/themes/congressocoramdeo/vendor/mercadopago/dx-php/src/MercadoPago/Entity.php(75): MercadoPago\Entity::read()
#1 /home/u367511854/domains/congressocoramdeo.com/public_html/wp-content/themes/congressocoramdeo/notification.php(19): MercadoPago\Entity::find_by_id()
#2 {main}
  thrown, em /home/u367511854/domains/congressocoramdeo.com/public_html/wp-content/themes/congressocoramdeo/vendor/mercadopago/dx-php/src/MercadoPago/Entity.php, na linha 124

2022-10-27T23:26:25+00:00 CRITICAL Uncaught Exception in /home/u367511854/domains/congressocoramdeo.com/public_html/wp-content/themes/congressocoramdeo/vendor/mercadopago/dx-php/src/MercadoPago/Entity.php:124
Stack trace:
#0 /home/u367511854/domains/congressocoramdeo.com/public_html/wp-content/themes/congressocoramdeo/vendor/mercadopago/dx-php/src/MercadoPago/Entity.php(75): MercadoPago\Entity::read()
#1 /home/u367511854/domains/congressocoramdeo.com/public_html/wp-content/themes/congressocoramdeo/notification.php(19): MercadoPago\Entity::find_by_id()
#2 {main}
  thrown, em /home/u367511854/domains/congressocoramdeo.com/public_html/wp-content/themes/congressocoramdeo/vendor/mercadopago/dx-php/src/MercadoPago/Entity.php, na linha 124

2022-10-27T23:40:42+00:00 CRITICAL Uncaught Exception in /home/u367511854/domains/congressocoramdeo.com/public_html/wp-content/themes/congressocoramdeo/vendor/mercadopago/dx-php/src/MercadoPago/Entity.php:124
Stack trace:
#0 /home/u367511854/domains/congressocoramdeo.com/public_html/wp-content/themes/congressocoramdeo/vendor/mercadopago/dx-php/src/MercadoPago/Entity.php(75): MercadoPago\Entity::read()
#1 /home/u367511854/domains/congressocoramdeo.com/public_html/wp-content/themes/congressocoramdeo/notification.php(19): MercadoPago\Entity::find_by_id()
#2 {main}
  thrown, em /home/u367511854/domains/congressocoramdeo.com/public_html/wp-content/themes/congressocoramdeo/vendor/mercadopago/dx-php/src/MercadoPago/Entity.php, na linha 124

2022-10-27T23:40:48+00:00 CRITICAL Uncaught Exception in /home/u367511854/domains/congressocoramdeo.com/public_html/wp-content/themes/congressocoramdeo/vendor/mercadopago/dx-php/src/MercadoPago/Entity.php:124
Stack trace:
#0 /home/u367511854/domains/congressocoramdeo.com/public_html/wp-content/themes/congressocoramdeo/vendor/mercadopago/dx-php/src/MercadoPago/Entity.php(75): MercadoPago\Entity::read()
#1 /home/u367511854/domains/congressocoramdeo.com/public_html/wp-content/themes/congressocoramdeo/notification.php(19): MercadoPago\Entity::find_by_id()
#2 {main}
  thrown, em /home/u367511854/domains/congressocoramdeo.com/public_html/wp-content/themes/congressocoramdeo/vendor/mercadopago/dx-php/src/MercadoPago/Entity.php, na linha 124

2022-10-27T23:40:49+00:00 CRITICAL Uncaught Exception in /home/u367511854/domains/congressocoramdeo.com/public_html/wp-content/themes/congressocoramdeo/vendor/mercadopago/dx-php/src/MercadoPago/Entity.php:124
Stack trace:
#0 /home/u367511854/domains/congressocoramdeo.com/public_html/wp-content/themes/congressocoramdeo/vendor/mercadopago/dx-php/src/MercadoPago/Entity.php(75): MercadoPago\Entity::read()
#1 /home/u367511854/domains/congressocoramdeo.com/public_html/wp-content/themes/congressocoramdeo/notification.php(19): MercadoPago\Entity::find_by_id()
#2 {main}
  thrown, em /home/u367511854/domains/congressocoramdeo.com/public_html/wp-content/themes/congressocoramdeo/vendor/mercadopago/dx-php/src/MercadoPago/Entity.php, na linha 124

2022-10-27T23:41:28+00:00 CRITICAL Uncaught Exception in /home/u367511854/domains/congressocoramdeo.com/public_html/wp-content/themes/congressocoramdeo/vendor/mercadopago/dx-php/src/MercadoPago/Entity.php:124
Stack trace:
#0 /home/u367511854/domains/congressocoramdeo.com/public_html/wp-content/themes/congressocoramdeo/vendor/mercadopago/dx-php/src/MercadoPago/Entity.php(75): MercadoPago\Entity::read()
#1 /home/u367511854/domains/congressocoramdeo.com/public_html/wp-content/themes/congressocoramdeo/notification.php(19): MercadoPago\Entity::find_by_id()
#2 {main}
  thrown, em /home/u367511854/domains/congressocoramdeo.com/public_html/wp-content/themes/congressocoramdeo/vendor/mercadopago/dx-php/src/MercadoPago/Entity.php, na linha 124

2022-10-27T23:41:47+00:00 CRITICAL Uncaught Exception in /home/u367511854/domains/congressocoramdeo.com/public_html/wp-content/themes/congressocoramdeo/vendor/mercadopago/dx-php/src/MercadoPago/Entity.php:124
Stack trace:
#0 /home/u367511854/domains/congressocoramdeo.com/public_html/wp-content/themes/congressocoramdeo/vendor/mercadopago/dx-php/src/MercadoPago/Entity.php(75): MercadoPago\Entity::read()
#1 /home/u367511854/domains/congressocoramdeo.com/public_html/wp-content/themes/congressocoramdeo/notification.php(19): MercadoPago\Entity::find_by_id()
#2 {main}
  thrown, em /home/u367511854/domains/congressocoramdeo.com/public_html/wp-content/themes/congressocoramdeo/vendor/mercadopago/dx-php/src/MercadoPago/Entity.php, na linha 124

2022-10-27T23:41:52+00:00 CRITICAL Uncaught Exception in /home/u367511854/domains/congressocoramdeo.com/public_html/wp-content/themes/congressocoramdeo/vendor/mercadopago/dx-php/src/MercadoPago/Entity.php:124
Stack trace:
#0 /home/u367511854/domains/congressocoramdeo.com/public_html/wp-content/themes/congressocoramdeo/vendor/mercadopago/dx-php/src/MercadoPago/Entity.php(75): MercadoPago\Entity::read()
#1 /home/u367511854/domains/congressocoramdeo.com/public_html/wp-content/themes/congressocoramdeo/notification.php(19): MercadoPago\Entity::find_by_id()
#2 {main}
  thrown, em /home/u367511854/domains/congressocoramdeo.com/public_html/wp-content/themes/congressocoramdeo/vendor/mercadopago/dx-php/src/MercadoPago/Entity.php, na linha 124

2022-10-27T23:42:08+00:00 CRITICAL Uncaught Exception in /home/u367511854/domains/congressocoramdeo.com/public_html/wp-content/themes/congressocoramdeo/vendor/mercadopago/dx-php/src/MercadoPago/Entity.php:124
Stack trace:
#0 /home/u367511854/domains/congressocoramdeo.com/public_html/wp-content/themes/congressocoramdeo/vendor/mercadopago/dx-php/src/MercadoPago/Entity.php(75): MercadoPago\Entity::read()
#1 /home/u367511854/domains/congressocoramdeo.com/public_html/wp-content/themes/congressocoramdeo/notification.php(19): MercadoPago\Entity::find_by_id()
#2 {main}
  thrown, em /home/u367511854/domains/congressocoramdeo.com/public_html/wp-content/themes/congressocoramdeo/vendor/mercadopago/dx-php/src/MercadoPago/Entity.php, na linha 124

2022-10-27T23:42:41+00:00 CRITICAL Uncaught Exception in /home/u367511854/domains/congressocoramdeo.com/public_html/wp-content/themes/congressocoramdeo/vendor/mercadopago/dx-php/src/MercadoPago/Entity.php:124
Stack trace:
#0 /home/u367511854/domains/congressocoramdeo.com/public_html/wp-content/themes/congressocoramdeo/vendor/mercadopago/dx-php/src/MercadoPago/Entity.php(75): MercadoPago\Entity::read()
#1 /home/u367511854/domains/congressocoramdeo.com/public_html/wp-content/themes/congressocoramdeo/notification.php(19): MercadoPago\Entity::find_by_id()
#2 {main}
  thrown, em /home/u367511854/domains/congressocoramdeo.com/public_html/wp-content/themes/congressocoramdeo/vendor/mercadopago/dx-php/src/MercadoPago/Entity.php, na linha 124

2022-10-27T23:42:57+00:00 CRITICAL Uncaught Exception in /home/u367511854/domains/congressocoramdeo.com/public_html/wp-content/themes/congressocoramdeo/vendor/mercadopago/dx-php/src/MercadoPago/Entity.php:124
Stack trace:
#0 /home/u367511854/domains/congressocoramdeo.com/public_html/wp-content/themes/congressocoramdeo/vendor/mercadopago/dx-php/src/MercadoPago/Entity.php(75): MercadoPago\Entity::read()
#1 /home/u367511854/domains/congressocoramdeo.com/public_html/wp-content/themes/congressocoramdeo/notification.php(19): MercadoPago\Entity::find_by_id()
#2 {main}
  thrown, em /home/u367511854/domains/congressocoramdeo.com/public_html/wp-content/themes/congressocoramdeo/vendor/mercadopago/dx-php/src/MercadoPago/Entity.php, na linha 124

2022-10-27T23:43:03+00:00 CRITICAL Uncaught Exception in /home/u367511854/domains/congressocoramdeo.com/public_html/wp-content/themes/congressocoramdeo/vendor/mercadopago/dx-php/src/MercadoPago/Entity.php:124
Stack trace:
#0 /home/u367511854/domains/congressocoramdeo.com/public_html/wp-content/themes/congressocoramdeo/vendor/mercadopago/dx-php/src/MercadoPago/Entity.php(75): MercadoPago\Entity::read()
#1 /home/u367511854/domains/congressocoramdeo.com/public_html/wp-content/themes/congressocoramdeo/notification.php(19): MercadoPago\Entity::find_by_id()
#2 {main}
  thrown, em /home/u367511854/domains/congressocoramdeo.com/public_html/wp-content/themes/congressocoramdeo/vendor/mercadopago/dx-php/src/MercadoPago/Entity.php, na linha 124

