2022-10-30T01:32:37+00:00 CRITICAL Uncaught Exception in /home/u367511854/domains/congressocoramdeo.com/public_html/wp-content/themes/congressocoramdeo/vendor/mercadopago/dx-php/src/MercadoPago/Entity.php:124
Stack trace:
#0 /home/u367511854/domains/congressocoramdeo.com/public_html/wp-content/themes/congressocoramdeo/vendor/mercadopago/dx-php/src/MercadoPago/Entity.php(75): MercadoPago\Entity::read()
#1 /home/u367511854/domains/congressocoramdeo.com/public_html/wp-content/themes/congressocoramdeo/notification.php(19): MercadoPago\Entity::find_by_id()
#2 {main}
  thrown, em /home/u367511854/domains/congressocoramdeo.com/public_html/wp-content/themes/congressocoramdeo/vendor/mercadopago/dx-php/src/MercadoPago/Entity.php, na linha 124

2022-10-30T04:47:02+00:00 CRITICAL Uncaught Exception in /home/u367511854/domains/congressocoramdeo.com/public_html/wp-content/themes/congressocoramdeo/vendor/mercadopago/dx-php/src/MercadoPago/Entity.php:124
Stack trace:
#0 /home/u367511854/domains/congressocoramdeo.com/public_html/wp-content/themes/congressocoramdeo/vendor/mercadopago/dx-php/src/MercadoPago/Entity.php(75): MercadoPago\Entity::read()
#1 /home/u367511854/domains/congressocoramdeo.com/public_html/wp-content/themes/congressocoramdeo/notification.php(19): MercadoPago\Entity::find_by_id()
#2 {main}
  thrown, em /home/u367511854/domains/congressocoramdeo.com/public_html/wp-content/themes/congressocoramdeo/vendor/mercadopago/dx-php/src/MercadoPago/Entity.php, na linha 124

2022-10-30T04:47:02+00:00 CRITICAL Uncaught Exception in /home/u367511854/domains/congressocoramdeo.com/public_html/wp-content/themes/congressocoramdeo/vendor/mercadopago/dx-php/src/MercadoPago/Entity.php:124
Stack trace:
#0 /home/u367511854/domains/congressocoramdeo.com/public_html/wp-content/themes/congressocoramdeo/vendor/mercadopago/dx-php/src/MercadoPago/Entity.php(75): MercadoPago\Entity::read()
#1 /home/u367511854/domains/congressocoramdeo.com/public_html/wp-content/themes/congressocoramdeo/notification.php(19): MercadoPago\Entity::find_by_id()
#2 {main}
  thrown, em /home/u367511854/domains/congressocoramdeo.com/public_html/wp-content/themes/congressocoramdeo/vendor/mercadopago/dx-php/src/MercadoPago/Entity.php, na linha 124

2022-10-30T06:25:35+00:00 CRITICAL Uncaught Exception in /home/u367511854/domains/congressocoramdeo.com/public_html/wp-content/themes/congressocoramdeo/vendor/mercadopago/dx-php/src/MercadoPago/Entity.php:124
Stack trace:
#0 /home/u367511854/domains/congressocoramdeo.com/public_html/wp-content/themes/congressocoramdeo/vendor/mercadopago/dx-php/src/MercadoPago/Entity.php(75): MercadoPago\Entity::read()
#1 /home/u367511854/domains/congressocoramdeo.com/public_html/wp-content/themes/congressocoramdeo/notification.php(19): MercadoPago\Entity::find_by_id()
#2 {main}
  thrown, em /home/u367511854/domains/congressocoramdeo.com/public_html/wp-content/themes/congressocoramdeo/vendor/mercadopago/dx-php/src/MercadoPago/Entity.php, na linha 124

2022-10-30T06:25:35+00:00 CRITICAL Uncaught Exception in /home/u367511854/domains/congressocoramdeo.com/public_html/wp-content/themes/congressocoramdeo/vendor/mercadopago/dx-php/src/MercadoPago/Entity.php:124
Stack trace:
#0 /home/u367511854/domains/congressocoramdeo.com/public_html/wp-content/themes/congressocoramdeo/vendor/mercadopago/dx-php/src/MercadoPago/Entity.php(75): MercadoPago\Entity::read()
#1 /home/u367511854/domains/congressocoramdeo.com/public_html/wp-content/themes/congressocoramdeo/notification.php(19): MercadoPago\Entity::find_by_id()
#2 {main}
  thrown, em /home/u367511854/domains/congressocoramdeo.com/public_html/wp-content/themes/congressocoramdeo/vendor/mercadopago/dx-php/src/MercadoPago/Entity.php, na linha 124

2022-10-30T06:25:35+00:00 CRITICAL Uncaught Exception in /home/u367511854/domains/congressocoramdeo.com/public_html/wp-content/themes/congressocoramdeo/vendor/mercadopago/dx-php/src/MercadoPago/Entity.php:124
Stack trace:
#0 /home/u367511854/domains/congressocoramdeo.com/public_html/wp-content/themes/congressocoramdeo/vendor/mercadopago/dx-php/src/MercadoPago/Entity.php(75): MercadoPago\Entity::read()
#1 /home/u367511854/domains/congressocoramdeo.com/public_html/wp-content/themes/congressocoramdeo/notification.php(19): MercadoPago\Entity::find_by_id()
#2 {main}
  thrown, em /home/u367511854/domains/congressocoramdeo.com/public_html/wp-content/themes/congressocoramdeo/vendor/mercadopago/dx-php/src/MercadoPago/Entity.php, na linha 124

2022-10-30T06:25:42+00:00 CRITICAL Uncaught Exception in /home/u367511854/domains/congressocoramdeo.com/public_html/wp-content/themes/congressocoramdeo/vendor/mercadopago/dx-php/src/MercadoPago/Entity.php:124
Stack trace:
#0 /home/u367511854/domains/congressocoramdeo.com/public_html/wp-content/themes/congressocoramdeo/vendor/mercadopago/dx-php/src/MercadoPago/Entity.php(75): MercadoPago\Entity::read()
#1 /home/u367511854/domains/congressocoramdeo.com/public_html/wp-content/themes/congressocoramdeo/notification.php(19): MercadoPago\Entity::find_by_id()
#2 {main}
  thrown, em /home/u367511854/domains/congressocoramdeo.com/public_html/wp-content/themes/congressocoramdeo/vendor/mercadopago/dx-php/src/MercadoPago/Entity.php, na linha 124

2022-10-30T06:25:44+00:00 CRITICAL Uncaught Exception in /home/u367511854/domains/congressocoramdeo.com/public_html/wp-content/themes/congressocoramdeo/vendor/mercadopago/dx-php/src/MercadoPago/Entity.php:124
Stack trace:
#0 /home/u367511854/domains/congressocoramdeo.com/public_html/wp-content/themes/congressocoramdeo/vendor/mercadopago/dx-php/src/MercadoPago/Entity.php(75): MercadoPago\Entity::read()
#1 /home/u367511854/domains/congressocoramdeo.com/public_html/wp-content/themes/congressocoramdeo/notification.php(19): MercadoPago\Entity::find_by_id()
#2 {main}
  thrown, em /home/u367511854/domains/congressocoramdeo.com/public_html/wp-content/themes/congressocoramdeo/vendor/mercadopago/dx-php/src/MercadoPago/Entity.php, na linha 124

2022-10-30T06:25:52+00:00 CRITICAL Uncaught Exception in /home/u367511854/domains/congressocoramdeo.com/public_html/wp-content/themes/congressocoramdeo/vendor/mercadopago/dx-php/src/MercadoPago/Entity.php:124
Stack trace:
#0 /home/u367511854/domains/congressocoramdeo.com/public_html/wp-content/themes/congressocoramdeo/vendor/mercadopago/dx-php/src/MercadoPago/Entity.php(75): MercadoPago\Entity::read()
#1 /home/u367511854/domains/congressocoramdeo.com/public_html/wp-content/themes/congressocoramdeo/notification.php(19): MercadoPago\Entity::find_by_id()
#2 {main}
  thrown, em /home/u367511854/domains/congressocoramdeo.com/public_html/wp-content/themes/congressocoramdeo/vendor/mercadopago/dx-php/src/MercadoPago/Entity.php, na linha 124

2022-10-30T06:26:09+00:00 CRITICAL Uncaught Exception in /home/u367511854/domains/congressocoramdeo.com/public_html/wp-content/themes/congressocoramdeo/vendor/mercadopago/dx-php/src/MercadoPago/Entity.php:124
Stack trace:
#0 /home/u367511854/domains/congressocoramdeo.com/public_html/wp-content/themes/congressocoramdeo/vendor/mercadopago/dx-php/src/MercadoPago/Entity.php(75): MercadoPago\Entity::read()
#1 /home/u367511854/domains/congressocoramdeo.com/public_html/wp-content/themes/congressocoramdeo/notification.php(19): MercadoPago\Entity::find_by_id()
#2 {main}
  thrown, em /home/u367511854/domains/congressocoramdeo.com/public_html/wp-content/themes/congressocoramdeo/vendor/mercadopago/dx-php/src/MercadoPago/Entity.php, na linha 124

2022-10-30T06:26:09+00:00 CRITICAL Uncaught Exception in /home/u367511854/domains/congressocoramdeo.com/public_html/wp-content/themes/congressocoramdeo/vendor/mercadopago/dx-php/src/MercadoPago/Entity.php:124
Stack trace:
#0 /home/u367511854/domains/congressocoramdeo.com/public_html/wp-content/themes/congressocoramdeo/vendor/mercadopago/dx-php/src/MercadoPago/Entity.php(75): MercadoPago\Entity::read()
#1 /home/u367511854/domains/congressocoramdeo.com/public_html/wp-content/themes/congressocoramdeo/notification.php(19): MercadoPago\Entity::find_by_id()
#2 {main}
  thrown, em /home/u367511854/domains/congressocoramdeo.com/public_html/wp-content/themes/congressocoramdeo/vendor/mercadopago/dx-php/src/MercadoPago/Entity.php, na linha 124

2022-10-30T06:26:15+00:00 CRITICAL Uncaught Exception in /home/u367511854/domains/congressocoramdeo.com/public_html/wp-content/themes/congressocoramdeo/vendor/mercadopago/dx-php/src/MercadoPago/Entity.php:124
Stack trace:
#0 /home/u367511854/domains/congressocoramdeo.com/public_html/wp-content/themes/congressocoramdeo/vendor/mercadopago/dx-php/src/MercadoPago/Entity.php(75): MercadoPago\Entity::read()
#1 /home/u367511854/domains/congressocoramdeo.com/public_html/wp-content/themes/congressocoramdeo/notification.php(19): MercadoPago\Entity::find_by_id()
#2 {main}
  thrown, em /home/u367511854/domains/congressocoramdeo.com/public_html/wp-content/themes/congressocoramdeo/vendor/mercadopago/dx-php/src/MercadoPago/Entity.php, na linha 124

2022-10-30T06:26:51+00:00 CRITICAL Uncaught Exception in /home/u367511854/domains/congressocoramdeo.com/public_html/wp-content/themes/congressocoramdeo/vendor/mercadopago/dx-php/src/MercadoPago/Entity.php:124
Stack trace:
#0 /home/u367511854/domains/congressocoramdeo.com/public_html/wp-content/themes/congressocoramdeo/vendor/mercadopago/dx-php/src/MercadoPago/Entity.php(75): MercadoPago\Entity::read()
#1 /home/u367511854/domains/congressocoramdeo.com/public_html/wp-content/themes/congressocoramdeo/notification.php(19): MercadoPago\Entity::find_by_id()
#2 {main}
  thrown, em /home/u367511854/domains/congressocoramdeo.com/public_html/wp-content/themes/congressocoramdeo/vendor/mercadopago/dx-php/src/MercadoPago/Entity.php, na linha 124

2022-10-30T07:05:43+00:00 CRITICAL Uncaught Exception in /home/u367511854/domains/congressocoramdeo.com/public_html/wp-content/themes/congressocoramdeo/vendor/mercadopago/dx-php/src/MercadoPago/Entity.php:124
Stack trace:
#0 /home/u367511854/domains/congressocoramdeo.com/public_html/wp-content/themes/congressocoramdeo/vendor/mercadopago/dx-php/src/MercadoPago/Entity.php(75): MercadoPago\Entity::read()
#1 /home/u367511854/domains/congressocoramdeo.com/public_html/wp-content/themes/congressocoramdeo/notification.php(19): MercadoPago\Entity::find_by_id()
#2 {main}
  thrown, em /home/u367511854/domains/congressocoramdeo.com/public_html/wp-content/themes/congressocoramdeo/vendor/mercadopago/dx-php/src/MercadoPago/Entity.php, na linha 124

2022-10-30T08:21:35+00:00 CRITICAL Uncaught Exception in /home/u367511854/domains/congressocoramdeo.com/public_html/wp-content/themes/congressocoramdeo/vendor/mercadopago/dx-php/src/MercadoPago/Entity.php:124
Stack trace:
#0 /home/u367511854/domains/congressocoramdeo.com/public_html/wp-content/themes/congressocoramdeo/vendor/mercadopago/dx-php/src/MercadoPago/Entity.php(75): MercadoPago\Entity::read()
#1 /home/u367511854/domains/congressocoramdeo.com/public_html/wp-content/themes/congressocoramdeo/notification.php(19): MercadoPago\Entity::find_by_id()
#2 {main}
  thrown, em /home/u367511854/domains/congressocoramdeo.com/public_html/wp-content/themes/congressocoramdeo/vendor/mercadopago/dx-php/src/MercadoPago/Entity.php, na linha 124

2022-10-30T08:21:35+00:00 CRITICAL Uncaught Exception in /home/u367511854/domains/congressocoramdeo.com/public_html/wp-content/themes/congressocoramdeo/vendor/mercadopago/dx-php/src/MercadoPago/Entity.php:124
Stack trace:
#0 /home/u367511854/domains/congressocoramdeo.com/public_html/wp-content/themes/congressocoramdeo/vendor/mercadopago/dx-php/src/MercadoPago/Entity.php(75): MercadoPago\Entity::read()
#1 /home/u367511854/domains/congressocoramdeo.com/public_html/wp-content/themes/congressocoramdeo/notification.php(19): MercadoPago\Entity::find_by_id()
#2 {main}
  thrown, em /home/u367511854/domains/congressocoramdeo.com/public_html/wp-content/themes/congressocoramdeo/vendor/mercadopago/dx-php/src/MercadoPago/Entity.php, na linha 124

2022-10-30T08:21:42+00:00 CRITICAL Uncaught Exception in /home/u367511854/domains/congressocoramdeo.com/public_html/wp-content/themes/congressocoramdeo/vendor/mercadopago/dx-php/src/MercadoPago/Entity.php:124
Stack trace:
#0 /home/u367511854/domains/congressocoramdeo.com/public_html/wp-content/themes/congressocoramdeo/vendor/mercadopago/dx-php/src/MercadoPago/Entity.php(75): MercadoPago\Entity::read()
#1 /home/u367511854/domains/congressocoramdeo.com/public_html/wp-content/themes/congressocoramdeo/notification.php(19): MercadoPago\Entity::find_by_id()
#2 {main}
  thrown, em /home/u367511854/domains/congressocoramdeo.com/public_html/wp-content/themes/congressocoramdeo/vendor/mercadopago/dx-php/src/MercadoPago/Entity.php, na linha 124

2022-10-30T08:21:54+00:00 CRITICAL Uncaught Exception in /home/u367511854/domains/congressocoramdeo.com/public_html/wp-content/themes/congressocoramdeo/vendor/mercadopago/dx-php/src/MercadoPago/Entity.php:124
Stack trace:
#0 /home/u367511854/domains/congressocoramdeo.com/public_html/wp-content/themes/congressocoramdeo/vendor/mercadopago/dx-php/src/MercadoPago/Entity.php(75): MercadoPago\Entity::read()
#1 /home/u367511854/domains/congressocoramdeo.com/public_html/wp-content/themes/congressocoramdeo/notification.php(19): MercadoPago\Entity::find_by_id()
#2 {main}
  thrown, em /home/u367511854/domains/congressocoramdeo.com/public_html/wp-content/themes/congressocoramdeo/vendor/mercadopago/dx-php/src/MercadoPago/Entity.php, na linha 124

2022-10-30T08:22:12+00:00 CRITICAL Uncaught Exception in /home/u367511854/domains/congressocoramdeo.com/public_html/wp-content/themes/congressocoramdeo/vendor/mercadopago/dx-php/src/MercadoPago/Entity.php:124
Stack trace:
#0 /home/u367511854/domains/congressocoramdeo.com/public_html/wp-content/themes/congressocoramdeo/vendor/mercadopago/dx-php/src/MercadoPago/Entity.php(75): MercadoPago\Entity::read()
#1 /home/u367511854/domains/congressocoramdeo.com/public_html/wp-content/themes/congressocoramdeo/notification.php(19): MercadoPago\Entity::find_by_id()
#2 {main}
  thrown, em /home/u367511854/domains/congressocoramdeo.com/public_html/wp-content/themes/congressocoramdeo/vendor/mercadopago/dx-php/src/MercadoPago/Entity.php, na linha 124

2022-10-30T08:22:28+00:00 CRITICAL Uncaught Exception in /home/u367511854/domains/congressocoramdeo.com/public_html/wp-content/themes/congressocoramdeo/vendor/mercadopago/dx-php/src/MercadoPago/Entity.php:124
Stack trace:
#0 /home/u367511854/domains/congressocoramdeo.com/public_html/wp-content/themes/congressocoramdeo/vendor/mercadopago/dx-php/src/MercadoPago/Entity.php(75): MercadoPago\Entity::read()
#1 /home/u367511854/domains/congressocoramdeo.com/public_html/wp-content/themes/congressocoramdeo/notification.php(19): MercadoPago\Entity::find_by_id()
#2 {main}
  thrown, em /home/u367511854/domains/congressocoramdeo.com/public_html/wp-content/themes/congressocoramdeo/vendor/mercadopago/dx-php/src/MercadoPago/Entity.php, na linha 124

2022-10-30T08:26:49+00:00 CRITICAL Uncaught Exception in /home/u367511854/domains/congressocoramdeo.com/public_html/wp-content/themes/congressocoramdeo/vendor/mercadopago/dx-php/src/MercadoPago/Entity.php:124
Stack trace:
#0 /home/u367511854/domains/congressocoramdeo.com/public_html/wp-content/themes/congressocoramdeo/vendor/mercadopago/dx-php/src/MercadoPago/Entity.php(75): MercadoPago\Entity::read()
#1 /home/u367511854/domains/congressocoramdeo.com/public_html/wp-content/themes/congressocoramdeo/notification.php(19): MercadoPago\Entity::find_by_id()
#2 {main}
  thrown, em /home/u367511854/domains/congressocoramdeo.com/public_html/wp-content/themes/congressocoramdeo/vendor/mercadopago/dx-php/src/MercadoPago/Entity.php, na linha 124

2022-10-30T08:27:04+00:00 CRITICAL Uncaught Exception in /home/u367511854/domains/congressocoramdeo.com/public_html/wp-content/themes/congressocoramdeo/vendor/mercadopago/dx-php/src/MercadoPago/Entity.php:124
Stack trace:
#0 /home/u367511854/domains/congressocoramdeo.com/public_html/wp-content/themes/congressocoramdeo/vendor/mercadopago/dx-php/src/MercadoPago/Entity.php(75): MercadoPago\Entity::read()
#1 /home/u367511854/domains/congressocoramdeo.com/public_html/wp-content/themes/congressocoramdeo/notification.php(19): MercadoPago\Entity::find_by_id()
#2 {main}
  thrown, em /home/u367511854/domains/congressocoramdeo.com/public_html/wp-content/themes/congressocoramdeo/vendor/mercadopago/dx-php/src/MercadoPago/Entity.php, na linha 124

2022-10-30T08:27:15+00:00 CRITICAL Uncaught Exception in /home/u367511854/domains/congressocoramdeo.com/public_html/wp-content/themes/congressocoramdeo/vendor/mercadopago/dx-php/src/MercadoPago/Entity.php:124
Stack trace:
#0 /home/u367511854/domains/congressocoramdeo.com/public_html/wp-content/themes/congressocoramdeo/vendor/mercadopago/dx-php/src/MercadoPago/Entity.php(75): MercadoPago\Entity::read()
#1 /home/u367511854/domains/congressocoramdeo.com/public_html/wp-content/themes/congressocoramdeo/notification.php(19): MercadoPago\Entity::find_by_id()
#2 {main}
  thrown, em /home/u367511854/domains/congressocoramdeo.com/public_html/wp-content/themes/congressocoramdeo/vendor/mercadopago/dx-php/src/MercadoPago/Entity.php, na linha 124

2022-10-30T08:27:36+00:00 CRITICAL Uncaught Exception in /home/u367511854/domains/congressocoramdeo.com/public_html/wp-content/themes/congressocoramdeo/vendor/mercadopago/dx-php/src/MercadoPago/Entity.php:124
Stack trace:
#0 /home/u367511854/domains/congressocoramdeo.com/public_html/wp-content/themes/congressocoramdeo/vendor/mercadopago/dx-php/src/MercadoPago/Entity.php(75): MercadoPago\Entity::read()
#1 /home/u367511854/domains/congressocoramdeo.com/public_html/wp-content/themes/congressocoramdeo/notification.php(19): MercadoPago\Entity::find_by_id()
#2 {main}
  thrown, em /home/u367511854/domains/congressocoramdeo.com/public_html/wp-content/themes/congressocoramdeo/vendor/mercadopago/dx-php/src/MercadoPago/Entity.php, na linha 124

2022-10-30T08:36:25+00:00 CRITICAL Uncaught Exception in /home/u367511854/domains/congressocoramdeo.com/public_html/wp-content/themes/congressocoramdeo/vendor/mercadopago/dx-php/src/MercadoPago/Entity.php:124
Stack trace:
#0 /home/u367511854/domains/congressocoramdeo.com/public_html/wp-content/themes/congressocoramdeo/vendor/mercadopago/dx-php/src/MercadoPago/Entity.php(75): MercadoPago\Entity::read()
#1 /home/u367511854/domains/congressocoramdeo.com/public_html/wp-content/themes/congressocoramdeo/notification.php(19): MercadoPago\Entity::find_by_id()
#2 {main}
  thrown, em /home/u367511854/domains/congressocoramdeo.com/public_html/wp-content/themes/congressocoramdeo/vendor/mercadopago/dx-php/src/MercadoPago/Entity.php, na linha 124

2022-10-30T08:37:18+00:00 CRITICAL Uncaught Exception in /home/u367511854/domains/congressocoramdeo.com/public_html/wp-content/themes/congressocoramdeo/vendor/mercadopago/dx-php/src/MercadoPago/Entity.php:124
Stack trace:
#0 /home/u367511854/domains/congressocoramdeo.com/public_html/wp-content/themes/congressocoramdeo/vendor/mercadopago/dx-php/src/MercadoPago/Entity.php(75): MercadoPago\Entity::read()
#1 /home/u367511854/domains/congressocoramdeo.com/public_html/wp-content/themes/congressocoramdeo/notification.php(19): MercadoPago\Entity::find_by_id()
#2 {main}
  thrown, em /home/u367511854/domains/congressocoramdeo.com/public_html/wp-content/themes/congressocoramdeo/vendor/mercadopago/dx-php/src/MercadoPago/Entity.php, na linha 124

2022-10-30T08:41:23+00:00 CRITICAL Uncaught Exception in /home/u367511854/domains/congressocoramdeo.com/public_html/wp-content/themes/congressocoramdeo/vendor/mercadopago/dx-php/src/MercadoPago/Entity.php:124
Stack trace:
#0 /home/u367511854/domains/congressocoramdeo.com/public_html/wp-content/themes/congressocoramdeo/vendor/mercadopago/dx-php/src/MercadoPago/Entity.php(75): MercadoPago\Entity::read()
#1 /home/u367511854/domains/congressocoramdeo.com/public_html/wp-content/themes/congressocoramdeo/notification.php(19): MercadoPago\Entity::find_by_id()
#2 {main}
  thrown, em /home/u367511854/domains/congressocoramdeo.com/public_html/wp-content/themes/congressocoramdeo/vendor/mercadopago/dx-php/src/MercadoPago/Entity.php, na linha 124

2022-10-30T20:20:25+00:00 CRITICAL Uncaught Exception in /home/u367511854/domains/congressocoramdeo.com/public_html/wp-content/themes/congressocoramdeo/vendor/mercadopago/dx-php/src/MercadoPago/Entity.php:124
Stack trace:
#0 /home/u367511854/domains/congressocoramdeo.com/public_html/wp-content/themes/congressocoramdeo/vendor/mercadopago/dx-php/src/MercadoPago/Entity.php(75): MercadoPago\Entity::read()
#1 /home/u367511854/domains/congressocoramdeo.com/public_html/wp-content/themes/congressocoramdeo/notification.php(19): MercadoPago\Entity::find_by_id()
#2 {main}
  thrown, em /home/u367511854/domains/congressocoramdeo.com/public_html/wp-content/themes/congressocoramdeo/vendor/mercadopago/dx-php/src/MercadoPago/Entity.php, na linha 124

2022-10-30T20:20:58+00:00 CRITICAL Uncaught Exception in /home/u367511854/domains/congressocoramdeo.com/public_html/wp-content/themes/congressocoramdeo/vendor/mercadopago/dx-php/src/MercadoPago/Entity.php:124
Stack trace:
#0 /home/u367511854/domains/congressocoramdeo.com/public_html/wp-content/themes/congressocoramdeo/vendor/mercadopago/dx-php/src/MercadoPago/Entity.php(75): MercadoPago\Entity::read()
#1 /home/u367511854/domains/congressocoramdeo.com/public_html/wp-content/themes/congressocoramdeo/notification.php(19): MercadoPago\Entity::find_by_id()
#2 {main}
  thrown, em /home/u367511854/domains/congressocoramdeo.com/public_html/wp-content/themes/congressocoramdeo/vendor/mercadopago/dx-php/src/MercadoPago/Entity.php, na linha 124

2022-10-30T20:20:59+00:00 CRITICAL Uncaught Exception in /home/u367511854/domains/congressocoramdeo.com/public_html/wp-content/themes/congressocoramdeo/vendor/mercadopago/dx-php/src/MercadoPago/Entity.php:124
Stack trace:
#0 /home/u367511854/domains/congressocoramdeo.com/public_html/wp-content/themes/congressocoramdeo/vendor/mercadopago/dx-php/src/MercadoPago/Entity.php(75): MercadoPago\Entity::read()
#1 /home/u367511854/domains/congressocoramdeo.com/public_html/wp-content/themes/congressocoramdeo/notification.php(19): MercadoPago\Entity::find_by_id()
#2 {main}
  thrown, em /home/u367511854/domains/congressocoramdeo.com/public_html/wp-content/themes/congressocoramdeo/vendor/mercadopago/dx-php/src/MercadoPago/Entity.php, na linha 124

2022-10-30T20:21:28+00:00 CRITICAL Uncaught Exception in /home/u367511854/domains/congressocoramdeo.com/public_html/wp-content/themes/congressocoramdeo/vendor/mercadopago/dx-php/src/MercadoPago/Entity.php:124
Stack trace:
#0 /home/u367511854/domains/congressocoramdeo.com/public_html/wp-content/themes/congressocoramdeo/vendor/mercadopago/dx-php/src/MercadoPago/Entity.php(75): MercadoPago\Entity::read()
#1 /home/u367511854/domains/congressocoramdeo.com/public_html/wp-content/themes/congressocoramdeo/notification.php(19): MercadoPago\Entity::find_by_id()
#2 {main}
  thrown, em /home/u367511854/domains/congressocoramdeo.com/public_html/wp-content/themes/congressocoramdeo/vendor/mercadopago/dx-php/src/MercadoPago/Entity.php, na linha 124

2022-10-30T20:21:57+00:00 CRITICAL Uncaught Exception in /home/u367511854/domains/congressocoramdeo.com/public_html/wp-content/themes/congressocoramdeo/vendor/mercadopago/dx-php/src/MercadoPago/Entity.php:124
Stack trace:
#0 /home/u367511854/domains/congressocoramdeo.com/public_html/wp-content/themes/congressocoramdeo/vendor/mercadopago/dx-php/src/MercadoPago/Entity.php(75): MercadoPago\Entity::read()
#1 /home/u367511854/domains/congressocoramdeo.com/public_html/wp-content/themes/congressocoramdeo/notification.php(19): MercadoPago\Entity::find_by_id()
#2 {main}
  thrown, em /home/u367511854/domains/congressocoramdeo.com/public_html/wp-content/themes/congressocoramdeo/vendor/mercadopago/dx-php/src/MercadoPago/Entity.php, na linha 124

2022-10-30T20:21:58+00:00 CRITICAL Uncaught Exception in /home/u367511854/domains/congressocoramdeo.com/public_html/wp-content/themes/congressocoramdeo/vendor/mercadopago/dx-php/src/MercadoPago/Entity.php:124
Stack trace:
#0 /home/u367511854/domains/congressocoramdeo.com/public_html/wp-content/themes/congressocoramdeo/vendor/mercadopago/dx-php/src/MercadoPago/Entity.php(75): MercadoPago\Entity::read()
#1 /home/u367511854/domains/congressocoramdeo.com/public_html/wp-content/themes/congressocoramdeo/notification.php(19): MercadoPago\Entity::find_by_id()
#2 {main}
  thrown, em /home/u367511854/domains/congressocoramdeo.com/public_html/wp-content/themes/congressocoramdeo/vendor/mercadopago/dx-php/src/MercadoPago/Entity.php, na linha 124

2022-10-30T20:27:19+00:00 CRITICAL Uncaught Exception in /home/u367511854/domains/congressocoramdeo.com/public_html/wp-content/themes/congressocoramdeo/vendor/mercadopago/dx-php/src/MercadoPago/Entity.php:124
Stack trace:
#0 /home/u367511854/domains/congressocoramdeo.com/public_html/wp-content/themes/congressocoramdeo/vendor/mercadopago/dx-php/src/MercadoPago/Entity.php(75): MercadoPago\Entity::read()
#1 /home/u367511854/domains/congressocoramdeo.com/public_html/wp-content/themes/congressocoramdeo/notification.php(19): MercadoPago\Entity::find_by_id()
#2 {main}
  thrown, em /home/u367511854/domains/congressocoramdeo.com/public_html/wp-content/themes/congressocoramdeo/vendor/mercadopago/dx-php/src/MercadoPago/Entity.php, na linha 124

2022-10-30T23:21:25+00:00 CRITICAL Uncaught Exception in /home/u367511854/domains/congressocoramdeo.com/public_html/wp-content/themes/congressocoramdeo/vendor/mercadopago/dx-php/src/MercadoPago/Entity.php:124
Stack trace:
#0 /home/u367511854/domains/congressocoramdeo.com/public_html/wp-content/themes/congressocoramdeo/vendor/mercadopago/dx-php/src/MercadoPago/Entity.php(75): MercadoPago\Entity::read()
#1 /home/u367511854/domains/congressocoramdeo.com/public_html/wp-content/themes/congressocoramdeo/notification.php(19): MercadoPago\Entity::find_by_id()
#2 {main}
  thrown, em /home/u367511854/domains/congressocoramdeo.com/public_html/wp-content/themes/congressocoramdeo/vendor/mercadopago/dx-php/src/MercadoPago/Entity.php, na linha 124

2022-10-30T23:21:30+00:00 CRITICAL Uncaught Exception in /home/u367511854/domains/congressocoramdeo.com/public_html/wp-content/themes/congressocoramdeo/vendor/mercadopago/dx-php/src/MercadoPago/Entity.php:124
Stack trace:
#0 /home/u367511854/domains/congressocoramdeo.com/public_html/wp-content/themes/congressocoramdeo/vendor/mercadopago/dx-php/src/MercadoPago/Entity.php(75): MercadoPago\Entity::read()
#1 /home/u367511854/domains/congressocoramdeo.com/public_html/wp-content/themes/congressocoramdeo/notification.php(19): MercadoPago\Entity::find_by_id()
#2 {main}
  thrown, em /home/u367511854/domains/congressocoramdeo.com/public_html/wp-content/themes/congressocoramdeo/vendor/mercadopago/dx-php/src/MercadoPago/Entity.php, na linha 124

2022-10-30T23:22:23+00:00 CRITICAL Uncaught Exception in /home/u367511854/domains/congressocoramdeo.com/public_html/wp-content/themes/congressocoramdeo/vendor/mercadopago/dx-php/src/MercadoPago/Entity.php:124
Stack trace:
#0 /home/u367511854/domains/congressocoramdeo.com/public_html/wp-content/themes/congressocoramdeo/vendor/mercadopago/dx-php/src/MercadoPago/Entity.php(75): MercadoPago\Entity::read()
#1 /home/u367511854/domains/congressocoramdeo.com/public_html/wp-content/themes/congressocoramdeo/notification.php(19): MercadoPago\Entity::find_by_id()
#2 {main}
  thrown, em /home/u367511854/domains/congressocoramdeo.com/public_html/wp-content/themes/congressocoramdeo/vendor/mercadopago/dx-php/src/MercadoPago/Entity.php, na linha 124

2022-10-30T23:22:39+00:00 CRITICAL Uncaught Exception in /home/u367511854/domains/congressocoramdeo.com/public_html/wp-content/themes/congressocoramdeo/vendor/mercadopago/dx-php/src/MercadoPago/Entity.php:124
Stack trace:
#0 /home/u367511854/domains/congressocoramdeo.com/public_html/wp-content/themes/congressocoramdeo/vendor/mercadopago/dx-php/src/MercadoPago/Entity.php(75): MercadoPago\Entity::read()
#1 /home/u367511854/domains/congressocoramdeo.com/public_html/wp-content/themes/congressocoramdeo/notification.php(19): MercadoPago\Entity::find_by_id()
#2 {main}
  thrown, em /home/u367511854/domains/congressocoramdeo.com/public_html/wp-content/themes/congressocoramdeo/vendor/mercadopago/dx-php/src/MercadoPago/Entity.php, na linha 124

2022-10-30T23:25:22+00:00 CRITICAL Uncaught Exception in /home/u367511854/domains/congressocoramdeo.com/public_html/wp-content/themes/congressocoramdeo/vendor/mercadopago/dx-php/src/MercadoPago/Entity.php:124
Stack trace:
#0 /home/u367511854/domains/congressocoramdeo.com/public_html/wp-content/themes/congressocoramdeo/vendor/mercadopago/dx-php/src/MercadoPago/Entity.php(75): MercadoPago\Entity::read()
#1 /home/u367511854/domains/congressocoramdeo.com/public_html/wp-content/themes/congressocoramdeo/notification.php(19): MercadoPago\Entity::find_by_id()
#2 {main}
  thrown, em /home/u367511854/domains/congressocoramdeo.com/public_html/wp-content/themes/congressocoramdeo/vendor/mercadopago/dx-php/src/MercadoPago/Entity.php, na linha 124

2022-10-30T23:32:37+00:00 CRITICAL Uncaught Exception in /home/u367511854/domains/congressocoramdeo.com/public_html/wp-content/themes/congressocoramdeo/vendor/mercadopago/dx-php/src/MercadoPago/Entity.php:124
Stack trace:
#0 /home/u367511854/domains/congressocoramdeo.com/public_html/wp-content/themes/congressocoramdeo/vendor/mercadopago/dx-php/src/MercadoPago/Entity.php(75): MercadoPago\Entity::read()
#1 /home/u367511854/domains/congressocoramdeo.com/public_html/wp-content/themes/congressocoramdeo/notification.php(19): MercadoPago\Entity::find_by_id()
#2 {main}
  thrown, em /home/u367511854/domains/congressocoramdeo.com/public_html/wp-content/themes/congressocoramdeo/vendor/mercadopago/dx-php/src/MercadoPago/Entity.php, na linha 124

2022-10-30T23:36:30+00:00 CRITICAL Uncaught Exception in /home/u367511854/domains/congressocoramdeo.com/public_html/wp-content/themes/congressocoramdeo/vendor/mercadopago/dx-php/src/MercadoPago/Entity.php:124
Stack trace:
#0 /home/u367511854/domains/congressocoramdeo.com/public_html/wp-content/themes/congressocoramdeo/vendor/mercadopago/dx-php/src/MercadoPago/Entity.php(75): MercadoPago\Entity::read()
#1 /home/u367511854/domains/congressocoramdeo.com/public_html/wp-content/themes/congressocoramdeo/notification.php(19): MercadoPago\Entity::find_by_id()
#2 {main}
  thrown, em /home/u367511854/domains/congressocoramdeo.com/public_html/wp-content/themes/congressocoramdeo/vendor/mercadopago/dx-php/src/MercadoPago/Entity.php, na linha 124

