2022-10-21T18:04:28+00:00 CRITICAL Uncaught Error: Failed opening required '../../../wp-load.php' (include_path='.:/opt/alt/php80/usr/share/pear:/opt/alt/php80/usr/share/php:/usr/share/pear:/usr/share/php') in /home/u367511854/domains/congressocoramdeo.com/public_html/wp-content/themes/congressocoramdeo/dao_wp.php:4
Stack trace:
#0 /home/u367511854/domains/congressocoramdeo.com/public_html/wp-content/themes/congressocoramdeo/functions.php(4): include_once()
#1 /home/u367511854/domains/congressocoramdeo.com/public_html/wp-settings.php(566): include('/home/u36751185...')
#2 /home/u367511854/domains/congressocoramdeo.com/public_html/wp-config.php(102): require_once('/home/u36751185...')
#3 /home/u367511854/domains/congressocoramdeo.com/public_html/wp-load.php(50): require_once('/home/u36751185...')
#4 /home/u367511854/domains/congressocoramdeo.com/public_html/wp-cron.php(44): require_once('/home/u36751185...')
#5 {main}
  thrown, em /home/u367511854/domains/congressocoramdeo.com/public_html/wp-content/themes/congressocoramdeo/dao_wp.php, na linha 4

2022-10-21T18:20:15+00:00 CRITICAL Uncaught Error: Failed opening required '../../../wp-load.php' (include_path='.:/opt/alt/php80/usr/share/pear:/opt/alt/php80/usr/share/php:/usr/share/pear:/usr/share/php') in /home/u367511854/domains/congressocoramdeo.com/public_html/wp-content/themes/congressocoramdeo/dao_wp.php:4
Stack trace:
#0 /home/u367511854/domains/congressocoramdeo.com/public_html/wp-content/themes/congressocoramdeo/functions.php(4): include_once()
#1 /home/u367511854/domains/congressocoramdeo.com/public_html/wp-settings.php(566): include('/home/u36751185...')
#2 /home/u367511854/domains/congressocoramdeo.com/public_html/wp-config.php(102): require_once('/home/u36751185...')
#3 /home/u367511854/domains/congressocoramdeo.com/public_html/wp-load.php(50): require_once('/home/u36751185...')
#4 /home/u367511854/domains/congressocoramdeo.com/public_html/wp-blog-header.php(13): require_once('/home/u36751185...')
#5 /home/u367511854/domains/congressocoramdeo.com/public_html/index.php(17): require('/home/u36751185...')
#6 {main}
  thrown, em /home/u367511854/domains/congressocoramdeo.com/public_html/wp-content/themes/congressocoramdeo/dao_wp.php, na linha 4

2022-10-21T18:21:40+00:00 CRITICAL Uncaught Error: Failed opening required '../../../wp-load.php' (include_path='.:/opt/alt/php80/usr/share/pear:/opt/alt/php80/usr/share/php:/usr/share/pear:/usr/share/php') in /home/u367511854/domains/congressocoramdeo.com/public_html/wp-content/themes/congressocoramdeo/dao_wp.php:4
Stack trace:
#0 /home/u367511854/domains/congressocoramdeo.com/public_html/wp-content/themes/congressocoramdeo/functions.php(4): include_once()
#1 /home/u367511854/domains/congressocoramdeo.com/public_html/wp-settings.php(566): include('/home/u36751185...')
#2 /home/u367511854/domains/congressocoramdeo.com/public_html/wp-config.php(102): require_once('/home/u36751185...')
#3 /home/u367511854/domains/congressocoramdeo.com/public_html/wp-load.php(50): require_once('/home/u36751185...')
#4 /home/u367511854/domains/congressocoramdeo.com/public_html/wp-blog-header.php(13): require_once('/home/u36751185...')
#5 /home/u367511854/domains/congressocoramdeo.com/public_html/index.php(17): require('/home/u36751185...')
#6 {main}
  thrown, em /home/u367511854/domains/congressocoramdeo.com/public_html/wp-content/themes/congressocoramdeo/dao_wp.php, na linha 4

2022-10-21T18:22:46+00:00 CRITICAL Uncaught Error: Failed opening required '../../../wp-load.php' (include_path='.:/opt/alt/php80/usr/share/pear:/opt/alt/php80/usr/share/php:/usr/share/pear:/usr/share/php') in /home/u367511854/domains/congressocoramdeo.com/public_html/wp-content/themes/congressocoramdeo/dao_wp.php:4
Stack trace:
#0 /home/u367511854/domains/congressocoramdeo.com/public_html/wp-content/themes/congressocoramdeo/functions.php(4): include_once()
#1 /home/u367511854/domains/congressocoramdeo.com/public_html/wp-settings.php(566): include('/home/u36751185...')
#2 /home/u367511854/domains/congressocoramdeo.com/public_html/wp-config.php(102): require_once('/home/u36751185...')
#3 /home/u367511854/domains/congressocoramdeo.com/public_html/wp-load.php(50): require_once('/home/u36751185...')
#4 /home/u367511854/domains/congressocoramdeo.com/public_html/wp-cron.php(44): require_once('/home/u36751185...')
#5 {main}
  thrown, em /home/u367511854/domains/congressocoramdeo.com/public_html/wp-content/themes/congressocoramdeo/dao_wp.php, na linha 4

2022-10-21T18:26:39+00:00 CRITICAL Uncaught Error: Failed opening required '../../../wp-load.php' (include_path='.:/opt/alt/php80/usr/share/pear:/opt/alt/php80/usr/share/php:/usr/share/pear:/usr/share/php') in /home/u367511854/domains/congressocoramdeo.com/public_html/wp-content/themes/congressocoramdeo/dao_wp.php:4
Stack trace:
#0 /home/u367511854/domains/congressocoramdeo.com/public_html/wp-content/themes/congressocoramdeo/functions.php(4): include_once()
#1 /home/u367511854/domains/congressocoramdeo.com/public_html/wp-settings.php(566): include('/home/u36751185...')
#2 /home/u367511854/domains/congressocoramdeo.com/public_html/wp-config.php(102): require_once('/home/u36751185...')
#3 /home/u367511854/domains/congressocoramdeo.com/public_html/wp-load.php(50): require_once('/home/u36751185...')
#4 /home/u367511854/domains/congressocoramdeo.com/public_html/wp-blog-header.php(13): require_once('/home/u36751185...')
#5 /home/u367511854/domains/congressocoramdeo.com/public_html/index.php(17): require('/home/u36751185...')
#6 {main}
  thrown, em /home/u367511854/domains/congressocoramdeo.com/public_html/wp-content/themes/congressocoramdeo/dao_wp.php, na linha 4

2022-10-21T18:26:41+00:00 CRITICAL Uncaught Error: Failed opening required '../../../wp-load.php' (include_path='.:/opt/alt/php80/usr/share/pear:/opt/alt/php80/usr/share/php:/usr/share/pear:/usr/share/php') in /home/u367511854/domains/congressocoramdeo.com/public_html/wp-content/themes/congressocoramdeo/dao_wp.php:4
Stack trace:
#0 /home/u367511854/domains/congressocoramdeo.com/public_html/wp-content/themes/congressocoramdeo/functions.php(4): include_once()
#1 /home/u367511854/domains/congressocoramdeo.com/public_html/wp-settings.php(566): include('/home/u36751185...')
#2 /home/u367511854/domains/congressocoramdeo.com/public_html/wp-config.php(102): require_once('/home/u36751185...')
#3 /home/u367511854/domains/congressocoramdeo.com/public_html/wp-load.php(50): require_once('/home/u36751185...')
#4 /home/u367511854/domains/congressocoramdeo.com/public_html/wp-blog-header.php(13): require_once('/home/u36751185...')
#5 /home/u367511854/domains/congressocoramdeo.com/public_html/index.php(17): require('/home/u36751185...')
#6 {main}
  thrown, em /home/u367511854/domains/congressocoramdeo.com/public_html/wp-content/themes/congressocoramdeo/dao_wp.php, na linha 4

2022-10-21T18:26:52+00:00 CRITICAL Uncaught Error: Failed opening required '../../../wp-load.php' (include_path='.:/opt/alt/php80/usr/share/pear:/opt/alt/php80/usr/share/php:/usr/share/pear:/usr/share/php') in /home/u367511854/domains/congressocoramdeo.com/public_html/wp-content/themes/congressocoramdeo/dao_wp.php:4
Stack trace:
#0 /home/u367511854/domains/congressocoramdeo.com/public_html/wp-content/themes/congressocoramdeo/functions.php(4): include_once()
#1 /home/u367511854/domains/congressocoramdeo.com/public_html/wp-settings.php(566): include('/home/u36751185...')
#2 /home/u367511854/domains/congressocoramdeo.com/public_html/wp-config.php(102): require_once('/home/u36751185...')
#3 /home/u367511854/domains/congressocoramdeo.com/public_html/wp-load.php(50): require_once('/home/u36751185...')
#4 /home/u367511854/domains/congressocoramdeo.com/public_html/wp-blog-header.php(13): require_once('/home/u36751185...')
#5 /home/u367511854/domains/congressocoramdeo.com/public_html/index.php(17): require('/home/u36751185...')
#6 {main}
  thrown, em /home/u367511854/domains/congressocoramdeo.com/public_html/wp-content/themes/congressocoramdeo/dao_wp.php, na linha 4

2022-10-21T18:30:23+00:00 CRITICAL Uncaught Error: Failed opening required '../../../wp-load.php' (include_path='.:/opt/alt/php80/usr/share/pear:/opt/alt/php80/usr/share/php:/usr/share/pear:/usr/share/php') in /home/u367511854/domains/congressocoramdeo.com/public_html/wp-content/themes/congressocoramdeo/dao_wp.php:4
Stack trace:
#0 /home/u367511854/domains/congressocoramdeo.com/public_html/wp-content/themes/congressocoramdeo/functions.php(4): include_once()
#1 /home/u367511854/domains/congressocoramdeo.com/public_html/wp-settings.php(566): include('/home/u36751185...')
#2 /home/u367511854/domains/congressocoramdeo.com/public_html/wp-config.php(102): require_once('/home/u36751185...')
#3 /home/u367511854/domains/congressocoramdeo.com/public_html/wp-load.php(50): require_once('/home/u36751185...')
#4 /home/u367511854/domains/congressocoramdeo.com/public_html/wp-cron.php(44): require_once('/home/u36751185...')
#5 {main}
  thrown, em /home/u367511854/domains/congressocoramdeo.com/public_html/wp-content/themes/congressocoramdeo/dao_wp.php, na linha 4

2022-10-21T18:30:23+00:00 CRITICAL Uncaught Exception in /home/u367511854/domains/congressocoramdeo.com/public_html/wp-content/themes/congressocoramdeo/vendor/mercadopago/dx-php/src/MercadoPago/Entity.php:124
Stack trace:
#0 /home/u367511854/domains/congressocoramdeo.com/public_html/wp-content/themes/congressocoramdeo/vendor/mercadopago/dx-php/src/MercadoPago/Entity.php(75): MercadoPago\Entity::read()
#1 /home/u367511854/domains/congressocoramdeo.com/public_html/wp-content/themes/congressocoramdeo/notification.php(17): MercadoPago\Entity::find_by_id()
#2 {main}
  thrown, em /home/u367511854/domains/congressocoramdeo.com/public_html/wp-content/themes/congressocoramdeo/vendor/mercadopago/dx-php/src/MercadoPago/Entity.php, na linha 124

2022-10-21T18:31:23+00:00 CRITICAL Uncaught Exception in /home/u367511854/domains/congressocoramdeo.com/public_html/wp-content/themes/congressocoramdeo/vendor/mercadopago/dx-php/src/MercadoPago/Entity.php:124
Stack trace:
#0 /home/u367511854/domains/congressocoramdeo.com/public_html/wp-content/themes/congressocoramdeo/vendor/mercadopago/dx-php/src/MercadoPago/Entity.php(75): MercadoPago\Entity::read()
#1 /home/u367511854/domains/congressocoramdeo.com/public_html/wp-content/themes/congressocoramdeo/notification.php(17): MercadoPago\Entity::find_by_id()
#2 {main}
  thrown, em /home/u367511854/domains/congressocoramdeo.com/public_html/wp-content/themes/congressocoramdeo/vendor/mercadopago/dx-php/src/MercadoPago/Entity.php, na linha 124

2022-10-21T18:31:27+00:00 CRITICAL Uncaught Error: Failed opening required '../../../wp-load.php' (include_path='.:/opt/alt/php80/usr/share/pear:/opt/alt/php80/usr/share/php:/usr/share/pear:/usr/share/php') in /home/u367511854/domains/congressocoramdeo.com/public_html/wp-content/themes/congressocoramdeo/dao_wp.php:4
Stack trace:
#0 /home/u367511854/domains/congressocoramdeo.com/public_html/wp-content/themes/congressocoramdeo/functions.php(4): include_once()
#1 /home/u367511854/domains/congressocoramdeo.com/public_html/wp-settings.php(566): include('/home/u36751185...')
#2 /home/u367511854/domains/congressocoramdeo.com/public_html/wp-config.php(102): require_once('/home/u36751185...')
#3 /home/u367511854/domains/congressocoramdeo.com/public_html/wp-load.php(50): require_once('/home/u36751185...')
#4 /home/u367511854/domains/congressocoramdeo.com/public_html/wp-cron.php(44): require_once('/home/u36751185...')
#5 {main}
  thrown, em /home/u367511854/domains/congressocoramdeo.com/public_html/wp-content/themes/congressocoramdeo/dao_wp.php, na linha 4

2022-10-21T18:31:28+00:00 CRITICAL Uncaught Exception in /home/u367511854/domains/congressocoramdeo.com/public_html/wp-content/themes/congressocoramdeo/vendor/mercadopago/dx-php/src/MercadoPago/Entity.php:124
Stack trace:
#0 /home/u367511854/domains/congressocoramdeo.com/public_html/wp-content/themes/congressocoramdeo/vendor/mercadopago/dx-php/src/MercadoPago/Entity.php(75): MercadoPago\Entity::read()
#1 /home/u367511854/domains/congressocoramdeo.com/public_html/wp-content/themes/congressocoramdeo/notification.php(17): MercadoPago\Entity::find_by_id()
#2 {main}
  thrown, em /home/u367511854/domains/congressocoramdeo.com/public_html/wp-content/themes/congressocoramdeo/vendor/mercadopago/dx-php/src/MercadoPago/Entity.php, na linha 124

2022-10-21T18:31:38+00:00 CRITICAL Uncaught TypeError: fwrite(): Argument #2 ($data) must be of type string, stdClass given in /home/u367511854/domains/congressocoramdeo.com/public_html/wp-content/themes/congressocoramdeo/notification.php:61
Stack trace:
#0 /home/u367511854/domains/congressocoramdeo.com/public_html/wp-content/themes/congressocoramdeo/notification.php(61): fwrite()
#1 /home/u367511854/domains/congressocoramdeo.com/public_html/wp-content/themes/congressocoramdeo/notification.php(34): pesquisaPagamento()
#2 {main}
  thrown, em /home/u367511854/domains/congressocoramdeo.com/public_html/wp-content/themes/congressocoramdeo/notification.php, na linha 61

2022-10-21T18:31:41+00:00 CRITICAL Uncaught Error: Failed opening required '../../../wp-load.php' (include_path='.:/opt/alt/php80/usr/share/pear:/opt/alt/php80/usr/share/php:/usr/share/pear:/usr/share/php') in /home/u367511854/domains/congressocoramdeo.com/public_html/wp-content/themes/congressocoramdeo/dao_wp.php:4
Stack trace:
#0 /home/u367511854/domains/congressocoramdeo.com/public_html/wp-content/themes/congressocoramdeo/functions.php(4): include_once()
#1 /home/u367511854/domains/congressocoramdeo.com/public_html/wp-settings.php(566): include('/home/u36751185...')
#2 /home/u367511854/domains/congressocoramdeo.com/public_html/wp-config.php(102): require_once('/home/u36751185...')
#3 /home/u367511854/domains/congressocoramdeo.com/public_html/wp-load.php(50): require_once('/home/u36751185...')
#4 /home/u367511854/domains/congressocoramdeo.com/public_html/wp-blog-header.php(13): require_once('/home/u36751185...')
#5 /home/u367511854/domains/congressocoramdeo.com/public_html/index.php(17): require('/home/u36751185...')
#6 {main}
  thrown, em /home/u367511854/domains/congressocoramdeo.com/public_html/wp-content/themes/congressocoramdeo/dao_wp.php, na linha 4

2022-10-21T18:31:46+00:00 CRITICAL Uncaught Error: Failed opening required '../../../wp-load.php' (include_path='.:/opt/alt/php80/usr/share/pear:/opt/alt/php80/usr/share/php:/usr/share/pear:/usr/share/php') in /home/u367511854/domains/congressocoramdeo.com/public_html/wp-content/themes/congressocoramdeo/dao_wp.php:4
Stack trace:
#0 /home/u367511854/domains/congressocoramdeo.com/public_html/wp-content/themes/congressocoramdeo/functions.php(4): include_once()
#1 /home/u367511854/domains/congressocoramdeo.com/public_html/wp-settings.php(566): include('/home/u36751185...')
#2 /home/u367511854/domains/congressocoramdeo.com/public_html/wp-config.php(102): require_once('/home/u36751185...')
#3 /home/u367511854/domains/congressocoramdeo.com/public_html/wp-load.php(50): require_once('/home/u36751185...')
#4 /home/u367511854/domains/congressocoramdeo.com/public_html/wp-blog-header.php(13): require_once('/home/u36751185...')
#5 /home/u367511854/domains/congressocoramdeo.com/public_html/index.php(17): require('/home/u36751185...')
#6 {main}
  thrown, em /home/u367511854/domains/congressocoramdeo.com/public_html/wp-content/themes/congressocoramdeo/dao_wp.php, na linha 4

2022-10-21T18:31:53+00:00 CRITICAL Uncaught Error: Failed opening required '../../../wp-load.php' (include_path='.:/opt/alt/php80/usr/share/pear:/opt/alt/php80/usr/share/php:/usr/share/pear:/usr/share/php') in /home/u367511854/domains/congressocoramdeo.com/public_html/wp-content/themes/congressocoramdeo/dao_wp.php:4
Stack trace:
#0 /home/u367511854/domains/congressocoramdeo.com/public_html/wp-content/themes/congressocoramdeo/functions.php(4): include_once()
#1 /home/u367511854/domains/congressocoramdeo.com/public_html/wp-settings.php(566): include('/home/u36751185...')
#2 /home/u367511854/domains/congressocoramdeo.com/public_html/wp-config.php(102): require_once('/home/u36751185...')
#3 /home/u367511854/domains/congressocoramdeo.com/public_html/wp-load.php(50): require_once('/home/u36751185...')
#4 /home/u367511854/domains/congressocoramdeo.com/public_html/wp-blog-header.php(13): require_once('/home/u36751185...')
#5 /home/u367511854/domains/congressocoramdeo.com/public_html/index.php(17): require('/home/u36751185...')
#6 {main}
  thrown, em /home/u367511854/domains/congressocoramdeo.com/public_html/wp-content/themes/congressocoramdeo/dao_wp.php, na linha 4

2022-10-21T18:31:55+00:00 CRITICAL Uncaught Error: Failed opening required '../../../wp-load.php' (include_path='.:/opt/alt/php80/usr/share/pear:/opt/alt/php80/usr/share/php:/usr/share/pear:/usr/share/php') in /home/u367511854/domains/congressocoramdeo.com/public_html/wp-content/themes/congressocoramdeo/dao_wp.php:4
Stack trace:
#0 /home/u367511854/domains/congressocoramdeo.com/public_html/wp-content/themes/congressocoramdeo/functions.php(4): include_once()
#1 /home/u367511854/domains/congressocoramdeo.com/public_html/wp-settings.php(566): include('/home/u36751185...')
#2 /home/u367511854/domains/congressocoramdeo.com/public_html/wp-config.php(102): require_once('/home/u36751185...')
#3 /home/u367511854/domains/congressocoramdeo.com/public_html/wp-load.php(50): require_once('/home/u36751185...')
#4 /home/u367511854/domains/congressocoramdeo.com/public_html/wp-blog-header.php(13): require_once('/home/u36751185...')
#5 /home/u367511854/domains/congressocoramdeo.com/public_html/index.php(17): require('/home/u36751185...')
#6 {main}
  thrown, em /home/u367511854/domains/congressocoramdeo.com/public_html/wp-content/themes/congressocoramdeo/dao_wp.php, na linha 4

2022-10-21T18:32:00+00:00 CRITICAL Uncaught Error: Failed opening required '../../../wp-load.php' (include_path='.:/opt/alt/php80/usr/share/pear:/opt/alt/php80/usr/share/php:/usr/share/pear:/usr/share/php') in /home/u367511854/domains/congressocoramdeo.com/public_html/wp-content/themes/congressocoramdeo/dao_wp.php:4
Stack trace:
#0 /home/u367511854/domains/congressocoramdeo.com/public_html/wp-content/themes/congressocoramdeo/functions.php(4): include_once()
#1 /home/u367511854/domains/congressocoramdeo.com/public_html/wp-settings.php(566): include('/home/u36751185...')
#2 /home/u367511854/domains/congressocoramdeo.com/public_html/wp-config.php(102): require_once('/home/u36751185...')
#3 /home/u367511854/domains/congressocoramdeo.com/public_html/wp-load.php(50): require_once('/home/u36751185...')
#4 /home/u367511854/domains/congressocoramdeo.com/public_html/wp-blog-header.php(13): require_once('/home/u36751185...')
#5 /home/u367511854/domains/congressocoramdeo.com/public_html/index.php(17): require('/home/u36751185...')
#6 {main}
  thrown, em /home/u367511854/domains/congressocoramdeo.com/public_html/wp-content/themes/congressocoramdeo/dao_wp.php, na linha 4

2022-10-21T18:32:21+00:00 CRITICAL Uncaught Error: Failed opening required '../../../wp-load.php' (include_path='.:/opt/alt/php80/usr/share/pear:/opt/alt/php80/usr/share/php:/usr/share/pear:/usr/share/php') in /home/u367511854/domains/congressocoramdeo.com/public_html/wp-content/themes/congressocoramdeo/dao_wp.php:4
Stack trace:
#0 /home/u367511854/domains/congressocoramdeo.com/public_html/wp-content/themes/congressocoramdeo/functions.php(4): include_once()
#1 /home/u367511854/domains/congressocoramdeo.com/public_html/wp-settings.php(566): include('/home/u36751185...')
#2 /home/u367511854/domains/congressocoramdeo.com/public_html/wp-config.php(102): require_once('/home/u36751185...')
#3 /home/u367511854/domains/congressocoramdeo.com/public_html/wp-load.php(50): require_once('/home/u36751185...')
#4 /home/u367511854/domains/congressocoramdeo.com/public_html/wp-blog-header.php(13): require_once('/home/u36751185...')
#5 /home/u367511854/domains/congressocoramdeo.com/public_html/index.php(17): require('/home/u36751185...')
#6 {main}
  thrown, em /home/u367511854/domains/congressocoramdeo.com/public_html/wp-content/themes/congressocoramdeo/dao_wp.php, na linha 4

2022-10-21T18:33:48+00:00 CRITICAL Uncaught Error: Failed opening required '../../../wp-load.php' (include_path='.:/opt/alt/php80/usr/share/pear:/opt/alt/php80/usr/share/php:/usr/share/pear:/usr/share/php') in /home/u367511854/domains/congressocoramdeo.com/public_html/wp-content/themes/congressocoramdeo/dao_wp.php:4
Stack trace:
#0 /home/u367511854/domains/congressocoramdeo.com/public_html/wp-content/themes/congressocoramdeo/functions.php(4): include_once()
#1 /home/u367511854/domains/congressocoramdeo.com/public_html/wp-settings.php(566): include('/home/u36751185...')
#2 /home/u367511854/domains/congressocoramdeo.com/public_html/wp-config.php(102): require_once('/home/u36751185...')
#3 /home/u367511854/domains/congressocoramdeo.com/public_html/wp-load.php(50): require_once('/home/u36751185...')
#4 /home/u367511854/domains/congressocoramdeo.com/public_html/wp-blog-header.php(13): require_once('/home/u36751185...')
#5 /home/u367511854/domains/congressocoramdeo.com/public_html/index.php(17): require('/home/u36751185...')
#6 {main}
  thrown, em /home/u367511854/domains/congressocoramdeo.com/public_html/wp-content/themes/congressocoramdeo/dao_wp.php, na linha 4

2022-10-21T18:33:49+00:00 CRITICAL Uncaught Error: Failed opening required '../../../wp-load.php' (include_path='.:/opt/alt/php80/usr/share/pear:/opt/alt/php80/usr/share/php:/usr/share/pear:/usr/share/php') in /home/u367511854/domains/congressocoramdeo.com/public_html/wp-content/themes/congressocoramdeo/dao_wp.php:4
Stack trace:
#0 /home/u367511854/domains/congressocoramdeo.com/public_html/wp-content/themes/congressocoramdeo/functions.php(4): include_once()
#1 /home/u367511854/domains/congressocoramdeo.com/public_html/wp-settings.php(566): include('/home/u36751185...')
#2 /home/u367511854/domains/congressocoramdeo.com/public_html/wp-config.php(102): require_once('/home/u36751185...')
#3 /home/u367511854/domains/congressocoramdeo.com/public_html/wp-load.php(50): require_once('/home/u36751185...')
#4 /home/u367511854/domains/congressocoramdeo.com/public_html/wp-blog-header.php(13): require_once('/home/u36751185...')
#5 /home/u367511854/domains/congressocoramdeo.com/public_html/index.php(17): require('/home/u36751185...')
#6 {main}
  thrown, em /home/u367511854/domains/congressocoramdeo.com/public_html/wp-content/themes/congressocoramdeo/dao_wp.php, na linha 4

2022-10-21T18:34:02+00:00 CRITICAL Uncaught Error: Failed opening required '../../../wp-load.php' (include_path='.:/opt/alt/php80/usr/share/pear:/opt/alt/php80/usr/share/php:/usr/share/pear:/usr/share/php') in /home/u367511854/domains/congressocoramdeo.com/public_html/wp-content/themes/congressocoramdeo/dao_wp.php:4
Stack trace:
#0 /home/u367511854/domains/congressocoramdeo.com/public_html/wp-content/themes/congressocoramdeo/functions.php(4): include_once()
#1 /home/u367511854/domains/congressocoramdeo.com/public_html/wp-settings.php(566): include('/home/u36751185...')
#2 /home/u367511854/domains/congressocoramdeo.com/public_html/wp-config.php(102): require_once('/home/u36751185...')
#3 /home/u367511854/domains/congressocoramdeo.com/public_html/wp-load.php(50): require_once('/home/u36751185...')
#4 /home/u367511854/domains/congressocoramdeo.com/public_html/wp-blog-header.php(13): require_once('/home/u36751185...')
#5 /home/u367511854/domains/congressocoramdeo.com/public_html/index.php(17): require('/home/u36751185...')
#6 {main}
  thrown, em /home/u367511854/domains/congressocoramdeo.com/public_html/wp-content/themes/congressocoramdeo/dao_wp.php, na linha 4

2022-10-21T18:34:05+00:00 CRITICAL Uncaught Error: Failed opening required '../../../wp-load.php' (include_path='.:/opt/alt/php80/usr/share/pear:/opt/alt/php80/usr/share/php:/usr/share/pear:/usr/share/php') in /home/u367511854/domains/congressocoramdeo.com/public_html/wp-content/themes/congressocoramdeo/dao_wp.php:4
Stack trace:
#0 /home/u367511854/domains/congressocoramdeo.com/public_html/wp-content/themes/congressocoramdeo/functions.php(4): include_once()
#1 /home/u367511854/domains/congressocoramdeo.com/public_html/wp-settings.php(566): include('/home/u36751185...')
#2 /home/u367511854/domains/congressocoramdeo.com/public_html/wp-config.php(102): require_once('/home/u36751185...')
#3 /home/u367511854/domains/congressocoramdeo.com/public_html/wp-load.php(50): require_once('/home/u36751185...')
#4 /home/u367511854/domains/congressocoramdeo.com/public_html/wp-blog-header.php(13): require_once('/home/u36751185...')
#5 /home/u367511854/domains/congressocoramdeo.com/public_html/index.php(17): require('/home/u36751185...')
#6 {main}
  thrown, em /home/u367511854/domains/congressocoramdeo.com/public_html/wp-content/themes/congressocoramdeo/dao_wp.php, na linha 4

2022-10-21T18:34:20+00:00 CRITICAL Uncaught Error: Failed opening required '../../../wp-load.php' (include_path='.:/opt/alt/php80/usr/share/pear:/opt/alt/php80/usr/share/php:/usr/share/pear:/usr/share/php') in /home/u367511854/domains/congressocoramdeo.com/public_html/wp-content/themes/congressocoramdeo/dao_wp.php:4
Stack trace:
#0 /home/u367511854/domains/congressocoramdeo.com/public_html/wp-content/themes/congressocoramdeo/functions.php(4): include_once()
#1 /home/u367511854/domains/congressocoramdeo.com/public_html/wp-settings.php(566): include('/home/u36751185...')
#2 /home/u367511854/domains/congressocoramdeo.com/public_html/wp-config.php(102): require_once('/home/u36751185...')
#3 /home/u367511854/domains/congressocoramdeo.com/public_html/wp-load.php(50): require_once('/home/u36751185...')
#4 /home/u367511854/domains/congressocoramdeo.com/public_html/wp-blog-header.php(13): require_once('/home/u36751185...')
#5 /home/u367511854/domains/congressocoramdeo.com/public_html/index.php(17): require('/home/u36751185...')
#6 {main}
  thrown, em /home/u367511854/domains/congressocoramdeo.com/public_html/wp-content/themes/congressocoramdeo/dao_wp.php, na linha 4

